[0.040s] Invoking command in '/home/uiabot/MAS514-UiABOT/ros2_ws/build/robot_description': CMAKE_PREFIX_PATH=${CMAKE_PREFIX_PATH}:/home/uiabot/ros2_ws/install/robot_keyboard_control:/home/uiabot/ros2_ws/install/my_publisher_package:/home/uiabot/ros2_ws/install/my_listener_package:/home/uiabot/ros2_ws/install/esp32_com:/opt/ros/jazzy DEBUGINFOD_URLS=https://debuginfod.ubuntu.com /usr/bin/cmake /home/uiabot/MAS514-UiABOT/ros2_ws/src/robot_description -DCMAKE_INSTALL_PREFIX=/home/uiabot/MAS514-UiABOT/ros2_ws/install/robot_description
[0.288s] -- The C compiler identification is GNU 13.2.0
[0.500s] -- The CXX compiler identification is GNU 13.2.0
[0.531s] -- Detecting C compiler ABI info
[0.834s] -- Detecting C compiler ABI info - done
[0.864s] -- Check for working C compiler: /usr/bin/cc - skipped
[0.868s] -- Detecting C compile features
[0.870s] -- Detecting C compile features - done
[0.893s] -- Detecting CXX compiler ABI info
[1.309s] -- Detecting CXX compiler ABI info - done
[1.326s] -- Check for working CXX compiler: /usr/bin/c++ - skipped
[1.329s] -- Detecting CXX compile features
[1.329s] -- Detecting CXX compile features - done
[1.333s] -- Found ament_cmake: 2.5.2 (/opt/ros/jazzy/share/ament_cmake/cmake)
[1.775s] -- Found Python3: /usr/bin/python3 (found version "3.12.3") found components: Interpreter 
[2.063s] -- Found ament_lint_auto: 0.17.1 (/opt/ros/jazzy/share/ament_lint_auto/cmake)
[2.438s] -- Added test 'flake8' to check Python code syntax and style conventions
[2.439s] -- Configured 'flake8' exclude dirs and/or files: 
[2.439s] -- Added test 'lint_cmake' to check CMake code style
[2.445s] -- Added test 'pep257' to check Python code against some of the docstring style conventions in PEP 257
[2.448s] -- Added test 'xmllint' to check XML markup files
[2.453s] -- Configuring done (2.4s)
[2.467s] -- Generating done (0.0s)
[2.467s] -- Build files have been written to: /home/uiabot/MAS514-UiABOT/ros2_ws/build/robot_description
[2.488s] Invoked command in '/home/uiabot/MAS514-UiABOT/ros2_ws/build/robot_description' returned '0': CMAKE_PREFIX_PATH=${CMAKE_PREFIX_PATH}:/home/uiabot/ros2_ws/install/robot_keyboard_control:/home/uiabot/ros2_ws/install/my_publisher_package:/home/uiabot/ros2_ws/install/my_listener_package:/home/uiabot/ros2_ws/install/esp32_com:/opt/ros/jazzy DEBUGINFOD_URLS=https://debuginfod.ubuntu.com /usr/bin/cmake /home/uiabot/MAS514-UiABOT/ros2_ws/src/robot_description -DCMAKE_INSTALL_PREFIX=/home/uiabot/MAS514-UiABOT/ros2_ws/install/robot_description
[2.493s] Invoking command in '/home/uiabot/MAS514-UiABOT/ros2_ws/build/robot_description': CMAKE_PREFIX_PATH=${CMAKE_PREFIX_PATH}:/home/uiabot/ros2_ws/install/robot_keyboard_control:/home/uiabot/ros2_ws/install/my_publisher_package:/home/uiabot/ros2_ws/install/my_listener_package:/home/uiabot/ros2_ws/install/esp32_com:/opt/ros/jazzy DEBUGINFOD_URLS=https://debuginfod.ubuntu.com /usr/bin/cmake --build /home/uiabot/MAS514-UiABOT/ros2_ws/build/robot_description -- -j4 -l4
[2.670s] Invoked command in '/home/uiabot/MAS514-UiABOT/ros2_ws/build/robot_description' returned '0': CMAKE_PREFIX_PATH=${CMAKE_PREFIX_PATH}:/home/uiabot/ros2_ws/install/robot_keyboard_control:/home/uiabot/ros2_ws/install/my_publisher_package:/home/uiabot/ros2_ws/install/my_listener_package:/home/uiabot/ros2_ws/install/esp32_com:/opt/ros/jazzy DEBUGINFOD_URLS=https://debuginfod.ubuntu.com /usr/bin/cmake --build /home/uiabot/MAS514-UiABOT/ros2_ws/build/robot_description -- -j4 -l4
[2.758s] Invoking command in '/home/uiabot/MAS514-UiABOT/ros2_ws/build/robot_description': CMAKE_PREFIX_PATH=${CMAKE_PREFIX_PATH}:/home/uiabot/ros2_ws/install/robot_keyboard_control:/home/uiabot/ros2_ws/install/my_publisher_package:/home/uiabot/ros2_ws/install/my_listener_package:/home/uiabot/ros2_ws/install/esp32_com:/opt/ros/jazzy DEBUGINFOD_URLS=https://debuginfod.ubuntu.com /usr/bin/cmake --install /home/uiabot/MAS514-UiABOT/ros2_ws/build/robot_description
[2.780s] -- Install configuration: ""
[2.780s] -- Installing: /home/uiabot/MAS514-UiABOT/ros2_ws/install/robot_description/share/robot_description/launch
[2.781s] -- Installing: /home/uiabot/MAS514-UiABOT/ros2_ws/install/robot_description/share/robot_description/launch/robot_launch.launch.py
[2.785s] -- Installing: /home/uiabot/MAS514-UiABOT/ros2_ws/install/robot_description/share/robot_description/launch/launch_sim.launch.py
[2.785s] -- Installing: /home/uiabot/MAS514-UiABOT/ros2_ws/install/robot_description/share/robot_description/launch/rsp.launch.py
[2.785s] -- Installing: /home/uiabot/MAS514-UiABOT/ros2_ws/install/robot_description/share/robot_description/description
[2.786s] -- Installing: /home/uiabot/MAS514-UiABOT/ros2_ws/install/robot_description/share/robot_description/description/robot_core.xacro
[2.786s] -- Installing: /home/uiabot/MAS514-UiABOT/ros2_ws/install/robot_description/share/robot_description/description/lidar.xacro
[2.786s] -- Installing: /home/uiabot/MAS514-UiABOT/ros2_ws/install/robot_description/share/robot_description/description/inertial_macros.xacro
[2.786s] -- Installing: /home/uiabot/MAS514-UiABOT/ros2_ws/install/robot_description/share/robot_description/description/AssemUiAminibot2 .STL
[2.915s] -- Installing: /home/uiabot/MAS514-UiABOT/ros2_ws/install/robot_description/share/robot_description/description/Motor.STL
[2.917s] -- Installing: /home/uiabot/MAS514-UiABOT/ros2_ws/install/robot_description/share/robot_description/description/RP-lidar-A1.STL
[2.957s] -- Installing: /home/uiabot/MAS514-UiABOT/ros2_ws/install/robot_description/share/robot_description/description/MotorBracket.STL
[2.958s] -- Installing: /home/uiabot/MAS514-UiABOT/ros2_ws/install/robot_description/share/robot_description/description/SupportWheelBracket_v03.STL
[2.958s] -- Installing: /home/uiabot/MAS514-UiABOT/ros2_ws/install/robot_description/share/robot_description/description/robot.urdf.xacro
[2.958s] -- Installing: /home/uiabot/MAS514-UiABOT/ros2_ws/install/robot_description/share/robot_description/description/UiAFullWafflePlate.STL
[2.978s] -- Installing: /home/uiabot/MAS514-UiABOT/ros2_ws/install/robot_description/share/robot_description/description/ros2_control.xacro
[2.978s] -- Installing: /home/uiabot/MAS514-UiABOT/ros2_ws/install/robot_description/share/robot_description/description/RPLidarCasingV3_Wcut.STL
[2.982s] -- Installing: /home/uiabot/MAS514-UiABOT/ros2_ws/install/robot_description/share/robot_description/description/gazebo_control.xacro
[2.982s] -- Installing: /home/uiabot/MAS514-UiABOT/ros2_ws/install/robot_description/share/ament_index/resource_index/package_run_dependencies/robot_description
[2.982s] -- Installing: /home/uiabot/MAS514-UiABOT/ros2_ws/install/robot_description/share/ament_index/resource_index/parent_prefix_path/robot_description
[2.983s] -- Installing: /home/uiabot/MAS514-UiABOT/ros2_ws/install/robot_description/share/robot_description/environment/ament_prefix_path.sh
[2.983s] -- Installing: /home/uiabot/MAS514-UiABOT/ros2_ws/install/robot_description/share/robot_description/environment/ament_prefix_path.dsv
[2.984s] -- Installing: /home/uiabot/MAS514-UiABOT/ros2_ws/install/robot_description/share/robot_description/environment/path.sh
[2.984s] -- Installing: /home/uiabot/MAS514-UiABOT/ros2_ws/install/robot_description/share/robot_description/environment/path.dsv
[2.984s] -- Installing: /home/uiabot/MAS514-UiABOT/ros2_ws/install/robot_description/share/robot_description/local_setup.bash
[2.984s] -- Installing: /home/uiabot/MAS514-UiABOT/ros2_ws/install/robot_description/share/robot_description/local_setup.sh
[2.984s] -- Installing: /home/uiabot/MAS514-UiABOT/ros2_ws/install/robot_description/share/robot_description/local_setup.zsh
[2.985s] -- Installing: /home/uiabot/MAS514-UiABOT/ros2_ws/install/robot_description/share/robot_description/local_setup.dsv
[2.985s] -- Installing: /home/uiabot/MAS514-UiABOT/ros2_ws/install/robot_description/share/robot_description/package.dsv
[2.985s] -- Installing: /home/uiabot/MAS514-UiABOT/ros2_ws/install/robot_description/share/ament_index/resource_index/packages/robot_description
[2.985s] -- Installing: /home/uiabot/MAS514-UiABOT/ros2_ws/install/robot_description/share/robot_description/cmake/robot_descriptionConfig.cmake
[2.986s] -- Installing: /home/uiabot/MAS514-UiABOT/ros2_ws/install/robot_description/share/robot_description/cmake/robot_descriptionConfig-version.cmake
[2.986s] -- Installing: /home/uiabot/MAS514-UiABOT/ros2_ws/install/robot_description/share/robot_description/package.xml
[2.992s] Invoked command in '/home/uiabot/MAS514-UiABOT/ros2_ws/build/robot_description' returned '0': CMAKE_PREFIX_PATH=${CMAKE_PREFIX_PATH}:/home/uiabot/ros2_ws/install/robot_keyboard_control:/home/uiabot/ros2_ws/install/my_publisher_package:/home/uiabot/ros2_ws/install/my_listener_package:/home/uiabot/ros2_ws/install/esp32_com:/opt/ros/jazzy DEBUGINFOD_URLS=https://debuginfod.ubuntu.com /usr/bin/cmake --install /home/uiabot/MAS514-UiABOT/ros2_ws/build/robot_description
