[0.060s] DEBUG:colcon:Command line arguments: ['/usr/bin/colcon', 'build']
[0.061s] DEBUG:colcon:Parsed command line arguments: Namespace(log_base=None, log_level=None, verb_name='build', build_base='build', install_base='install', merge_install=False, symlink_install=False, test_result_base=None, continue_on_error=False, executor='parallel', parallel_workers=32, event_handlers=None, ignore_user_meta=False, metas=['./colcon.meta'], base_paths=['.'], packages_ignore=None, packages_ignore_regex=None, paths=None, packages_up_to=None, packages_up_to_regex=None, packages_above=None, packages_above_and_dependencies=None, packages_above_depth=None, packages_select_by_dep=None, packages_skip_by_dep=None, packages_skip_up_to=None, packages_select_build_failed=False, packages_skip_build_finished=False, packages_select_test_failures=False, packages_skip_test_passed=False, packages_select=None, packages_skip=None, packages_select_regex=None, packages_skip_regex=None, packages_start=None, packages_end=None, allow_overriding=[], cmake_args=None, cmake_target=None, cmake_target_skip_unavailable=False, cmake_clean_cache=False, cmake_clean_first=False, cmake_force_configure=False, ament_cmake_args=None, catkin_cmake_args=None, catkin_skip_building_tests=False, mixin_files=None, mixin=None, verb_parser=<colcon_mixin.mixin.mixin_argument.MixinArgumentDecorator object at 0x7b3c9cf37ac0>, verb_extension=<colcon_core.verb.build.BuildVerb object at 0x7b3c9cf37340>, main=<bound method BuildVerb.main of <colcon_core.verb.build.BuildVerb object at 0x7b3c9cf37340>>, mixin_verb=('build',))
[0.194s] Level 1:colcon.colcon_core.package_discovery:discover_packages(colcon_meta) check parameters
[0.194s] Level 1:colcon.colcon_core.package_discovery:discover_packages(recursive) check parameters
[0.194s] Level 1:colcon.colcon_core.package_discovery:discover_packages(ignore) check parameters
[0.194s] Level 1:colcon.colcon_core.package_discovery:discover_packages(path) check parameters
[0.194s] Level 1:colcon.colcon_core.package_discovery:discover_packages(colcon_meta) discover
[0.194s] Level 1:colcon.colcon_core.package_discovery:discover_packages(recursive) discover
[0.194s] INFO:colcon.colcon_core.package_discovery:Crawling recursively for packages in '/home/devtex/MAS514-UiABOT/ros2_ws'
[0.194s] Level 1:colcon.colcon_core.package_identification:_identify(.) by extensions ['ignore', 'ignore_ament_install']
[0.194s] Level 1:colcon.colcon_core.package_identification:_identify(.) by extension 'ignore'
[0.194s] Level 1:colcon.colcon_core.package_identification:_identify(.) by extension 'ignore_ament_install'
[0.194s] Level 1:colcon.colcon_core.package_identification:_identify(.) by extensions ['colcon_pkg']
[0.194s] Level 1:colcon.colcon_core.package_identification:_identify(.) by extension 'colcon_pkg'
[0.194s] Level 1:colcon.colcon_core.package_identification:_identify(.) by extensions ['colcon_meta']
[0.194s] Level 1:colcon.colcon_core.package_identification:_identify(.) by extension 'colcon_meta'
[0.194s] Level 1:colcon.colcon_core.package_identification:_identify(.) by extensions ['ros']
[0.194s] Level 1:colcon.colcon_core.package_identification:_identify(.) by extension 'ros'
[0.202s] Level 1:colcon.colcon_core.package_identification:_identify(.) by extensions ['cmake', 'python']
[0.202s] Level 1:colcon.colcon_core.package_identification:_identify(.) by extension 'cmake'
[0.202s] Level 1:colcon.colcon_core.package_identification:_identify(.) by extension 'python'
[0.202s] Level 1:colcon.colcon_core.package_identification:_identify(.) by extensions ['python_setup_py']
[0.202s] Level 1:colcon.colcon_core.package_identification:_identify(.) by extension 'python_setup_py'
[0.203s] Level 1:colcon.colcon_core.package_identification:_identify(build) by extensions ['ignore', 'ignore_ament_install']
[0.203s] Level 1:colcon.colcon_core.package_identification:_identify(build) by extension 'ignore'
[0.203s] Level 1:colcon.colcon_core.package_identification:_identify(build) ignored
[0.203s] Level 1:colcon.colcon_core.package_identification:_identify(install) by extensions ['ignore', 'ignore_ament_install']
[0.203s] Level 1:colcon.colcon_core.package_identification:_identify(install) by extension 'ignore'
[0.203s] Level 1:colcon.colcon_core.package_identification:_identify(install) ignored
[0.203s] Level 1:colcon.colcon_core.package_identification:_identify(log) by extensions ['ignore', 'ignore_ament_install']
[0.203s] Level 1:colcon.colcon_core.package_identification:_identify(log) by extension 'ignore'
[0.203s] Level 1:colcon.colcon_core.package_identification:_identify(log) ignored
[0.203s] Level 1:colcon.colcon_core.package_identification:_identify(src) by extensions ['ignore', 'ignore_ament_install']
[0.203s] Level 1:colcon.colcon_core.package_identification:_identify(src) by extension 'ignore'
[0.203s] Level 1:colcon.colcon_core.package_identification:_identify(src) by extension 'ignore_ament_install'
[0.203s] Level 1:colcon.colcon_core.package_identification:_identify(src) by extensions ['colcon_pkg']
[0.203s] Level 1:colcon.colcon_core.package_identification:_identify(src) by extension 'colcon_pkg'
[0.203s] Level 1:colcon.colcon_core.package_identification:_identify(src) by extensions ['colcon_meta']
[0.203s] Level 1:colcon.colcon_core.package_identification:_identify(src) by extension 'colcon_meta'
[0.203s] Level 1:colcon.colcon_core.package_identification:_identify(src) by extensions ['ros']
[0.203s] Level 1:colcon.colcon_core.package_identification:_identify(src) by extension 'ros'
[0.203s] Level 1:colcon.colcon_core.package_identification:_identify(src) by extensions ['cmake', 'python']
[0.203s] Level 1:colcon.colcon_core.package_identification:_identify(src) by extension 'cmake'
[0.203s] Level 1:colcon.colcon_core.package_identification:_identify(src) by extension 'python'
[0.203s] Level 1:colcon.colcon_core.package_identification:_identify(src) by extensions ['python_setup_py']
[0.203s] Level 1:colcon.colcon_core.package_identification:_identify(src) by extension 'python_setup_py'
[0.203s] Level 1:colcon.colcon_core.package_identification:_identify(src/bno055) by extensions ['ignore', 'ignore_ament_install']
[0.203s] Level 1:colcon.colcon_core.package_identification:_identify(src/bno055) by extension 'ignore'
[0.203s] Level 1:colcon.colcon_core.package_identification:_identify(src/bno055) by extension 'ignore_ament_install'
[0.203s] Level 1:colcon.colcon_core.package_identification:_identify(src/bno055) by extensions ['colcon_pkg']
[0.203s] Level 1:colcon.colcon_core.package_identification:_identify(src/bno055) by extension 'colcon_pkg'
[0.203s] Level 1:colcon.colcon_core.package_identification:_identify(src/bno055) by extensions ['colcon_meta']
[0.203s] Level 1:colcon.colcon_core.package_identification:_identify(src/bno055) by extension 'colcon_meta'
[0.203s] Level 1:colcon.colcon_core.package_identification:_identify(src/bno055) by extensions ['ros']
[0.203s] Level 1:colcon.colcon_core.package_identification:_identify(src/bno055) by extension 'ros'
[0.205s] DEBUG:colcon.colcon_core.package_identification:Package 'src/bno055' with type 'ros.ament_cmake' and name 'bno055'
[0.205s] Level 1:colcon.colcon_core.package_identification:_identify(src/raspi_sub) by extensions ['ignore', 'ignore_ament_install']
[0.205s] Level 1:colcon.colcon_core.package_identification:_identify(src/raspi_sub) by extension 'ignore'
[0.205s] Level 1:colcon.colcon_core.package_identification:_identify(src/raspi_sub) by extension 'ignore_ament_install'
[0.205s] Level 1:colcon.colcon_core.package_identification:_identify(src/raspi_sub) by extensions ['colcon_pkg']
[0.205s] Level 1:colcon.colcon_core.package_identification:_identify(src/raspi_sub) by extension 'colcon_pkg'
[0.205s] Level 1:colcon.colcon_core.package_identification:_identify(src/raspi_sub) by extensions ['colcon_meta']
[0.205s] Level 1:colcon.colcon_core.package_identification:_identify(src/raspi_sub) by extension 'colcon_meta'
[0.205s] Level 1:colcon.colcon_core.package_identification:_identify(src/raspi_sub) by extensions ['ros']
[0.205s] Level 1:colcon.colcon_core.package_identification:_identify(src/raspi_sub) by extension 'ros'
[0.205s] DEBUG:colcon.colcon_core.package_identification:Package 'src/raspi_sub' with type 'ros.ament_cmake' and name 'raspi_sub'
[0.205s] Level 1:colcon.colcon_core.package_identification:_identify(src/robot_description) by extensions ['ignore', 'ignore_ament_install']
[0.205s] Level 1:colcon.colcon_core.package_identification:_identify(src/robot_description) by extension 'ignore'
[0.205s] Level 1:colcon.colcon_core.package_identification:_identify(src/robot_description) by extension 'ignore_ament_install'
[0.205s] Level 1:colcon.colcon_core.package_identification:_identify(src/robot_description) by extensions ['colcon_pkg']
[0.205s] Level 1:colcon.colcon_core.package_identification:_identify(src/robot_description) by extension 'colcon_pkg'
[0.205s] Level 1:colcon.colcon_core.package_identification:_identify(src/robot_description) by extensions ['colcon_meta']
[0.205s] Level 1:colcon.colcon_core.package_identification:_identify(src/robot_description) by extension 'colcon_meta'
[0.205s] Level 1:colcon.colcon_core.package_identification:_identify(src/robot_description) by extensions ['ros']
[0.205s] Level 1:colcon.colcon_core.package_identification:_identify(src/robot_description) by extension 'ros'
[0.206s] DEBUG:colcon.colcon_core.package_identification:Package 'src/robot_description' with type 'ros.ament_cmake' and name 'robot_description'
[0.206s] Level 1:colcon.colcon_core.package_identification:_identify(src/sllidar_ros2) by extensions ['ignore', 'ignore_ament_install']
[0.206s] Level 1:colcon.colcon_core.package_identification:_identify(src/sllidar_ros2) by extension 'ignore'
[0.206s] Level 1:colcon.colcon_core.package_identification:_identify(src/sllidar_ros2) by extension 'ignore_ament_install'
[0.206s] Level 1:colcon.colcon_core.package_identification:_identify(src/sllidar_ros2) by extensions ['colcon_pkg']
[0.206s] Level 1:colcon.colcon_core.package_identification:_identify(src/sllidar_ros2) by extension 'colcon_pkg'
[0.206s] Level 1:colcon.colcon_core.package_identification:_identify(src/sllidar_ros2) by extensions ['colcon_meta']
[0.206s] Level 1:colcon.colcon_core.package_identification:_identify(src/sllidar_ros2) by extension 'colcon_meta'
[0.206s] Level 1:colcon.colcon_core.package_identification:_identify(src/sllidar_ros2) by extensions ['ros']
[0.206s] Level 1:colcon.colcon_core.package_identification:_identify(src/sllidar_ros2) by extension 'ros'
[0.206s] DEBUG:colcon.colcon_core.package_identification:Package 'src/sllidar_ros2' with type 'ros.ament_cmake' and name 'sllidar_ros2'
[0.206s] Level 1:colcon.colcon_core.package_discovery:discover_packages(recursive) using defaults
[0.206s] Level 1:colcon.colcon_core.package_discovery:discover_packages(ignore) discover
[0.206s] Level 1:colcon.colcon_core.package_discovery:discover_packages(ignore) using defaults
[0.206s] Level 1:colcon.colcon_core.package_discovery:discover_packages(path) discover
[0.207s] Level 1:colcon.colcon_core.package_discovery:discover_packages(path) using defaults
[0.216s] Level 1:colcon.colcon_core.package_discovery:discover_packages(prefix_path) check parameters
[0.216s] Level 1:colcon.colcon_core.package_discovery:discover_packages(prefix_path) discover
[0.217s] WARNING:colcon.colcon_ros.prefix_path.ament:The path '/home/devtex/MAS514-UiABOT/ros2_ws/install/sllidar_ros2' in the environment variable AMENT_PREFIX_PATH doesn't exist
[0.217s] WARNING:colcon.colcon_ros.prefix_path.ament:The path '/home/devtex/MAS514-UiABOT/ros2_ws/install/rplidar_ros2' in the environment variable AMENT_PREFIX_PATH doesn't exist
[0.217s] WARNING:colcon.colcon_ros.prefix_path.ament:The path '/home/devtex/MAS514-UiABOT/ros2_ws/install/rplidar_ros' in the environment variable AMENT_PREFIX_PATH doesn't exist
[0.217s] WARNING:colcon.colcon_ros.prefix_path.ament:The path '/home/devtex/MAS514-UiABOT/ros2_ws/install/robot_description' in the environment variable AMENT_PREFIX_PATH doesn't exist
[0.217s] WARNING:colcon.colcon_ros.prefix_path.ament:The path '/home/devtex/MAS514-UiABOT/ros2_ws/install/raspi_sub' in the environment variable AMENT_PREFIX_PATH doesn't exist
[0.217s] WARNING:colcon.colcon_ros.prefix_path.ament:The path '/home/devtex/MAS514-UiABOT/ros2_ws/install/bno055' in the environment variable AMENT_PREFIX_PATH doesn't exist
[0.217s] WARNING:colcon.colcon_ros.prefix_path.catkin:The path '/home/devtex/MAS514-UiABOT/ros2_ws/install/sllidar_ros2' in the environment variable CMAKE_PREFIX_PATH doesn't exist
[0.217s] WARNING:colcon.colcon_ros.prefix_path.catkin:The path '/home/devtex/MAS514-UiABOT/ros2_ws/install/rplidar_ros2' in the environment variable CMAKE_PREFIX_PATH doesn't exist
[0.217s] WARNING:colcon.colcon_ros.prefix_path.catkin:The path '/home/devtex/MAS514-UiABOT/ros2_ws/install/rplidar_ros' in the environment variable CMAKE_PREFIX_PATH doesn't exist
[0.217s] WARNING:colcon.colcon_ros.prefix_path.catkin:The path '/home/devtex/MAS514-UiABOT/ros2_ws/install/robot_description' in the environment variable CMAKE_PREFIX_PATH doesn't exist
[0.217s] WARNING:colcon.colcon_ros.prefix_path.catkin:The path '/home/devtex/MAS514-UiABOT/ros2_ws/install/raspi_sub' in the environment variable CMAKE_PREFIX_PATH doesn't exist
[0.217s] WARNING:colcon.colcon_ros.prefix_path.catkin:The path '/home/devtex/MAS514-UiABOT/ros2_ws/install/bno055' in the environment variable CMAKE_PREFIX_PATH doesn't exist
[0.217s] DEBUG:colcon.colcon_installed_package_information.package_discovery:Found 0 installed packages in /home/devtex/MAS514-UiABOT/ros2_ws/install
[0.218s] DEBUG:colcon.colcon_installed_package_information.package_discovery:Found 447 installed packages in /opt/ros/humble
[0.220s] Level 1:colcon.colcon_core.package_discovery:discover_packages(prefix_path) using defaults
[0.244s] Level 5:colcon.colcon_core.verb:set package 'bno055' build argument 'cmake_args' from command line to 'None'
[0.244s] Level 5:colcon.colcon_core.verb:set package 'bno055' build argument 'cmake_target' from command line to 'None'
[0.244s] Level 5:colcon.colcon_core.verb:set package 'bno055' build argument 'cmake_target_skip_unavailable' from command line to 'False'
[0.244s] Level 5:colcon.colcon_core.verb:set package 'bno055' build argument 'cmake_clean_cache' from command line to 'False'
[0.244s] Level 5:colcon.colcon_core.verb:set package 'bno055' build argument 'cmake_clean_first' from command line to 'False'
[0.244s] Level 5:colcon.colcon_core.verb:set package 'bno055' build argument 'cmake_force_configure' from command line to 'False'
[0.244s] Level 5:colcon.colcon_core.verb:set package 'bno055' build argument 'ament_cmake_args' from command line to 'None'
[0.244s] Level 5:colcon.colcon_core.verb:set package 'bno055' build argument 'catkin_cmake_args' from command line to 'None'
[0.244s] Level 5:colcon.colcon_core.verb:set package 'bno055' build argument 'catkin_skip_building_tests' from command line to 'False'
[0.244s] DEBUG:colcon.colcon_core.verb:Building package 'bno055' with the following arguments: {'ament_cmake_args': None, 'build_base': '/home/devtex/MAS514-UiABOT/ros2_ws/build/bno055', 'catkin_cmake_args': None, 'catkin_skip_building_tests': False, 'cmake_args': None, 'cmake_clean_cache': False, 'cmake_clean_first': False, 'cmake_force_configure': False, 'cmake_target': None, 'cmake_target_skip_unavailable': False, 'install_base': '/home/devtex/MAS514-UiABOT/ros2_ws/install/bno055', 'merge_install': False, 'path': '/home/devtex/MAS514-UiABOT/ros2_ws/src/bno055', 'symlink_install': False, 'test_result_base': None}
[0.244s] Level 5:colcon.colcon_core.verb:set package 'raspi_sub' build argument 'cmake_args' from command line to 'None'
[0.244s] Level 5:colcon.colcon_core.verb:set package 'raspi_sub' build argument 'cmake_target' from command line to 'None'
[0.244s] Level 5:colcon.colcon_core.verb:set package 'raspi_sub' build argument 'cmake_target_skip_unavailable' from command line to 'False'
[0.244s] Level 5:colcon.colcon_core.verb:set package 'raspi_sub' build argument 'cmake_clean_cache' from command line to 'False'
[0.244s] Level 5:colcon.colcon_core.verb:set package 'raspi_sub' build argument 'cmake_clean_first' from command line to 'False'
[0.244s] Level 5:colcon.colcon_core.verb:set package 'raspi_sub' build argument 'cmake_force_configure' from command line to 'False'
[0.244s] Level 5:colcon.colcon_core.verb:set package 'raspi_sub' build argument 'ament_cmake_args' from command line to 'None'
[0.244s] Level 5:colcon.colcon_core.verb:set package 'raspi_sub' build argument 'catkin_cmake_args' from command line to 'None'
[0.244s] Level 5:colcon.colcon_core.verb:set package 'raspi_sub' build argument 'catkin_skip_building_tests' from command line to 'False'
[0.244s] DEBUG:colcon.colcon_core.verb:Building package 'raspi_sub' with the following arguments: {'ament_cmake_args': None, 'build_base': '/home/devtex/MAS514-UiABOT/ros2_ws/build/raspi_sub', 'catkin_cmake_args': None, 'catkin_skip_building_tests': False, 'cmake_args': None, 'cmake_clean_cache': False, 'cmake_clean_first': False, 'cmake_force_configure': False, 'cmake_target': None, 'cmake_target_skip_unavailable': False, 'install_base': '/home/devtex/MAS514-UiABOT/ros2_ws/install/raspi_sub', 'merge_install': False, 'path': '/home/devtex/MAS514-UiABOT/ros2_ws/src/raspi_sub', 'symlink_install': False, 'test_result_base': None}
[0.244s] Level 5:colcon.colcon_core.verb:set package 'robot_description' build argument 'cmake_args' from command line to 'None'
[0.244s] Level 5:colcon.colcon_core.verb:set package 'robot_description' build argument 'cmake_target' from command line to 'None'
[0.244s] Level 5:colcon.colcon_core.verb:set package 'robot_description' build argument 'cmake_target_skip_unavailable' from command line to 'False'
[0.244s] Level 5:colcon.colcon_core.verb:set package 'robot_description' build argument 'cmake_clean_cache' from command line to 'False'
[0.244s] Level 5:colcon.colcon_core.verb:set package 'robot_description' build argument 'cmake_clean_first' from command line to 'False'
[0.244s] Level 5:colcon.colcon_core.verb:set package 'robot_description' build argument 'cmake_force_configure' from command line to 'False'
[0.244s] Level 5:colcon.colcon_core.verb:set package 'robot_description' build argument 'ament_cmake_args' from command line to 'None'
[0.244s] Level 5:colcon.colcon_core.verb:set package 'robot_description' build argument 'catkin_cmake_args' from command line to 'None'
[0.244s] Level 5:colcon.colcon_core.verb:set package 'robot_description' build argument 'catkin_skip_building_tests' from command line to 'False'
[0.244s] DEBUG:colcon.colcon_core.verb:Building package 'robot_description' with the following arguments: {'ament_cmake_args': None, 'build_base': '/home/devtex/MAS514-UiABOT/ros2_ws/build/robot_description', 'catkin_cmake_args': None, 'catkin_skip_building_tests': False, 'cmake_args': None, 'cmake_clean_cache': False, 'cmake_clean_first': False, 'cmake_force_configure': False, 'cmake_target': None, 'cmake_target_skip_unavailable': False, 'install_base': '/home/devtex/MAS514-UiABOT/ros2_ws/install/robot_description', 'merge_install': False, 'path': '/home/devtex/MAS514-UiABOT/ros2_ws/src/robot_description', 'symlink_install': False, 'test_result_base': None}
[0.245s] Level 5:colcon.colcon_core.verb:set package 'sllidar_ros2' build argument 'cmake_args' from command line to 'None'
[0.245s] Level 5:colcon.colcon_core.verb:set package 'sllidar_ros2' build argument 'cmake_target' from command line to 'None'
[0.245s] Level 5:colcon.colcon_core.verb:set package 'sllidar_ros2' build argument 'cmake_target_skip_unavailable' from command line to 'False'
[0.245s] Level 5:colcon.colcon_core.verb:set package 'sllidar_ros2' build argument 'cmake_clean_cache' from command line to 'False'
[0.245s] Level 5:colcon.colcon_core.verb:set package 'sllidar_ros2' build argument 'cmake_clean_first' from command line to 'False'
[0.245s] Level 5:colcon.colcon_core.verb:set package 'sllidar_ros2' build argument 'cmake_force_configure' from command line to 'False'
[0.245s] Level 5:colcon.colcon_core.verb:set package 'sllidar_ros2' build argument 'ament_cmake_args' from command line to 'None'
[0.245s] Level 5:colcon.colcon_core.verb:set package 'sllidar_ros2' build argument 'catkin_cmake_args' from command line to 'None'
[0.245s] Level 5:colcon.colcon_core.verb:set package 'sllidar_ros2' build argument 'catkin_skip_building_tests' from command line to 'False'
[0.245s] DEBUG:colcon.colcon_core.verb:Building package 'sllidar_ros2' with the following arguments: {'ament_cmake_args': None, 'build_base': '/home/devtex/MAS514-UiABOT/ros2_ws/build/sllidar_ros2', 'catkin_cmake_args': None, 'catkin_skip_building_tests': False, 'cmake_args': None, 'cmake_clean_cache': False, 'cmake_clean_first': False, 'cmake_force_configure': False, 'cmake_target': None, 'cmake_target_skip_unavailable': False, 'install_base': '/home/devtex/MAS514-UiABOT/ros2_ws/install/sllidar_ros2', 'merge_install': False, 'path': '/home/devtex/MAS514-UiABOT/ros2_ws/src/sllidar_ros2', 'symlink_install': False, 'test_result_base': None}
[0.245s] INFO:colcon.colcon_core.executor:Executing jobs using 'parallel' executor
[0.245s] DEBUG:colcon.colcon_parallel_executor.executor.parallel:run_until_complete
[0.245s] INFO:colcon.colcon_ros.task.ament_cmake.build:Building ROS package in '/home/devtex/MAS514-UiABOT/ros2_ws/src/bno055' with build type 'ament_cmake'
[0.246s] INFO:colcon.colcon_cmake.task.cmake.build:Building CMake package in '/home/devtex/MAS514-UiABOT/ros2_ws/src/bno055'
[0.246s] INFO:colcon.colcon_core.plugin_system:Skipping extension 'colcon_core.shell.bat': Not used on non-Windows systems
[0.247s] INFO:colcon.colcon_core.shell:Skip shell extension 'powershell' for command environment: Not usable outside of PowerShell
[0.247s] DEBUG:colcon.colcon_core.shell:Skip shell extension 'dsv' for command environment
[0.249s] INFO:colcon.colcon_ros.task.ament_cmake.build:Building ROS package in '/home/devtex/MAS514-UiABOT/ros2_ws/src/raspi_sub' with build type 'ament_cmake'
[0.249s] INFO:colcon.colcon_cmake.task.cmake.build:Building CMake package in '/home/devtex/MAS514-UiABOT/ros2_ws/src/raspi_sub'
[0.249s] INFO:colcon.colcon_core.shell:Skip shell extension 'powershell' for command environment: Not usable outside of PowerShell
[0.249s] DEBUG:colcon.colcon_core.shell:Skip shell extension 'dsv' for command environment
[0.251s] INFO:colcon.colcon_ros.task.ament_cmake.build:Building ROS package in '/home/devtex/MAS514-UiABOT/ros2_ws/src/robot_description' with build type 'ament_cmake'
[0.251s] INFO:colcon.colcon_cmake.task.cmake.build:Building CMake package in '/home/devtex/MAS514-UiABOT/ros2_ws/src/robot_description'
[0.251s] INFO:colcon.colcon_core.shell:Skip shell extension 'powershell' for command environment: Not usable outside of PowerShell
[0.251s] DEBUG:colcon.colcon_core.shell:Skip shell extension 'dsv' for command environment
[0.253s] INFO:colcon.colcon_ros.task.ament_cmake.build:Building ROS package in '/home/devtex/MAS514-UiABOT/ros2_ws/src/sllidar_ros2' with build type 'ament_cmake'
[0.253s] INFO:colcon.colcon_cmake.task.cmake.build:Building CMake package in '/home/devtex/MAS514-UiABOT/ros2_ws/src/sllidar_ros2'
[0.253s] INFO:colcon.colcon_core.shell:Skip shell extension 'powershell' for command environment: Not usable outside of PowerShell
[0.253s] DEBUG:colcon.colcon_core.shell:Skip shell extension 'dsv' for command environment
[0.257s] DEBUG:colcon.colcon_core.event_handler.log_command:Invoking command in '/home/devtex/MAS514-UiABOT/ros2_ws/build/bno055': CMAKE_PREFIX_PATH=${CMAKE_PREFIX_PATH}:/opt/ros/humble /usr/bin/cmake /home/devtex/MAS514-UiABOT/ros2_ws/src/bno055 -DCMAKE_INSTALL_PREFIX=/home/devtex/MAS514-UiABOT/ros2_ws/install/bno055
[0.258s] DEBUG:colcon.colcon_core.event_handler.log_command:Invoking command in '/home/devtex/MAS514-UiABOT/ros2_ws/build/raspi_sub': CMAKE_PREFIX_PATH=${CMAKE_PREFIX_PATH}:/opt/ros/humble /usr/bin/cmake /home/devtex/MAS514-UiABOT/ros2_ws/src/raspi_sub -DCMAKE_INSTALL_PREFIX=/home/devtex/MAS514-UiABOT/ros2_ws/install/raspi_sub
[0.260s] DEBUG:colcon.colcon_core.event_handler.log_command:Invoking command in '/home/devtex/MAS514-UiABOT/ros2_ws/build/robot_description': CMAKE_PREFIX_PATH=${CMAKE_PREFIX_PATH}:/opt/ros/humble /usr/bin/cmake /home/devtex/MAS514-UiABOT/ros2_ws/src/robot_description -DCMAKE_INSTALL_PREFIX=/home/devtex/MAS514-UiABOT/ros2_ws/install/robot_description
[0.261s] DEBUG:colcon.colcon_core.event_handler.log_command:Invoking command in '/home/devtex/MAS514-UiABOT/ros2_ws/build/sllidar_ros2': CMAKE_PREFIX_PATH=${CMAKE_PREFIX_PATH}:/opt/ros/humble /usr/bin/cmake /home/devtex/MAS514-UiABOT/ros2_ws/src/sllidar_ros2 -DCMAKE_INSTALL_PREFIX=/home/devtex/MAS514-UiABOT/ros2_ws/install/sllidar_ros2
[0.863s] DEBUG:colcon.colcon_core.event_handler.log_command:Invoked command in '/home/devtex/MAS514-UiABOT/ros2_ws/build/robot_description' returned '0': CMAKE_PREFIX_PATH=${CMAKE_PREFIX_PATH}:/opt/ros/humble /usr/bin/cmake /home/devtex/MAS514-UiABOT/ros2_ws/src/robot_description -DCMAKE_INSTALL_PREFIX=/home/devtex/MAS514-UiABOT/ros2_ws/install/robot_description
[0.864s] DEBUG:colcon.colcon_core.event_handler.log_command:Invoking command in '/home/devtex/MAS514-UiABOT/ros2_ws/build/robot_description': CMAKE_PREFIX_PATH=${CMAKE_PREFIX_PATH}:/opt/ros/humble /usr/bin/cmake --build /home/devtex/MAS514-UiABOT/ros2_ws/build/robot_description -- -j32 -l32
[0.865s] DEBUG:colcon.colcon_core.event_handler.log_command:Invoked command in '/home/devtex/MAS514-UiABOT/ros2_ws/build/raspi_sub' returned '0': CMAKE_PREFIX_PATH=${CMAKE_PREFIX_PATH}:/opt/ros/humble /usr/bin/cmake /home/devtex/MAS514-UiABOT/ros2_ws/src/raspi_sub -DCMAKE_INSTALL_PREFIX=/home/devtex/MAS514-UiABOT/ros2_ws/install/raspi_sub
[0.865s] DEBUG:colcon.colcon_core.event_handler.log_command:Invoking command in '/home/devtex/MAS514-UiABOT/ros2_ws/build/raspi_sub': CMAKE_PREFIX_PATH=${CMAKE_PREFIX_PATH}:/opt/ros/humble /usr/bin/cmake --build /home/devtex/MAS514-UiABOT/ros2_ws/build/raspi_sub -- -j32 -l32
[0.886s] DEBUG:colcon.colcon_core.event_handler.log_command:Invoked command in '/home/devtex/MAS514-UiABOT/ros2_ws/build/bno055' returned '0': CMAKE_PREFIX_PATH=${CMAKE_PREFIX_PATH}:/opt/ros/humble /usr/bin/cmake /home/devtex/MAS514-UiABOT/ros2_ws/src/bno055 -DCMAKE_INSTALL_PREFIX=/home/devtex/MAS514-UiABOT/ros2_ws/install/bno055
[0.886s] DEBUG:colcon.colcon_core.event_handler.log_command:Invoking command in '/home/devtex/MAS514-UiABOT/ros2_ws/build/bno055': CMAKE_PREFIX_PATH=${CMAKE_PREFIX_PATH}:/opt/ros/humble /usr/bin/cmake --build /home/devtex/MAS514-UiABOT/ros2_ws/build/bno055 -- -j32 -l32
[0.889s] DEBUG:colcon.colcon_core.event_handler.log_command:Invoked command in '/home/devtex/MAS514-UiABOT/ros2_ws/build/robot_description' returned '0': CMAKE_PREFIX_PATH=${CMAKE_PREFIX_PATH}:/opt/ros/humble /usr/bin/cmake --build /home/devtex/MAS514-UiABOT/ros2_ws/build/robot_description -- -j32 -l32
[0.890s] DEBUG:colcon.colcon_core.event_handler.log_command:Invoked command in '/home/devtex/MAS514-UiABOT/ros2_ws/build/raspi_sub' returned '0': CMAKE_PREFIX_PATH=${CMAKE_PREFIX_PATH}:/opt/ros/humble /usr/bin/cmake --build /home/devtex/MAS514-UiABOT/ros2_ws/build/raspi_sub -- -j32 -l32
[0.909s] DEBUG:colcon.colcon_core.event_handler.log_command:Invoking command in '/home/devtex/MAS514-UiABOT/ros2_ws/build/raspi_sub': CMAKE_PREFIX_PATH=${CMAKE_PREFIX_PATH}:/opt/ros/humble /usr/bin/cmake --install /home/devtex/MAS514-UiABOT/ros2_ws/build/raspi_sub
[0.911s] DEBUG:colcon.colcon_core.event_handler.log_command:Invoking command in '/home/devtex/MAS514-UiABOT/ros2_ws/build/robot_description': CMAKE_PREFIX_PATH=${CMAKE_PREFIX_PATH}:/opt/ros/humble /usr/bin/cmake --install /home/devtex/MAS514-UiABOT/ros2_ws/build/robot_description
[0.912s] DEBUG:colcon.colcon_core.event_handler.log_command:Invoked command in '/home/devtex/MAS514-UiABOT/ros2_ws/build/bno055' returned '0': CMAKE_PREFIX_PATH=${CMAKE_PREFIX_PATH}:/opt/ros/humble /usr/bin/cmake --build /home/devtex/MAS514-UiABOT/ros2_ws/build/bno055 -- -j32 -l32
[0.914s] Level 1:colcon.colcon_core.environment:create_environment_scripts_only(raspi_sub)
[0.915s] DEBUG:colcon.colcon_core.event_handler.log_command:Invoked command in '/home/devtex/MAS514-UiABOT/ros2_ws/build/raspi_sub' returned '0': CMAKE_PREFIX_PATH=${CMAKE_PREFIX_PATH}:/opt/ros/humble /usr/bin/cmake --install /home/devtex/MAS514-UiABOT/ros2_ws/build/raspi_sub
[0.917s] Level 1:colcon.colcon_core.environment:checking '/home/devtex/MAS514-UiABOT/ros2_ws/install/raspi_sub' for CMake module files
[0.918s] Level 1:colcon.colcon_core.environment:checking '/home/devtex/MAS514-UiABOT/ros2_ws/install/raspi_sub' for CMake config files
[0.918s] Level 1:colcon.colcon_core.shell:create_environment_hook('raspi_sub', 'cmake_prefix_path')
[0.918s] INFO:colcon.colcon_core.shell:Creating environment hook '/home/devtex/MAS514-UiABOT/ros2_ws/install/raspi_sub/share/raspi_sub/hook/cmake_prefix_path.ps1'
[0.919s] INFO:colcon.colcon_core.shell:Creating environment descriptor '/home/devtex/MAS514-UiABOT/ros2_ws/install/raspi_sub/share/raspi_sub/hook/cmake_prefix_path.dsv'
[0.919s] INFO:colcon.colcon_core.shell:Creating environment hook '/home/devtex/MAS514-UiABOT/ros2_ws/install/raspi_sub/share/raspi_sub/hook/cmake_prefix_path.sh'
[0.920s] Level 1:colcon.colcon_core.environment:checking '/home/devtex/MAS514-UiABOT/ros2_ws/install/raspi_sub/bin'
[0.920s] Level 1:colcon.colcon_core.environment:checking '/home/devtex/MAS514-UiABOT/ros2_ws/install/raspi_sub/lib/pkgconfig/raspi_sub.pc'
[0.920s] Level 1:colcon.colcon_core.environment:checking '/home/devtex/MAS514-UiABOT/ros2_ws/install/raspi_sub/lib/python3.10/site-packages'
[0.920s] Level 1:colcon.colcon_core.environment:checking '/home/devtex/MAS514-UiABOT/ros2_ws/install/raspi_sub/bin'
[0.921s] INFO:colcon.colcon_core.shell:Creating package script '/home/devtex/MAS514-UiABOT/ros2_ws/install/raspi_sub/share/raspi_sub/package.ps1'
[0.921s] INFO:colcon.colcon_core.shell:Creating package descriptor '/home/devtex/MAS514-UiABOT/ros2_ws/install/raspi_sub/share/raspi_sub/package.dsv'
[0.922s] INFO:colcon.colcon_core.shell:Creating package script '/home/devtex/MAS514-UiABOT/ros2_ws/install/raspi_sub/share/raspi_sub/package.sh'
[0.922s] INFO:colcon.colcon_core.shell:Creating package script '/home/devtex/MAS514-UiABOT/ros2_ws/install/raspi_sub/share/raspi_sub/package.bash'
[0.923s] INFO:colcon.colcon_core.shell:Creating package script '/home/devtex/MAS514-UiABOT/ros2_ws/install/raspi_sub/share/raspi_sub/package.zsh'
[0.924s] Level 1:colcon.colcon_core.environment:create_file_with_runtime_dependencies(/home/devtex/MAS514-UiABOT/ros2_ws/install/raspi_sub/share/colcon-core/packages/raspi_sub)
[0.926s] DEBUG:colcon.colcon_core.event_handler.log_command:Invoking command in '/home/devtex/MAS514-UiABOT/ros2_ws/build/bno055': CMAKE_PREFIX_PATH=${CMAKE_PREFIX_PATH}:/opt/ros/humble /usr/bin/cmake --install /home/devtex/MAS514-UiABOT/ros2_ws/build/bno055
[0.934s] Level 1:colcon.colcon_core.environment:create_environment_scripts_only(bno055)
[0.934s] Level 1:colcon.colcon_core.environment:checking '/home/devtex/MAS514-UiABOT/ros2_ws/install/bno055' for CMake module files
[0.934s] DEBUG:colcon.colcon_core.event_handler.log_command:Invoked command in '/home/devtex/MAS514-UiABOT/ros2_ws/build/bno055' returned '0': CMAKE_PREFIX_PATH=${CMAKE_PREFIX_PATH}:/opt/ros/humble /usr/bin/cmake --install /home/devtex/MAS514-UiABOT/ros2_ws/build/bno055
[0.934s] Level 1:colcon.colcon_core.environment:checking '/home/devtex/MAS514-UiABOT/ros2_ws/install/bno055' for CMake config files
[0.935s] Level 1:colcon.colcon_core.shell:create_environment_hook('bno055', 'cmake_prefix_path')
[0.935s] INFO:colcon.colcon_core.shell:Creating environment hook '/home/devtex/MAS514-UiABOT/ros2_ws/install/bno055/share/bno055/hook/cmake_prefix_path.ps1'
[0.935s] INFO:colcon.colcon_core.shell:Creating environment descriptor '/home/devtex/MAS514-UiABOT/ros2_ws/install/bno055/share/bno055/hook/cmake_prefix_path.dsv'
[0.936s] INFO:colcon.colcon_core.shell:Creating environment hook '/home/devtex/MAS514-UiABOT/ros2_ws/install/bno055/share/bno055/hook/cmake_prefix_path.sh'
[0.936s] Level 1:colcon.colcon_core.environment:checking '/home/devtex/MAS514-UiABOT/ros2_ws/install/bno055/bin'
[0.936s] Level 1:colcon.colcon_core.environment:checking '/home/devtex/MAS514-UiABOT/ros2_ws/install/bno055/lib/pkgconfig/bno055.pc'
[0.936s] Level 1:colcon.colcon_core.environment:checking '/home/devtex/MAS514-UiABOT/ros2_ws/install/bno055/lib/python3.10/site-packages'
[0.936s] Level 1:colcon.colcon_core.environment:checking '/home/devtex/MAS514-UiABOT/ros2_ws/install/bno055/bin'
[0.937s] INFO:colcon.colcon_core.shell:Creating package script '/home/devtex/MAS514-UiABOT/ros2_ws/install/bno055/share/bno055/package.ps1'
[0.937s] INFO:colcon.colcon_core.shell:Creating package descriptor '/home/devtex/MAS514-UiABOT/ros2_ws/install/bno055/share/bno055/package.dsv'
[0.937s] INFO:colcon.colcon_core.shell:Creating package script '/home/devtex/MAS514-UiABOT/ros2_ws/install/bno055/share/bno055/package.sh'
[0.938s] INFO:colcon.colcon_core.shell:Creating package script '/home/devtex/MAS514-UiABOT/ros2_ws/install/bno055/share/bno055/package.bash'
[0.938s] INFO:colcon.colcon_core.shell:Creating package script '/home/devtex/MAS514-UiABOT/ros2_ws/install/bno055/share/bno055/package.zsh'
[0.938s] Level 1:colcon.colcon_core.environment:create_file_with_runtime_dependencies(/home/devtex/MAS514-UiABOT/ros2_ws/install/bno055/share/colcon-core/packages/bno055)
[0.939s] Level 1:colcon.colcon_core.environment:create_environment_scripts_only(raspi_sub)
[0.940s] Level 1:colcon.colcon_core.environment:checking '/home/devtex/MAS514-UiABOT/ros2_ws/install/raspi_sub' for CMake module files
[0.940s] Level 1:colcon.colcon_core.environment:checking '/home/devtex/MAS514-UiABOT/ros2_ws/install/raspi_sub' for CMake config files
[0.940s] Level 1:colcon.colcon_core.shell:create_environment_hook('raspi_sub', 'cmake_prefix_path')
[0.940s] INFO:colcon.colcon_core.shell:Creating environment hook '/home/devtex/MAS514-UiABOT/ros2_ws/install/raspi_sub/share/raspi_sub/hook/cmake_prefix_path.ps1'
[0.941s] INFO:colcon.colcon_core.shell:Creating environment descriptor '/home/devtex/MAS514-UiABOT/ros2_ws/install/raspi_sub/share/raspi_sub/hook/cmake_prefix_path.dsv'
[0.941s] INFO:colcon.colcon_core.shell:Creating environment hook '/home/devtex/MAS514-UiABOT/ros2_ws/install/raspi_sub/share/raspi_sub/hook/cmake_prefix_path.sh'
[0.941s] Level 1:colcon.colcon_core.environment:checking '/home/devtex/MAS514-UiABOT/ros2_ws/install/raspi_sub/bin'
[0.941s] Level 1:colcon.colcon_core.environment:checking '/home/devtex/MAS514-UiABOT/ros2_ws/install/raspi_sub/lib/pkgconfig/raspi_sub.pc'
[0.942s] Level 1:colcon.colcon_core.environment:checking '/home/devtex/MAS514-UiABOT/ros2_ws/install/raspi_sub/lib/python3.10/site-packages'
[0.942s] Level 1:colcon.colcon_core.environment:checking '/home/devtex/MAS514-UiABOT/ros2_ws/install/raspi_sub/bin'
[0.942s] INFO:colcon.colcon_core.shell:Creating package script '/home/devtex/MAS514-UiABOT/ros2_ws/install/raspi_sub/share/raspi_sub/package.ps1'
[0.942s] INFO:colcon.colcon_core.shell:Creating package descriptor '/home/devtex/MAS514-UiABOT/ros2_ws/install/raspi_sub/share/raspi_sub/package.dsv'
[0.943s] INFO:colcon.colcon_core.shell:Creating package script '/home/devtex/MAS514-UiABOT/ros2_ws/install/raspi_sub/share/raspi_sub/package.sh'
[0.943s] INFO:colcon.colcon_core.shell:Creating package script '/home/devtex/MAS514-UiABOT/ros2_ws/install/raspi_sub/share/raspi_sub/package.bash'
[0.943s] INFO:colcon.colcon_core.shell:Creating package script '/home/devtex/MAS514-UiABOT/ros2_ws/install/raspi_sub/share/raspi_sub/package.zsh'
[0.944s] Level 1:colcon.colcon_core.environment:create_file_with_runtime_dependencies(/home/devtex/MAS514-UiABOT/ros2_ws/install/raspi_sub/share/colcon-core/packages/raspi_sub)
[0.953s] Level 1:colcon.colcon_core.environment:create_environment_scripts_only(bno055)
[0.953s] Level 1:colcon.colcon_core.environment:checking '/home/devtex/MAS514-UiABOT/ros2_ws/install/bno055' for CMake module files
[0.954s] Level 1:colcon.colcon_core.environment:checking '/home/devtex/MAS514-UiABOT/ros2_ws/install/bno055' for CMake config files
[0.954s] Level 1:colcon.colcon_core.shell:create_environment_hook('bno055', 'cmake_prefix_path')
[0.954s] INFO:colcon.colcon_core.shell:Creating environment hook '/home/devtex/MAS514-UiABOT/ros2_ws/install/bno055/share/bno055/hook/cmake_prefix_path.ps1'
[0.954s] INFO:colcon.colcon_core.shell:Creating environment descriptor '/home/devtex/MAS514-UiABOT/ros2_ws/install/bno055/share/bno055/hook/cmake_prefix_path.dsv'
[0.955s] INFO:colcon.colcon_core.shell:Creating environment hook '/home/devtex/MAS514-UiABOT/ros2_ws/install/bno055/share/bno055/hook/cmake_prefix_path.sh'
[0.955s] Level 1:colcon.colcon_core.environment:checking '/home/devtex/MAS514-UiABOT/ros2_ws/install/bno055/bin'
[0.955s] Level 1:colcon.colcon_core.environment:checking '/home/devtex/MAS514-UiABOT/ros2_ws/install/bno055/lib/pkgconfig/bno055.pc'
[0.955s] Level 1:colcon.colcon_core.environment:checking '/home/devtex/MAS514-UiABOT/ros2_ws/install/bno055/lib/python3.10/site-packages'
[0.955s] Level 1:colcon.colcon_core.environment:checking '/home/devtex/MAS514-UiABOT/ros2_ws/install/bno055/bin'
[0.956s] INFO:colcon.colcon_core.shell:Creating package script '/home/devtex/MAS514-UiABOT/ros2_ws/install/bno055/share/bno055/package.ps1'
[0.956s] INFO:colcon.colcon_core.shell:Creating package descriptor '/home/devtex/MAS514-UiABOT/ros2_ws/install/bno055/share/bno055/package.dsv'
[0.956s] INFO:colcon.colcon_core.shell:Creating package script '/home/devtex/MAS514-UiABOT/ros2_ws/install/bno055/share/bno055/package.sh'
[0.957s] INFO:colcon.colcon_core.shell:Creating package script '/home/devtex/MAS514-UiABOT/ros2_ws/install/bno055/share/bno055/package.bash'
[0.957s] INFO:colcon.colcon_core.shell:Creating package script '/home/devtex/MAS514-UiABOT/ros2_ws/install/bno055/share/bno055/package.zsh'
[0.957s] Level 1:colcon.colcon_core.environment:create_file_with_runtime_dependencies(/home/devtex/MAS514-UiABOT/ros2_ws/install/bno055/share/colcon-core/packages/bno055)
[0.960s] Level 1:colcon.colcon_core.environment:create_environment_scripts_only(robot_description)
[0.960s] Level 1:colcon.colcon_core.environment:checking '/home/devtex/MAS514-UiABOT/ros2_ws/install/robot_description' for CMake module files
[0.961s] DEBUG:colcon.colcon_core.event_handler.log_command:Invoked command in '/home/devtex/MAS514-UiABOT/ros2_ws/build/robot_description' returned '0': CMAKE_PREFIX_PATH=${CMAKE_PREFIX_PATH}:/opt/ros/humble /usr/bin/cmake --install /home/devtex/MAS514-UiABOT/ros2_ws/build/robot_description
[0.961s] Level 1:colcon.colcon_core.environment:checking '/home/devtex/MAS514-UiABOT/ros2_ws/install/robot_description' for CMake config files
[0.961s] Level 1:colcon.colcon_core.shell:create_environment_hook('robot_description', 'cmake_prefix_path')
[0.961s] INFO:colcon.colcon_core.shell:Creating environment hook '/home/devtex/MAS514-UiABOT/ros2_ws/install/robot_description/share/robot_description/hook/cmake_prefix_path.ps1'
[0.962s] INFO:colcon.colcon_core.shell:Creating environment descriptor '/home/devtex/MAS514-UiABOT/ros2_ws/install/robot_description/share/robot_description/hook/cmake_prefix_path.dsv'
[0.962s] INFO:colcon.colcon_core.shell:Creating environment hook '/home/devtex/MAS514-UiABOT/ros2_ws/install/robot_description/share/robot_description/hook/cmake_prefix_path.sh'
[0.962s] Level 1:colcon.colcon_core.environment:checking '/home/devtex/MAS514-UiABOT/ros2_ws/install/robot_description/bin'
[0.962s] Level 1:colcon.colcon_core.environment:checking '/home/devtex/MAS514-UiABOT/ros2_ws/install/robot_description/lib/pkgconfig/robot_description.pc'
[0.962s] Level 1:colcon.colcon_core.environment:checking '/home/devtex/MAS514-UiABOT/ros2_ws/install/robot_description/lib/python3.10/site-packages'
[0.963s] Level 1:colcon.colcon_core.environment:checking '/home/devtex/MAS514-UiABOT/ros2_ws/install/robot_description/bin'
[0.963s] INFO:colcon.colcon_core.shell:Creating package script '/home/devtex/MAS514-UiABOT/ros2_ws/install/robot_description/share/robot_description/package.ps1'
[0.963s] INFO:colcon.colcon_core.shell:Creating package descriptor '/home/devtex/MAS514-UiABOT/ros2_ws/install/robot_description/share/robot_description/package.dsv'
[0.963s] INFO:colcon.colcon_core.shell:Creating package script '/home/devtex/MAS514-UiABOT/ros2_ws/install/robot_description/share/robot_description/package.sh'
[0.964s] INFO:colcon.colcon_core.shell:Creating package script '/home/devtex/MAS514-UiABOT/ros2_ws/install/robot_description/share/robot_description/package.bash'
[0.964s] INFO:colcon.colcon_core.shell:Creating package script '/home/devtex/MAS514-UiABOT/ros2_ws/install/robot_description/share/robot_description/package.zsh'
[0.964s] Level 1:colcon.colcon_core.environment:create_file_with_runtime_dependencies(/home/devtex/MAS514-UiABOT/ros2_ws/install/robot_description/share/colcon-core/packages/robot_description)
[0.975s] Level 1:colcon.colcon_core.environment:create_environment_scripts_only(robot_description)
[0.976s] Level 1:colcon.colcon_core.environment:checking '/home/devtex/MAS514-UiABOT/ros2_ws/install/robot_description' for CMake module files
[0.976s] Level 1:colcon.colcon_core.environment:checking '/home/devtex/MAS514-UiABOT/ros2_ws/install/robot_description' for CMake config files
[0.976s] Level 1:colcon.colcon_core.shell:create_environment_hook('robot_description', 'cmake_prefix_path')
[0.976s] INFO:colcon.colcon_core.shell:Creating environment hook '/home/devtex/MAS514-UiABOT/ros2_ws/install/robot_description/share/robot_description/hook/cmake_prefix_path.ps1'
[0.976s] INFO:colcon.colcon_core.shell:Creating environment descriptor '/home/devtex/MAS514-UiABOT/ros2_ws/install/robot_description/share/robot_description/hook/cmake_prefix_path.dsv'
[0.976s] INFO:colcon.colcon_core.shell:Creating environment hook '/home/devtex/MAS514-UiABOT/ros2_ws/install/robot_description/share/robot_description/hook/cmake_prefix_path.sh'
[0.976s] Level 1:colcon.colcon_core.environment:checking '/home/devtex/MAS514-UiABOT/ros2_ws/install/robot_description/bin'
[0.976s] Level 1:colcon.colcon_core.environment:checking '/home/devtex/MAS514-UiABOT/ros2_ws/install/robot_description/lib/pkgconfig/robot_description.pc'
[0.977s] Level 1:colcon.colcon_core.environment:checking '/home/devtex/MAS514-UiABOT/ros2_ws/install/robot_description/lib/python3.10/site-packages'
[0.977s] Level 1:colcon.colcon_core.environment:checking '/home/devtex/MAS514-UiABOT/ros2_ws/install/robot_description/bin'
[0.977s] INFO:colcon.colcon_core.shell:Creating package script '/home/devtex/MAS514-UiABOT/ros2_ws/install/robot_description/share/robot_description/package.ps1'
[0.977s] INFO:colcon.colcon_core.shell:Creating package descriptor '/home/devtex/MAS514-UiABOT/ros2_ws/install/robot_description/share/robot_description/package.dsv'
[0.977s] INFO:colcon.colcon_core.shell:Creating package script '/home/devtex/MAS514-UiABOT/ros2_ws/install/robot_description/share/robot_description/package.sh'
[0.978s] INFO:colcon.colcon_core.shell:Creating package script '/home/devtex/MAS514-UiABOT/ros2_ws/install/robot_description/share/robot_description/package.bash'
[0.978s] INFO:colcon.colcon_core.shell:Creating package script '/home/devtex/MAS514-UiABOT/ros2_ws/install/robot_description/share/robot_description/package.zsh'
[0.978s] Level 1:colcon.colcon_core.environment:create_file_with_runtime_dependencies(/home/devtex/MAS514-UiABOT/ros2_ws/install/robot_description/share/colcon-core/packages/robot_description)
[1.072s] DEBUG:colcon.colcon_core.event_handler.log_command:Invoked command in '/home/devtex/MAS514-UiABOT/ros2_ws/build/sllidar_ros2' returned '0': CMAKE_PREFIX_PATH=${CMAKE_PREFIX_PATH}:/opt/ros/humble /usr/bin/cmake /home/devtex/MAS514-UiABOT/ros2_ws/src/sllidar_ros2 -DCMAKE_INSTALL_PREFIX=/home/devtex/MAS514-UiABOT/ros2_ws/install/sllidar_ros2
[1.073s] DEBUG:colcon.colcon_core.event_handler.log_command:Invoking command in '/home/devtex/MAS514-UiABOT/ros2_ws/build/sllidar_ros2': CMAKE_PREFIX_PATH=${CMAKE_PREFIX_PATH}:/opt/ros/humble /usr/bin/cmake --build /home/devtex/MAS514-UiABOT/ros2_ws/build/sllidar_ros2 -- -j32 -l32
[1.311s] DEBUG:colcon.colcon_core.event_handler.log_command:Invoked command in '/home/devtex/MAS514-UiABOT/ros2_ws/build/sllidar_ros2' returned '0': CMAKE_PREFIX_PATH=${CMAKE_PREFIX_PATH}:/opt/ros/humble /usr/bin/cmake --build /home/devtex/MAS514-UiABOT/ros2_ws/build/sllidar_ros2 -- -j32 -l32
[1.344s] DEBUG:colcon.colcon_core.event_handler.log_command:Invoking command in '/home/devtex/MAS514-UiABOT/ros2_ws/build/sllidar_ros2': CMAKE_PREFIX_PATH=${CMAKE_PREFIX_PATH}:/opt/ros/humble /usr/bin/cmake --install /home/devtex/MAS514-UiABOT/ros2_ws/build/sllidar_ros2
[1.351s] Level 1:colcon.colcon_core.environment:create_environment_scripts_only(sllidar_ros2)
[1.351s] DEBUG:colcon.colcon_core.event_handler.log_command:Invoked command in '/home/devtex/MAS514-UiABOT/ros2_ws/build/sllidar_ros2' returned '0': CMAKE_PREFIX_PATH=${CMAKE_PREFIX_PATH}:/opt/ros/humble /usr/bin/cmake --install /home/devtex/MAS514-UiABOT/ros2_ws/build/sllidar_ros2
[1.352s] Level 1:colcon.colcon_core.environment:checking '/home/devtex/MAS514-UiABOT/ros2_ws/install/sllidar_ros2' for CMake module files
[1.352s] Level 1:colcon.colcon_core.environment:checking '/home/devtex/MAS514-UiABOT/ros2_ws/install/sllidar_ros2' for CMake config files
[1.352s] Level 1:colcon.colcon_core.shell:create_environment_hook('sllidar_ros2', 'cmake_prefix_path')
[1.352s] INFO:colcon.colcon_core.shell:Creating environment hook '/home/devtex/MAS514-UiABOT/ros2_ws/install/sllidar_ros2/share/sllidar_ros2/hook/cmake_prefix_path.ps1'
[1.352s] INFO:colcon.colcon_core.shell:Creating environment descriptor '/home/devtex/MAS514-UiABOT/ros2_ws/install/sllidar_ros2/share/sllidar_ros2/hook/cmake_prefix_path.dsv'
[1.352s] INFO:colcon.colcon_core.shell:Creating environment hook '/home/devtex/MAS514-UiABOT/ros2_ws/install/sllidar_ros2/share/sllidar_ros2/hook/cmake_prefix_path.sh'
[1.353s] Level 1:colcon.colcon_core.environment:checking '/home/devtex/MAS514-UiABOT/ros2_ws/install/sllidar_ros2/lib'
[1.353s] Level 1:colcon.colcon_core.environment:checking '/home/devtex/MAS514-UiABOT/ros2_ws/install/sllidar_ros2/bin'
[1.353s] Level 1:colcon.colcon_core.environment:checking '/home/devtex/MAS514-UiABOT/ros2_ws/install/sllidar_ros2/lib/pkgconfig/sllidar_ros2.pc'
[1.353s] Level 1:colcon.colcon_core.environment:checking '/home/devtex/MAS514-UiABOT/ros2_ws/install/sllidar_ros2/lib/python3.10/site-packages'
[1.353s] Level 1:colcon.colcon_core.environment:checking '/home/devtex/MAS514-UiABOT/ros2_ws/install/sllidar_ros2/bin'
[1.353s] INFO:colcon.colcon_core.shell:Creating package script '/home/devtex/MAS514-UiABOT/ros2_ws/install/sllidar_ros2/share/sllidar_ros2/package.ps1'
[1.353s] INFO:colcon.colcon_core.shell:Creating package descriptor '/home/devtex/MAS514-UiABOT/ros2_ws/install/sllidar_ros2/share/sllidar_ros2/package.dsv'
[1.353s] INFO:colcon.colcon_core.shell:Creating package script '/home/devtex/MAS514-UiABOT/ros2_ws/install/sllidar_ros2/share/sllidar_ros2/package.sh'
[1.353s] INFO:colcon.colcon_core.shell:Creating package script '/home/devtex/MAS514-UiABOT/ros2_ws/install/sllidar_ros2/share/sllidar_ros2/package.bash'
[1.354s] INFO:colcon.colcon_core.shell:Creating package script '/home/devtex/MAS514-UiABOT/ros2_ws/install/sllidar_ros2/share/sllidar_ros2/package.zsh'
[1.354s] Level 1:colcon.colcon_core.environment:create_file_with_runtime_dependencies(/home/devtex/MAS514-UiABOT/ros2_ws/install/sllidar_ros2/share/colcon-core/packages/sllidar_ros2)
[1.387s] Level 1:colcon.colcon_core.environment:create_environment_scripts_only(sllidar_ros2)
[1.387s] Level 1:colcon.colcon_core.environment:checking '/home/devtex/MAS514-UiABOT/ros2_ws/install/sllidar_ros2' for CMake module files
[1.387s] Level 1:colcon.colcon_core.environment:checking '/home/devtex/MAS514-UiABOT/ros2_ws/install/sllidar_ros2' for CMake config files
[1.388s] Level 1:colcon.colcon_core.shell:create_environment_hook('sllidar_ros2', 'cmake_prefix_path')
[1.388s] INFO:colcon.colcon_core.shell:Creating environment hook '/home/devtex/MAS514-UiABOT/ros2_ws/install/sllidar_ros2/share/sllidar_ros2/hook/cmake_prefix_path.ps1'
[1.388s] INFO:colcon.colcon_core.shell:Creating environment descriptor '/home/devtex/MAS514-UiABOT/ros2_ws/install/sllidar_ros2/share/sllidar_ros2/hook/cmake_prefix_path.dsv'
[1.388s] INFO:colcon.colcon_core.shell:Creating environment hook '/home/devtex/MAS514-UiABOT/ros2_ws/install/sllidar_ros2/share/sllidar_ros2/hook/cmake_prefix_path.sh'
[1.388s] Level 1:colcon.colcon_core.environment:checking '/home/devtex/MAS514-UiABOT/ros2_ws/install/sllidar_ros2/lib'
[1.388s] Level 1:colcon.colcon_core.environment:checking '/home/devtex/MAS514-UiABOT/ros2_ws/install/sllidar_ros2/bin'
[1.388s] Level 1:colcon.colcon_core.environment:checking '/home/devtex/MAS514-UiABOT/ros2_ws/install/sllidar_ros2/lib/pkgconfig/sllidar_ros2.pc'
[1.388s] Level 1:colcon.colcon_core.environment:checking '/home/devtex/MAS514-UiABOT/ros2_ws/install/sllidar_ros2/lib/python3.10/site-packages'
[1.388s] Level 1:colcon.colcon_core.environment:checking '/home/devtex/MAS514-UiABOT/ros2_ws/install/sllidar_ros2/bin'
[1.389s] INFO:colcon.colcon_core.shell:Creating package script '/home/devtex/MAS514-UiABOT/ros2_ws/install/sllidar_ros2/share/sllidar_ros2/package.ps1'
[1.389s] INFO:colcon.colcon_core.shell:Creating package descriptor '/home/devtex/MAS514-UiABOT/ros2_ws/install/sllidar_ros2/share/sllidar_ros2/package.dsv'
[1.389s] INFO:colcon.colcon_core.shell:Creating package script '/home/devtex/MAS514-UiABOT/ros2_ws/install/sllidar_ros2/share/sllidar_ros2/package.sh'
[1.389s] INFO:colcon.colcon_core.shell:Creating package script '/home/devtex/MAS514-UiABOT/ros2_ws/install/sllidar_ros2/share/sllidar_ros2/package.bash'
[1.389s] INFO:colcon.colcon_core.shell:Creating package script '/home/devtex/MAS514-UiABOT/ros2_ws/install/sllidar_ros2/share/sllidar_ros2/package.zsh'
[1.389s] Level 1:colcon.colcon_core.environment:create_file_with_runtime_dependencies(/home/devtex/MAS514-UiABOT/ros2_ws/install/sllidar_ros2/share/colcon-core/packages/sllidar_ros2)
[1.389s] DEBUG:colcon.colcon_parallel_executor.executor.parallel:closing loop
[1.389s] DEBUG:colcon.colcon_parallel_executor.executor.parallel:loop closed
[1.389s] DEBUG:colcon.colcon_parallel_executor.executor.parallel:run_until_complete finished with '0'
[1.389s] DEBUG:colcon.colcon_core.event_reactor:joining thread
[1.393s] INFO:colcon.colcon_core.plugin_system:Skipping extension 'colcon_notification.desktop_notification.terminal_notifier': Not used on non-Darwin systems
[1.393s] INFO:colcon.colcon_core.plugin_system:Skipping extension 'colcon_notification.desktop_notification.win32': Not used on non-Windows systems
[1.393s] INFO:colcon.colcon_notification.desktop_notification:Sending desktop notification using 'notify2'
[1.399s] DEBUG:colcon.colcon_core.event_reactor:joined thread
[1.399s] INFO:colcon.colcon_core.shell:Creating prefix script '/home/devtex/MAS514-UiABOT/ros2_ws/install/local_setup.ps1'
[1.400s] INFO:colcon.colcon_core.shell:Creating prefix util module '/home/devtex/MAS514-UiABOT/ros2_ws/install/_local_setup_util_ps1.py'
[1.400s] INFO:colcon.colcon_core.shell:Creating prefix chain script '/home/devtex/MAS514-UiABOT/ros2_ws/install/setup.ps1'
[1.401s] INFO:colcon.colcon_core.shell:Creating prefix script '/home/devtex/MAS514-UiABOT/ros2_ws/install/local_setup.sh'
[1.401s] INFO:colcon.colcon_core.shell:Creating prefix util module '/home/devtex/MAS514-UiABOT/ros2_ws/install/_local_setup_util_sh.py'
[1.401s] INFO:colcon.colcon_core.shell:Creating prefix chain script '/home/devtex/MAS514-UiABOT/ros2_ws/install/setup.sh'
[1.401s] INFO:colcon.colcon_core.shell:Creating prefix script '/home/devtex/MAS514-UiABOT/ros2_ws/install/local_setup.bash'
[1.401s] INFO:colcon.colcon_core.shell:Creating prefix chain script '/home/devtex/MAS514-UiABOT/ros2_ws/install/setup.bash'
[1.402s] INFO:colcon.colcon_core.shell:Creating prefix script '/home/devtex/MAS514-UiABOT/ros2_ws/install/local_setup.zsh'
[1.402s] INFO:colcon.colcon_core.shell:Creating prefix chain script '/home/devtex/MAS514-UiABOT/ros2_ws/install/setup.zsh'
