[0.042s] Invoking command in '/home/uiabot/MAS514-UiABOT/ros2_ws/build/robot_description': CMAKE_PREFIX_PATH=${CMAKE_PREFIX_PATH}:/home/uiabot/ros2_ws/install/robot_keyboard_control:/home/uiabot/ros2_ws/install/my_publisher_package:/home/uiabot/ros2_ws/install/my_listener_package:/home/uiabot/ros2_ws/install/esp32_com:/opt/ros/jazzy DEBUGINFOD_URLS=https://debuginfod.ubuntu.com /usr/bin/cmake --build /home/uiabot/MAS514-UiABOT/ros2_ws/build/robot_description -- -j4 -l4
[0.194s] Invoked command in '/home/uiabot/MAS514-UiABOT/ros2_ws/build/robot_description' returned '0': CMAKE_PREFIX_PATH=${CMAKE_PREFIX_PATH}:/home/uiabot/ros2_ws/install/robot_keyboard_control:/home/uiabot/ros2_ws/install/my_publisher_package:/home/uiabot/ros2_ws/install/my_listener_package:/home/uiabot/ros2_ws/install/esp32_com:/opt/ros/jazzy DEBUGINFOD_URLS=https://debuginfod.ubuntu.com /usr/bin/cmake --build /home/uiabot/MAS514-UiABOT/ros2_ws/build/robot_description -- -j4 -l4
[0.299s] Invoking command in '/home/uiabot/MAS514-UiABOT/ros2_ws/build/robot_description': CMAKE_PREFIX_PATH=${CMAKE_PREFIX_PATH}:/home/uiabot/ros2_ws/install/robot_keyboard_control:/home/uiabot/ros2_ws/install/my_publisher_package:/home/uiabot/ros2_ws/install/my_listener_package:/home/uiabot/ros2_ws/install/esp32_com:/opt/ros/jazzy DEBUGINFOD_URLS=https://debuginfod.ubuntu.com /usr/bin/cmake --install /home/uiabot/MAS514-UiABOT/ros2_ws/build/robot_description
[0.327s] -- Install configuration: ""
[0.327s] -- Up-to-date: /home/uiabot/MAS514-UiABOT/ros2_ws/install/robot_description/share/robot_description/launch
[0.327s] -- Up-to-date: /home/uiabot/MAS514-UiABOT/ros2_ws/install/robot_description/share/robot_description/launch/robot_launch.launch.py
[0.327s] -- Up-to-date: /home/uiabot/MAS514-UiABOT/ros2_ws/install/robot_description/share/robot_description/launch/launch_sim.launch.py
[0.327s] -- Installing: /home/uiabot/MAS514-UiABOT/ros2_ws/install/robot_description/share/robot_description/launch/rsp.launch.py
[0.329s] -- Up-to-date: /home/uiabot/MAS514-UiABOT/ros2_ws/install/robot_description/share/robot_description/description
[0.330s] -- Up-to-date: /home/uiabot/MAS514-UiABOT/ros2_ws/install/robot_description/share/robot_description/description/robot_core.xacro
[0.331s] -- Up-to-date: /home/uiabot/MAS514-UiABOT/ros2_ws/install/robot_description/share/robot_description/description/lidar.xacro
[0.331s] -- Up-to-date: /home/uiabot/MAS514-UiABOT/ros2_ws/install/robot_description/share/robot_description/description/inertial_macros.xacro
[0.331s] -- Up-to-date: /home/uiabot/MAS514-UiABOT/ros2_ws/install/robot_description/share/robot_description/description/AssemUiAminibot2 .STL
[0.332s] -- Up-to-date: /home/uiabot/MAS514-UiABOT/ros2_ws/install/robot_description/share/robot_description/description/Motor.STL
[0.332s] -- Up-to-date: /home/uiabot/MAS514-UiABOT/ros2_ws/install/robot_description/share/robot_description/description/RP-lidar-A1.STL
[0.332s] -- Up-to-date: /home/uiabot/MAS514-UiABOT/ros2_ws/install/robot_description/share/robot_description/description/MotorBracket.STL
[0.332s] -- Up-to-date: /home/uiabot/MAS514-UiABOT/ros2_ws/install/robot_description/share/robot_description/description/SupportWheelBracket_v03.STL
[0.332s] -- Up-to-date: /home/uiabot/MAS514-UiABOT/ros2_ws/install/robot_description/share/robot_description/description/robot.urdf.xacro
[0.333s] -- Up-to-date: /home/uiabot/MAS514-UiABOT/ros2_ws/install/robot_description/share/robot_description/description/UiAFullWafflePlate.STL
[0.333s] -- Up-to-date: /home/uiabot/MAS514-UiABOT/ros2_ws/install/robot_description/share/robot_description/description/ros2_control.xacro
[0.333s] -- Up-to-date: /home/uiabot/MAS514-UiABOT/ros2_ws/install/robot_description/share/robot_description/description/RPLidarCasingV3_Wcut.STL
[0.335s] -- Up-to-date: /home/uiabot/MAS514-UiABOT/ros2_ws/install/robot_description/share/robot_description/description/gazebo_control.xacro
[0.335s] -- Up-to-date: /home/uiabot/MAS514-UiABOT/ros2_ws/install/robot_description/share/ament_index/resource_index/package_run_dependencies/robot_description
[0.335s] -- Up-to-date: /home/uiabot/MAS514-UiABOT/ros2_ws/install/robot_description/share/ament_index/resource_index/parent_prefix_path/robot_description
[0.335s] -- Up-to-date: /home/uiabot/MAS514-UiABOT/ros2_ws/install/robot_description/share/robot_description/environment/ament_prefix_path.sh
[0.335s] -- Up-to-date: /home/uiabot/MAS514-UiABOT/ros2_ws/install/robot_description/share/robot_description/environment/ament_prefix_path.dsv
[0.336s] -- Up-to-date: /home/uiabot/MAS514-UiABOT/ros2_ws/install/robot_description/share/robot_description/environment/path.sh
[0.336s] -- Up-to-date: /home/uiabot/MAS514-UiABOT/ros2_ws/install/robot_description/share/robot_description/environment/path.dsv
[0.336s] -- Up-to-date: /home/uiabot/MAS514-UiABOT/ros2_ws/install/robot_description/share/robot_description/local_setup.bash
[0.336s] -- Up-to-date: /home/uiabot/MAS514-UiABOT/ros2_ws/install/robot_description/share/robot_description/local_setup.sh
[0.336s] -- Up-to-date: /home/uiabot/MAS514-UiABOT/ros2_ws/install/robot_description/share/robot_description/local_setup.zsh
[0.336s] -- Up-to-date: /home/uiabot/MAS514-UiABOT/ros2_ws/install/robot_description/share/robot_description/local_setup.dsv
[0.336s] -- Installing: /home/uiabot/MAS514-UiABOT/ros2_ws/install/robot_description/share/robot_description/package.dsv
[0.336s] -- Up-to-date: /home/uiabot/MAS514-UiABOT/ros2_ws/install/robot_description/share/ament_index/resource_index/packages/robot_description
[0.336s] -- Up-to-date: /home/uiabot/MAS514-UiABOT/ros2_ws/install/robot_description/share/robot_description/cmake/robot_descriptionConfig.cmake
[0.337s] -- Up-to-date: /home/uiabot/MAS514-UiABOT/ros2_ws/install/robot_description/share/robot_description/cmake/robot_descriptionConfig-version.cmake
[0.337s] -- Up-to-date: /home/uiabot/MAS514-UiABOT/ros2_ws/install/robot_description/share/robot_description/package.xml
[0.375s] Invoked command in '/home/uiabot/MAS514-UiABOT/ros2_ws/build/robot_description' returned '0': CMAKE_PREFIX_PATH=${CMAKE_PREFIX_PATH}:/home/uiabot/ros2_ws/install/robot_keyboard_control:/home/uiabot/ros2_ws/install/my_publisher_package:/home/uiabot/ros2_ws/install/my_listener_package:/home/uiabot/ros2_ws/install/esp32_com:/opt/ros/jazzy DEBUGINFOD_URLS=https://debuginfod.ubuntu.com /usr/bin/cmake --install /home/uiabot/MAS514-UiABOT/ros2_ws/build/robot_description
