[0.154s] DEBUG:colcon:Command line arguments: ['/usr/bin/colcon', 'build']
[0.154s] DEBUG:colcon:Parsed command line arguments: Namespace(log_base=None, log_level=None, verb_name='build', build_base='build', install_base='install', merge_install=False, symlink_install=False, test_result_base=None, continue_on_error=False, executor='parallel', parallel_workers=4, event_handlers=None, ignore_user_meta=False, metas=['./colcon.meta'], base_paths=['.'], packages_ignore=None, packages_ignore_regex=None, paths=None, packages_up_to=None, packages_up_to_regex=None, packages_above=None, packages_above_and_dependencies=None, packages_above_depth=None, packages_select_by_dep=None, packages_skip_by_dep=None, packages_skip_up_to=None, packages_select_build_failed=False, packages_skip_build_finished=False, packages_select_test_failures=False, packages_skip_test_passed=False, packages_select=None, packages_skip=None, packages_select_regex=None, packages_skip_regex=None, packages_start=None, packages_end=None, allow_overriding=[], cmake_args=None, cmake_target=None, cmake_target_skip_unavailable=False, cmake_clean_cache=False, cmake_clean_first=False, cmake_force_configure=False, ament_cmake_args=None, catkin_cmake_args=None, catkin_skip_building_tests=False, mixin_files=None, mixin=None, verb_parser=<colcon_mixin.mixin.mixin_argument.MixinArgumentDecorator object at 0xffff8ddf2540>, verb_extension=<colcon_core.verb.build.BuildVerb object at 0xffff8dfa94c0>, main=<bound method BuildVerb.main of <colcon_core.verb.build.BuildVerb object at 0xffff8dfa94c0>>, mixin_verb=('build',))
[0.207s] Level 1:colcon.colcon_core.package_discovery:discover_packages(colcon_meta) check parameters
[0.207s] Level 1:colcon.colcon_core.package_discovery:discover_packages(recursive) check parameters
[0.207s] Level 1:colcon.colcon_core.package_discovery:discover_packages(ignore) check parameters
[0.207s] Level 1:colcon.colcon_core.package_discovery:discover_packages(path) check parameters
[0.207s] Level 1:colcon.colcon_core.package_discovery:discover_packages(colcon_meta) discover
[0.207s] Level 1:colcon.colcon_core.package_discovery:discover_packages(recursive) discover
[0.207s] INFO:colcon.colcon_core.package_discovery:Crawling recursively for packages in '/home/uiabot/MAS514-UiABOT/ros2_ws'
[0.207s] Level 1:colcon.colcon_core.package_identification:_identify(.) by extensions ['ignore', 'ignore_ament_install']
[0.208s] Level 1:colcon.colcon_core.package_identification:_identify(.) by extension 'ignore'
[0.208s] Level 1:colcon.colcon_core.package_identification:_identify(.) by extension 'ignore_ament_install'
[0.208s] Level 1:colcon.colcon_core.package_identification:_identify(.) by extensions ['colcon_pkg']
[0.208s] Level 1:colcon.colcon_core.package_identification:_identify(.) by extension 'colcon_pkg'
[0.208s] Level 1:colcon.colcon_core.package_identification:_identify(.) by extensions ['colcon_meta']
[0.208s] Level 1:colcon.colcon_core.package_identification:_identify(.) by extension 'colcon_meta'
[0.208s] Level 1:colcon.colcon_core.package_identification:_identify(.) by extensions ['ros']
[0.208s] Level 1:colcon.colcon_core.package_identification:_identify(.) by extension 'ros'
[0.248s] Level 1:colcon.colcon_core.package_identification:_identify(.) by extensions ['cmake', 'python']
[0.248s] Level 1:colcon.colcon_core.package_identification:_identify(.) by extension 'cmake'
[0.248s] Level 1:colcon.colcon_core.package_identification:_identify(.) by extension 'python'
[0.248s] Level 1:colcon.colcon_core.package_identification:_identify(.) by extensions ['python_setup_py']
[0.248s] Level 1:colcon.colcon_core.package_identification:_identify(.) by extension 'python_setup_py'
[0.248s] Level 1:colcon.colcon_core.package_identification:_identify(build) by extensions ['ignore', 'ignore_ament_install']
[0.249s] Level 1:colcon.colcon_core.package_identification:_identify(build) by extension 'ignore'
[0.249s] Level 1:colcon.colcon_core.package_identification:_identify(build) ignored
[0.249s] Level 1:colcon.colcon_core.package_identification:_identify(install) by extensions ['ignore', 'ignore_ament_install']
[0.249s] Level 1:colcon.colcon_core.package_identification:_identify(install) by extension 'ignore'
[0.249s] Level 1:colcon.colcon_core.package_identification:_identify(install) ignored
[0.249s] Level 1:colcon.colcon_core.package_identification:_identify(log) by extensions ['ignore', 'ignore_ament_install']
[0.249s] Level 1:colcon.colcon_core.package_identification:_identify(log) by extension 'ignore'
[0.249s] Level 1:colcon.colcon_core.package_identification:_identify(log) ignored
[0.249s] Level 1:colcon.colcon_core.package_identification:_identify(src) by extensions ['ignore', 'ignore_ament_install']
[0.249s] Level 1:colcon.colcon_core.package_identification:_identify(src) by extension 'ignore'
[0.249s] Level 1:colcon.colcon_core.package_identification:_identify(src) by extension 'ignore_ament_install'
[0.249s] Level 1:colcon.colcon_core.package_identification:_identify(src) by extensions ['colcon_pkg']
[0.250s] Level 1:colcon.colcon_core.package_identification:_identify(src) by extension 'colcon_pkg'
[0.250s] Level 1:colcon.colcon_core.package_identification:_identify(src) by extensions ['colcon_meta']
[0.250s] Level 1:colcon.colcon_core.package_identification:_identify(src) by extension 'colcon_meta'
[0.250s] Level 1:colcon.colcon_core.package_identification:_identify(src) by extensions ['ros']
[0.250s] Level 1:colcon.colcon_core.package_identification:_identify(src) by extension 'ros'
[0.250s] Level 1:colcon.colcon_core.package_identification:_identify(src) by extensions ['cmake', 'python']
[0.250s] Level 1:colcon.colcon_core.package_identification:_identify(src) by extension 'cmake'
[0.250s] Level 1:colcon.colcon_core.package_identification:_identify(src) by extension 'python'
[0.250s] Level 1:colcon.colcon_core.package_identification:_identify(src) by extensions ['python_setup_py']
[0.250s] Level 1:colcon.colcon_core.package_identification:_identify(src) by extension 'python_setup_py'
[0.250s] Level 1:colcon.colcon_core.package_identification:_identify(src/bno055) by extensions ['ignore', 'ignore_ament_install']
[0.250s] Level 1:colcon.colcon_core.package_identification:_identify(src/bno055) by extension 'ignore'
[0.250s] Level 1:colcon.colcon_core.package_identification:_identify(src/bno055) by extension 'ignore_ament_install'
[0.250s] Level 1:colcon.colcon_core.package_identification:_identify(src/bno055) by extensions ['colcon_pkg']
[0.250s] Level 1:colcon.colcon_core.package_identification:_identify(src/bno055) by extension 'colcon_pkg'
[0.250s] Level 1:colcon.colcon_core.package_identification:_identify(src/bno055) by extensions ['colcon_meta']
[0.250s] Level 1:colcon.colcon_core.package_identification:_identify(src/bno055) by extension 'colcon_meta'
[0.250s] Level 1:colcon.colcon_core.package_identification:_identify(src/bno055) by extensions ['ros']
[0.250s] Level 1:colcon.colcon_core.package_identification:_identify(src/bno055) by extension 'ros'
[0.254s] DEBUG:colcon.colcon_core.package_identification:Package 'src/bno055' with type 'ros.ament_cmake' and name 'bno055'
[0.254s] Level 1:colcon.colcon_core.package_identification:_identify(src/raspi_sub) by extensions ['ignore', 'ignore_ament_install']
[0.254s] Level 1:colcon.colcon_core.package_identification:_identify(src/raspi_sub) by extension 'ignore'
[0.254s] Level 1:colcon.colcon_core.package_identification:_identify(src/raspi_sub) by extension 'ignore_ament_install'
[0.254s] Level 1:colcon.colcon_core.package_identification:_identify(src/raspi_sub) by extensions ['colcon_pkg']
[0.254s] Level 1:colcon.colcon_core.package_identification:_identify(src/raspi_sub) by extension 'colcon_pkg'
[0.254s] Level 1:colcon.colcon_core.package_identification:_identify(src/raspi_sub) by extensions ['colcon_meta']
[0.254s] Level 1:colcon.colcon_core.package_identification:_identify(src/raspi_sub) by extension 'colcon_meta'
[0.254s] Level 1:colcon.colcon_core.package_identification:_identify(src/raspi_sub) by extensions ['ros']
[0.254s] Level 1:colcon.colcon_core.package_identification:_identify(src/raspi_sub) by extension 'ros'
[0.255s] DEBUG:colcon.colcon_core.package_identification:Package 'src/raspi_sub' with type 'ros.ament_cmake' and name 'raspi_sub'
[0.255s] Level 1:colcon.colcon_core.package_identification:_identify(src/robot_description) by extensions ['ignore', 'ignore_ament_install']
[0.255s] Level 1:colcon.colcon_core.package_identification:_identify(src/robot_description) by extension 'ignore'
[0.255s] Level 1:colcon.colcon_core.package_identification:_identify(src/robot_description) by extension 'ignore_ament_install'
[0.255s] Level 1:colcon.colcon_core.package_identification:_identify(src/robot_description) by extensions ['colcon_pkg']
[0.255s] Level 1:colcon.colcon_core.package_identification:_identify(src/robot_description) by extension 'colcon_pkg'
[0.255s] Level 1:colcon.colcon_core.package_identification:_identify(src/robot_description) by extensions ['colcon_meta']
[0.255s] Level 1:colcon.colcon_core.package_identification:_identify(src/robot_description) by extension 'colcon_meta'
[0.255s] Level 1:colcon.colcon_core.package_identification:_identify(src/robot_description) by extensions ['ros']
[0.255s] Level 1:colcon.colcon_core.package_identification:_identify(src/robot_description) by extension 'ros'
[0.256s] DEBUG:colcon.colcon_core.package_identification:Package 'src/robot_description' with type 'ros.ament_cmake' and name 'robot_description'
[0.256s] Level 1:colcon.colcon_core.package_identification:_identify(src/sllidar_ros2) by extensions ['ignore', 'ignore_ament_install']
[0.257s] Level 1:colcon.colcon_core.package_identification:_identify(src/sllidar_ros2) by extension 'ignore'
[0.257s] Level 1:colcon.colcon_core.package_identification:_identify(src/sllidar_ros2) by extension 'ignore_ament_install'
[0.257s] Level 1:colcon.colcon_core.package_identification:_identify(src/sllidar_ros2) by extensions ['colcon_pkg']
[0.257s] Level 1:colcon.colcon_core.package_identification:_identify(src/sllidar_ros2) by extension 'colcon_pkg'
[0.257s] Level 1:colcon.colcon_core.package_identification:_identify(src/sllidar_ros2) by extensions ['colcon_meta']
[0.257s] Level 1:colcon.colcon_core.package_identification:_identify(src/sllidar_ros2) by extension 'colcon_meta'
[0.257s] Level 1:colcon.colcon_core.package_identification:_identify(src/sllidar_ros2) by extensions ['ros']
[0.257s] Level 1:colcon.colcon_core.package_identification:_identify(src/sllidar_ros2) by extension 'ros'
[0.258s] DEBUG:colcon.colcon_core.package_identification:Package 'src/sllidar_ros2' with type 'ros.ament_cmake' and name 'sllidar_ros2'
[0.258s] Level 1:colcon.colcon_core.package_discovery:discover_packages(recursive) using defaults
[0.258s] Level 1:colcon.colcon_core.package_discovery:discover_packages(ignore) discover
[0.258s] Level 1:colcon.colcon_core.package_discovery:discover_packages(ignore) using defaults
[0.258s] Level 1:colcon.colcon_core.package_discovery:discover_packages(path) discover
[0.258s] Level 1:colcon.colcon_core.package_discovery:discover_packages(path) using defaults
[0.282s] Level 1:colcon.colcon_core.package_discovery:discover_packages(prefix_path) check parameters
[0.282s] Level 1:colcon.colcon_core.package_discovery:discover_packages(prefix_path) discover
[0.285s] DEBUG:colcon.colcon_installed_package_information.package_discovery:Found 4 installed packages in /home/uiabot/MAS514-UiABOT/ros2_ws/install
[0.286s] DEBUG:colcon.colcon_installed_package_information.package_discovery:Found 4 installed packages in /home/uiabot/ros2_ws/install
[0.288s] DEBUG:colcon.colcon_installed_package_information.package_discovery:Found 289 installed packages in /opt/ros/jazzy
[0.289s] Level 1:colcon.colcon_core.package_discovery:discover_packages(prefix_path) using defaults
[0.351s] Level 5:colcon.colcon_core.verb:set package 'bno055' build argument 'cmake_args' from command line to 'None'
[0.351s] Level 5:colcon.colcon_core.verb:set package 'bno055' build argument 'cmake_target' from command line to 'None'
[0.351s] Level 5:colcon.colcon_core.verb:set package 'bno055' build argument 'cmake_target_skip_unavailable' from command line to 'False'
[0.351s] Level 5:colcon.colcon_core.verb:set package 'bno055' build argument 'cmake_clean_cache' from command line to 'False'
[0.351s] Level 5:colcon.colcon_core.verb:set package 'bno055' build argument 'cmake_clean_first' from command line to 'False'
[0.351s] Level 5:colcon.colcon_core.verb:set package 'bno055' build argument 'cmake_force_configure' from command line to 'False'
[0.351s] Level 5:colcon.colcon_core.verb:set package 'bno055' build argument 'ament_cmake_args' from command line to 'None'
[0.351s] Level 5:colcon.colcon_core.verb:set package 'bno055' build argument 'catkin_cmake_args' from command line to 'None'
[0.351s] Level 5:colcon.colcon_core.verb:set package 'bno055' build argument 'catkin_skip_building_tests' from command line to 'False'
[0.351s] DEBUG:colcon.colcon_core.verb:Building package 'bno055' with the following arguments: {'ament_cmake_args': None, 'build_base': '/home/uiabot/MAS514-UiABOT/ros2_ws/build/bno055', 'catkin_cmake_args': None, 'catkin_skip_building_tests': False, 'cmake_args': None, 'cmake_clean_cache': False, 'cmake_clean_first': False, 'cmake_force_configure': False, 'cmake_target': None, 'cmake_target_skip_unavailable': False, 'install_base': '/home/uiabot/MAS514-UiABOT/ros2_ws/install/bno055', 'merge_install': False, 'path': '/home/uiabot/MAS514-UiABOT/ros2_ws/src/bno055', 'symlink_install': False, 'test_result_base': None}
[0.352s] Level 5:colcon.colcon_core.verb:set package 'raspi_sub' build argument 'cmake_args' from command line to 'None'
[0.352s] Level 5:colcon.colcon_core.verb:set package 'raspi_sub' build argument 'cmake_target' from command line to 'None'
[0.352s] Level 5:colcon.colcon_core.verb:set package 'raspi_sub' build argument 'cmake_target_skip_unavailable' from command line to 'False'
[0.352s] Level 5:colcon.colcon_core.verb:set package 'raspi_sub' build argument 'cmake_clean_cache' from command line to 'False'
[0.352s] Level 5:colcon.colcon_core.verb:set package 'raspi_sub' build argument 'cmake_clean_first' from command line to 'False'
[0.352s] Level 5:colcon.colcon_core.verb:set package 'raspi_sub' build argument 'cmake_force_configure' from command line to 'False'
[0.352s] Level 5:colcon.colcon_core.verb:set package 'raspi_sub' build argument 'ament_cmake_args' from command line to 'None'
[0.352s] Level 5:colcon.colcon_core.verb:set package 'raspi_sub' build argument 'catkin_cmake_args' from command line to 'None'
[0.352s] Level 5:colcon.colcon_core.verb:set package 'raspi_sub' build argument 'catkin_skip_building_tests' from command line to 'False'
[0.352s] DEBUG:colcon.colcon_core.verb:Building package 'raspi_sub' with the following arguments: {'ament_cmake_args': None, 'build_base': '/home/uiabot/MAS514-UiABOT/ros2_ws/build/raspi_sub', 'catkin_cmake_args': None, 'catkin_skip_building_tests': False, 'cmake_args': None, 'cmake_clean_cache': False, 'cmake_clean_first': False, 'cmake_force_configure': False, 'cmake_target': None, 'cmake_target_skip_unavailable': False, 'install_base': '/home/uiabot/MAS514-UiABOT/ros2_ws/install/raspi_sub', 'merge_install': False, 'path': '/home/uiabot/MAS514-UiABOT/ros2_ws/src/raspi_sub', 'symlink_install': False, 'test_result_base': None}
[0.352s] Level 5:colcon.colcon_core.verb:set package 'robot_description' build argument 'cmake_args' from command line to 'None'
[0.352s] Level 5:colcon.colcon_core.verb:set package 'robot_description' build argument 'cmake_target' from command line to 'None'
[0.352s] Level 5:colcon.colcon_core.verb:set package 'robot_description' build argument 'cmake_target_skip_unavailable' from command line to 'False'
[0.352s] Level 5:colcon.colcon_core.verb:set package 'robot_description' build argument 'cmake_clean_cache' from command line to 'False'
[0.352s] Level 5:colcon.colcon_core.verb:set package 'robot_description' build argument 'cmake_clean_first' from command line to 'False'
[0.352s] Level 5:colcon.colcon_core.verb:set package 'robot_description' build argument 'cmake_force_configure' from command line to 'False'
[0.352s] Level 5:colcon.colcon_core.verb:set package 'robot_description' build argument 'ament_cmake_args' from command line to 'None'
[0.353s] Level 5:colcon.colcon_core.verb:set package 'robot_description' build argument 'catkin_cmake_args' from command line to 'None'
[0.353s] Level 5:colcon.colcon_core.verb:set package 'robot_description' build argument 'catkin_skip_building_tests' from command line to 'False'
[0.353s] DEBUG:colcon.colcon_core.verb:Building package 'robot_description' with the following arguments: {'ament_cmake_args': None, 'build_base': '/home/uiabot/MAS514-UiABOT/ros2_ws/build/robot_description', 'catkin_cmake_args': None, 'catkin_skip_building_tests': False, 'cmake_args': None, 'cmake_clean_cache': False, 'cmake_clean_first': False, 'cmake_force_configure': False, 'cmake_target': None, 'cmake_target_skip_unavailable': False, 'install_base': '/home/uiabot/MAS514-UiABOT/ros2_ws/install/robot_description', 'merge_install': False, 'path': '/home/uiabot/MAS514-UiABOT/ros2_ws/src/robot_description', 'symlink_install': False, 'test_result_base': None}
[0.353s] Level 5:colcon.colcon_core.verb:set package 'sllidar_ros2' build argument 'cmake_args' from command line to 'None'
[0.353s] Level 5:colcon.colcon_core.verb:set package 'sllidar_ros2' build argument 'cmake_target' from command line to 'None'
[0.353s] Level 5:colcon.colcon_core.verb:set package 'sllidar_ros2' build argument 'cmake_target_skip_unavailable' from command line to 'False'
[0.353s] Level 5:colcon.colcon_core.verb:set package 'sllidar_ros2' build argument 'cmake_clean_cache' from command line to 'False'
[0.353s] Level 5:colcon.colcon_core.verb:set package 'sllidar_ros2' build argument 'cmake_clean_first' from command line to 'False'
[0.353s] Level 5:colcon.colcon_core.verb:set package 'sllidar_ros2' build argument 'cmake_force_configure' from command line to 'False'
[0.353s] Level 5:colcon.colcon_core.verb:set package 'sllidar_ros2' build argument 'ament_cmake_args' from command line to 'None'
[0.353s] Level 5:colcon.colcon_core.verb:set package 'sllidar_ros2' build argument 'catkin_cmake_args' from command line to 'None'
[0.353s] Level 5:colcon.colcon_core.verb:set package 'sllidar_ros2' build argument 'catkin_skip_building_tests' from command line to 'False'
[0.353s] DEBUG:colcon.colcon_core.verb:Building package 'sllidar_ros2' with the following arguments: {'ament_cmake_args': None, 'build_base': '/home/uiabot/MAS514-UiABOT/ros2_ws/build/sllidar_ros2', 'catkin_cmake_args': None, 'catkin_skip_building_tests': False, 'cmake_args': None, 'cmake_clean_cache': False, 'cmake_clean_first': False, 'cmake_force_configure': False, 'cmake_target': None, 'cmake_target_skip_unavailable': False, 'install_base': '/home/uiabot/MAS514-UiABOT/ros2_ws/install/sllidar_ros2', 'merge_install': False, 'path': '/home/uiabot/MAS514-UiABOT/ros2_ws/src/sllidar_ros2', 'symlink_install': False, 'test_result_base': None}
[0.353s] INFO:colcon.colcon_core.executor:Executing jobs using 'parallel' executor
[0.355s] DEBUG:colcon.colcon_parallel_executor.executor.parallel:run_until_complete
[0.355s] INFO:colcon.colcon_ros.task.ament_cmake.build:Building ROS package in '/home/uiabot/MAS514-UiABOT/ros2_ws/src/bno055' with build type 'ament_cmake'
[0.355s] INFO:colcon.colcon_cmake.task.cmake.build:Building CMake package in '/home/uiabot/MAS514-UiABOT/ros2_ws/src/bno055'
[0.360s] INFO:colcon.colcon_core.plugin_system:Skipping extension 'colcon_core.shell.bat': Not used on non-Windows systems
[0.361s] INFO:colcon.colcon_core.shell:Skip shell extension 'powershell' for command environment: Not usable outside of PowerShell
[0.361s] DEBUG:colcon.colcon_core.shell:Skip shell extension 'dsv' for command environment
[0.369s] INFO:colcon.colcon_ros.task.ament_cmake.build:Building ROS package in '/home/uiabot/MAS514-UiABOT/ros2_ws/src/raspi_sub' with build type 'ament_cmake'
[0.369s] INFO:colcon.colcon_cmake.task.cmake.build:Building CMake package in '/home/uiabot/MAS514-UiABOT/ros2_ws/src/raspi_sub'
[0.370s] INFO:colcon.colcon_core.shell:Skip shell extension 'powershell' for command environment: Not usable outside of PowerShell
[0.370s] DEBUG:colcon.colcon_core.shell:Skip shell extension 'dsv' for command environment
[0.379s] INFO:colcon.colcon_ros.task.ament_cmake.build:Building ROS package in '/home/uiabot/MAS514-UiABOT/ros2_ws/src/robot_description' with build type 'ament_cmake'
[0.380s] INFO:colcon.colcon_cmake.task.cmake.build:Building CMake package in '/home/uiabot/MAS514-UiABOT/ros2_ws/src/robot_description'
[0.381s] INFO:colcon.colcon_core.shell:Skip shell extension 'powershell' for command environment: Not usable outside of PowerShell
[0.381s] DEBUG:colcon.colcon_core.shell:Skip shell extension 'dsv' for command environment
[0.390s] INFO:colcon.colcon_ros.task.ament_cmake.build:Building ROS package in '/home/uiabot/MAS514-UiABOT/ros2_ws/src/sllidar_ros2' with build type 'ament_cmake'
[0.390s] INFO:colcon.colcon_cmake.task.cmake.build:Building CMake package in '/home/uiabot/MAS514-UiABOT/ros2_ws/src/sllidar_ros2'
[0.391s] INFO:colcon.colcon_core.shell:Skip shell extension 'powershell' for command environment: Not usable outside of PowerShell
[0.391s] DEBUG:colcon.colcon_core.shell:Skip shell extension 'dsv' for command environment
[0.420s] DEBUG:colcon.colcon_core.event_handler.log_command:Invoking command in '/home/uiabot/MAS514-UiABOT/ros2_ws/build/bno055': CMAKE_PREFIX_PATH=${CMAKE_PREFIX_PATH}:/home/uiabot/ros2_ws/install/robot_keyboard_control:/home/uiabot/ros2_ws/install/my_publisher_package:/home/uiabot/ros2_ws/install/my_listener_package:/home/uiabot/ros2_ws/install/esp32_com:/opt/ros/jazzy DEBUGINFOD_URLS=https://debuginfod.ubuntu.com /usr/bin/cmake --build /home/uiabot/MAS514-UiABOT/ros2_ws/build/bno055 -- -j4 -l4
[0.428s] DEBUG:colcon.colcon_core.event_handler.log_command:Invoking command in '/home/uiabot/MAS514-UiABOT/ros2_ws/build/raspi_sub': CMAKE_PREFIX_PATH=${CMAKE_PREFIX_PATH}:/home/uiabot/ros2_ws/install/robot_keyboard_control:/home/uiabot/ros2_ws/install/my_publisher_package:/home/uiabot/ros2_ws/install/my_listener_package:/home/uiabot/ros2_ws/install/esp32_com:/opt/ros/jazzy DEBUGINFOD_URLS=https://debuginfod.ubuntu.com /usr/bin/cmake --build /home/uiabot/MAS514-UiABOT/ros2_ws/build/raspi_sub -- -j4 -l4
[0.442s] DEBUG:colcon.colcon_core.event_handler.log_command:Invoking command in '/home/uiabot/MAS514-UiABOT/ros2_ws/build/robot_description': CMAKE_PREFIX_PATH=${CMAKE_PREFIX_PATH}:/home/uiabot/ros2_ws/install/robot_keyboard_control:/home/uiabot/ros2_ws/install/my_publisher_package:/home/uiabot/ros2_ws/install/my_listener_package:/home/uiabot/ros2_ws/install/esp32_com:/opt/ros/jazzy DEBUGINFOD_URLS=https://debuginfod.ubuntu.com /usr/bin/cmake --build /home/uiabot/MAS514-UiABOT/ros2_ws/build/robot_description -- -j4 -l4
[0.454s] DEBUG:colcon.colcon_core.event_handler.log_command:Invoking command in '/home/uiabot/MAS514-UiABOT/ros2_ws/build/sllidar_ros2': CMAKE_PREFIX_PATH=${CMAKE_PREFIX_PATH}:/home/uiabot/ros2_ws/install/robot_keyboard_control:/home/uiabot/ros2_ws/install/my_publisher_package:/home/uiabot/ros2_ws/install/my_listener_package:/home/uiabot/ros2_ws/install/esp32_com:/opt/ros/jazzy DEBUGINFOD_URLS=https://debuginfod.ubuntu.com /usr/bin/cmake --build /home/uiabot/MAS514-UiABOT/ros2_ws/build/sllidar_ros2 -- -j4 -l4
[0.584s] DEBUG:colcon.colcon_core.event_handler.log_command:Invoked command in '/home/uiabot/MAS514-UiABOT/ros2_ws/build/bno055' returned '0': CMAKE_PREFIX_PATH=${CMAKE_PREFIX_PATH}:/home/uiabot/ros2_ws/install/robot_keyboard_control:/home/uiabot/ros2_ws/install/my_publisher_package:/home/uiabot/ros2_ws/install/my_listener_package:/home/uiabot/ros2_ws/install/esp32_com:/opt/ros/jazzy DEBUGINFOD_URLS=https://debuginfod.ubuntu.com /usr/bin/cmake --build /home/uiabot/MAS514-UiABOT/ros2_ws/build/bno055 -- -j4 -l4
[0.624s] DEBUG:colcon.colcon_core.event_handler.log_command:Invoked command in '/home/uiabot/MAS514-UiABOT/ros2_ws/build/raspi_sub' returned '0': CMAKE_PREFIX_PATH=${CMAKE_PREFIX_PATH}:/home/uiabot/ros2_ws/install/robot_keyboard_control:/home/uiabot/ros2_ws/install/my_publisher_package:/home/uiabot/ros2_ws/install/my_listener_package:/home/uiabot/ros2_ws/install/esp32_com:/opt/ros/jazzy DEBUGINFOD_URLS=https://debuginfod.ubuntu.com /usr/bin/cmake --build /home/uiabot/MAS514-UiABOT/ros2_ws/build/raspi_sub -- -j4 -l4
[0.637s] DEBUG:colcon.colcon_core.event_handler.log_command:Invoked command in '/home/uiabot/MAS514-UiABOT/ros2_ws/build/robot_description' returned '0': CMAKE_PREFIX_PATH=${CMAKE_PREFIX_PATH}:/home/uiabot/ros2_ws/install/robot_keyboard_control:/home/uiabot/ros2_ws/install/my_publisher_package:/home/uiabot/ros2_ws/install/my_listener_package:/home/uiabot/ros2_ws/install/esp32_com:/opt/ros/jazzy DEBUGINFOD_URLS=https://debuginfod.ubuntu.com /usr/bin/cmake --build /home/uiabot/MAS514-UiABOT/ros2_ws/build/robot_description -- -j4 -l4
[0.710s] DEBUG:colcon.colcon_core.event_handler.log_command:Invoking command in '/home/uiabot/MAS514-UiABOT/ros2_ws/build/bno055': CMAKE_PREFIX_PATH=${CMAKE_PREFIX_PATH}:/home/uiabot/ros2_ws/install/robot_keyboard_control:/home/uiabot/ros2_ws/install/my_publisher_package:/home/uiabot/ros2_ws/install/my_listener_package:/home/uiabot/ros2_ws/install/esp32_com:/opt/ros/jazzy DEBUGINFOD_URLS=https://debuginfod.ubuntu.com /usr/bin/cmake --install /home/uiabot/MAS514-UiABOT/ros2_ws/build/bno055
[0.715s] DEBUG:colcon.colcon_core.event_handler.log_command:Invoking command in '/home/uiabot/MAS514-UiABOT/ros2_ws/build/robot_description': CMAKE_PREFIX_PATH=${CMAKE_PREFIX_PATH}:/home/uiabot/ros2_ws/install/robot_keyboard_control:/home/uiabot/ros2_ws/install/my_publisher_package:/home/uiabot/ros2_ws/install/my_listener_package:/home/uiabot/ros2_ws/install/esp32_com:/opt/ros/jazzy DEBUGINFOD_URLS=https://debuginfod.ubuntu.com /usr/bin/cmake --install /home/uiabot/MAS514-UiABOT/ros2_ws/build/robot_description
[0.718s] DEBUG:colcon.colcon_core.event_handler.log_command:Invoking command in '/home/uiabot/MAS514-UiABOT/ros2_ws/build/raspi_sub': CMAKE_PREFIX_PATH=${CMAKE_PREFIX_PATH}:/home/uiabot/ros2_ws/install/robot_keyboard_control:/home/uiabot/ros2_ws/install/my_publisher_package:/home/uiabot/ros2_ws/install/my_listener_package:/home/uiabot/ros2_ws/install/esp32_com:/opt/ros/jazzy DEBUGINFOD_URLS=https://debuginfod.ubuntu.com /usr/bin/cmake --install /home/uiabot/MAS514-UiABOT/ros2_ws/build/raspi_sub
[0.744s] DEBUG:colcon.colcon_core.event_handler.log_command:Invoked command in '/home/uiabot/MAS514-UiABOT/ros2_ws/build/sllidar_ros2' returned '0': CMAKE_PREFIX_PATH=${CMAKE_PREFIX_PATH}:/home/uiabot/ros2_ws/install/robot_keyboard_control:/home/uiabot/ros2_ws/install/my_publisher_package:/home/uiabot/ros2_ws/install/my_listener_package:/home/uiabot/ros2_ws/install/esp32_com:/opt/ros/jazzy DEBUGINFOD_URLS=https://debuginfod.ubuntu.com /usr/bin/cmake --build /home/uiabot/MAS514-UiABOT/ros2_ws/build/sllidar_ros2 -- -j4 -l4
[0.744s] Level 1:colcon.colcon_core.environment:create_environment_scripts_only(bno055)
[0.745s] DEBUG:colcon.colcon_core.event_handler.log_command:Invoked command in '/home/uiabot/MAS514-UiABOT/ros2_ws/build/bno055' returned '0': CMAKE_PREFIX_PATH=${CMAKE_PREFIX_PATH}:/home/uiabot/ros2_ws/install/robot_keyboard_control:/home/uiabot/ros2_ws/install/my_publisher_package:/home/uiabot/ros2_ws/install/my_listener_package:/home/uiabot/ros2_ws/install/esp32_com:/opt/ros/jazzy DEBUGINFOD_URLS=https://debuginfod.ubuntu.com /usr/bin/cmake --install /home/uiabot/MAS514-UiABOT/ros2_ws/build/bno055
[0.747s] Level 1:colcon.colcon_core.environment:checking '/home/uiabot/MAS514-UiABOT/ros2_ws/install/bno055' for CMake module files
[0.748s] Level 1:colcon.colcon_core.environment:checking '/home/uiabot/MAS514-UiABOT/ros2_ws/install/bno055' for CMake config files
[0.748s] Level 1:colcon.colcon_core.shell:create_environment_hook('bno055', 'cmake_prefix_path')
[0.749s] INFO:colcon.colcon_core.shell:Creating environment hook '/home/uiabot/MAS514-UiABOT/ros2_ws/install/bno055/share/bno055/hook/cmake_prefix_path.ps1'
[0.749s] INFO:colcon.colcon_core.shell:Creating environment descriptor '/home/uiabot/MAS514-UiABOT/ros2_ws/install/bno055/share/bno055/hook/cmake_prefix_path.dsv'
[0.751s] INFO:colcon.colcon_core.shell:Creating environment hook '/home/uiabot/MAS514-UiABOT/ros2_ws/install/bno055/share/bno055/hook/cmake_prefix_path.sh'
[0.753s] Level 1:colcon.colcon_core.environment:checking '/home/uiabot/MAS514-UiABOT/ros2_ws/install/bno055/bin'
[0.753s] Level 1:colcon.colcon_core.environment:checking '/home/uiabot/MAS514-UiABOT/ros2_ws/install/bno055/lib/pkgconfig/bno055.pc'
[0.754s] Level 1:colcon.colcon_core.environment:checking '/home/uiabot/MAS514-UiABOT/ros2_ws/install/bno055/lib/python3.12/site-packages'
[0.754s] Level 1:colcon.colcon_core.environment:checking '/home/uiabot/MAS514-UiABOT/ros2_ws/install/bno055/bin'
[0.754s] INFO:colcon.colcon_core.shell:Creating package script '/home/uiabot/MAS514-UiABOT/ros2_ws/install/bno055/share/bno055/package.ps1'
[0.755s] INFO:colcon.colcon_core.shell:Creating package descriptor '/home/uiabot/MAS514-UiABOT/ros2_ws/install/bno055/share/bno055/package.dsv'
[0.756s] INFO:colcon.colcon_core.shell:Creating package script '/home/uiabot/MAS514-UiABOT/ros2_ws/install/bno055/share/bno055/package.sh'
[0.757s] INFO:colcon.colcon_core.shell:Creating package script '/home/uiabot/MAS514-UiABOT/ros2_ws/install/bno055/share/bno055/package.bash'
[0.758s] INFO:colcon.colcon_core.shell:Creating package script '/home/uiabot/MAS514-UiABOT/ros2_ws/install/bno055/share/bno055/package.zsh'
[0.759s] Level 1:colcon.colcon_core.environment:create_file_with_runtime_dependencies(/home/uiabot/MAS514-UiABOT/ros2_ws/install/bno055/share/colcon-core/packages/bno055)
[0.760s] Level 1:colcon.colcon_core.environment:create_environment_scripts_only(robot_description)
[0.761s] Level 1:colcon.colcon_core.environment:checking '/home/uiabot/MAS514-UiABOT/ros2_ws/install/robot_description' for CMake module files
[0.762s] DEBUG:colcon.colcon_core.event_handler.log_command:Invoked command in '/home/uiabot/MAS514-UiABOT/ros2_ws/build/robot_description' returned '0': CMAKE_PREFIX_PATH=${CMAKE_PREFIX_PATH}:/home/uiabot/ros2_ws/install/robot_keyboard_control:/home/uiabot/ros2_ws/install/my_publisher_package:/home/uiabot/ros2_ws/install/my_listener_package:/home/uiabot/ros2_ws/install/esp32_com:/opt/ros/jazzy DEBUGINFOD_URLS=https://debuginfod.ubuntu.com /usr/bin/cmake --install /home/uiabot/MAS514-UiABOT/ros2_ws/build/robot_description
[0.762s] Level 1:colcon.colcon_core.environment:checking '/home/uiabot/MAS514-UiABOT/ros2_ws/install/robot_description' for CMake config files
[0.764s] Level 1:colcon.colcon_core.shell:create_environment_hook('robot_description', 'cmake_prefix_path')
[0.765s] INFO:colcon.colcon_core.shell:Creating environment hook '/home/uiabot/MAS514-UiABOT/ros2_ws/install/robot_description/share/robot_description/hook/cmake_prefix_path.ps1'
[0.766s] INFO:colcon.colcon_core.shell:Creating environment descriptor '/home/uiabot/MAS514-UiABOT/ros2_ws/install/robot_description/share/robot_description/hook/cmake_prefix_path.dsv'
[0.767s] INFO:colcon.colcon_core.shell:Creating environment hook '/home/uiabot/MAS514-UiABOT/ros2_ws/install/robot_description/share/robot_description/hook/cmake_prefix_path.sh'
[0.770s] Level 1:colcon.colcon_core.environment:checking '/home/uiabot/MAS514-UiABOT/ros2_ws/install/robot_description/bin'
[0.770s] Level 1:colcon.colcon_core.environment:checking '/home/uiabot/MAS514-UiABOT/ros2_ws/install/robot_description/lib/pkgconfig/robot_description.pc'
[0.771s] Level 1:colcon.colcon_core.environment:checking '/home/uiabot/MAS514-UiABOT/ros2_ws/install/robot_description/lib/python3.12/site-packages'
[0.771s] Level 1:colcon.colcon_core.environment:checking '/home/uiabot/MAS514-UiABOT/ros2_ws/install/robot_description/bin'
[0.772s] INFO:colcon.colcon_core.shell:Creating package script '/home/uiabot/MAS514-UiABOT/ros2_ws/install/robot_description/share/robot_description/package.ps1'
[0.774s] INFO:colcon.colcon_core.shell:Creating package descriptor '/home/uiabot/MAS514-UiABOT/ros2_ws/install/robot_description/share/robot_description/package.dsv'
[0.775s] INFO:colcon.colcon_core.shell:Creating package script '/home/uiabot/MAS514-UiABOT/ros2_ws/install/robot_description/share/robot_description/package.sh'
[0.776s] INFO:colcon.colcon_core.shell:Creating package script '/home/uiabot/MAS514-UiABOT/ros2_ws/install/robot_description/share/robot_description/package.bash'
[0.778s] INFO:colcon.colcon_core.shell:Creating package script '/home/uiabot/MAS514-UiABOT/ros2_ws/install/robot_description/share/robot_description/package.zsh'
[0.779s] Level 1:colcon.colcon_core.environment:create_file_with_runtime_dependencies(/home/uiabot/MAS514-UiABOT/ros2_ws/install/robot_description/share/colcon-core/packages/robot_description)
[0.783s] Level 1:colcon.colcon_core.environment:create_environment_scripts_only(raspi_sub)
[0.784s] Level 1:colcon.colcon_core.environment:checking '/home/uiabot/MAS514-UiABOT/ros2_ws/install/raspi_sub' for CMake module files
[0.784s] DEBUG:colcon.colcon_core.event_handler.log_command:Invoked command in '/home/uiabot/MAS514-UiABOT/ros2_ws/build/raspi_sub' returned '0': CMAKE_PREFIX_PATH=${CMAKE_PREFIX_PATH}:/home/uiabot/ros2_ws/install/robot_keyboard_control:/home/uiabot/ros2_ws/install/my_publisher_package:/home/uiabot/ros2_ws/install/my_listener_package:/home/uiabot/ros2_ws/install/esp32_com:/opt/ros/jazzy DEBUGINFOD_URLS=https://debuginfod.ubuntu.com /usr/bin/cmake --install /home/uiabot/MAS514-UiABOT/ros2_ws/build/raspi_sub
[0.785s] Level 1:colcon.colcon_core.environment:checking '/home/uiabot/MAS514-UiABOT/ros2_ws/install/raspi_sub' for CMake config files
[0.786s] Level 1:colcon.colcon_core.shell:create_environment_hook('raspi_sub', 'cmake_prefix_path')
[0.786s] INFO:colcon.colcon_core.shell:Creating environment hook '/home/uiabot/MAS514-UiABOT/ros2_ws/install/raspi_sub/share/raspi_sub/hook/cmake_prefix_path.ps1'
[0.787s] INFO:colcon.colcon_core.shell:Creating environment descriptor '/home/uiabot/MAS514-UiABOT/ros2_ws/install/raspi_sub/share/raspi_sub/hook/cmake_prefix_path.dsv'
[0.789s] INFO:colcon.colcon_core.shell:Creating environment hook '/home/uiabot/MAS514-UiABOT/ros2_ws/install/raspi_sub/share/raspi_sub/hook/cmake_prefix_path.sh'
[0.791s] Level 1:colcon.colcon_core.environment:checking '/home/uiabot/MAS514-UiABOT/ros2_ws/install/raspi_sub/lib'
[0.791s] Level 1:colcon.colcon_core.environment:checking '/home/uiabot/MAS514-UiABOT/ros2_ws/install/raspi_sub/bin'
[0.791s] Level 1:colcon.colcon_core.environment:checking '/home/uiabot/MAS514-UiABOT/ros2_ws/install/raspi_sub/lib/pkgconfig/raspi_sub.pc'
[0.792s] Level 1:colcon.colcon_core.environment:checking '/home/uiabot/MAS514-UiABOT/ros2_ws/install/raspi_sub/lib/python3.12/site-packages'
[0.792s] Level 1:colcon.colcon_core.environment:checking '/home/uiabot/MAS514-UiABOT/ros2_ws/install/raspi_sub/bin'
[0.793s] INFO:colcon.colcon_core.shell:Creating package script '/home/uiabot/MAS514-UiABOT/ros2_ws/install/raspi_sub/share/raspi_sub/package.ps1'
[0.795s] INFO:colcon.colcon_core.shell:Creating package descriptor '/home/uiabot/MAS514-UiABOT/ros2_ws/install/raspi_sub/share/raspi_sub/package.dsv'
[0.796s] INFO:colcon.colcon_core.shell:Creating package script '/home/uiabot/MAS514-UiABOT/ros2_ws/install/raspi_sub/share/raspi_sub/package.sh'
[0.797s] INFO:colcon.colcon_core.shell:Creating package script '/home/uiabot/MAS514-UiABOT/ros2_ws/install/raspi_sub/share/raspi_sub/package.bash'
[0.798s] INFO:colcon.colcon_core.shell:Creating package script '/home/uiabot/MAS514-UiABOT/ros2_ws/install/raspi_sub/share/raspi_sub/package.zsh'
[0.799s] Level 1:colcon.colcon_core.environment:create_file_with_runtime_dependencies(/home/uiabot/MAS514-UiABOT/ros2_ws/install/raspi_sub/share/colcon-core/packages/raspi_sub)
[0.811s] Level 1:colcon.colcon_core.environment:create_environment_scripts_only(bno055)
[0.812s] Level 1:colcon.colcon_core.environment:checking '/home/uiabot/MAS514-UiABOT/ros2_ws/install/bno055' for CMake module files
[0.813s] Level 1:colcon.colcon_core.environment:checking '/home/uiabot/MAS514-UiABOT/ros2_ws/install/bno055' for CMake config files
[0.813s] Level 1:colcon.colcon_core.shell:create_environment_hook('bno055', 'cmake_prefix_path')
[0.814s] INFO:colcon.colcon_core.shell:Creating environment hook '/home/uiabot/MAS514-UiABOT/ros2_ws/install/bno055/share/bno055/hook/cmake_prefix_path.ps1'
[0.815s] INFO:colcon.colcon_core.shell:Creating environment descriptor '/home/uiabot/MAS514-UiABOT/ros2_ws/install/bno055/share/bno055/hook/cmake_prefix_path.dsv'
[0.816s] INFO:colcon.colcon_core.shell:Creating environment hook '/home/uiabot/MAS514-UiABOT/ros2_ws/install/bno055/share/bno055/hook/cmake_prefix_path.sh'
[0.817s] Level 1:colcon.colcon_core.environment:checking '/home/uiabot/MAS514-UiABOT/ros2_ws/install/bno055/bin'
[0.817s] Level 1:colcon.colcon_core.environment:checking '/home/uiabot/MAS514-UiABOT/ros2_ws/install/bno055/lib/pkgconfig/bno055.pc'
[0.818s] Level 1:colcon.colcon_core.environment:checking '/home/uiabot/MAS514-UiABOT/ros2_ws/install/bno055/lib/python3.12/site-packages'
[0.818s] Level 1:colcon.colcon_core.environment:checking '/home/uiabot/MAS514-UiABOT/ros2_ws/install/bno055/bin'
[0.819s] INFO:colcon.colcon_core.shell:Creating package script '/home/uiabot/MAS514-UiABOT/ros2_ws/install/bno055/share/bno055/package.ps1'
[0.820s] INFO:colcon.colcon_core.shell:Creating package descriptor '/home/uiabot/MAS514-UiABOT/ros2_ws/install/bno055/share/bno055/package.dsv'
[0.821s] INFO:colcon.colcon_core.shell:Creating package script '/home/uiabot/MAS514-UiABOT/ros2_ws/install/bno055/share/bno055/package.sh'
[0.822s] INFO:colcon.colcon_core.shell:Creating package script '/home/uiabot/MAS514-UiABOT/ros2_ws/install/bno055/share/bno055/package.bash'
[0.823s] INFO:colcon.colcon_core.shell:Creating package script '/home/uiabot/MAS514-UiABOT/ros2_ws/install/bno055/share/bno055/package.zsh'
[0.824s] Level 1:colcon.colcon_core.environment:create_file_with_runtime_dependencies(/home/uiabot/MAS514-UiABOT/ros2_ws/install/bno055/share/colcon-core/packages/bno055)
[0.826s] Level 1:colcon.colcon_core.environment:create_environment_scripts_only(robot_description)
[0.827s] Level 1:colcon.colcon_core.environment:checking '/home/uiabot/MAS514-UiABOT/ros2_ws/install/robot_description' for CMake module files
[0.829s] Level 1:colcon.colcon_core.environment:checking '/home/uiabot/MAS514-UiABOT/ros2_ws/install/robot_description' for CMake config files
[0.830s] Level 1:colcon.colcon_core.shell:create_environment_hook('robot_description', 'cmake_prefix_path')
[0.831s] INFO:colcon.colcon_core.shell:Creating environment hook '/home/uiabot/MAS514-UiABOT/ros2_ws/install/robot_description/share/robot_description/hook/cmake_prefix_path.ps1'
[0.832s] INFO:colcon.colcon_core.shell:Creating environment descriptor '/home/uiabot/MAS514-UiABOT/ros2_ws/install/robot_description/share/robot_description/hook/cmake_prefix_path.dsv'
[0.834s] INFO:colcon.colcon_core.shell:Creating environment hook '/home/uiabot/MAS514-UiABOT/ros2_ws/install/robot_description/share/robot_description/hook/cmake_prefix_path.sh'
[0.836s] Level 1:colcon.colcon_core.environment:checking '/home/uiabot/MAS514-UiABOT/ros2_ws/install/robot_description/bin'
[0.836s] Level 1:colcon.colcon_core.environment:checking '/home/uiabot/MAS514-UiABOT/ros2_ws/install/robot_description/lib/pkgconfig/robot_description.pc'
[0.837s] Level 1:colcon.colcon_core.environment:checking '/home/uiabot/MAS514-UiABOT/ros2_ws/install/robot_description/lib/python3.12/site-packages'
[0.837s] Level 1:colcon.colcon_core.environment:checking '/home/uiabot/MAS514-UiABOT/ros2_ws/install/robot_description/bin'
[0.838s] INFO:colcon.colcon_core.shell:Creating package script '/home/uiabot/MAS514-UiABOT/ros2_ws/install/robot_description/share/robot_description/package.ps1'
[0.839s] INFO:colcon.colcon_core.shell:Creating package descriptor '/home/uiabot/MAS514-UiABOT/ros2_ws/install/robot_description/share/robot_description/package.dsv'
[0.841s] INFO:colcon.colcon_core.shell:Creating package script '/home/uiabot/MAS514-UiABOT/ros2_ws/install/robot_description/share/robot_description/package.sh'
[0.844s] INFO:colcon.colcon_core.shell:Creating package script '/home/uiabot/MAS514-UiABOT/ros2_ws/install/robot_description/share/robot_description/package.bash'
[0.845s] INFO:colcon.colcon_core.shell:Creating package script '/home/uiabot/MAS514-UiABOT/ros2_ws/install/robot_description/share/robot_description/package.zsh'
[0.846s] Level 1:colcon.colcon_core.environment:create_file_with_runtime_dependencies(/home/uiabot/MAS514-UiABOT/ros2_ws/install/robot_description/share/colcon-core/packages/robot_description)
[0.849s] Level 1:colcon.colcon_core.environment:create_environment_scripts_only(raspi_sub)
[0.850s] Level 1:colcon.colcon_core.environment:checking '/home/uiabot/MAS514-UiABOT/ros2_ws/install/raspi_sub' for CMake module files
[0.851s] Level 1:colcon.colcon_core.environment:checking '/home/uiabot/MAS514-UiABOT/ros2_ws/install/raspi_sub' for CMake config files
[0.852s] Level 1:colcon.colcon_core.shell:create_environment_hook('raspi_sub', 'cmake_prefix_path')
[0.852s] INFO:colcon.colcon_core.shell:Creating environment hook '/home/uiabot/MAS514-UiABOT/ros2_ws/install/raspi_sub/share/raspi_sub/hook/cmake_prefix_path.ps1'
[0.853s] INFO:colcon.colcon_core.shell:Creating environment descriptor '/home/uiabot/MAS514-UiABOT/ros2_ws/install/raspi_sub/share/raspi_sub/hook/cmake_prefix_path.dsv'
[0.854s] INFO:colcon.colcon_core.shell:Creating environment hook '/home/uiabot/MAS514-UiABOT/ros2_ws/install/raspi_sub/share/raspi_sub/hook/cmake_prefix_path.sh'
[0.855s] Level 1:colcon.colcon_core.environment:checking '/home/uiabot/MAS514-UiABOT/ros2_ws/install/raspi_sub/lib'
[0.856s] Level 1:colcon.colcon_core.environment:checking '/home/uiabot/MAS514-UiABOT/ros2_ws/install/raspi_sub/bin'
[0.856s] Level 1:colcon.colcon_core.environment:checking '/home/uiabot/MAS514-UiABOT/ros2_ws/install/raspi_sub/lib/pkgconfig/raspi_sub.pc'
[0.856s] Level 1:colcon.colcon_core.environment:checking '/home/uiabot/MAS514-UiABOT/ros2_ws/install/raspi_sub/lib/python3.12/site-packages'
[0.857s] Level 1:colcon.colcon_core.environment:checking '/home/uiabot/MAS514-UiABOT/ros2_ws/install/raspi_sub/bin'
[0.858s] INFO:colcon.colcon_core.shell:Creating package script '/home/uiabot/MAS514-UiABOT/ros2_ws/install/raspi_sub/share/raspi_sub/package.ps1'
[0.861s] INFO:colcon.colcon_core.shell:Creating package descriptor '/home/uiabot/MAS514-UiABOT/ros2_ws/install/raspi_sub/share/raspi_sub/package.dsv'
[0.862s] INFO:colcon.colcon_core.shell:Creating package script '/home/uiabot/MAS514-UiABOT/ros2_ws/install/raspi_sub/share/raspi_sub/package.sh'
[0.864s] INFO:colcon.colcon_core.shell:Creating package script '/home/uiabot/MAS514-UiABOT/ros2_ws/install/raspi_sub/share/raspi_sub/package.bash'
[0.865s] INFO:colcon.colcon_core.shell:Creating package script '/home/uiabot/MAS514-UiABOT/ros2_ws/install/raspi_sub/share/raspi_sub/package.zsh'
[0.866s] Level 1:colcon.colcon_core.environment:create_file_with_runtime_dependencies(/home/uiabot/MAS514-UiABOT/ros2_ws/install/raspi_sub/share/colcon-core/packages/raspi_sub)
[0.874s] DEBUG:colcon.colcon_core.event_handler.log_command:Invoking command in '/home/uiabot/MAS514-UiABOT/ros2_ws/build/sllidar_ros2': CMAKE_PREFIX_PATH=${CMAKE_PREFIX_PATH}:/home/uiabot/ros2_ws/install/robot_keyboard_control:/home/uiabot/ros2_ws/install/my_publisher_package:/home/uiabot/ros2_ws/install/my_listener_package:/home/uiabot/ros2_ws/install/esp32_com:/opt/ros/jazzy DEBUGINFOD_URLS=https://debuginfod.ubuntu.com /usr/bin/cmake --install /home/uiabot/MAS514-UiABOT/ros2_ws/build/sllidar_ros2
[0.908s] Level 1:colcon.colcon_core.environment:create_environment_scripts_only(sllidar_ros2)
[0.909s] Level 1:colcon.colcon_core.environment:checking '/home/uiabot/MAS514-UiABOT/ros2_ws/install/sllidar_ros2' for CMake module files
[0.909s] DEBUG:colcon.colcon_core.event_handler.log_command:Invoked command in '/home/uiabot/MAS514-UiABOT/ros2_ws/build/sllidar_ros2' returned '0': CMAKE_PREFIX_PATH=${CMAKE_PREFIX_PATH}:/home/uiabot/ros2_ws/install/robot_keyboard_control:/home/uiabot/ros2_ws/install/my_publisher_package:/home/uiabot/ros2_ws/install/my_listener_package:/home/uiabot/ros2_ws/install/esp32_com:/opt/ros/jazzy DEBUGINFOD_URLS=https://debuginfod.ubuntu.com /usr/bin/cmake --install /home/uiabot/MAS514-UiABOT/ros2_ws/build/sllidar_ros2
[0.910s] Level 1:colcon.colcon_core.environment:checking '/home/uiabot/MAS514-UiABOT/ros2_ws/install/sllidar_ros2' for CMake config files
[0.911s] Level 1:colcon.colcon_core.shell:create_environment_hook('sllidar_ros2', 'cmake_prefix_path')
[0.911s] INFO:colcon.colcon_core.shell:Creating environment hook '/home/uiabot/MAS514-UiABOT/ros2_ws/install/sllidar_ros2/share/sllidar_ros2/hook/cmake_prefix_path.ps1'
[0.912s] INFO:colcon.colcon_core.shell:Creating environment descriptor '/home/uiabot/MAS514-UiABOT/ros2_ws/install/sllidar_ros2/share/sllidar_ros2/hook/cmake_prefix_path.dsv'
[0.913s] INFO:colcon.colcon_core.shell:Creating environment hook '/home/uiabot/MAS514-UiABOT/ros2_ws/install/sllidar_ros2/share/sllidar_ros2/hook/cmake_prefix_path.sh'
[0.914s] Level 1:colcon.colcon_core.environment:checking '/home/uiabot/MAS514-UiABOT/ros2_ws/install/sllidar_ros2/lib'
[0.914s] Level 1:colcon.colcon_core.environment:checking '/home/uiabot/MAS514-UiABOT/ros2_ws/install/sllidar_ros2/bin'
[0.914s] Level 1:colcon.colcon_core.environment:checking '/home/uiabot/MAS514-UiABOT/ros2_ws/install/sllidar_ros2/lib/pkgconfig/sllidar_ros2.pc'
[0.915s] Level 1:colcon.colcon_core.environment:checking '/home/uiabot/MAS514-UiABOT/ros2_ws/install/sllidar_ros2/lib/python3.12/site-packages'
[0.915s] Level 1:colcon.colcon_core.environment:checking '/home/uiabot/MAS514-UiABOT/ros2_ws/install/sllidar_ros2/bin'
[0.915s] INFO:colcon.colcon_core.shell:Creating package script '/home/uiabot/MAS514-UiABOT/ros2_ws/install/sllidar_ros2/share/sllidar_ros2/package.ps1'
[0.916s] INFO:colcon.colcon_core.shell:Creating package descriptor '/home/uiabot/MAS514-UiABOT/ros2_ws/install/sllidar_ros2/share/sllidar_ros2/package.dsv'
[0.917s] INFO:colcon.colcon_core.shell:Creating package script '/home/uiabot/MAS514-UiABOT/ros2_ws/install/sllidar_ros2/share/sllidar_ros2/package.sh'
[0.918s] INFO:colcon.colcon_core.shell:Creating package script '/home/uiabot/MAS514-UiABOT/ros2_ws/install/sllidar_ros2/share/sllidar_ros2/package.bash'
[0.918s] INFO:colcon.colcon_core.shell:Creating package script '/home/uiabot/MAS514-UiABOT/ros2_ws/install/sllidar_ros2/share/sllidar_ros2/package.zsh'
[0.920s] Level 1:colcon.colcon_core.environment:create_file_with_runtime_dependencies(/home/uiabot/MAS514-UiABOT/ros2_ws/install/sllidar_ros2/share/colcon-core/packages/sllidar_ros2)
[1.032s] Level 1:colcon.colcon_core.environment:create_environment_scripts_only(sllidar_ros2)
[1.032s] Level 1:colcon.colcon_core.environment:checking '/home/uiabot/MAS514-UiABOT/ros2_ws/install/sllidar_ros2' for CMake module files
[1.033s] Level 1:colcon.colcon_core.environment:checking '/home/uiabot/MAS514-UiABOT/ros2_ws/install/sllidar_ros2' for CMake config files
[1.033s] Level 1:colcon.colcon_core.shell:create_environment_hook('sllidar_ros2', 'cmake_prefix_path')
[1.034s] INFO:colcon.colcon_core.shell:Creating environment hook '/home/uiabot/MAS514-UiABOT/ros2_ws/install/sllidar_ros2/share/sllidar_ros2/hook/cmake_prefix_path.ps1'
[1.034s] INFO:colcon.colcon_core.shell:Creating environment descriptor '/home/uiabot/MAS514-UiABOT/ros2_ws/install/sllidar_ros2/share/sllidar_ros2/hook/cmake_prefix_path.dsv'
[1.035s] INFO:colcon.colcon_core.shell:Creating environment hook '/home/uiabot/MAS514-UiABOT/ros2_ws/install/sllidar_ros2/share/sllidar_ros2/hook/cmake_prefix_path.sh'
[1.036s] Level 1:colcon.colcon_core.environment:checking '/home/uiabot/MAS514-UiABOT/ros2_ws/install/sllidar_ros2/lib'
[1.037s] Level 1:colcon.colcon_core.environment:checking '/home/uiabot/MAS514-UiABOT/ros2_ws/install/sllidar_ros2/bin'
[1.037s] Level 1:colcon.colcon_core.environment:checking '/home/uiabot/MAS514-UiABOT/ros2_ws/install/sllidar_ros2/lib/pkgconfig/sllidar_ros2.pc'
[1.037s] Level 1:colcon.colcon_core.environment:checking '/home/uiabot/MAS514-UiABOT/ros2_ws/install/sllidar_ros2/lib/python3.12/site-packages'
[1.037s] Level 1:colcon.colcon_core.environment:checking '/home/uiabot/MAS514-UiABOT/ros2_ws/install/sllidar_ros2/bin'
[1.038s] INFO:colcon.colcon_core.shell:Creating package script '/home/uiabot/MAS514-UiABOT/ros2_ws/install/sllidar_ros2/share/sllidar_ros2/package.ps1'
[1.038s] INFO:colcon.colcon_core.shell:Creating package descriptor '/home/uiabot/MAS514-UiABOT/ros2_ws/install/sllidar_ros2/share/sllidar_ros2/package.dsv'
[1.039s] INFO:colcon.colcon_core.shell:Creating package script '/home/uiabot/MAS514-UiABOT/ros2_ws/install/sllidar_ros2/share/sllidar_ros2/package.sh'
[1.040s] INFO:colcon.colcon_core.shell:Creating package script '/home/uiabot/MAS514-UiABOT/ros2_ws/install/sllidar_ros2/share/sllidar_ros2/package.bash'
[1.041s] INFO:colcon.colcon_core.shell:Creating package script '/home/uiabot/MAS514-UiABOT/ros2_ws/install/sllidar_ros2/share/sllidar_ros2/package.zsh'
[1.042s] Level 1:colcon.colcon_core.environment:create_file_with_runtime_dependencies(/home/uiabot/MAS514-UiABOT/ros2_ws/install/sllidar_ros2/share/colcon-core/packages/sllidar_ros2)
[1.042s] DEBUG:colcon.colcon_parallel_executor.executor.parallel:closing loop
[1.043s] DEBUG:colcon.colcon_parallel_executor.executor.parallel:loop closed
[1.043s] DEBUG:colcon.colcon_parallel_executor.executor.parallel:run_until_complete finished with '0'
[1.043s] DEBUG:colcon.colcon_core.event_reactor:joining thread
[1.058s] INFO:colcon.colcon_core.plugin_system:Skipping extension 'colcon_notification.desktop_notification.terminal_notifier': Not used on non-Darwin systems
[1.059s] INFO:colcon.colcon_core.plugin_system:Skipping extension 'colcon_notification.desktop_notification.win32': Not used on non-Windows systems
[1.059s] INFO:colcon.colcon_notification.desktop_notification:Sending desktop notification using 'notify2'
[1.128s] DEBUG:colcon.colcon_core.event_reactor:joined thread
[1.129s] INFO:colcon.colcon_core.shell:Creating prefix script '/home/uiabot/MAS514-UiABOT/ros2_ws/install/local_setup.ps1'
[1.130s] INFO:colcon.colcon_core.shell:Creating prefix util module '/home/uiabot/MAS514-UiABOT/ros2_ws/install/_local_setup_util_ps1.py'
[1.132s] INFO:colcon.colcon_core.shell:Creating prefix chain script '/home/uiabot/MAS514-UiABOT/ros2_ws/install/setup.ps1'
[1.134s] INFO:colcon.colcon_core.shell:Creating prefix script '/home/uiabot/MAS514-UiABOT/ros2_ws/install/local_setup.sh'
[1.135s] INFO:colcon.colcon_core.shell:Creating prefix util module '/home/uiabot/MAS514-UiABOT/ros2_ws/install/_local_setup_util_sh.py'
[1.137s] INFO:colcon.colcon_core.shell:Creating prefix chain script '/home/uiabot/MAS514-UiABOT/ros2_ws/install/setup.sh'
[1.140s] INFO:colcon.colcon_core.shell:Creating prefix script '/home/uiabot/MAS514-UiABOT/ros2_ws/install/local_setup.bash'
[1.141s] INFO:colcon.colcon_core.shell:Creating prefix chain script '/home/uiabot/MAS514-UiABOT/ros2_ws/install/setup.bash'
[1.144s] INFO:colcon.colcon_core.shell:Creating prefix script '/home/uiabot/MAS514-UiABOT/ros2_ws/install/local_setup.zsh'
[1.145s] INFO:colcon.colcon_core.shell:Creating prefix chain script '/home/uiabot/MAS514-UiABOT/ros2_ws/install/setup.zsh'
