[0.155s] DEBUG:colcon:Command line arguments: ['/usr/bin/colcon', 'build']
[0.155s] DEBUG:colcon:Parsed command line arguments: Namespace(log_base=None, log_level=None, verb_name='build', build_base='build', install_base='install', merge_install=False, symlink_install=False, test_result_base=None, continue_on_error=False, executor='parallel', parallel_workers=4, event_handlers=None, ignore_user_meta=False, metas=['./colcon.meta'], base_paths=['.'], packages_ignore=None, packages_ignore_regex=None, paths=None, packages_up_to=None, packages_up_to_regex=None, packages_above=None, packages_above_and_dependencies=None, packages_above_depth=None, packages_select_by_dep=None, packages_skip_by_dep=None, packages_skip_up_to=None, packages_select_build_failed=False, packages_skip_build_finished=False, packages_select_test_failures=False, packages_skip_test_passed=False, packages_select=None, packages_skip=None, packages_select_regex=None, packages_skip_regex=None, packages_start=None, packages_end=None, allow_overriding=[], cmake_args=None, cmake_target=None, cmake_target_skip_unavailable=False, cmake_clean_cache=False, cmake_clean_first=False, cmake_force_configure=False, ament_cmake_args=None, catkin_cmake_args=None, catkin_skip_building_tests=False, mixin_files=None, mixin=None, verb_parser=<colcon_mixin.mixin.mixin_argument.MixinArgumentDecorator object at 0xffff85af27e0>, verb_extension=<colcon_core.verb.build.BuildVerb object at 0xffff85ca95e0>, main=<bound method BuildVerb.main of <colcon_core.verb.build.BuildVerb object at 0xffff85ca95e0>>, mixin_verb=('build',))
[0.210s] Level 1:colcon.colcon_core.package_discovery:discover_packages(colcon_meta) check parameters
[0.210s] Level 1:colcon.colcon_core.package_discovery:discover_packages(recursive) check parameters
[0.210s] Level 1:colcon.colcon_core.package_discovery:discover_packages(ignore) check parameters
[0.210s] Level 1:colcon.colcon_core.package_discovery:discover_packages(path) check parameters
[0.210s] Level 1:colcon.colcon_core.package_discovery:discover_packages(colcon_meta) discover
[0.210s] Level 1:colcon.colcon_core.package_discovery:discover_packages(recursive) discover
[0.210s] INFO:colcon.colcon_core.package_discovery:Crawling recursively for packages in '/home/uiabot/MAS514-UiABOT/ros2_ws'
[0.210s] Level 1:colcon.colcon_core.package_identification:_identify(.) by extensions ['ignore', 'ignore_ament_install']
[0.210s] Level 1:colcon.colcon_core.package_identification:_identify(.) by extension 'ignore'
[0.210s] Level 1:colcon.colcon_core.package_identification:_identify(.) by extension 'ignore_ament_install'
[0.210s] Level 1:colcon.colcon_core.package_identification:_identify(.) by extensions ['colcon_pkg']
[0.210s] Level 1:colcon.colcon_core.package_identification:_identify(.) by extension 'colcon_pkg'
[0.211s] Level 1:colcon.colcon_core.package_identification:_identify(.) by extensions ['colcon_meta']
[0.211s] Level 1:colcon.colcon_core.package_identification:_identify(.) by extension 'colcon_meta'
[0.211s] Level 1:colcon.colcon_core.package_identification:_identify(.) by extensions ['ros']
[0.211s] Level 1:colcon.colcon_core.package_identification:_identify(.) by extension 'ros'
[0.251s] Level 1:colcon.colcon_core.package_identification:_identify(.) by extensions ['cmake', 'python']
[0.252s] Level 1:colcon.colcon_core.package_identification:_identify(.) by extension 'cmake'
[0.252s] Level 1:colcon.colcon_core.package_identification:_identify(.) by extension 'python'
[0.252s] Level 1:colcon.colcon_core.package_identification:_identify(.) by extensions ['python_setup_py']
[0.252s] Level 1:colcon.colcon_core.package_identification:_identify(.) by extension 'python_setup_py'
[0.252s] Level 1:colcon.colcon_core.package_identification:_identify(build) by extensions ['ignore', 'ignore_ament_install']
[0.252s] Level 1:colcon.colcon_core.package_identification:_identify(build) by extension 'ignore'
[0.252s] Level 1:colcon.colcon_core.package_identification:_identify(build) ignored
[0.252s] Level 1:colcon.colcon_core.package_identification:_identify(install) by extensions ['ignore', 'ignore_ament_install']
[0.252s] Level 1:colcon.colcon_core.package_identification:_identify(install) by extension 'ignore'
[0.252s] Level 1:colcon.colcon_core.package_identification:_identify(install) ignored
[0.252s] Level 1:colcon.colcon_core.package_identification:_identify(log) by extensions ['ignore', 'ignore_ament_install']
[0.253s] Level 1:colcon.colcon_core.package_identification:_identify(log) by extension 'ignore'
[0.253s] Level 1:colcon.colcon_core.package_identification:_identify(log) ignored
[0.253s] Level 1:colcon.colcon_core.package_identification:_identify(src) by extensions ['ignore', 'ignore_ament_install']
[0.253s] Level 1:colcon.colcon_core.package_identification:_identify(src) by extension 'ignore'
[0.253s] Level 1:colcon.colcon_core.package_identification:_identify(src) by extension 'ignore_ament_install'
[0.253s] Level 1:colcon.colcon_core.package_identification:_identify(src) by extensions ['colcon_pkg']
[0.253s] Level 1:colcon.colcon_core.package_identification:_identify(src) by extension 'colcon_pkg'
[0.253s] Level 1:colcon.colcon_core.package_identification:_identify(src) by extensions ['colcon_meta']
[0.253s] Level 1:colcon.colcon_core.package_identification:_identify(src) by extension 'colcon_meta'
[0.253s] Level 1:colcon.colcon_core.package_identification:_identify(src) by extensions ['ros']
[0.253s] Level 1:colcon.colcon_core.package_identification:_identify(src) by extension 'ros'
[0.253s] Level 1:colcon.colcon_core.package_identification:_identify(src) by extensions ['cmake', 'python']
[0.253s] Level 1:colcon.colcon_core.package_identification:_identify(src) by extension 'cmake'
[0.253s] Level 1:colcon.colcon_core.package_identification:_identify(src) by extension 'python'
[0.253s] Level 1:colcon.colcon_core.package_identification:_identify(src) by extensions ['python_setup_py']
[0.253s] Level 1:colcon.colcon_core.package_identification:_identify(src) by extension 'python_setup_py'
[0.253s] Level 1:colcon.colcon_core.package_identification:_identify(src/bno055) by extensions ['ignore', 'ignore_ament_install']
[0.253s] Level 1:colcon.colcon_core.package_identification:_identify(src/bno055) by extension 'ignore'
[0.254s] Level 1:colcon.colcon_core.package_identification:_identify(src/bno055) by extension 'ignore_ament_install'
[0.254s] Level 1:colcon.colcon_core.package_identification:_identify(src/bno055) by extensions ['colcon_pkg']
[0.254s] Level 1:colcon.colcon_core.package_identification:_identify(src/bno055) by extension 'colcon_pkg'
[0.254s] Level 1:colcon.colcon_core.package_identification:_identify(src/bno055) by extensions ['colcon_meta']
[0.254s] Level 1:colcon.colcon_core.package_identification:_identify(src/bno055) by extension 'colcon_meta'
[0.254s] Level 1:colcon.colcon_core.package_identification:_identify(src/bno055) by extensions ['ros']
[0.254s] Level 1:colcon.colcon_core.package_identification:_identify(src/bno055) by extension 'ros'
[0.257s] DEBUG:colcon.colcon_core.package_identification:Package 'src/bno055' with type 'ros.ament_cmake' and name 'bno055'
[0.257s] Level 1:colcon.colcon_core.package_identification:_identify(src/raspi_sub) by extensions ['ignore', 'ignore_ament_install']
[0.257s] Level 1:colcon.colcon_core.package_identification:_identify(src/raspi_sub) by extension 'ignore'
[0.257s] Level 1:colcon.colcon_core.package_identification:_identify(src/raspi_sub) by extension 'ignore_ament_install'
[0.257s] Level 1:colcon.colcon_core.package_identification:_identify(src/raspi_sub) by extensions ['colcon_pkg']
[0.257s] Level 1:colcon.colcon_core.package_identification:_identify(src/raspi_sub) by extension 'colcon_pkg'
[0.257s] Level 1:colcon.colcon_core.package_identification:_identify(src/raspi_sub) by extensions ['colcon_meta']
[0.257s] Level 1:colcon.colcon_core.package_identification:_identify(src/raspi_sub) by extension 'colcon_meta'
[0.258s] Level 1:colcon.colcon_core.package_identification:_identify(src/raspi_sub) by extensions ['ros']
[0.258s] Level 1:colcon.colcon_core.package_identification:_identify(src/raspi_sub) by extension 'ros'
[0.258s] DEBUG:colcon.colcon_core.package_identification:Package 'src/raspi_sub' with type 'ros.ament_cmake' and name 'raspi_sub'
[0.258s] Level 1:colcon.colcon_core.package_identification:_identify(src/robot_description) by extensions ['ignore', 'ignore_ament_install']
[0.258s] Level 1:colcon.colcon_core.package_identification:_identify(src/robot_description) by extension 'ignore'
[0.258s] Level 1:colcon.colcon_core.package_identification:_identify(src/robot_description) by extension 'ignore_ament_install'
[0.258s] Level 1:colcon.colcon_core.package_identification:_identify(src/robot_description) by extensions ['colcon_pkg']
[0.258s] Level 1:colcon.colcon_core.package_identification:_identify(src/robot_description) by extension 'colcon_pkg'
[0.259s] Level 1:colcon.colcon_core.package_identification:_identify(src/robot_description) by extensions ['colcon_meta']
[0.259s] Level 1:colcon.colcon_core.package_identification:_identify(src/robot_description) by extension 'colcon_meta'
[0.259s] Level 1:colcon.colcon_core.package_identification:_identify(src/robot_description) by extensions ['ros']
[0.259s] Level 1:colcon.colcon_core.package_identification:_identify(src/robot_description) by extension 'ros'
[0.260s] DEBUG:colcon.colcon_core.package_identification:Package 'src/robot_description' with type 'ros.ament_cmake' and name 'robot_description'
[0.260s] Level 1:colcon.colcon_core.package_identification:_identify(src/sllidar_ros2) by extensions ['ignore', 'ignore_ament_install']
[0.260s] Level 1:colcon.colcon_core.package_identification:_identify(src/sllidar_ros2) by extension 'ignore'
[0.260s] Level 1:colcon.colcon_core.package_identification:_identify(src/sllidar_ros2) by extension 'ignore_ament_install'
[0.260s] Level 1:colcon.colcon_core.package_identification:_identify(src/sllidar_ros2) by extensions ['colcon_pkg']
[0.260s] Level 1:colcon.colcon_core.package_identification:_identify(src/sllidar_ros2) by extension 'colcon_pkg'
[0.260s] Level 1:colcon.colcon_core.package_identification:_identify(src/sllidar_ros2) by extensions ['colcon_meta']
[0.260s] Level 1:colcon.colcon_core.package_identification:_identify(src/sllidar_ros2) by extension 'colcon_meta'
[0.260s] Level 1:colcon.colcon_core.package_identification:_identify(src/sllidar_ros2) by extensions ['ros']
[0.260s] Level 1:colcon.colcon_core.package_identification:_identify(src/sllidar_ros2) by extension 'ros'
[0.261s] DEBUG:colcon.colcon_core.package_identification:Package 'src/sllidar_ros2' with type 'ros.ament_cmake' and name 'sllidar_ros2'
[0.261s] Level 1:colcon.colcon_core.package_discovery:discover_packages(recursive) using defaults
[0.261s] Level 1:colcon.colcon_core.package_discovery:discover_packages(ignore) discover
[0.261s] Level 1:colcon.colcon_core.package_discovery:discover_packages(ignore) using defaults
[0.261s] Level 1:colcon.colcon_core.package_discovery:discover_packages(path) discover
[0.261s] Level 1:colcon.colcon_core.package_discovery:discover_packages(path) using defaults
[0.286s] Level 1:colcon.colcon_core.package_discovery:discover_packages(prefix_path) check parameters
[0.286s] Level 1:colcon.colcon_core.package_discovery:discover_packages(prefix_path) discover
[0.289s] DEBUG:colcon.colcon_installed_package_information.package_discovery:Found 4 installed packages in /home/uiabot/MAS514-UiABOT/ros2_ws/install
[0.289s] DEBUG:colcon.colcon_installed_package_information.package_discovery:Found 4 installed packages in /home/uiabot/ros2_ws/install
[0.291s] DEBUG:colcon.colcon_installed_package_information.package_discovery:Found 289 installed packages in /opt/ros/jazzy
[0.292s] Level 1:colcon.colcon_core.package_discovery:discover_packages(prefix_path) using defaults
[0.355s] Level 5:colcon.colcon_core.verb:set package 'bno055' build argument 'cmake_args' from command line to 'None'
[0.355s] Level 5:colcon.colcon_core.verb:set package 'bno055' build argument 'cmake_target' from command line to 'None'
[0.355s] Level 5:colcon.colcon_core.verb:set package 'bno055' build argument 'cmake_target_skip_unavailable' from command line to 'False'
[0.355s] Level 5:colcon.colcon_core.verb:set package 'bno055' build argument 'cmake_clean_cache' from command line to 'False'
[0.355s] Level 5:colcon.colcon_core.verb:set package 'bno055' build argument 'cmake_clean_first' from command line to 'False'
[0.355s] Level 5:colcon.colcon_core.verb:set package 'bno055' build argument 'cmake_force_configure' from command line to 'False'
[0.355s] Level 5:colcon.colcon_core.verb:set package 'bno055' build argument 'ament_cmake_args' from command line to 'None'
[0.355s] Level 5:colcon.colcon_core.verb:set package 'bno055' build argument 'catkin_cmake_args' from command line to 'None'
[0.355s] Level 5:colcon.colcon_core.verb:set package 'bno055' build argument 'catkin_skip_building_tests' from command line to 'False'
[0.355s] DEBUG:colcon.colcon_core.verb:Building package 'bno055' with the following arguments: {'ament_cmake_args': None, 'build_base': '/home/uiabot/MAS514-UiABOT/ros2_ws/build/bno055', 'catkin_cmake_args': None, 'catkin_skip_building_tests': False, 'cmake_args': None, 'cmake_clean_cache': False, 'cmake_clean_first': False, 'cmake_force_configure': False, 'cmake_target': None, 'cmake_target_skip_unavailable': False, 'install_base': '/home/uiabot/MAS514-UiABOT/ros2_ws/install/bno055', 'merge_install': False, 'path': '/home/uiabot/MAS514-UiABOT/ros2_ws/src/bno055', 'symlink_install': False, 'test_result_base': None}
[0.356s] Level 5:colcon.colcon_core.verb:set package 'raspi_sub' build argument 'cmake_args' from command line to 'None'
[0.356s] Level 5:colcon.colcon_core.verb:set package 'raspi_sub' build argument 'cmake_target' from command line to 'None'
[0.356s] Level 5:colcon.colcon_core.verb:set package 'raspi_sub' build argument 'cmake_target_skip_unavailable' from command line to 'False'
[0.356s] Level 5:colcon.colcon_core.verb:set package 'raspi_sub' build argument 'cmake_clean_cache' from command line to 'False'
[0.356s] Level 5:colcon.colcon_core.verb:set package 'raspi_sub' build argument 'cmake_clean_first' from command line to 'False'
[0.356s] Level 5:colcon.colcon_core.verb:set package 'raspi_sub' build argument 'cmake_force_configure' from command line to 'False'
[0.356s] Level 5:colcon.colcon_core.verb:set package 'raspi_sub' build argument 'ament_cmake_args' from command line to 'None'
[0.356s] Level 5:colcon.colcon_core.verb:set package 'raspi_sub' build argument 'catkin_cmake_args' from command line to 'None'
[0.356s] Level 5:colcon.colcon_core.verb:set package 'raspi_sub' build argument 'catkin_skip_building_tests' from command line to 'False'
[0.356s] DEBUG:colcon.colcon_core.verb:Building package 'raspi_sub' with the following arguments: {'ament_cmake_args': None, 'build_base': '/home/uiabot/MAS514-UiABOT/ros2_ws/build/raspi_sub', 'catkin_cmake_args': None, 'catkin_skip_building_tests': False, 'cmake_args': None, 'cmake_clean_cache': False, 'cmake_clean_first': False, 'cmake_force_configure': False, 'cmake_target': None, 'cmake_target_skip_unavailable': False, 'install_base': '/home/uiabot/MAS514-UiABOT/ros2_ws/install/raspi_sub', 'merge_install': False, 'path': '/home/uiabot/MAS514-UiABOT/ros2_ws/src/raspi_sub', 'symlink_install': False, 'test_result_base': None}
[0.356s] Level 5:colcon.colcon_core.verb:set package 'robot_description' build argument 'cmake_args' from command line to 'None'
[0.356s] Level 5:colcon.colcon_core.verb:set package 'robot_description' build argument 'cmake_target' from command line to 'None'
[0.356s] Level 5:colcon.colcon_core.verb:set package 'robot_description' build argument 'cmake_target_skip_unavailable' from command line to 'False'
[0.356s] Level 5:colcon.colcon_core.verb:set package 'robot_description' build argument 'cmake_clean_cache' from command line to 'False'
[0.356s] Level 5:colcon.colcon_core.verb:set package 'robot_description' build argument 'cmake_clean_first' from command line to 'False'
[0.356s] Level 5:colcon.colcon_core.verb:set package 'robot_description' build argument 'cmake_force_configure' from command line to 'False'
[0.356s] Level 5:colcon.colcon_core.verb:set package 'robot_description' build argument 'ament_cmake_args' from command line to 'None'
[0.357s] Level 5:colcon.colcon_core.verb:set package 'robot_description' build argument 'catkin_cmake_args' from command line to 'None'
[0.357s] Level 5:colcon.colcon_core.verb:set package 'robot_description' build argument 'catkin_skip_building_tests' from command line to 'False'
[0.357s] DEBUG:colcon.colcon_core.verb:Building package 'robot_description' with the following arguments: {'ament_cmake_args': None, 'build_base': '/home/uiabot/MAS514-UiABOT/ros2_ws/build/robot_description', 'catkin_cmake_args': None, 'catkin_skip_building_tests': False, 'cmake_args': None, 'cmake_clean_cache': False, 'cmake_clean_first': False, 'cmake_force_configure': False, 'cmake_target': None, 'cmake_target_skip_unavailable': False, 'install_base': '/home/uiabot/MAS514-UiABOT/ros2_ws/install/robot_description', 'merge_install': False, 'path': '/home/uiabot/MAS514-UiABOT/ros2_ws/src/robot_description', 'symlink_install': False, 'test_result_base': None}
[0.357s] Level 5:colcon.colcon_core.verb:set package 'sllidar_ros2' build argument 'cmake_args' from command line to 'None'
[0.357s] Level 5:colcon.colcon_core.verb:set package 'sllidar_ros2' build argument 'cmake_target' from command line to 'None'
[0.357s] Level 5:colcon.colcon_core.verb:set package 'sllidar_ros2' build argument 'cmake_target_skip_unavailable' from command line to 'False'
[0.357s] Level 5:colcon.colcon_core.verb:set package 'sllidar_ros2' build argument 'cmake_clean_cache' from command line to 'False'
[0.357s] Level 5:colcon.colcon_core.verb:set package 'sllidar_ros2' build argument 'cmake_clean_first' from command line to 'False'
[0.357s] Level 5:colcon.colcon_core.verb:set package 'sllidar_ros2' build argument 'cmake_force_configure' from command line to 'False'
[0.357s] Level 5:colcon.colcon_core.verb:set package 'sllidar_ros2' build argument 'ament_cmake_args' from command line to 'None'
[0.357s] Level 5:colcon.colcon_core.verb:set package 'sllidar_ros2' build argument 'catkin_cmake_args' from command line to 'None'
[0.357s] Level 5:colcon.colcon_core.verb:set package 'sllidar_ros2' build argument 'catkin_skip_building_tests' from command line to 'False'
[0.357s] DEBUG:colcon.colcon_core.verb:Building package 'sllidar_ros2' with the following arguments: {'ament_cmake_args': None, 'build_base': '/home/uiabot/MAS514-UiABOT/ros2_ws/build/sllidar_ros2', 'catkin_cmake_args': None, 'catkin_skip_building_tests': False, 'cmake_args': None, 'cmake_clean_cache': False, 'cmake_clean_first': False, 'cmake_force_configure': False, 'cmake_target': None, 'cmake_target_skip_unavailable': False, 'install_base': '/home/uiabot/MAS514-UiABOT/ros2_ws/install/sllidar_ros2', 'merge_install': False, 'path': '/home/uiabot/MAS514-UiABOT/ros2_ws/src/sllidar_ros2', 'symlink_install': False, 'test_result_base': None}
[0.357s] INFO:colcon.colcon_core.executor:Executing jobs using 'parallel' executor
[0.359s] DEBUG:colcon.colcon_parallel_executor.executor.parallel:run_until_complete
[0.359s] INFO:colcon.colcon_ros.task.ament_cmake.build:Building ROS package in '/home/uiabot/MAS514-UiABOT/ros2_ws/src/bno055' with build type 'ament_cmake'
[0.359s] INFO:colcon.colcon_cmake.task.cmake.build:Building CMake package in '/home/uiabot/MAS514-UiABOT/ros2_ws/src/bno055'
[0.363s] INFO:colcon.colcon_core.plugin_system:Skipping extension 'colcon_core.shell.bat': Not used on non-Windows systems
[0.363s] INFO:colcon.colcon_core.shell:Skip shell extension 'powershell' for command environment: Not usable outside of PowerShell
[0.363s] DEBUG:colcon.colcon_core.shell:Skip shell extension 'dsv' for command environment
[0.371s] INFO:colcon.colcon_ros.task.ament_cmake.build:Building ROS package in '/home/uiabot/MAS514-UiABOT/ros2_ws/src/raspi_sub' with build type 'ament_cmake'
[0.372s] INFO:colcon.colcon_cmake.task.cmake.build:Building CMake package in '/home/uiabot/MAS514-UiABOT/ros2_ws/src/raspi_sub'
[0.372s] INFO:colcon.colcon_core.shell:Skip shell extension 'powershell' for command environment: Not usable outside of PowerShell
[0.372s] DEBUG:colcon.colcon_core.shell:Skip shell extension 'dsv' for command environment
[0.379s] INFO:colcon.colcon_ros.task.ament_cmake.build:Building ROS package in '/home/uiabot/MAS514-UiABOT/ros2_ws/src/robot_description' with build type 'ament_cmake'
[0.379s] INFO:colcon.colcon_cmake.task.cmake.build:Building CMake package in '/home/uiabot/MAS514-UiABOT/ros2_ws/src/robot_description'
[0.380s] INFO:colcon.colcon_core.shell:Skip shell extension 'powershell' for command environment: Not usable outside of PowerShell
[0.380s] DEBUG:colcon.colcon_core.shell:Skip shell extension 'dsv' for command environment
[0.386s] INFO:colcon.colcon_ros.task.ament_cmake.build:Building ROS package in '/home/uiabot/MAS514-UiABOT/ros2_ws/src/sllidar_ros2' with build type 'ament_cmake'
[0.387s] INFO:colcon.colcon_cmake.task.cmake.build:Building CMake package in '/home/uiabot/MAS514-UiABOT/ros2_ws/src/sllidar_ros2'
[0.387s] INFO:colcon.colcon_core.shell:Skip shell extension 'powershell' for command environment: Not usable outside of PowerShell
[0.387s] DEBUG:colcon.colcon_core.shell:Skip shell extension 'dsv' for command environment
[0.405s] DEBUG:colcon.colcon_core.event_handler.log_command:Invoking command in '/home/uiabot/MAS514-UiABOT/ros2_ws/build/bno055': CMAKE_PREFIX_PATH=${CMAKE_PREFIX_PATH}:/home/uiabot/ros2_ws/install/robot_keyboard_control:/home/uiabot/ros2_ws/install/my_publisher_package:/home/uiabot/ros2_ws/install/my_listener_package:/home/uiabot/ros2_ws/install/esp32_com:/opt/ros/jazzy DEBUGINFOD_URLS=https://debuginfod.ubuntu.com /usr/bin/cmake --build /home/uiabot/MAS514-UiABOT/ros2_ws/build/bno055 -- -j4 -l4
[0.412s] DEBUG:colcon.colcon_core.event_handler.log_command:Invoking command in '/home/uiabot/MAS514-UiABOT/ros2_ws/build/raspi_sub': CMAKE_PREFIX_PATH=${CMAKE_PREFIX_PATH}:/home/uiabot/ros2_ws/install/robot_keyboard_control:/home/uiabot/ros2_ws/install/my_publisher_package:/home/uiabot/ros2_ws/install/my_listener_package:/home/uiabot/ros2_ws/install/esp32_com:/opt/ros/jazzy DEBUGINFOD_URLS=https://debuginfod.ubuntu.com /usr/bin/cmake --build /home/uiabot/MAS514-UiABOT/ros2_ws/build/raspi_sub -- -j4 -l4
[0.419s] DEBUG:colcon.colcon_core.event_handler.log_command:Invoking command in '/home/uiabot/MAS514-UiABOT/ros2_ws/build/robot_description': CMAKE_PREFIX_PATH=${CMAKE_PREFIX_PATH}:/home/uiabot/ros2_ws/install/robot_keyboard_control:/home/uiabot/ros2_ws/install/my_publisher_package:/home/uiabot/ros2_ws/install/my_listener_package:/home/uiabot/ros2_ws/install/esp32_com:/opt/ros/jazzy DEBUGINFOD_URLS=https://debuginfod.ubuntu.com /usr/bin/cmake --build /home/uiabot/MAS514-UiABOT/ros2_ws/build/robot_description -- -j4 -l4
[0.437s] DEBUG:colcon.colcon_core.event_handler.log_command:Invoking command in '/home/uiabot/MAS514-UiABOT/ros2_ws/build/sllidar_ros2': CMAKE_PREFIX_PATH=${CMAKE_PREFIX_PATH}:/home/uiabot/ros2_ws/install/robot_keyboard_control:/home/uiabot/ros2_ws/install/my_publisher_package:/home/uiabot/ros2_ws/install/my_listener_package:/home/uiabot/ros2_ws/install/esp32_com:/opt/ros/jazzy DEBUGINFOD_URLS=https://debuginfod.ubuntu.com /usr/bin/cmake --build /home/uiabot/MAS514-UiABOT/ros2_ws/build/sllidar_ros2 -- -j4 -l4
[0.528s] DEBUG:colcon.colcon_core.event_handler.log_command:Invoked command in '/home/uiabot/MAS514-UiABOT/ros2_ws/build/bno055' returned '0': CMAKE_PREFIX_PATH=${CMAKE_PREFIX_PATH}:/home/uiabot/ros2_ws/install/robot_keyboard_control:/home/uiabot/ros2_ws/install/my_publisher_package:/home/uiabot/ros2_ws/install/my_listener_package:/home/uiabot/ros2_ws/install/esp32_com:/opt/ros/jazzy DEBUGINFOD_URLS=https://debuginfod.ubuntu.com /usr/bin/cmake --build /home/uiabot/MAS514-UiABOT/ros2_ws/build/bno055 -- -j4 -l4
[0.545s] DEBUG:colcon.colcon_core.event_handler.log_command:Invoked command in '/home/uiabot/MAS514-UiABOT/ros2_ws/build/robot_description' returned '0': CMAKE_PREFIX_PATH=${CMAKE_PREFIX_PATH}:/home/uiabot/ros2_ws/install/robot_keyboard_control:/home/uiabot/ros2_ws/install/my_publisher_package:/home/uiabot/ros2_ws/install/my_listener_package:/home/uiabot/ros2_ws/install/esp32_com:/opt/ros/jazzy DEBUGINFOD_URLS=https://debuginfod.ubuntu.com /usr/bin/cmake --build /home/uiabot/MAS514-UiABOT/ros2_ws/build/robot_description -- -j4 -l4
[0.554s] DEBUG:colcon.colcon_core.event_handler.log_command:Invoked command in '/home/uiabot/MAS514-UiABOT/ros2_ws/build/raspi_sub' returned '0': CMAKE_PREFIX_PATH=${CMAKE_PREFIX_PATH}:/home/uiabot/ros2_ws/install/robot_keyboard_control:/home/uiabot/ros2_ws/install/my_publisher_package:/home/uiabot/ros2_ws/install/my_listener_package:/home/uiabot/ros2_ws/install/esp32_com:/opt/ros/jazzy DEBUGINFOD_URLS=https://debuginfod.ubuntu.com /usr/bin/cmake --build /home/uiabot/MAS514-UiABOT/ros2_ws/build/raspi_sub -- -j4 -l4
[0.632s] DEBUG:colcon.colcon_core.event_handler.log_command:Invoking command in '/home/uiabot/MAS514-UiABOT/ros2_ws/build/bno055': CMAKE_PREFIX_PATH=${CMAKE_PREFIX_PATH}:/home/uiabot/ros2_ws/install/robot_keyboard_control:/home/uiabot/ros2_ws/install/my_publisher_package:/home/uiabot/ros2_ws/install/my_listener_package:/home/uiabot/ros2_ws/install/esp32_com:/opt/ros/jazzy DEBUGINFOD_URLS=https://debuginfod.ubuntu.com /usr/bin/cmake --install /home/uiabot/MAS514-UiABOT/ros2_ws/build/bno055
[0.635s] DEBUG:colcon.colcon_core.event_handler.log_command:Invoking command in '/home/uiabot/MAS514-UiABOT/ros2_ws/build/raspi_sub': CMAKE_PREFIX_PATH=${CMAKE_PREFIX_PATH}:/home/uiabot/ros2_ws/install/robot_keyboard_control:/home/uiabot/ros2_ws/install/my_publisher_package:/home/uiabot/ros2_ws/install/my_listener_package:/home/uiabot/ros2_ws/install/esp32_com:/opt/ros/jazzy DEBUGINFOD_URLS=https://debuginfod.ubuntu.com /usr/bin/cmake --install /home/uiabot/MAS514-UiABOT/ros2_ws/build/raspi_sub
[0.639s] DEBUG:colcon.colcon_core.event_handler.log_command:Invoking command in '/home/uiabot/MAS514-UiABOT/ros2_ws/build/robot_description': CMAKE_PREFIX_PATH=${CMAKE_PREFIX_PATH}:/home/uiabot/ros2_ws/install/robot_keyboard_control:/home/uiabot/ros2_ws/install/my_publisher_package:/home/uiabot/ros2_ws/install/my_listener_package:/home/uiabot/ros2_ws/install/esp32_com:/opt/ros/jazzy DEBUGINFOD_URLS=https://debuginfod.ubuntu.com /usr/bin/cmake --install /home/uiabot/MAS514-UiABOT/ros2_ws/build/robot_description
[0.658s] Level 1:colcon.colcon_core.environment:create_environment_scripts_only(bno055)
[0.664s] DEBUG:colcon.colcon_core.event_handler.log_command:Invoked command in '/home/uiabot/MAS514-UiABOT/ros2_ws/build/bno055' returned '0': CMAKE_PREFIX_PATH=${CMAKE_PREFIX_PATH}:/home/uiabot/ros2_ws/install/robot_keyboard_control:/home/uiabot/ros2_ws/install/my_publisher_package:/home/uiabot/ros2_ws/install/my_listener_package:/home/uiabot/ros2_ws/install/esp32_com:/opt/ros/jazzy DEBUGINFOD_URLS=https://debuginfod.ubuntu.com /usr/bin/cmake --install /home/uiabot/MAS514-UiABOT/ros2_ws/build/bno055
[0.672s] Level 1:colcon.colcon_core.environment:checking '/home/uiabot/MAS514-UiABOT/ros2_ws/install/bno055' for CMake module files
[0.673s] Level 1:colcon.colcon_core.environment:checking '/home/uiabot/MAS514-UiABOT/ros2_ws/install/bno055' for CMake config files
[0.673s] Level 1:colcon.colcon_core.shell:create_environment_hook('bno055', 'cmake_prefix_path')
[0.674s] INFO:colcon.colcon_core.shell:Creating environment hook '/home/uiabot/MAS514-UiABOT/ros2_ws/install/bno055/share/bno055/hook/cmake_prefix_path.ps1'
[0.674s] INFO:colcon.colcon_core.shell:Creating environment descriptor '/home/uiabot/MAS514-UiABOT/ros2_ws/install/bno055/share/bno055/hook/cmake_prefix_path.dsv'
[0.675s] INFO:colcon.colcon_core.shell:Creating environment hook '/home/uiabot/MAS514-UiABOT/ros2_ws/install/bno055/share/bno055/hook/cmake_prefix_path.sh'
[0.676s] Level 1:colcon.colcon_core.environment:checking '/home/uiabot/MAS514-UiABOT/ros2_ws/install/bno055/bin'
[0.677s] Level 1:colcon.colcon_core.environment:checking '/home/uiabot/MAS514-UiABOT/ros2_ws/install/bno055/lib/pkgconfig/bno055.pc'
[0.677s] Level 1:colcon.colcon_core.environment:checking '/home/uiabot/MAS514-UiABOT/ros2_ws/install/bno055/lib/python3.12/site-packages'
[0.677s] Level 1:colcon.colcon_core.environment:checking '/home/uiabot/MAS514-UiABOT/ros2_ws/install/bno055/bin'
[0.677s] INFO:colcon.colcon_core.shell:Creating package script '/home/uiabot/MAS514-UiABOT/ros2_ws/install/bno055/share/bno055/package.ps1'
[0.678s] INFO:colcon.colcon_core.shell:Creating package descriptor '/home/uiabot/MAS514-UiABOT/ros2_ws/install/bno055/share/bno055/package.dsv'
[0.679s] INFO:colcon.colcon_core.shell:Creating package script '/home/uiabot/MAS514-UiABOT/ros2_ws/install/bno055/share/bno055/package.sh'
[0.680s] INFO:colcon.colcon_core.shell:Creating package script '/home/uiabot/MAS514-UiABOT/ros2_ws/install/bno055/share/bno055/package.bash'
[0.681s] INFO:colcon.colcon_core.shell:Creating package script '/home/uiabot/MAS514-UiABOT/ros2_ws/install/bno055/share/bno055/package.zsh'
[0.682s] Level 1:colcon.colcon_core.environment:create_file_with_runtime_dependencies(/home/uiabot/MAS514-UiABOT/ros2_ws/install/bno055/share/colcon-core/packages/bno055)
[0.684s] DEBUG:colcon.colcon_core.event_handler.log_command:Invoked command in '/home/uiabot/MAS514-UiABOT/ros2_ws/build/raspi_sub' returned '1': CMAKE_PREFIX_PATH=${CMAKE_PREFIX_PATH}:/home/uiabot/ros2_ws/install/robot_keyboard_control:/home/uiabot/ros2_ws/install/my_publisher_package:/home/uiabot/ros2_ws/install/my_listener_package:/home/uiabot/ros2_ws/install/esp32_com:/opt/ros/jazzy DEBUGINFOD_URLS=https://debuginfod.ubuntu.com /usr/bin/cmake --install /home/uiabot/MAS514-UiABOT/ros2_ws/build/raspi_sub
[0.686s] Level 1:colcon.colcon_core.environment:create_environment_scripts_only(robot_description)
[0.687s] Level 1:colcon.colcon_core.environment:checking '/home/uiabot/MAS514-UiABOT/ros2_ws/install/robot_description' for CMake module files
[0.688s] DEBUG:colcon.colcon_core.event_handler.log_command:Invoked command in '/home/uiabot/MAS514-UiABOT/ros2_ws/build/robot_description' returned '0': CMAKE_PREFIX_PATH=${CMAKE_PREFIX_PATH}:/home/uiabot/ros2_ws/install/robot_keyboard_control:/home/uiabot/ros2_ws/install/my_publisher_package:/home/uiabot/ros2_ws/install/my_listener_package:/home/uiabot/ros2_ws/install/esp32_com:/opt/ros/jazzy DEBUGINFOD_URLS=https://debuginfod.ubuntu.com /usr/bin/cmake --install /home/uiabot/MAS514-UiABOT/ros2_ws/build/robot_description
[0.688s] Level 1:colcon.colcon_core.environment:checking '/home/uiabot/MAS514-UiABOT/ros2_ws/install/robot_description' for CMake config files
[0.689s] Level 1:colcon.colcon_core.shell:create_environment_hook('robot_description', 'cmake_prefix_path')
[0.689s] INFO:colcon.colcon_core.shell:Creating environment hook '/home/uiabot/MAS514-UiABOT/ros2_ws/install/robot_description/share/robot_description/hook/cmake_prefix_path.ps1'
[0.690s] INFO:colcon.colcon_core.shell:Creating environment descriptor '/home/uiabot/MAS514-UiABOT/ros2_ws/install/robot_description/share/robot_description/hook/cmake_prefix_path.dsv'
[0.693s] INFO:colcon.colcon_core.shell:Creating environment hook '/home/uiabot/MAS514-UiABOT/ros2_ws/install/robot_description/share/robot_description/hook/cmake_prefix_path.sh'
[0.695s] Level 1:colcon.colcon_core.environment:checking '/home/uiabot/MAS514-UiABOT/ros2_ws/install/robot_description/bin'
[0.695s] Level 1:colcon.colcon_core.environment:checking '/home/uiabot/MAS514-UiABOT/ros2_ws/install/robot_description/lib/pkgconfig/robot_description.pc'
[0.695s] Level 1:colcon.colcon_core.environment:checking '/home/uiabot/MAS514-UiABOT/ros2_ws/install/robot_description/lib/python3.12/site-packages'
[0.696s] Level 1:colcon.colcon_core.environment:checking '/home/uiabot/MAS514-UiABOT/ros2_ws/install/robot_description/bin'
[0.696s] INFO:colcon.colcon_core.shell:Creating package script '/home/uiabot/MAS514-UiABOT/ros2_ws/install/robot_description/share/robot_description/package.ps1'
[0.697s] INFO:colcon.colcon_core.shell:Creating package descriptor '/home/uiabot/MAS514-UiABOT/ros2_ws/install/robot_description/share/robot_description/package.dsv'
[0.699s] INFO:colcon.colcon_core.shell:Creating package script '/home/uiabot/MAS514-UiABOT/ros2_ws/install/robot_description/share/robot_description/package.sh'
[0.700s] INFO:colcon.colcon_core.shell:Creating package script '/home/uiabot/MAS514-UiABOT/ros2_ws/install/robot_description/share/robot_description/package.bash'
[0.701s] INFO:colcon.colcon_core.shell:Creating package script '/home/uiabot/MAS514-UiABOT/ros2_ws/install/robot_description/share/robot_description/package.zsh'
[0.702s] Level 1:colcon.colcon_core.environment:create_file_with_runtime_dependencies(/home/uiabot/MAS514-UiABOT/ros2_ws/install/robot_description/share/colcon-core/packages/robot_description)
[0.705s] DEBUG:colcon.colcon_core.event_handler.log_command:Invoked command in '/home/uiabot/MAS514-UiABOT/ros2_ws/build/sllidar_ros2' returned '0': CMAKE_PREFIX_PATH=${CMAKE_PREFIX_PATH}:/home/uiabot/ros2_ws/install/robot_keyboard_control:/home/uiabot/ros2_ws/install/my_publisher_package:/home/uiabot/ros2_ws/install/my_listener_package:/home/uiabot/ros2_ws/install/esp32_com:/opt/ros/jazzy DEBUGINFOD_URLS=https://debuginfod.ubuntu.com /usr/bin/cmake --build /home/uiabot/MAS514-UiABOT/ros2_ws/build/sllidar_ros2 -- -j4 -l4
[0.727s] Level 1:colcon.colcon_core.environment:create_environment_scripts_only(bno055)
[0.728s] Level 1:colcon.colcon_core.environment:checking '/home/uiabot/MAS514-UiABOT/ros2_ws/install/bno055' for CMake module files
[0.728s] Level 1:colcon.colcon_core.environment:checking '/home/uiabot/MAS514-UiABOT/ros2_ws/install/bno055' for CMake config files
[0.729s] Level 1:colcon.colcon_core.shell:create_environment_hook('bno055', 'cmake_prefix_path')
[0.729s] INFO:colcon.colcon_core.shell:Creating environment hook '/home/uiabot/MAS514-UiABOT/ros2_ws/install/bno055/share/bno055/hook/cmake_prefix_path.ps1'
[0.730s] INFO:colcon.colcon_core.shell:Creating environment descriptor '/home/uiabot/MAS514-UiABOT/ros2_ws/install/bno055/share/bno055/hook/cmake_prefix_path.dsv'
[0.731s] INFO:colcon.colcon_core.shell:Creating environment hook '/home/uiabot/MAS514-UiABOT/ros2_ws/install/bno055/share/bno055/hook/cmake_prefix_path.sh'
[0.732s] Level 1:colcon.colcon_core.environment:checking '/home/uiabot/MAS514-UiABOT/ros2_ws/install/bno055/bin'
[0.732s] Level 1:colcon.colcon_core.environment:checking '/home/uiabot/MAS514-UiABOT/ros2_ws/install/bno055/lib/pkgconfig/bno055.pc'
[0.733s] Level 1:colcon.colcon_core.environment:checking '/home/uiabot/MAS514-UiABOT/ros2_ws/install/bno055/lib/python3.12/site-packages'
[0.733s] Level 1:colcon.colcon_core.environment:checking '/home/uiabot/MAS514-UiABOT/ros2_ws/install/bno055/bin'
[0.733s] INFO:colcon.colcon_core.shell:Creating package script '/home/uiabot/MAS514-UiABOT/ros2_ws/install/bno055/share/bno055/package.ps1'
[0.734s] INFO:colcon.colcon_core.shell:Creating package descriptor '/home/uiabot/MAS514-UiABOT/ros2_ws/install/bno055/share/bno055/package.dsv'
[0.735s] INFO:colcon.colcon_core.shell:Creating package script '/home/uiabot/MAS514-UiABOT/ros2_ws/install/bno055/share/bno055/package.sh'
[0.737s] INFO:colcon.colcon_core.shell:Creating package script '/home/uiabot/MAS514-UiABOT/ros2_ws/install/bno055/share/bno055/package.bash'
[0.737s] INFO:colcon.colcon_core.shell:Creating package script '/home/uiabot/MAS514-UiABOT/ros2_ws/install/bno055/share/bno055/package.zsh'
[0.739s] Level 1:colcon.colcon_core.environment:create_file_with_runtime_dependencies(/home/uiabot/MAS514-UiABOT/ros2_ws/install/bno055/share/colcon-core/packages/bno055)
[0.741s] Level 1:colcon.colcon_core.environment:create_environment_scripts_only(raspi_sub)
[0.743s] Level 1:colcon.colcon_core.environment:checking '/home/uiabot/MAS514-UiABOT/ros2_ws/install/raspi_sub' for CMake module files
[0.746s] Level 1:colcon.colcon_core.environment:checking '/home/uiabot/MAS514-UiABOT/ros2_ws/install/raspi_sub' for CMake config files
[0.747s] Level 1:colcon.colcon_core.shell:create_environment_hook('raspi_sub', 'cmake_prefix_path')
[0.748s] INFO:colcon.colcon_core.shell:Creating environment hook '/home/uiabot/MAS514-UiABOT/ros2_ws/install/raspi_sub/share/raspi_sub/hook/cmake_prefix_path.ps1'
[0.749s] INFO:colcon.colcon_core.shell:Creating environment descriptor '/home/uiabot/MAS514-UiABOT/ros2_ws/install/raspi_sub/share/raspi_sub/hook/cmake_prefix_path.dsv'
[0.750s] INFO:colcon.colcon_core.shell:Creating environment hook '/home/uiabot/MAS514-UiABOT/ros2_ws/install/raspi_sub/share/raspi_sub/hook/cmake_prefix_path.sh'
[0.753s] Level 1:colcon.colcon_core.environment:checking '/home/uiabot/MAS514-UiABOT/ros2_ws/install/raspi_sub/lib'
[0.753s] Level 1:colcon.colcon_core.environment:checking '/home/uiabot/MAS514-UiABOT/ros2_ws/install/raspi_sub/bin'
[0.754s] Level 1:colcon.colcon_core.environment:checking '/home/uiabot/MAS514-UiABOT/ros2_ws/install/raspi_sub/lib/pkgconfig/raspi_sub.pc'
[0.754s] Level 1:colcon.colcon_core.environment:checking '/home/uiabot/MAS514-UiABOT/ros2_ws/install/raspi_sub/lib/python3.12/site-packages'
[0.754s] Level 1:colcon.colcon_core.environment:checking '/home/uiabot/MAS514-UiABOT/ros2_ws/install/raspi_sub/bin'
[0.755s] INFO:colcon.colcon_core.shell:Creating package script '/home/uiabot/MAS514-UiABOT/ros2_ws/install/raspi_sub/share/raspi_sub/package.ps1'
[0.756s] INFO:colcon.colcon_core.shell:Creating package descriptor '/home/uiabot/MAS514-UiABOT/ros2_ws/install/raspi_sub/share/raspi_sub/package.dsv'
[0.757s] INFO:colcon.colcon_core.shell:Creating package script '/home/uiabot/MAS514-UiABOT/ros2_ws/install/raspi_sub/share/raspi_sub/package.sh'
[0.758s] INFO:colcon.colcon_core.shell:Creating package script '/home/uiabot/MAS514-UiABOT/ros2_ws/install/raspi_sub/share/raspi_sub/package.bash'
[0.759s] INFO:colcon.colcon_core.shell:Creating package script '/home/uiabot/MAS514-UiABOT/ros2_ws/install/raspi_sub/share/raspi_sub/package.zsh'
[0.761s] Level 1:colcon.colcon_core.environment:create_file_with_runtime_dependencies(/home/uiabot/MAS514-UiABOT/ros2_ws/install/raspi_sub/share/colcon-core/packages/raspi_sub)
[0.839s] DEBUG:colcon.colcon_parallel_executor.executor.parallel:closing loop
[0.840s] DEBUG:colcon.colcon_parallel_executor.executor.parallel:loop closed
[0.840s] DEBUG:colcon.colcon_parallel_executor.executor.parallel:run_until_complete finished with '1'
[0.840s] DEBUG:colcon.colcon_core.event_reactor:joining thread
[0.852s] INFO:colcon.colcon_core.plugin_system:Skipping extension 'colcon_notification.desktop_notification.terminal_notifier': Not used on non-Darwin systems
[0.852s] INFO:colcon.colcon_core.plugin_system:Skipping extension 'colcon_notification.desktop_notification.win32': Not used on non-Windows systems
[0.852s] INFO:colcon.colcon_notification.desktop_notification:Sending desktop notification using 'notify2'
[0.877s] DEBUG:colcon.colcon_core.event_reactor:joined thread
[0.878s] INFO:colcon.colcon_core.shell:Creating prefix script '/home/uiabot/MAS514-UiABOT/ros2_ws/install/local_setup.ps1'
[0.879s] INFO:colcon.colcon_core.shell:Creating prefix util module '/home/uiabot/MAS514-UiABOT/ros2_ws/install/_local_setup_util_ps1.py'
[0.881s] INFO:colcon.colcon_core.shell:Creating prefix chain script '/home/uiabot/MAS514-UiABOT/ros2_ws/install/setup.ps1'
[0.883s] INFO:colcon.colcon_core.shell:Creating prefix script '/home/uiabot/MAS514-UiABOT/ros2_ws/install/local_setup.sh'
[0.884s] INFO:colcon.colcon_core.shell:Creating prefix util module '/home/uiabot/MAS514-UiABOT/ros2_ws/install/_local_setup_util_sh.py'
[0.885s] INFO:colcon.colcon_core.shell:Creating prefix chain script '/home/uiabot/MAS514-UiABOT/ros2_ws/install/setup.sh'
[0.890s] INFO:colcon.colcon_core.shell:Creating prefix script '/home/uiabot/MAS514-UiABOT/ros2_ws/install/local_setup.bash'
[0.891s] INFO:colcon.colcon_core.shell:Creating prefix chain script '/home/uiabot/MAS514-UiABOT/ros2_ws/install/setup.bash'
[0.894s] INFO:colcon.colcon_core.shell:Creating prefix script '/home/uiabot/MAS514-UiABOT/ros2_ws/install/local_setup.zsh'
[0.895s] INFO:colcon.colcon_core.shell:Creating prefix chain script '/home/uiabot/MAS514-UiABOT/ros2_ws/install/setup.zsh'
