-- The C compiler identification is GNU 11.4.0
-- The CXX compiler identification is GNU 11.4.0
-- Detecting C compiler ABI info
-- Detecting C compiler ABI info - done
-- Check for working C compiler: /usr/lib/ccache/cc - skipped
-- Detecting C compile features
-- Detecting C compile features - done
-- Detecting CXX compiler ABI info
-- Detecting CXX compiler ABI info - done
-- Check for working CXX compiler: /usr/lib/ccache/c++ - skipped
-- Detecting CXX compile features
-- Detecting CXX compile features - done
-- Found ament_cmake: 1.3.10 (/opt/ros/humble/share/ament_cmake/cmake)
-- Found Python3: /usr/bin/python3 (found version "3.10.12") found components: Interpreter 
-- Found ament_lint_auto: 0.12.11 (/opt/ros/humble/share/ament_lint_auto/cmake)
-- Added test 'flake8' to check Python code syntax and style conventions
-- Added test 'lint_cmake' to check CMake code style
-- Added test 'pep257' to check Python code against some of the docstring style conventions in PEP 257
-- Added test 'xmllint' to check XML markup files
-- Configuring done
-- Generating done
-- Build files have been written to: /home/devtex/MAS514-UiABOT/ros2_ws/build/bno055
-- Install configuration: ""
-- Installing: /home/devtex/MAS514-UiABOT/ros2_ws/install/bno055/share/ament_index/resource_index/package_run_dependencies/bno055
-- Installing: /home/devtex/MAS514-UiABOT/ros2_ws/install/bno055/share/ament_index/resource_index/parent_prefix_path/bno055
-- Installing: /home/devtex/MAS514-UiABOT/ros2_ws/install/bno055/share/bno055/environment/ament_prefix_path.sh
-- Installing: /home/devtex/MAS514-UiABOT/ros2_ws/install/bno055/share/bno055/environment/ament_prefix_path.dsv
-- Installing: /home/devtex/MAS514-UiABOT/ros2_ws/install/bno055/share/bno055/environment/path.sh
-- Installing: /home/devtex/MAS514-UiABOT/ros2_ws/install/bno055/share/bno055/environment/path.dsv
-- Installing: /home/devtex/MAS514-UiABOT/ros2_ws/install/bno055/share/bno055/local_setup.bash
-- Installing: /home/devtex/MAS514-UiABOT/ros2_ws/install/bno055/share/bno055/local_setup.sh
-- Installing: /home/devtex/MAS514-UiABOT/ros2_ws/install/bno055/share/bno055/local_setup.zsh
-- Installing: /home/devtex/MAS514-UiABOT/ros2_ws/install/bno055/share/bno055/local_setup.dsv
-- Installing: /home/devtex/MAS514-UiABOT/ros2_ws/install/bno055/share/bno055/package.dsv
-- Installing: /home/devtex/MAS514-UiABOT/ros2_ws/install/bno055/share/ament_index/resource_index/packages/bno055
-- Installing: /home/devtex/MAS514-UiABOT/ros2_ws/install/bno055/share/bno055/cmake/bno055Config.cmake
-- Installing: /home/devtex/MAS514-UiABOT/ros2_ws/install/bno055/share/bno055/cmake/bno055Config-version.cmake
-- Installing: /home/devtex/MAS514-UiABOT/ros2_ws/install/bno055/share/bno055/package.xml
