[0.011s] Invoking command in '/home/devtex/MAS514-UiABOT/ros2_ws/build/bno055': CMAKE_PREFIX_PATH=${CMAKE_PREFIX_PATH}:/opt/ros/humble /usr/bin/cmake /home/devtex/MAS514-UiABOT/ros2_ws/src/bno055 -DCMAKE_INSTALL_PREFIX=/home/devtex/MAS514-UiABOT/ros2_ws/install/bno055
[0.046s] -- The C compiler identification is GNU 11.4.0
[0.082s] -- The CXX compiler identification is GNU 11.4.0
[0.087s] -- Detecting C compiler ABI info
[0.126s] -- Detecting C compiler ABI info - done
[0.133s] -- Check for working C compiler: /usr/lib/ccache/cc - skipped
[0.133s] -- Detecting C compile features
[0.133s] -- Detecting C compile features - done
[0.135s] -- Detecting CXX compiler ABI info
[0.178s] -- Detecting CXX compiler ABI info - done
[0.185s] -- Check for working CXX compiler: /usr/lib/ccache/c++ - skipped
[0.185s] -- Detecting CXX compile features
[0.186s] -- Detecting CXX compile features - done
[0.188s] -- Found ament_cmake: 1.3.10 (/opt/ros/humble/share/ament_cmake/cmake)
[0.534s] -- Found Python3: /usr/bin/python3 (found version "3.10.12") found components: Interpreter 
[0.583s] -- Found ament_lint_auto: 0.12.11 (/opt/ros/humble/share/ament_lint_auto/cmake)
[0.632s] -- Added test 'flake8' to check Python code syntax and style conventions
[0.632s] -- Added test 'lint_cmake' to check CMake code style
[0.633s] -- Added test 'pep257' to check Python code against some of the docstring style conventions in PEP 257
[0.633s] -- Added test 'xmllint' to check XML markup files
[0.634s] -- Configuring done
[0.636s] -- Generating done
[0.637s] -- Build files have been written to: /home/devtex/MAS514-UiABOT/ros2_ws/build/bno055
[0.640s] Invoked command in '/home/devtex/MAS514-UiABOT/ros2_ws/build/bno055' returned '0': CMAKE_PREFIX_PATH=${CMAKE_PREFIX_PATH}:/opt/ros/humble /usr/bin/cmake /home/devtex/MAS514-UiABOT/ros2_ws/src/bno055 -DCMAKE_INSTALL_PREFIX=/home/devtex/MAS514-UiABOT/ros2_ws/install/bno055
[0.640s] Invoking command in '/home/devtex/MAS514-UiABOT/ros2_ws/build/bno055': CMAKE_PREFIX_PATH=${CMAKE_PREFIX_PATH}:/opt/ros/humble /usr/bin/cmake --build /home/devtex/MAS514-UiABOT/ros2_ws/build/bno055 -- -j32 -l32
[0.666s] Invoked command in '/home/devtex/MAS514-UiABOT/ros2_ws/build/bno055' returned '0': CMAKE_PREFIX_PATH=${CMAKE_PREFIX_PATH}:/opt/ros/humble /usr/bin/cmake --build /home/devtex/MAS514-UiABOT/ros2_ws/build/bno055 -- -j32 -l32
[0.680s] Invoking command in '/home/devtex/MAS514-UiABOT/ros2_ws/build/bno055': CMAKE_PREFIX_PATH=${CMAKE_PREFIX_PATH}:/opt/ros/humble /usr/bin/cmake --install /home/devtex/MAS514-UiABOT/ros2_ws/build/bno055
[0.685s] -- Install configuration: ""
[0.685s] -- Installing: /home/devtex/MAS514-UiABOT/ros2_ws/install/bno055/share/ament_index/resource_index/package_run_dependencies/bno055
[0.686s] -- Installing: /home/devtex/MAS514-UiABOT/ros2_ws/install/bno055/share/ament_index/resource_index/parent_prefix_path/bno055
[0.686s] -- Installing: /home/devtex/MAS514-UiABOT/ros2_ws/install/bno055/share/bno055/environment/ament_prefix_path.sh
[0.686s] -- Installing: /home/devtex/MAS514-UiABOT/ros2_ws/install/bno055/share/bno055/environment/ament_prefix_path.dsv
[0.686s] -- Installing: /home/devtex/MAS514-UiABOT/ros2_ws/install/bno055/share/bno055/environment/path.sh
[0.686s] -- Installing: /home/devtex/MAS514-UiABOT/ros2_ws/install/bno055/share/bno055/environment/path.dsv
[0.686s] -- Installing: /home/devtex/MAS514-UiABOT/ros2_ws/install/bno055/share/bno055/local_setup.bash
[0.686s] -- Installing: /home/devtex/MAS514-UiABOT/ros2_ws/install/bno055/share/bno055/local_setup.sh
[0.686s] -- Installing: /home/devtex/MAS514-UiABOT/ros2_ws/install/bno055/share/bno055/local_setup.zsh
[0.686s] -- Installing: /home/devtex/MAS514-UiABOT/ros2_ws/install/bno055/share/bno055/local_setup.dsv
[0.686s] -- Installing: /home/devtex/MAS514-UiABOT/ros2_ws/install/bno055/share/bno055/package.dsv
[0.687s] -- Installing: /home/devtex/MAS514-UiABOT/ros2_ws/install/bno055/share/ament_index/resource_index/packages/bno055
[0.687s] -- Installing: /home/devtex/MAS514-UiABOT/ros2_ws/install/bno055/share/bno055/cmake/bno055Config.cmake
[0.687s] -- Installing: /home/devtex/MAS514-UiABOT/ros2_ws/install/bno055/share/bno055/cmake/bno055Config-version.cmake
[0.687s] -- Installing: /home/devtex/MAS514-UiABOT/ros2_ws/install/bno055/share/bno055/package.xml
[0.688s] Invoked command in '/home/devtex/MAS514-UiABOT/ros2_ws/build/bno055' returned '0': CMAKE_PREFIX_PATH=${CMAKE_PREFIX_PATH}:/opt/ros/humble /usr/bin/cmake --install /home/devtex/MAS514-UiABOT/ros2_ws/build/bno055
