[0.008s] Invoking command in '/home/devtex/MAS514-UiABOT/ros2_ws/build/robot_description': CMAKE_PREFIX_PATH=${CMAKE_PREFIX_PATH}:/opt/ros/humble /usr/bin/cmake /home/devtex/MAS514-UiABOT/ros2_ws/src/robot_description -DCMAKE_INSTALL_PREFIX=/home/devtex/MAS514-UiABOT/ros2_ws/install/robot_description
[0.040s] -- The C compiler identification is GNU 11.4.0
[0.077s] -- The CXX compiler identification is GNU 11.4.0
[0.083s] -- Detecting C compiler ABI info
[0.121s] -- Detecting C compiler ABI info - done
[0.128s] -- Check for working C compiler: /usr/lib/ccache/cc - skipped
[0.128s] -- Detecting C compile features
[0.129s] -- Detecting C compile features - done
[0.131s] -- Detecting CXX compiler ABI info
[0.173s] -- Detecting CXX compiler ABI info - done
[0.177s] -- Check for working CXX compiler: /usr/lib/ccache/c++ - skipped
[0.177s] -- Detecting CXX compile features
[0.177s] -- Detecting CXX compile features - done
[0.179s] -- Found ament_cmake: 1.3.10 (/opt/ros/humble/share/ament_cmake/cmake)
[0.519s] -- Found Python3: /usr/bin/python3 (found version "3.10.12") found components: Interpreter 
[0.563s] -- Found ament_lint_auto: 0.12.11 (/opt/ros/humble/share/ament_lint_auto/cmake)
[0.606s] -- Added test 'flake8' to check Python code syntax and style conventions
[0.606s] -- Added test 'lint_cmake' to check CMake code style
[0.607s] -- Added test 'pep257' to check Python code against some of the docstring style conventions in PEP 257
[0.607s] -- Added test 'xmllint' to check XML markup files
[0.608s] -- Configuring done
[0.609s] -- Generating done
[0.609s] -- Build files have been written to: /home/devtex/MAS514-UiABOT/ros2_ws/build/robot_description
[0.612s] Invoked command in '/home/devtex/MAS514-UiABOT/ros2_ws/build/robot_description' returned '0': CMAKE_PREFIX_PATH=${CMAKE_PREFIX_PATH}:/opt/ros/humble /usr/bin/cmake /home/devtex/MAS514-UiABOT/ros2_ws/src/robot_description -DCMAKE_INSTALL_PREFIX=/home/devtex/MAS514-UiABOT/ros2_ws/install/robot_description
[0.613s] Invoking command in '/home/devtex/MAS514-UiABOT/ros2_ws/build/robot_description': CMAKE_PREFIX_PATH=${CMAKE_PREFIX_PATH}:/opt/ros/humble /usr/bin/cmake --build /home/devtex/MAS514-UiABOT/ros2_ws/build/robot_description -- -j32 -l32
[0.638s] Invoked command in '/home/devtex/MAS514-UiABOT/ros2_ws/build/robot_description' returned '0': CMAKE_PREFIX_PATH=${CMAKE_PREFIX_PATH}:/opt/ros/humble /usr/bin/cmake --build /home/devtex/MAS514-UiABOT/ros2_ws/build/robot_description -- -j32 -l32
[0.659s] Invoking command in '/home/devtex/MAS514-UiABOT/ros2_ws/build/robot_description': CMAKE_PREFIX_PATH=${CMAKE_PREFIX_PATH}:/opt/ros/humble /usr/bin/cmake --install /home/devtex/MAS514-UiABOT/ros2_ws/build/robot_description
[0.665s] -- Install configuration: ""
[0.665s] -- Installing: /home/devtex/MAS514-UiABOT/ros2_ws/install/robot_description/share/robot_description/launch
[0.665s] -- Installing: /home/devtex/MAS514-UiABOT/ros2_ws/install/robot_description/share/robot_description/launch/robot_launch.launch.py
[0.665s] -- Installing: /home/devtex/MAS514-UiABOT/ros2_ws/install/robot_description/share/robot_description/launch/rsp.launch.py
[0.665s] -- Installing: /home/devtex/MAS514-UiABOT/ros2_ws/install/robot_description/share/robot_description/launch/rplidar.launch.py
[0.665s] -- Installing: /home/devtex/MAS514-UiABOT/ros2_ws/install/robot_description/share/robot_description/launch/launch_sim.launch.py
[0.665s] -- Installing: /home/devtex/MAS514-UiABOT/ros2_ws/install/robot_description/share/robot_description/description
[0.665s] -- Installing: /home/devtex/MAS514-UiABOT/ros2_ws/install/robot_description/share/robot_description/description/RP-lidar-A1.STL
[0.675s] -- Installing: /home/devtex/MAS514-UiABOT/ros2_ws/install/robot_description/share/robot_description/description/ros2_control.xacro
[0.675s] -- Installing: /home/devtex/MAS514-UiABOT/ros2_ws/install/robot_description/share/robot_description/description/Motor.STL
[0.675s] -- Installing: /home/devtex/MAS514-UiABOT/ros2_ws/install/robot_description/share/robot_description/description/gazebo_control.xacro
[0.675s] -- Installing: /home/devtex/MAS514-UiABOT/ros2_ws/install/robot_description/share/robot_description/description/SupportWheelBracket_v03.STL
[0.675s] -- Installing: /home/devtex/MAS514-UiABOT/ros2_ws/install/robot_description/share/robot_description/description/robot.urdf.xacro
[0.676s] -- Installing: /home/devtex/MAS514-UiABOT/ros2_ws/install/robot_description/share/robot_description/description/RPLidarCasingV3_Wcut.STL
[0.676s] -- Installing: /home/devtex/MAS514-UiABOT/ros2_ws/install/robot_description/share/robot_description/description/AssemUiAminibot2 .STL
[0.703s] -- Installing: /home/devtex/MAS514-UiABOT/ros2_ws/install/robot_description/share/robot_description/description/UiAFullWafflePlate.STL
[0.707s] -- Installing: /home/devtex/MAS514-UiABOT/ros2_ws/install/robot_description/share/robot_description/description/lidar.xacro
[0.707s] -- Installing: /home/devtex/MAS514-UiABOT/ros2_ws/install/robot_description/share/robot_description/description/robot_core.xacro
[0.707s] -- Installing: /home/devtex/MAS514-UiABOT/ros2_ws/install/robot_description/share/robot_description/description/inertial_macros.xacro
[0.707s] -- Installing: /home/devtex/MAS514-UiABOT/ros2_ws/install/robot_description/share/robot_description/description/MotorBracket.STL
[0.707s] -- Installing: /home/devtex/MAS514-UiABOT/ros2_ws/install/robot_description/share/ament_index/resource_index/package_run_dependencies/robot_description
[0.707s] -- Installing: /home/devtex/MAS514-UiABOT/ros2_ws/install/robot_description/share/ament_index/resource_index/parent_prefix_path/robot_description
[0.707s] -- Installing: /home/devtex/MAS514-UiABOT/ros2_ws/install/robot_description/share/robot_description/environment/ament_prefix_path.sh
[0.707s] -- Installing: /home/devtex/MAS514-UiABOT/ros2_ws/install/robot_description/share/robot_description/environment/ament_prefix_path.dsv
[0.708s] -- Installing: /home/devtex/MAS514-UiABOT/ros2_ws/install/robot_description/share/robot_description/environment/path.sh
[0.708s] -- Installing: /home/devtex/MAS514-UiABOT/ros2_ws/install/robot_description/share/robot_description/environment/path.dsv
[0.708s] -- Installing: /home/devtex/MAS514-UiABOT/ros2_ws/install/robot_description/share/robot_description/local_setup.bash
[0.708s] -- Installing: /home/devtex/MAS514-UiABOT/ros2_ws/install/robot_description/share/robot_description/local_setup.sh
[0.708s] -- Installing: /home/devtex/MAS514-UiABOT/ros2_ws/install/robot_description/share/robot_description/local_setup.zsh
[0.708s] -- Installing: /home/devtex/MAS514-UiABOT/ros2_ws/install/robot_description/share/robot_description/local_setup.dsv
[0.708s] -- Installing: /home/devtex/MAS514-UiABOT/ros2_ws/install/robot_description/share/robot_description/package.dsv
[0.708s] -- Installing: /home/devtex/MAS514-UiABOT/ros2_ws/install/robot_description/share/ament_index/resource_index/packages/robot_description
[0.708s] -- Installing: /home/devtex/MAS514-UiABOT/ros2_ws/install/robot_description/share/robot_description/cmake/robot_descriptionConfig.cmake
[0.708s] -- Installing: /home/devtex/MAS514-UiABOT/ros2_ws/install/robot_description/share/robot_description/cmake/robot_descriptionConfig-version.cmake
[0.708s] -- Installing: /home/devtex/MAS514-UiABOT/ros2_ws/install/robot_description/share/robot_description/package.xml
[0.709s] Invoked command in '/home/devtex/MAS514-UiABOT/ros2_ws/build/robot_description' returned '0': CMAKE_PREFIX_PATH=${CMAKE_PREFIX_PATH}:/opt/ros/humble /usr/bin/cmake --install /home/devtex/MAS514-UiABOT/ros2_ws/build/robot_description
