[0.049s] Invoking command in '/home/uiabot/MAS514-UiABOT/ros2_ws/build/bno055': CMAKE_PREFIX_PATH=${CMAKE_PREFIX_PATH}:/home/uiabot/ros2_ws/install/robot_keyboard_control:/home/uiabot/ros2_ws/install/my_publisher_package:/home/uiabot/ros2_ws/install/my_listener_package:/home/uiabot/ros2_ws/install/esp32_com:/opt/ros/jazzy DEBUGINFOD_URLS=https://debuginfod.ubuntu.com /usr/bin/cmake /home/uiabot/MAS514-UiABOT/ros2_ws/src/bno055 -DCMAKE_INSTALL_PREFIX=/home/uiabot/MAS514-UiABOT/ros2_ws/install/bno055
[0.297s] -- The C compiler identification is GNU 13.2.0
[0.518s] -- The CXX compiler identification is GNU 13.2.0
[0.555s] -- Detecting C compiler ABI info
[0.825s] -- Detecting C compiler ABI info - done
[0.843s] -- Check for working C compiler: /usr/bin/cc - skipped
[0.844s] -- Detecting C compile features
[0.850s] -- Detecting C compile features - done
[0.873s] -- Detecting CXX compiler ABI info
[1.291s] -- Detecting CXX compiler ABI info - done
[1.314s] -- Check for working CXX compiler: /usr/bin/c++ - skipped
[1.314s] -- Detecting CXX compile features
[1.323s] -- Detecting CXX compile features - done
[1.323s] -- Found ament_cmake: 2.5.2 (/opt/ros/jazzy/share/ament_cmake/cmake)
[1.752s] -- Found Python3: /usr/bin/python3 (found version "3.12.3") found components: Interpreter 
[2.054s] -- Found ament_lint_auto: 0.17.1 (/opt/ros/jazzy/share/ament_lint_auto/cmake)
[2.424s] -- Added test 'flake8' to check Python code syntax and style conventions
[2.430s] -- Configured 'flake8' exclude dirs and/or files: 
[2.430s] -- Added test 'lint_cmake' to check CMake code style
[2.430s] -- Added test 'pep257' to check Python code against some of the docstring style conventions in PEP 257
[2.430s] -- Added test 'xmllint' to check XML markup files
[2.436s] -- Configuring done (2.4s)
[2.449s] -- Generating done (0.0s)
[2.457s] -- Build files have been written to: /home/uiabot/MAS514-UiABOT/ros2_ws/build/bno055
[2.483s] Invoked command in '/home/uiabot/MAS514-UiABOT/ros2_ws/build/bno055' returned '0': CMAKE_PREFIX_PATH=${CMAKE_PREFIX_PATH}:/home/uiabot/ros2_ws/install/robot_keyboard_control:/home/uiabot/ros2_ws/install/my_publisher_package:/home/uiabot/ros2_ws/install/my_listener_package:/home/uiabot/ros2_ws/install/esp32_com:/opt/ros/jazzy DEBUGINFOD_URLS=https://debuginfod.ubuntu.com /usr/bin/cmake /home/uiabot/MAS514-UiABOT/ros2_ws/src/bno055 -DCMAKE_INSTALL_PREFIX=/home/uiabot/MAS514-UiABOT/ros2_ws/install/bno055
[2.488s] Invoking command in '/home/uiabot/MAS514-UiABOT/ros2_ws/build/bno055': CMAKE_PREFIX_PATH=${CMAKE_PREFIX_PATH}:/home/uiabot/ros2_ws/install/robot_keyboard_control:/home/uiabot/ros2_ws/install/my_publisher_package:/home/uiabot/ros2_ws/install/my_listener_package:/home/uiabot/ros2_ws/install/esp32_com:/opt/ros/jazzy DEBUGINFOD_URLS=https://debuginfod.ubuntu.com /usr/bin/cmake --build /home/uiabot/MAS514-UiABOT/ros2_ws/build/bno055 -- -j4 -l4
[2.619s] Invoked command in '/home/uiabot/MAS514-UiABOT/ros2_ws/build/bno055' returned '0': CMAKE_PREFIX_PATH=${CMAKE_PREFIX_PATH}:/home/uiabot/ros2_ws/install/robot_keyboard_control:/home/uiabot/ros2_ws/install/my_publisher_package:/home/uiabot/ros2_ws/install/my_listener_package:/home/uiabot/ros2_ws/install/esp32_com:/opt/ros/jazzy DEBUGINFOD_URLS=https://debuginfod.ubuntu.com /usr/bin/cmake --build /home/uiabot/MAS514-UiABOT/ros2_ws/build/bno055 -- -j4 -l4
[2.699s] Invoking command in '/home/uiabot/MAS514-UiABOT/ros2_ws/build/bno055': CMAKE_PREFIX_PATH=${CMAKE_PREFIX_PATH}:/home/uiabot/ros2_ws/install/robot_keyboard_control:/home/uiabot/ros2_ws/install/my_publisher_package:/home/uiabot/ros2_ws/install/my_listener_package:/home/uiabot/ros2_ws/install/esp32_com:/opt/ros/jazzy DEBUGINFOD_URLS=https://debuginfod.ubuntu.com /usr/bin/cmake --install /home/uiabot/MAS514-UiABOT/ros2_ws/build/bno055
[2.720s] -- Install configuration: ""
[2.723s] -- Installing: /home/uiabot/MAS514-UiABOT/ros2_ws/install/bno055/share/ament_index/resource_index/package_run_dependencies/bno055
[2.727s] -- Installing: /home/uiabot/MAS514-UiABOT/ros2_ws/install/bno055/share/ament_index/resource_index/parent_prefix_path/bno055
[2.727s] -- Installing: /home/uiabot/MAS514-UiABOT/ros2_ws/install/bno055/share/bno055/environment/ament_prefix_path.sh
[2.727s] -- Installing: /home/uiabot/MAS514-UiABOT/ros2_ws/install/bno055/share/bno055/environment/ament_prefix_path.dsv
[2.732s] -- Installing: /home/uiabot/MAS514-UiABOT/ros2_ws/install/bno055/share/bno055/environment/path.sh
[2.732s] -- Installing: /home/uiabot/MAS514-UiABOT/ros2_ws/install/bno055/share/bno055/environment/path.dsv
[2.732s] -- Installing: /home/uiabot/MAS514-UiABOT/ros2_ws/install/bno055/share/bno055/local_setup.bash
[2.732s] -- Installing: /home/uiabot/MAS514-UiABOT/ros2_ws/install/bno055/share/bno055/local_setup.sh
[2.732s] -- Installing: /home/uiabot/MAS514-UiABOT/ros2_ws/install/bno055/share/bno055/local_setup.zsh
[2.733s] -- Installing: /home/uiabot/MAS514-UiABOT/ros2_ws/install/bno055/share/bno055/local_setup.dsv
[2.733s] -- Installing: /home/uiabot/MAS514-UiABOT/ros2_ws/install/bno055/share/bno055/package.dsv
[2.733s] -- Installing: /home/uiabot/MAS514-UiABOT/ros2_ws/install/bno055/share/ament_index/resource_index/packages/bno055
[2.733s] -- Installing: /home/uiabot/MAS514-UiABOT/ros2_ws/install/bno055/share/bno055/cmake/bno055Config.cmake
[2.733s] -- Installing: /home/uiabot/MAS514-UiABOT/ros2_ws/install/bno055/share/bno055/cmake/bno055Config-version.cmake
[2.733s] -- Installing: /home/uiabot/MAS514-UiABOT/ros2_ws/install/bno055/share/bno055/package.xml
[2.741s] Invoked command in '/home/uiabot/MAS514-UiABOT/ros2_ws/build/bno055' returned '0': CMAKE_PREFIX_PATH=${CMAKE_PREFIX_PATH}:/home/uiabot/ros2_ws/install/robot_keyboard_control:/home/uiabot/ros2_ws/install/my_publisher_package:/home/uiabot/ros2_ws/install/my_listener_package:/home/uiabot/ros2_ws/install/esp32_com:/opt/ros/jazzy DEBUGINFOD_URLS=https://debuginfod.ubuntu.com /usr/bin/cmake --install /home/uiabot/MAS514-UiABOT/ros2_ws/build/bno055
