[0.035s] Invoking command in '/home/uiabot/MAS514-UiABOT/ros2_ws/build/bno055': CMAKE_PREFIX_PATH=${CMAKE_PREFIX_PATH}:/home/uiabot/ros2_ws/install/robot_keyboard_control:/home/uiabot/ros2_ws/install/my_publisher_package:/home/uiabot/ros2_ws/install/my_listener_package:/home/uiabot/ros2_ws/install/esp32_com:/opt/ros/jazzy DEBUGINFOD_URLS=https://debuginfod.ubuntu.com /usr/bin/cmake --build /home/uiabot/MAS514-UiABOT/ros2_ws/build/bno055 -- -j4 -l4
[0.141s] Invoked command in '/home/uiabot/MAS514-UiABOT/ros2_ws/build/bno055' returned '0': CMAKE_PREFIX_PATH=${CMAKE_PREFIX_PATH}:/home/uiabot/ros2_ws/install/robot_keyboard_control:/home/uiabot/ros2_ws/install/my_publisher_package:/home/uiabot/ros2_ws/install/my_listener_package:/home/uiabot/ros2_ws/install/esp32_com:/opt/ros/jazzy DEBUGINFOD_URLS=https://debuginfod.ubuntu.com /usr/bin/cmake --build /home/uiabot/MAS514-UiABOT/ros2_ws/build/bno055 -- -j4 -l4
[0.248s] Invoking command in '/home/uiabot/MAS514-UiABOT/ros2_ws/build/bno055': CMAKE_PREFIX_PATH=${CMAKE_PREFIX_PATH}:/home/uiabot/ros2_ws/install/robot_keyboard_control:/home/uiabot/ros2_ws/install/my_publisher_package:/home/uiabot/ros2_ws/install/my_listener_package:/home/uiabot/ros2_ws/install/esp32_com:/opt/ros/jazzy DEBUGINFOD_URLS=https://debuginfod.ubuntu.com /usr/bin/cmake --install /home/uiabot/MAS514-UiABOT/ros2_ws/build/bno055
[0.264s] -- Install configuration: ""
[0.265s] -- Up-to-date: /home/uiabot/MAS514-UiABOT/ros2_ws/install/bno055/lib/bno055/bno_node.py
[0.265s] -- Up-to-date: /home/uiabot/MAS514-UiABOT/ros2_ws/install/bno055/lib/bno055/tf_bno.py
[0.265s] -- Up-to-date: /home/uiabot/MAS514-UiABOT/ros2_ws/install/bno055/share/ament_index/resource_index/package_run_dependencies/bno055
[0.265s] -- Up-to-date: /home/uiabot/MAS514-UiABOT/ros2_ws/install/bno055/share/ament_index/resource_index/parent_prefix_path/bno055
[0.266s] -- Up-to-date: /home/uiabot/MAS514-UiABOT/ros2_ws/install/bno055/share/bno055/environment/ament_prefix_path.sh
[0.266s] -- Up-to-date: /home/uiabot/MAS514-UiABOT/ros2_ws/install/bno055/share/bno055/environment/ament_prefix_path.dsv
[0.266s] -- Up-to-date: /home/uiabot/MAS514-UiABOT/ros2_ws/install/bno055/share/bno055/environment/path.sh
[0.266s] -- Up-to-date: /home/uiabot/MAS514-UiABOT/ros2_ws/install/bno055/share/bno055/environment/path.dsv
[0.266s] -- Up-to-date: /home/uiabot/MAS514-UiABOT/ros2_ws/install/bno055/share/bno055/local_setup.bash
[0.266s] -- Up-to-date: /home/uiabot/MAS514-UiABOT/ros2_ws/install/bno055/share/bno055/local_setup.sh
[0.266s] -- Up-to-date: /home/uiabot/MAS514-UiABOT/ros2_ws/install/bno055/share/bno055/local_setup.zsh
[0.266s] -- Up-to-date: /home/uiabot/MAS514-UiABOT/ros2_ws/install/bno055/share/bno055/local_setup.dsv
[0.266s] -- Up-to-date: /home/uiabot/MAS514-UiABOT/ros2_ws/install/bno055/share/bno055/package.dsv
[0.266s] -- Up-to-date: /home/uiabot/MAS514-UiABOT/ros2_ws/install/bno055/share/ament_index/resource_index/packages/bno055
[0.266s] -- Up-to-date: /home/uiabot/MAS514-UiABOT/ros2_ws/install/bno055/share/bno055/cmake/bno055Config.cmake
[0.267s] -- Up-to-date: /home/uiabot/MAS514-UiABOT/ros2_ws/install/bno055/share/bno055/cmake/bno055Config-version.cmake
[0.267s] -- Up-to-date: /home/uiabot/MAS514-UiABOT/ros2_ws/install/bno055/share/bno055/package.xml
[0.270s] Invoked command in '/home/uiabot/MAS514-UiABOT/ros2_ws/build/bno055' returned '0': CMAKE_PREFIX_PATH=${CMAKE_PREFIX_PATH}:/home/uiabot/ros2_ws/install/robot_keyboard_control:/home/uiabot/ros2_ws/install/my_publisher_package:/home/uiabot/ros2_ws/install/my_listener_package:/home/uiabot/ros2_ws/install/esp32_com:/opt/ros/jazzy DEBUGINFOD_URLS=https://debuginfod.ubuntu.com /usr/bin/cmake --install /home/uiabot/MAS514-UiABOT/ros2_ws/build/bno055
