[0.007s] Invoking command in '/home/devtex/MAS514-UiABOT/ros2_ws/build/sllidar_ros2': CMAKE_PREFIX_PATH=${CMAKE_PREFIX_PATH}:/opt/ros/humble /usr/bin/cmake /home/devtex/MAS514-UiABOT/ros2_ws/src/sllidar_ros2 -DCMAKE_INSTALL_PREFIX=/home/devtex/MAS514-UiABOT/ros2_ws/install/sllidar_ros2
[0.039s] -- The C compiler identification is GNU 11.4.0
[0.074s] -- The CXX compiler identification is GNU 11.4.0
[0.079s] -- Detecting C compiler ABI info
[0.119s] -- Detecting C compiler ABI info - done
[0.126s] -- Check for working C compiler: /usr/lib/ccache/cc - skipped
[0.126s] -- Detecting C compile features
[0.127s] -- Detecting C compile features - done
[0.129s] -- Detecting CXX compiler ABI info
[0.171s] -- Detecting CXX compiler ABI info - done
[0.177s] -- Check for working CXX compiler: /usr/lib/ccache/c++ - skipped
[0.178s] -- Detecting CXX compile features
[0.178s] -- Detecting CXX compile features - done
[0.180s] -- Found ament_cmake: 1.3.10 (/opt/ros/humble/share/ament_cmake/cmake)
[0.522s] -- Found Python3: /usr/bin/python3 (found version "3.10.12") found components: Interpreter 
[0.573s] -- Found rclcpp: 16.0.10 (/opt/ros/humble/share/rclcpp/cmake)
[0.593s] -- Found rosidl_generator_c: 3.1.5 (/opt/ros/humble/share/rosidl_generator_c/cmake)
[0.595s] -- Found rosidl_adapter: 3.1.5 (/opt/ros/humble/share/rosidl_adapter/cmake)
[0.600s] -- Found rosidl_generator_cpp: 3.1.5 (/opt/ros/humble/share/rosidl_generator_cpp/cmake)
[0.606s] -- Using all available rosidl_typesupport_c: rosidl_typesupport_fastrtps_c;rosidl_typesupport_introspection_c
[0.614s] -- Using all available rosidl_typesupport_cpp: rosidl_typesupport_fastrtps_cpp;rosidl_typesupport_introspection_cpp
[0.638s] -- Found rmw_implementation_cmake: 6.1.2 (/opt/ros/humble/share/rmw_implementation_cmake/cmake)
[0.639s] -- Found rmw_cyclonedds_cpp: 1.3.4 (/opt/ros/humble/share/rmw_cyclonedds_cpp/cmake)
[0.651s] -- Using RMW implementation 'rmw_cyclonedds_cpp' as default
[0.656s] -- Looking for pthread.h
[0.695s] -- Looking for pthread.h - found
[0.695s] -- Performing Test CMAKE_HAVE_LIBC_PTHREAD
[0.731s] -- Performing Test CMAKE_HAVE_LIBC_PTHREAD - Success
[0.732s] -- Found Threads: TRUE  
[0.758s] -- Found sensor_msgs: 4.2.4 (/opt/ros/humble/share/sensor_msgs/cmake)
[0.772s] -- Found std_srvs: 4.2.4 (/opt/ros/humble/share/std_srvs/cmake)
[0.808s] -- Configuring done
[0.814s] -- Generating done
[0.814s] -- Build files have been written to: /home/devtex/MAS514-UiABOT/ros2_ws/build/sllidar_ros2
[0.819s] Invoked command in '/home/devtex/MAS514-UiABOT/ros2_ws/build/sllidar_ros2' returned '0': CMAKE_PREFIX_PATH=${CMAKE_PREFIX_PATH}:/opt/ros/humble /usr/bin/cmake /home/devtex/MAS514-UiABOT/ros2_ws/src/sllidar_ros2 -DCMAKE_INSTALL_PREFIX=/home/devtex/MAS514-UiABOT/ros2_ws/install/sllidar_ros2
[0.819s] Invoking command in '/home/devtex/MAS514-UiABOT/ros2_ws/build/sllidar_ros2': CMAKE_PREFIX_PATH=${CMAKE_PREFIX_PATH}:/opt/ros/humble /usr/bin/cmake --build /home/devtex/MAS514-UiABOT/ros2_ws/build/sllidar_ros2 -- -j32 -l32
[0.851s] [  5%] [32mBuilding CXX object CMakeFiles/sllidar_node.dir/sdk/src/dataunpacker/unpacker/handler_normalnode.cpp.o[0m
[0.851s] [ 10%] [32mBuilding CXX object CMakeFiles/sllidar_node.dir/sdk/src/hal/thread.cpp.o[0m
[0.851s] [ 20%] [32mBuilding CXX object CMakeFiles/sllidar_node.dir/src/sllidar_node.cpp.o[0m
[0.851s] [ 20%] [32mBuilding CXX object CMakeFiles/sllidar_client.dir/src/sllidar_client.cpp.o[0m
[0.851s] [ 25%] [32mBuilding CXX object CMakeFiles/sllidar_node.dir/sdk/src/arch/linux/net_serial.cpp.o[0m
[0.851s] [ 35%] [32mBuilding CXX object CMakeFiles/sllidar_node.dir/sdk/src/rplidar_driver.cpp.o[0m
[0.851s] [ 35%] [32mBuilding CXX object CMakeFiles/sllidar_node.dir/sdk/src/arch/linux/net_socket.cpp.o[0m
[0.851s] [ 40%] [32mBuilding CXX object CMakeFiles/sllidar_node.dir/sdk/src/arch/linux/timer.cpp.o[0m
[0.851s] [ 45%] [32mBuilding CXX object CMakeFiles/sllidar_node.dir/sdk/src/sl_async_transceiver.cpp.o[0m
[0.852s] [ 50%] [32mBuilding CXX object CMakeFiles/sllidar_node.dir/sdk/src/dataunpacker/dataunpacker.cpp.o[0m
[0.852s] [ 55%] [32mBuilding CXX object CMakeFiles/sllidar_node.dir/sdk/src/sl_lidar_driver.cpp.o[0m
[0.852s] [ 60%] [32mBuilding CXX object CMakeFiles/sllidar_node.dir/sdk/src/dataunpacker/unpacker/handler_capsules.cpp.o[0m
[0.852s] [ 65%] [32mBuilding CXX object CMakeFiles/sllidar_node.dir/sdk/src/sl_tcp_channel.cpp.o[0m
[0.852s] [ 70%] [32mBuilding CXX object CMakeFiles/sllidar_node.dir/sdk/src/dataunpacker/unpacker/handler_hqnode.cpp.o[0m
[0.854s] [ 75%] [32mBuilding CXX object CMakeFiles/sllidar_node.dir/sdk/src/sl_crc.cpp.o[0m
[0.854s] [ 85%] [32mBuilding CXX object CMakeFiles/sllidar_node.dir/sdk/src/sl_lidarprotocol_codec.cpp.o[0m
[0.854s] [ 85%] [32mBuilding CXX object CMakeFiles/sllidar_node.dir/sdk/src/sl_serial_channel.cpp.o[0m
[0.854s] [ 90%] [32mBuilding CXX object CMakeFiles/sllidar_node.dir/sdk/src/sl_udp_channel.cpp.o[0m
[0.855s] In file included from [01m[K/home/devtex/MAS514-UiABOT/ros2_ws/src/sllidar_ros2/./sdk/include/rplidar_protocol.h:36[m[K,
[0.855s]                  from [01m[K/home/devtex/MAS514-UiABOT/ros2_ws/src/sllidar_ros2/./sdk/include/rplidar.h:39[m[K,
[0.856s]                  from [01m[K/home/devtex/MAS514-UiABOT/ros2_ws/src/sllidar_ros2/./sdk/src/sdkcommon.h:49[m[K,
[0.856s]                  from [01m[K/home/devtex/MAS514-UiABOT/ros2_ws/src/sllidar_ros2/sdk/src/hal/thread.cpp:35[m[K:
[0.856s] [01m[K/home/devtex/MAS514-UiABOT/ros2_ws/src/sllidar_ros2/./sdk/include/sl_lidar_protocol.h:66:16:[m[K [01;35m[Kwarning: [m[KISO C++ forbids zero-size array ‘[01m[Kdata[m[K’ [[01;35m[K-Wpedantic[m[K]
[0.856s]    66 |     sl_u8 data[[01;35m[K0[m[K];
[0.856s]       |                [01;35m[K^[m[K
[0.856s] In file included from [01m[K/home/devtex/MAS514-UiABOT/ros2_ws/src/sllidar_ros2/./sdk/include/rplidar_cmd.h:36[m[K,
[0.856s]                  from [01m[K/home/devtex/MAS514-UiABOT/ros2_ws/src/sllidar_ros2/./sdk/include/rplidar.h:40[m[K,
[0.856s]                  from [01m[K/home/devtex/MAS514-UiABOT/ros2_ws/src/sllidar_ros2/./sdk/src/sdkcommon.h:49[m[K,
[0.856s]                  from [01m[K/home/devtex/MAS514-UiABOT/ros2_ws/src/sllidar_ros2/sdk/src/hal/thread.cpp:35[m[K:
[0.856s] [01m[K/home/devtex/MAS514-UiABOT/ros2_ws/src/sllidar_ros2/./sdk/include/sl_lidar_cmd.h:324:20:[m[K [01;35m[Kwarning: [m[KISO C++ forbids zero-size array ‘[01m[Kpayload[m[K’ [[01;35m[K-Wpedantic[m[K]
[0.856s]   324 |     sl_u8  payload[[01;35m[K0[m[K];
[0.856s]       |                    [01;35m[K^[m[K
[0.856s] In file included from [01m[K/home/devtex/MAS514-UiABOT/ros2_ws/src/sllidar_ros2/sdk/src/hal/thread.cpp:43[m[K:
[0.856s] [01m[K/home/devtex/MAS514-UiABOT/ros2_ws/src/sllidar_ros2/./sdk/src/arch/linux/thread.hpp:[m[K In static member function ‘[01m[Kstatic rp::hal::Thread rp::hal::Thread::create(thread_proc_t, void*)[m[K’:
[0.857s] [01m[K/home/devtex/MAS514-UiABOT/ros2_ws/src/sllidar_ros2/./sdk/src/arch/linux/thread.hpp:52:57:[m[K [01;35m[Kwarning: [m[Kcast between incompatible function types from ‘[01m[Kthread_proc_t[m[K’ {aka ‘[01m[Klong unsigned int (*)(void*)[m[K’} to ‘[01m[Kvoid* (*)(void*)[m[K’ [[01;35m[K-Wcast-function-type[m[K]
[0.857s]    52 |     pthread_create((pthread_t *)&newborn._handle, NULL, [01;35m[K(void * (*)(void *))proc[m[K, data);
[0.857s]       |                                                         [01;35m[K^~~~~~~~~~~~~~~~~~~~~~~~[m[K
[0.857s] [01m[K/home/devtex/MAS514-UiABOT/ros2_ws/src/sllidar_ros2/./sdk/src/arch/linux/thread.hpp:[m[K In member function ‘[01m[Ku_result rp::hal::Thread::join(long unsigned int)[m[K’:
[0.857s] [01m[K/home/devtex/MAS514-UiABOT/ros2_ws/src/sllidar_ros2/./sdk/src/arch/linux/thread.hpp:176:37:[m[K [01;35m[Kwarning: [m[Kunused parameter ‘[01m[Ktimeout[m[K’ [[01;35m[K-Wunused-parameter[m[K]
[0.857s]   176 | u_result Thread::join([01;35m[Kunsigned long timeout[m[K)
[0.857s]       |                       [01;35m[K~~~~~~~~~~~~~~^~~~~~~[m[K
[0.857s] In file included from [01m[K/home/devtex/MAS514-UiABOT/ros2_ws/src/sllidar_ros2/./sdk/include/rplidar_protocol.h:36[m[K,
[0.857s]                  from [01m[K/home/devtex/MAS514-UiABOT/ros2_ws/src/sllidar_ros2/./sdk/include/rplidar.h:39[m[K,
[0.857s]                  from [01m[K/home/devtex/MAS514-UiABOT/ros2_ws/src/sllidar_ros2/./sdk/src/sdkcommon.h:49[m[K,
[0.857s]                  from [01m[K/home/devtex/MAS514-UiABOT/ros2_ws/src/sllidar_ros2/sdk/src/dataunpacker/unpacker/../dataunnpacker_commondef.h:41[m[K,
[0.857s]                  from [01m[K/home/devtex/MAS514-UiABOT/ros2_ws/src/sllidar_ros2/sdk/src/dataunpacker/unpacker/handler_normalnode.cpp:39[m[K:
[0.857s] [01m[K/home/devtex/MAS514-UiABOT/ros2_ws/src/sllidar_ros2/./sdk/include/sl_lidar_protocol.h:66:16:[m[K [01;35m[Kwarning: [m[KISO C++ forbids zero-size array ‘[01m[Kdata[m[K’ [[01;35m[K-Wpedantic[m[K]
[0.857s]    66 |     sl_u8 data[[01;35m[K0[m[K];
[0.857s]       |                [01;35m[K^[m[K
[0.857s] In file included from [01m[K/home/devtex/MAS514-UiABOT/ros2_ws/src/sllidar_ros2/./sdk/include/rplidar_cmd.h:36[m[K,
[0.858s]                  from [01m[K/home/devtex/MAS514-UiABOT/ros2_ws/src/sllidar_ros2/./sdk/include/rplidar.h:40[m[K,
[0.858s]                  from [01m[K/home/devtex/MAS514-UiABOT/ros2_ws/src/sllidar_ros2/./sdk/src/sdkcommon.h:49[m[K,
[0.858s]                  from [01m[K/home/devtex/MAS514-UiABOT/ros2_ws/src/sllidar_ros2/sdk/src/dataunpacker/unpacker/../dataunnpacker_commondef.h:41[m[K,
[0.858s]                  from [01m[K/home/devtex/MAS514-UiABOT/ros2_ws/src/sllidar_ros2/sdk/src/dataunpacker/unpacker/handler_normalnode.cpp:39[m[K:
[0.858s] [01m[K/home/devtex/MAS514-UiABOT/ros2_ws/src/sllidar_ros2/./sdk/include/sl_lidar_cmd.h:324:20:[m[K [01;35m[Kwarning: [m[KISO C++ forbids zero-size array ‘[01m[Kpayload[m[K’ [[01;35m[K-Wpedantic[m[K]
[0.858s]   324 |     sl_u8  payload[[01;35m[K0[m[K];
[0.858s]       |                    [01;35m[K^[m[K
[0.858s] In file included from [01m[K/home/devtex/MAS514-UiABOT/ros2_ws/src/sllidar_ros2/sdk/src/dataunpacker/unpacker/handler_normalnode.cpp:40[m[K:
[0.858s] [01m[K/home/devtex/MAS514-UiABOT/ros2_ws/src/sllidar_ros2/sdk/src/dataunpacker/unpacker/../dataunpacker.h:[m[K In member function ‘[01m[Kvirtual void sl::internal::LIDARSampleDataListener::onCustomSampleDataDecoded(_u8, _u32, const void*, size_t)[m[K’:
[0.858s] [01m[K/home/devtex/MAS514-UiABOT/ros2_ws/src/sllidar_ros2/sdk/src/dataunpacker/unpacker/../dataunpacker.h:54:52:[m[K [01;35m[Kwarning: [m[Kunused parameter ‘[01m[KansType[m[K’ [[01;35m[K-Wunused-parameter[m[K]
[0.858s]    54 |         virtual void onCustomSampleDataDecoded([01;35m[K_u8 ansType[m[K, _u32 customCode, const void* data, size_t size) {}
[0.858s]       |                                                [01;35m[K~~~~^~~~~~~[m[K
[0.858s] [01m[K/home/devtex/MAS514-UiABOT/ros2_ws/src/sllidar_ros2/sdk/src/dataunpacker/unpacker/../dataunpacker.h:54:66:[m[K [01;35m[Kwarning: [m[Kunused parameter ‘[01m[KcustomCode[m[K’ [[01;35m[K-Wunused-parameter[m[K]
[0.858s]    54 |         virtual void onCustomSampleDataDecoded(_u8 ansType, [01;35m[K_u32 customCode[m[K, const void* data, size_t size) {}
[0.859s]       |                                                             [01;35m[K~~~~~^~~~~~~~~~[m[K
[0.859s] [01m[K/home/devtex/MAS514-UiABOT/ros2_ws/src/sllidar_ros2/sdk/src/dataunpacker/unpacker/../dataunpacker.h:54:90:[m[K [01;35m[Kwarning: [m[Kunused parameter ‘[01m[Kdata[m[K’ [[01;35m[K-Wunused-parameter[m[K]
[0.859s]    54 |         virtual void onCustomSampleDataDecoded(_u8 ansType, _u32 customCode, [01;35m[Kconst void* data[m[K, size_t size) {}
[0.859s]       |                                                                              [01;35m[K~~~~~~~~~~~~^~~~[m[K
[0.859s] [01m[K/home/devtex/MAS514-UiABOT/ros2_ws/src/sllidar_ros2/sdk/src/dataunpacker/unpacker/../dataunpacker.h:54:103:[m[K [01;35m[Kwarning: [m[Kunused parameter ‘[01m[Ksize[m[K’ [[01;35m[K-Wunused-parameter[m[K]
[0.859s]    54 |         virtual void onCustomSampleDataDecoded(_u8 ansType, _u32 customCode, const void* data, [01;35m[Ksize_t size[m[K) {}
[0.859s]       |                                                                                                [01;35m[K~~~~~~~^~~~[m[K
[0.859s] [01m[K/home/devtex/MAS514-UiABOT/ros2_ws/src/sllidar_ros2/sdk/src/dataunpacker/unpacker/../dataunpacker.h:[m[K In member function ‘[01m[Kvirtual void sl::internal::LIDARSampleDataListener::onDecodingError(int, _u8, const void*, size_t)[m[K’:
[0.859s] [01m[K/home/devtex/MAS514-UiABOT/ros2_ws/src/sllidar_ros2/sdk/src/dataunpacker/unpacker/../dataunpacker.h:56:42:[m[K [01;35m[Kwarning: [m[Kunused parameter ‘[01m[KerrMsg[m[K’ [[01;35m[K-Wunused-parameter[m[K]
[0.859s]    56 |         virtual void onDecodingError([01;35m[Kint errMsg[m[K, _u8 ansType, const void* payload, size_t size) {}
[0.859s]       |                                      [01;35m[K~~~~^~~~~~[m[K
[0.859s] [01m[K/home/devtex/MAS514-UiABOT/ros2_ws/src/sllidar_ros2/sdk/src/dataunpacker/unpacker/../dataunpacker.h:56:54:[m[K [01;35m[Kwarning: [m[Kunused parameter ‘[01m[KansType[m[K’ [[01;35m[K-Wunused-parameter[m[K]
[0.859s]    56 |         virtual void onDecodingError(int errMsg, [01;35m[K_u8 ansType[m[K, const void* payload, size_t size) {}
[0.859s]       |                                                  [01;35m[K~~~~^~~~~~~[m[K
[0.859s] [01m[K/home/devtex/MAS514-UiABOT/ros2_ws/src/sllidar_ros2/sdk/src/dataunpacker/unpacker/../dataunpacker.h:56:75:[m[K [01;35m[Kwarning: [m[Kunused parameter ‘[01m[Kpayload[m[K’ [[01;35m[K-Wunused-parameter[m[K]
[0.859s]    56 |         virtual void onDecodingError(int errMsg, _u8 ansType, [01;35m[Kconst void* payload[m[K, size_t size) {}
[0.859s]       |                                                               [01;35m[K~~~~~~~~~~~~^~~~~~~[m[K
[0.859s] [01m[K/home/devtex/MAS514-UiABOT/ros2_ws/src/sllidar_ros2/sdk/src/dataunpacker/unpacker/../dataunpacker.h:56:91:[m[K [01;35m[Kwarning: [m[Kunused parameter ‘[01m[Ksize[m[K’ [[01;35m[K-Wunused-parameter[m[K]
[0.860s]    56 |         virtual void onDecodingError(int errMsg, _u8 ansType, const void* payload, [01;35m[Ksize_t size[m[K) {}
[0.860s]       |                                                                                    [01;35m[K~~~~~~~^~~~[m[K
[0.860s] [01m[K/home/devtex/MAS514-UiABOT/ros2_ws/src/sllidar_ros2/sdk/src/arch/linux/net_serial.cpp:[m[K In member function ‘[01m[Kbool rp::arch::net::raw_serial::open(const char*, uint32_t, uint32_t)[m[K’:
[0.860s] [01m[K/home/devtex/MAS514-UiABOT/ros2_ws/src/sllidar_ros2/sdk/src/arch/linux/net_serial.cpp:97:74:[m[K [01;35m[Kwarning: [m[Kunused parameter ‘[01m[Kflags[m[K’ [[01;35m[K-Wunused-parameter[m[K]
[0.860s]    97 | bool raw_serial::open(const char * portname, uint32_t baudrate, [01;35m[Kuint32_t flags[m[K)
[0.860s]       |                                                                 [01;35m[K~~~~~~~~~^~~~~[m[K
[0.860s] [01m[K/home/devtex/MAS514-UiABOT/ros2_ws/src/sllidar_ros2/sdk/src/arch/linux/net_serial.cpp:[m[K In member function ‘[01m[Kvirtual void rp::arch::net::raw_serial::flush(_u32)[m[K’:
[0.860s] [01m[K/home/devtex/MAS514-UiABOT/ros2_ws/src/sllidar_ros2/sdk/src/arch/linux/net_serial.cpp:281:30:[m[K [01;35m[Kwarning: [m[Kunused parameter ‘[01m[Kflags[m[K’ [[01;35m[K-Wunused-parameter[m[K]
[0.860s]   281 | void raw_serial::flush( [01;35m[K_u32 flags[m[K)
[0.860s]       |                         [01;35m[K~~~~~^~~~~[m[K
[0.860s] [01m[K/home/devtex/MAS514-UiABOT/ros2_ws/src/sllidar_ros2/sdk/src/arch/linux/net_serial.cpp:[m[K In member function ‘[01m[Kvirtual int rp::arch::net::raw_serial::waitforsent(_u32, size_t*)[m[K’:
[0.861s] [01m[K/home/devtex/MAS514-UiABOT/ros2_ws/src/sllidar_ros2/sdk/src/arch/linux/net_serial.cpp:286:34:[m[K [01;35m[Kwarning: [m[Kunused parameter ‘[01m[Ktimeout[m[K’ [[01;35m[K-Wunused-parameter[m[K]
[0.861s]   286 | int raw_serial::waitforsent([01;35m[K_u32 timeout[m[K, size_t * returned_size)
[0.861s]       |                             [01;35m[K~~~~~^~~~~~~[m[K
[0.861s] [01m[K/home/devtex/MAS514-UiABOT/ros2_ws/src/sllidar_ros2/sdk/src/arch/linux/net_serial.cpp:[m[K In member function ‘[01m[Kvirtual int rp::arch::net::raw_serial::waitforrecv(_u32, size_t*)[m[K’:
[0.861s] [01m[K/home/devtex/MAS514-UiABOT/ros2_ws/src/sllidar_ros2/sdk/src/arch/linux/net_serial.cpp:292:34:[m[K [01;35m[Kwarning: [m[Kunused parameter ‘[01m[Ktimeout[m[K’ [[01;35m[K-Wunused-parameter[m[K]
[0.861s]   292 | int raw_serial::waitforrecv([01;35m[K_u32 timeout[m[K, size_t * returned_size)
[0.861s]       |                             [01;35m[K~~~~~^~~~~~~[m[K
[0.861s] [01m[K/home/devtex/MAS514-UiABOT/ros2_ws/src/sllidar_ros2/sdk/src/arch/linux/net_serial.cpp:[m[K In member function ‘[01m[Kvirtual void rp::arch::net::raw_serial::cancelOperation()[m[K’:
[0.861s] [01m[K/home/devtex/MAS514-UiABOT/ros2_ws/src/sllidar_ros2/sdk/src/arch/linux/net_serial.cpp:427:5:[m[K [01;35m[Kwarning: [m[Kvalue computed is not used [[01;35m[K-Wunused-value[m[K]
[0.861s]   427 |     [01;35m[K(int)::write(_selfpipe[1], "x", 1)[m[K;
[0.861s]       |     [01;35m[K^~~~~~~~~~~~~~~~~~~~~~~~~~~~~~~~~~[m[K
[0.861s] In file included from [01m[K/home/devtex/MAS514-UiABOT/ros2_ws/src/sllidar_ros2/./sdk/include/rplidar_protocol.h:36[m[K,
[0.861s]                  from [01m[K/home/devtex/MAS514-UiABOT/ros2_ws/src/sllidar_ros2/./sdk/include/rplidar.h:39[m[K,
[0.861s]                  from [01m[K/home/devtex/MAS514-UiABOT/ros2_ws/src/sllidar_ros2/./sdk/src/sdkcommon.h:49[m[K,
[0.861s]                  from [01m[K/home/devtex/MAS514-UiABOT/ros2_ws/src/sllidar_ros2/sdk/src/arch/linux/net_socket.cpp:10[m[K:
[0.861s] [01m[K/home/devtex/MAS514-UiABOT/ros2_ws/src/sllidar_ros2/./sdk/include/sl_lidar_protocol.h:66:16:[m[K [01;35m[Kwarning: [m[KISO C++ forbids zero-size array ‘[01m[Kdata[m[K’ [[01;35m[K-Wpedantic[m[K]
[0.861s]    66 |     sl_u8 data[[01;35m[K0[m[K];
[0.861s]       |                [01;35m[K^[m[K
[0.861s] In file included from [01m[K/home/devtex/MAS514-UiABOT/ros2_ws/src/sllidar_ros2/./sdk/include/rplidar_cmd.h:36[m[K,
[0.861s]                  from [01m[K/home/devtex/MAS514-UiABOT/ros2_ws/src/sllidar_ros2/./sdk/include/rplidar.h:40[m[K,
[0.862s]                  from [01m[K/home/devtex/MAS514-UiABOT/ros2_ws/src/sllidar_ros2/./sdk/src/sdkcommon.h:49[m[K,
[0.862s]                  from [01m[K/home/devtex/MAS514-UiABOT/ros2_ws/src/sllidar_ros2/sdk/src/arch/linux/net_socket.cpp:10[m[K:
[0.862s] [01m[K/home/devtex/MAS514-UiABOT/ros2_ws/src/sllidar_ros2/./sdk/include/sl_lidar_cmd.h:324:20:[m[K [01;35m[Kwarning: [m[KISO C++ forbids zero-size array ‘[01m[Kpayload[m[K’ [[01;35m[K-Wpedantic[m[K]
[0.862s]   324 |     sl_u8  payload[[01;35m[K0[m[K];
[0.862s]       |                    [01;35m[K^[m[K
[0.862s] In file included from [01m[K/home/devtex/MAS514-UiABOT/ros2_ws/src/sllidar_ros2/./sdk/src/arch/linux/arch_linux.h:42[m[K,
[0.862s]                  from [01m[K/home/devtex/MAS514-UiABOT/ros2_ws/src/sllidar_ros2/./sdk/src/sdkcommon.h:41[m[K,
[0.862s]                  from [01m[K/home/devtex/MAS514-UiABOT/ros2_ws/src/sllidar_ros2/sdk/src/arch/linux/net_socket.cpp:10[m[K:
[0.862s] [01m[K/home/devtex/MAS514-UiABOT/ros2_ws/src/sllidar_ros2/sdk/src/arch/linux/net_socket.cpp:[m[K In member function ‘[01m[Kvirtual u_result rp::arch::net::DGramSocketImpl::sendTo(const rp::net::SocketAddress*, const void*, size_t)[m[K’:
[0.862s] [01m[K/home/devtex/MAS514-UiABOT/ros2_ws/src/sllidar_ros2/sdk/src/arch/linux/net_socket.cpp:733:24:[m[K [01;35m[Kwarning: [m[Kcomparison of integer expressions of different signedness: ‘[01m[Kint[m[K’ and ‘[01m[Ksize_t[m[K’ {aka ‘[01m[Klong unsigned int[m[K’} [[01;35m[K-Wsign-compare[m[K]
[0.862s]   733 |             assert([01;35m[Kans == len[m[K);
[0.862s]       |                    [01;35m[K~~~~^~~~~~[m[K
[0.862s] In file included from [01m[K/home/devtex/MAS514-UiABOT/ros2_ws/src/sllidar_ros2/./sdk/include/rplidar_protocol.h:36[m[K,
[0.862s]                  from [01m[K/home/devtex/MAS514-UiABOT/ros2_ws/src/sllidar_ros2/./sdk/include/rplidar.h:39[m[K,
[0.862s]                  from [01m[K/home/devtex/MAS514-UiABOT/ros2_ws/src/sllidar_ros2/sdk/src/sdkcommon.h:49[m[K,
[0.862s]                  from [01m[K/home/devtex/MAS514-UiABOT/ros2_ws/src/sllidar_ros2/sdk/src/rplidar_driver.cpp:33[m[K:
[0.862s] [01m[K/home/devtex/MAS514-UiABOT/ros2_ws/src/sllidar_ros2/./sdk/include/sl_lidar_protocol.h:66:16:[m[K [01;35m[Kwarning: [m[KISO C++ forbids zero-size array ‘[01m[Kdata[m[K’ [[01;35m[K-Wpedantic[m[K]
[0.862s]    66 |     sl_u8 data[[01;35m[K0[m[K];
[0.862s]       |                [01;35m[K^[m[K
[0.862s] In file included from [01m[K/home/devtex/MAS514-UiABOT/ros2_ws/src/sllidar_ros2/./sdk/include/rplidar_cmd.h:36[m[K,
[0.862s]                  from [01m[K/home/devtex/MAS514-UiABOT/ros2_ws/src/sllidar_ros2/./sdk/include/rplidar.h:40[m[K,
[0.863s]                  from [01m[K/home/devtex/MAS514-UiABOT/ros2_ws/src/sllidar_ros2/sdk/src/sdkcommon.h:49[m[K,
[0.863s]                  from [01m[K/home/devtex/MAS514-UiABOT/ros2_ws/src/sllidar_ros2/sdk/src/rplidar_driver.cpp:33[m[K:
[0.863s] [01m[K/home/devtex/MAS514-UiABOT/ros2_ws/src/sllidar_ros2/./sdk/include/sl_lidar_cmd.h:324:20:[m[K [01;35m[Kwarning: [m[KISO C++ forbids zero-size array ‘[01m[Kpayload[m[K’ [[01;35m[K-Wpedantic[m[K]
[0.863s]   324 |     sl_u8  payload[[01;35m[K0[m[K];
[0.863s]       |                    [01;35m[K^[m[K
[0.863s] [01m[K/home/devtex/MAS514-UiABOT/ros2_ws/src/sllidar_ros2/sdk/src/rplidar_driver.cpp:[m[K In member function ‘[01m[Ku_result rp::standalone::rplidar::RPlidarDriver::connect(const char*, _u32, _u32)[m[K’:
[0.863s] [01m[K/home/devtex/MAS514-UiABOT/ros2_ws/src/sllidar_ros2/sdk/src/rplidar_driver.cpp:67:77:[m[K [01;35m[Kwarning: [m[Kunused parameter ‘[01m[Kflag[m[K’ [[01;35m[K-Wunused-parameter[m[K]
[0.863s]    67 |     u_result RPlidarDriver::connect(const char *path, _u32 portOrBaud, [01;35m[K_u32 flag[m[K)
[0.863s]       |                                                                        [01;35m[K~~~~~^~~~[m[K
[0.863s] [01m[K/home/devtex/MAS514-UiABOT/ros2_ws/src/sllidar_ros2/sdk/src/rplidar_driver.cpp:[m[K In member function ‘[01m[Ku_result rp::standalone::rplidar::RPlidarDriver::reset(_u32)[m[K’:
[0.863s] [01m[K/home/devtex/MAS514-UiABOT/ros2_ws/src/sllidar_ros2/sdk/src/rplidar_driver.cpp:101:40:[m[K [01;35m[Kwarning: [m[Kunused parameter ‘[01m[Ktimeout[m[K’ [[01;35m[K-Wunused-parameter[m[K]
[0.863s]   101 |     u_result RPlidarDriver::reset([01;35m[K_u32 timeout[m[K)
[0.863s]       |                                   [01;35m[K~~~~~^~~~~~~[m[K
[0.863s] [01m[K/home/devtex/MAS514-UiABOT/ros2_ws/src/sllidar_ros2/sdk/src/rplidar_driver.cpp:[m[K In member function ‘[01m[Ku_result rp::standalone::rplidar::RPlidarDriver::getScanDataWithInterval(rplidar_response_measurement_node_t*, size_t&)[m[K’:
[0.863s] [01m[K/home/devtex/MAS514-UiABOT/ros2_ws/src/sllidar_ros2/sdk/src/rplidar_driver.cpp:180:91:[m[K [01;35m[Kwarning: [m[Kunused parameter ‘[01m[Knodebuffer[m[K’ [[01;35m[K-Wunused-parameter[m[K]
[0.863s]   180 |     u_result RPlidarDriver::getScanDataWithInterval([01;35m[Krplidar_response_measurement_node_t * nodebuffer[m[K, size_t & count)
[0.863s]       |                                                     [01;35m[K~~~~~~~~~~~~~~~~~~~~~~~~~~~~~~~~~~~~~~^~~~~~~~~~[m[K
[0.863s] [01m[K/home/devtex/MAS514-UiABOT/ros2_ws/src/sllidar_ros2/sdk/src/rplidar_driver.cpp:180:112:[m[K [01;35m[Kwarning: [m[Kunused parameter ‘[01m[Kcount[m[K’ [[01;35m[K-Wunused-parameter[m[K]
[0.863s]   180 |     u_result RPlidarDriver::getScanDataWithInterval(rplidar_response_measurement_node_t * nodebuffer, [01;35m[Ksize_t & count[m[K)
[0.863s]       |                                                                                                       [01;35m[K~~~~~~~~~^~~~~[m[K
[0.863s] In file included from [01m[K/home/devtex/MAS514-UiABOT/ros2_ws/src/sllidar_ros2/./sdk/include/sl_lidar_cmd.h:41[m[K,
[0.863s]                  from [01m[K/home/devtex/MAS514-UiABOT/ros2_ws/src/sllidar_ros2/./sdk/include/sl_crc.h:36[m[K,
[0.864s]                  from [01m[K/home/devtex/MAS514-UiABOT/ros2_ws/src/sllidar_ros2/sdk/src/sl_crc.cpp:33[m[K:
[0.864s] [01m[K/home/devtex/MAS514-UiABOT/ros2_ws/src/sllidar_ros2/./sdk/include/sl_lidar_protocol.h:66:16:[m[K [01;35m[Kwarning: [m[KISO C++ forbids zero-size array ‘[01m[Kdata[m[K’ [[01;35m[K-Wpedantic[m[K]
[0.864s]    66 |     sl_u8 data[[01;35m[K0[m[K];
[0.864s]       |                [01;35m[K^[m[K
[0.864s] In file included from [01m[K/home/devtex/MAS514-UiABOT/ros2_ws/src/sllidar_ros2/./sdk/include/sl_crc.h:36[m[K,
[0.864s]                  from [01m[K/home/devtex/MAS514-UiABOT/ros2_ws/src/sllidar_ros2/sdk/src/sl_crc.cpp:33[m[K:
[0.864s] [01m[K/home/devtex/MAS514-UiABOT/ros2_ws/src/sllidar_ros2/./sdk/include/sl_lidar_cmd.h:324:20:[m[K [01;35m[Kwarning: [m[KISO C++ forbids zero-size array ‘[01m[Kpayload[m[K’ [[01;35m[K-Wpedantic[m[K]
[0.864s]   324 |     sl_u8  payload[[01;35m[K0[m[K];
[0.864s]       |                    [01;35m[K^[m[K
[0.864s] In file included from [01m[K/home/devtex/MAS514-UiABOT/ros2_ws/src/sllidar_ros2/./sdk/include/rplidar_protocol.h:36[m[K,
[0.864s]                  from [01m[K/home/devtex/MAS514-UiABOT/ros2_ws/src/sllidar_ros2/./sdk/include/rplidar.h:39[m[K,
[0.864s]                  from [01m[K/home/devtex/MAS514-UiABOT/ros2_ws/src/sllidar_ros2/sdk/src/sdkcommon.h:49[m[K,
[0.864s]                  from [01m[K/home/devtex/MAS514-UiABOT/ros2_ws/src/sllidar_ros2/sdk/src/sl_async_transceiver.cpp:35[m[K:
[0.864s] [01m[K/home/devtex/MAS514-UiABOT/ros2_ws/src/sllidar_ros2/./sdk/include/sl_lidar_protocol.h:66:16:[m[K [01;35m[Kwarning: [m[KISO C++ forbids zero-size array ‘[01m[Kdata[m[K’ [[01;35m[K-Wpedantic[m[K]
[0.864s]    66 |     sl_u8 data[[01;35m[K0[m[K];
[0.864s]       |                [01;35m[K^[m[K
[0.864s] In file included from [01m[K/home/devtex/MAS514-UiABOT/ros2_ws/src/sllidar_ros2/./sdk/include/rplidar_cmd.h:36[m[K,
[0.864s]                  from [01m[K/home/devtex/MAS514-UiABOT/ros2_ws/src/sllidar_ros2/./sdk/include/rplidar.h:40[m[K,
[0.864s]                  from [01m[K/home/devtex/MAS514-UiABOT/ros2_ws/src/sllidar_ros2/sdk/src/sdkcommon.h:49[m[K,
[0.864s]                  from [01m[K/home/devtex/MAS514-UiABOT/ros2_ws/src/sllidar_ros2/sdk/src/sl_async_transceiver.cpp:35[m[K:
[0.864s] [01m[K/home/devtex/MAS514-UiABOT/ros2_ws/src/sllidar_ros2/./sdk/include/sl_lidar_cmd.h:324:20:[m[K [01;35m[Kwarning: [m[KISO C++ forbids zero-size array ‘[01m[Kpayload[m[K’ [[01;35m[K-Wpedantic[m[K]
[0.865s]   324 |     sl_u8  payload[[01;35m[K0[m[K];
[0.865s]       |                    [01;35m[K^[m[K
[0.865s] In file included from [01m[K/home/devtex/MAS514-UiABOT/ros2_ws/src/sllidar_ros2/sdk/src/sl_async_transceiver.cpp:44[m[K:
[0.865s] [01m[K/home/devtex/MAS514-UiABOT/ros2_ws/src/sllidar_ros2/sdk/src/sl_async_transceiver.h:[m[K In member function ‘[01m[Kvirtual void sl::internal::IAsyncProtocolCodec::onChannelError(u_result)[m[K’:
[0.865s] [01m[K/home/devtex/MAS514-UiABOT/ros2_ws/src/sllidar_ros2/sdk/src/sl_async_transceiver.h:90:48:[m[K [01;35m[Kwarning: [m[Kunused parameter ‘[01m[KerrCode[m[K’ [[01;35m[K-Wunused-parameter[m[K]
[0.865s]    90 |         virtual void   onChannelError([01;35m[Ku_result errCode[m[K) {}
[0.865s]       |                                       [01;35m[K~~~~~~~~~^~~~~~~[m[K
[0.865s] In file included from [01m[K/home/devtex/MAS514-UiABOT/ros2_ws/src/sllidar_ros2/./sdk/include/rplidar_protocol.h:36[m[K,
[0.865s]                  from [01m[K/home/devtex/MAS514-UiABOT/ros2_ws/src/sllidar_ros2/./sdk/include/rplidar.h:39[m[K,
[0.865s]                  from [01m[K/home/devtex/MAS514-UiABOT/ros2_ws/src/sllidar_ros2/./sdk/src/sdkcommon.h:49[m[K,
[0.865s]                  from [01m[K/home/devtex/MAS514-UiABOT/ros2_ws/src/sllidar_ros2/sdk/src/dataunpacker/dataunnpacker_commondef.h:41[m[K,
[0.865s]                  from [01m[K/home/devtex/MAS514-UiABOT/ros2_ws/src/sllidar_ros2/sdk/src/dataunpacker/dataunpacker.cpp:39[m[K:
[0.865s] [01m[K/home/devtex/MAS514-UiABOT/ros2_ws/src/sllidar_ros2/./sdk/include/sl_lidar_protocol.h:66:16:[m[K [01;35m[Kwarning: [m[KISO C++ forbids zero-size array ‘[01m[Kdata[m[K’ [[01;35m[K-Wpedantic[m[K]
[0.865s]    66 |     sl_u8 data[[01;35m[K0[m[K];
[0.865s]       |                [01;35m[K^[m[K
[0.865s] In file included from [01m[K/home/devtex/MAS514-UiABOT/ros2_ws/src/sllidar_ros2/./sdk/include/rplidar_cmd.h:36[m[K,
[0.865s]                  from [01m[K/home/devtex/MAS514-UiABOT/ros2_ws/src/sllidar_ros2/./sdk/include/rplidar.h:40[m[K,
[0.865s]                  from [01m[K/home/devtex/MAS514-UiABOT/ros2_ws/src/sllidar_ros2/./sdk/src/sdkcommon.h:49[m[K,
[0.865s]                  from [01m[K/home/devtex/MAS514-UiABOT/ros2_ws/src/sllidar_ros2/sdk/src/dataunpacker/dataunnpacker_commondef.h:41[m[K,
[0.865s]                  from [01m[K/home/devtex/MAS514-UiABOT/ros2_ws/src/sllidar_ros2/sdk/src/dataunpacker/dataunpacker.cpp:39[m[K:
[0.865s] [01m[K/home/devtex/MAS514-UiABOT/ros2_ws/src/sllidar_ros2/./sdk/include/sl_lidar_cmd.h:324:20:[m[K [01;35m[Kwarning: [m[KISO C++ forbids zero-size array ‘[01m[Kpayload[m[K’ [[01;35m[K-Wpedantic[m[K]
[0.866s]   324 |     sl_u8  payload[[01;35m[K0[m[K];
[0.866s]       |                    [01;35m[K^[m[K
[0.866s] In file included from [01m[K/home/devtex/MAS514-UiABOT/ros2_ws/src/sllidar_ros2/sdk/src/dataunpacker/dataunpacker.cpp:40[m[K:
[0.866s] [01m[K/home/devtex/MAS514-UiABOT/ros2_ws/src/sllidar_ros2/sdk/src/dataunpacker/dataunpacker.h:[m[K In member function ‘[01m[Kvirtual void sl::internal::LIDARSampleDataListener::onCustomSampleDataDecoded(_u8, _u32, const void*, size_t)[m[K’:
[0.866s] [01m[K/home/devtex/MAS514-UiABOT/ros2_ws/src/sllidar_ros2/sdk/src/dataunpacker/dataunpacker.h:54:52:[m[K [01;35m[Kwarning: [m[Kunused parameter ‘[01m[KansType[m[K’ [[01;35m[K-Wunused-parameter[m[K]
[0.866s]    54 |         virtual void onCustomSampleDataDecoded([01;35m[K_u8 ansType[m[K, _u32 customCode, const void* data, size_t size) {}
[0.866s]       |                                                [01;35m[K~~~~^~~~~~~[m[K
[0.866s] [01m[K/home/devtex/MAS514-UiABOT/ros2_ws/src/sllidar_ros2/sdk/src/dataunpacker/dataunpacker.h:54:66:[m[K [01;35m[Kwarning: [m[Kunused parameter ‘[01m[KcustomCode[m[K’ [[01;35m[K-Wunused-parameter[m[K]
[0.866s]    54 |         virtual void onCustomSampleDataDecoded(_u8 ansType, [01;35m[K_u32 customCode[m[K, const void* data, size_t size) {}
[0.866s]       |                                                             [01;35m[K~~~~~^~~~~~~~~~[m[K
[0.866s] [01m[K/home/devtex/MAS514-UiABOT/ros2_ws/src/sllidar_ros2/sdk/src/dataunpacker/dataunpacker.h:54:90:[m[K [01;35m[Kwarning: [m[Kunused parameter ‘[01m[Kdata[m[K’ [[01;35m[K-Wunused-parameter[m[K]
[0.866s]    54 |         virtual void onCustomSampleDataDecoded(_u8 ansType, _u32 customCode, [01;35m[Kconst void* data[m[K, size_t size) {}
[0.866s]       |                                                                              [01;35m[K~~~~~~~~~~~~^~~~[m[K
[0.866s] [01m[K/home/devtex/MAS514-UiABOT/ros2_ws/src/sllidar_ros2/sdk/src/dataunpacker/dataunpacker.h:54:103:[m[K [01;35m[Kwarning: [m[Kunused parameter ‘[01m[Ksize[m[K’ [[01;35m[K-Wunused-parameter[m[K]
[0.866s]    54 |         virtual void onCustomSampleDataDecoded(_u8 ansType, _u32 customCode, const void* data, [01;35m[Ksize_t size[m[K) {}
[0.866s]       |                                                                                                [01;35m[K~~~~~~~^~~~[m[K
[0.866s] [01m[K/home/devtex/MAS514-UiABOT/ros2_ws/src/sllidar_ros2/sdk/src/dataunpacker/dataunpacker.h:[m[K In member function ‘[01m[Kvirtual void sl::internal::LIDARSampleDataListener::onDecodingError(int, _u8, const void*, size_t)[m[K’:
[0.866s] [01m[K/home/devtex/MAS514-UiABOT/ros2_ws/src/sllidar_ros2/sdk/src/dataunpacker/dataunpacker.h:56:42:[m[K [01;35m[Kwarning: [m[Kunused parameter ‘[01m[KerrMsg[m[K’ [[01;35m[K-Wunused-parameter[m[K]
[0.866s]    56 |         virtual void onDecodingError([01;35m[Kint errMsg[m[K, _u8 ansType, const void* payload, size_t size) {}
[0.866s]       |                                      [01;35m[K~~~~^~~~~~[m[K
[0.866s] [01m[K/home/devtex/MAS514-UiABOT/ros2_ws/src/sllidar_ros2/sdk/src/dataunpacker/dataunpacker.h:56:54:[m[K [01;35m[Kwarning: [m[Kunused parameter ‘[01m[KansType[m[K’ [[01;35m[K-Wunused-parameter[m[K]
[0.866s]    56 |         virtual void onDecodingError(int errMsg, [01;35m[K_u8 ansType[m[K, const void* payload, size_t size) {}
[0.866s]       |                                                  [01;35m[K~~~~^~~~~~~[m[K
[0.866s] [01m[K/home/devtex/MAS514-UiABOT/ros2_ws/src/sllidar_ros2/sdk/src/dataunpacker/dataunpacker.h:56:75:[m[K [01;35m[Kwarning: [m[Kunused parameter ‘[01m[Kpayload[m[K’ [[01;35m[K-Wunused-parameter[m[K]
[0.866s]    56 |         virtual void onDecodingError(int errMsg, _u8 ansType, [01;35m[Kconst void* payload[m[K, size_t size) {}
[0.866s]       |                                                               [01;35m[K~~~~~~~~~~~~^~~~~~~[m[K
[0.866s] [01m[K/home/devtex/MAS514-UiABOT/ros2_ws/src/sllidar_ros2/sdk/src/dataunpacker/dataunpacker.h:56:91:[m[K [01;35m[Kwarning: [m[Kunused parameter ‘[01m[Ksize[m[K’ [[01;35m[K-Wunused-parameter[m[K]
[0.866s]    56 |         virtual void onDecodingError(int errMsg, _u8 ansType, const void* payload, [01;35m[Ksize_t size[m[K) {}
[0.866s]       |                                                                                    [01;35m[K~~~~~~~^~~~[m[K
[0.866s] In file included from [01m[K/home/devtex/MAS514-UiABOT/ros2_ws/src/sllidar_ros2/./sdk/include/sl_lidar_cmd.h:41[m[K,
[0.866s]                  from [01m[K/home/devtex/MAS514-UiABOT/ros2_ws/src/sllidar_ros2/./sdk/include/sl_lidar_driver.h:54[m[K,
[0.866s]                  from [01m[K/home/devtex/MAS514-UiABOT/ros2_ws/src/sllidar_ros2/sdk/src/sl_udp_channel.cpp:33[m[K:
[0.866s] [01m[K/home/devtex/MAS514-UiABOT/ros2_ws/src/sllidar_ros2/./sdk/include/sl_lidar_protocol.h:66:16:[m[K [01;35m[Kwarning: [m[KISO C++ forbids zero-size array ‘[01m[Kdata[m[K’ [[01;35m[K-Wpedantic[m[K]
[0.866s]    66 |     sl_u8 data[[01;35m[K0[m[K];
[0.866s]       |                [01;35m[K^[m[K
[0.866s] In file included from [01m[K/home/devtex/MAS514-UiABOT/ros2_ws/src/sllidar_ros2/./sdk/include/sl_lidar_driver.h:54[m[K,
[0.866s]                  from [01m[K/home/devtex/MAS514-UiABOT/ros2_ws/src/sllidar_ros2/sdk/src/sl_udp_channel.cpp:33[m[K:
[0.866s] [01m[K/home/devtex/MAS514-UiABOT/ros2_ws/src/sllidar_ros2/./sdk/include/sl_lidar_cmd.h:324:20:[m[K [01;35m[Kwarning: [m[KISO C++ forbids zero-size array ‘[01m[Kpayload[m[K’ [[01;35m[K-Wpedantic[m[K]
[0.866s]   324 |     sl_u8  payload[[01;35m[K0[m[K];
[0.866s]       |                    [01;35m[K^[m[K
[0.866s] [01m[K/home/devtex/MAS514-UiABOT/ros2_ws/src/sllidar_ros2/sdk/src/sl_udp_channel.cpp:[m[K In member function ‘[01m[Kvoid sl::UdpChannel::setStatus(_u32)[m[K’:
[0.866s] [01m[K/home/devtex/MAS514-UiABOT/ros2_ws/src/sllidar_ros2/sdk/src/sl_udp_channel.cpp:112:29:[m[K [01;35m[Kwarning: [m[Kunused parameter ‘[01m[Kflag[m[K’ [[01;35m[K-Wunused-parameter[m[K]
[0.866s]   112 |         void setStatus([01;35m[K_u32 flag[m[K){}
[0.866s]       |                        [01;35m[K~~~~~^~~~[m[K
[0.866s] In file included from [01m[K/home/devtex/MAS514-UiABOT/ros2_ws/src/sllidar_ros2/./sdk/include/sl_lidar_cmd.h:41[m[K,
[0.867s]                  from [01m[K/home/devtex/MAS514-UiABOT/ros2_ws/src/sllidar_ros2/./sdk/include/sl_lidar_driver.h:54[m[K,
[0.867s]                  from [01m[K/home/devtex/MAS514-UiABOT/ros2_ws/src/sllidar_ros2/./sdk/include/sl_lidar.h:36[m[K,
[0.867s]                  from [01m[K/home/devtex/MAS514-UiABOT/ros2_ws/src/sllidar_ros2/src/sllidar_node.cpp:38[m[K:
[0.867s] [01m[K/home/devtex/MAS514-UiABOT/ros2_ws/src/sllidar_ros2/./sdk/include/sl_lidar_protocol.h:66:16:[m[K [01;35m[Kwarning: [m[KISO C++ forbids zero-size array ‘[01m[Kdata[m[K’ [[01;35m[K-Wpedantic[m[K]
[0.867s]    66 |     sl_u8 data[[01;35m[K0[m[K];
[0.867s]       |                [01;35m[K^[m[K
[0.867s] In file included from [01m[K/home/devtex/MAS514-UiABOT/ros2_ws/src/sllidar_ros2/./sdk/include/sl_lidar_driver.h:54[m[K,
[0.867s]                  from [01m[K/home/devtex/MAS514-UiABOT/ros2_ws/src/sllidar_ros2/./sdk/include/sl_lidar.h:36[m[K,
[0.867s]                  from [01m[K/home/devtex/MAS514-UiABOT/ros2_ws/src/sllidar_ros2/src/sllidar_node.cpp:38[m[K:
[0.867s] [01m[K/home/devtex/MAS514-UiABOT/ros2_ws/src/sllidar_ros2/./sdk/include/sl_lidar_cmd.h:324:20:[m[K [01;35m[Kwarning: [m[KISO C++ forbids zero-size array ‘[01m[Kpayload[m[K’ [[01;35m[K-Wpedantic[m[K]
[0.867s]   324 |     sl_u8  payload[[01;35m[K0[m[K];
[0.867s]       |                    [01;35m[K^[m[K
[0.867s] In file included from [01m[K/home/devtex/MAS514-UiABOT/ros2_ws/src/sllidar_ros2/./sdk/include/sl_lidar_cmd.h:41[m[K,
[0.867s]                  from [01m[K/home/devtex/MAS514-UiABOT/ros2_ws/src/sllidar_ros2/./sdk/include/sl_lidar_driver.h:54[m[K,
[0.867s]                  from [01m[K/home/devtex/MAS514-UiABOT/ros2_ws/src/sllidar_ros2/sdk/src/sl_tcp_channel.cpp:33[m[K:
[0.867s] [01m[K/home/devtex/MAS514-UiABOT/ros2_ws/src/sllidar_ros2/./sdk/include/sl_lidar_protocol.h:66:16:[m[K [01;35m[Kwarning: [m[KISO C++ forbids zero-size array ‘[01m[Kdata[m[K’ [[01;35m[K-Wpedantic[m[K]
[0.867s]    66 |     sl_u8 data[[01;35m[K0[m[K];
[0.867s]       |                [01;35m[K^[m[K
[0.867s] In file included from [01m[K/home/devtex/MAS514-UiABOT/ros2_ws/src/sllidar_ros2/./sdk/include/sl_lidar_driver.h:54[m[K,
[0.867s]                  from [01m[K/home/devtex/MAS514-UiABOT/ros2_ws/src/sllidar_ros2/sdk/src/sl_tcp_channel.cpp:33[m[K:
[0.867s] [01m[K/home/devtex/MAS514-UiABOT/ros2_ws/src/sllidar_ros2/./sdk/include/sl_lidar_cmd.h:324:20:[m[K [01;35m[Kwarning: [m[KISO C++ forbids zero-size array ‘[01m[Kpayload[m[K’ [[01;35m[K-Wpedantic[m[K]
[0.867s]   324 |     sl_u8  payload[[01;35m[K0[m[K];
[0.867s]       |                    [01;35m[K^[m[K
[0.867s] [01m[K/home/devtex/MAS514-UiABOT/ros2_ws/src/sllidar_ros2/sdk/src/sl_tcp_channel.cpp:[m[K In member function ‘[01m[Kvoid sl::TcpChannel::setStatus(_u32)[m[K’:
[0.867s] [01m[K/home/devtex/MAS514-UiABOT/ros2_ws/src/sllidar_ros2/sdk/src/sl_tcp_channel.cpp:109:29:[m[K [01;35m[Kwarning: [m[Kunused parameter ‘[01m[Kflag[m[K’ [[01;35m[K-Wunused-parameter[m[K]
[0.867s]   109 |         void setStatus([01;35m[K_u32 flag[m[K){}
[0.867s]       |                        [01;35m[K~~~~~^~~~[m[K
[0.867s] In file included from [01m[K/home/devtex/MAS514-UiABOT/ros2_ws/src/sllidar_ros2/./sdk/include/sl_lidar_cmd.h:41[m[K,
[0.867s]                  from [01m[K/home/devtex/MAS514-UiABOT/ros2_ws/src/sllidar_ros2/./sdk/include/sl_lidar_driver.h:54[m[K,
[0.867s]                  from [01m[K/home/devtex/MAS514-UiABOT/ros2_ws/src/sllidar_ros2/sdk/src/sl_serial_channel.cpp:33[m[K:
[0.867s] [01m[K/home/devtex/MAS514-UiABOT/ros2_ws/src/sllidar_ros2/./sdk/include/sl_lidar_protocol.h:66:16:[m[K [01;35m[Kwarning: [m[KISO C++ forbids zero-size array ‘[01m[Kdata[m[K’ [[01;35m[K-Wpedantic[m[K]
[0.867s]    66 |     sl_u8 data[[01;35m[K0[m[K];
[0.867s]       |                [01;35m[K^[m[K
[0.867s] In file included from [01m[K/home/devtex/MAS514-UiABOT/ros2_ws/src/sllidar_ros2/./sdk/include/sl_lidar_driver.h:54[m[K,
[0.867s]                  from [01m[K/home/devtex/MAS514-UiABOT/ros2_ws/src/sllidar_ros2/sdk/src/sl_serial_channel.cpp:33[m[K:
[0.867s] [01m[K/home/devtex/MAS514-UiABOT/ros2_ws/src/sllidar_ros2/./sdk/include/sl_lidar_cmd.h:324:20:[m[K [01;35m[Kwarning: [m[KISO C++ forbids zero-size array ‘[01m[Kpayload[m[K’ [[01;35m[K-Wpedantic[m[K]
[0.867s]   324 |     sl_u8  payload[[01;35m[K0[m[K];
[0.867s]       |                    [01;35m[K^[m[K
[0.867s] In file included from [01m[K/home/devtex/MAS514-UiABOT/ros2_ws/src/sllidar_ros2/./sdk/include/rplidar_protocol.h:36[m[K,
[0.867s]                  from [01m[K/home/devtex/MAS514-UiABOT/ros2_ws/src/sllidar_ros2/./sdk/include/rplidar.h:39[m[K,
[0.867s]                  from [01m[K/home/devtex/MAS514-UiABOT/ros2_ws/src/sllidar_ros2/sdk/src/sdkcommon.h:49[m[K,
[0.867s]                  from [01m[K/home/devtex/MAS514-UiABOT/ros2_ws/src/sllidar_ros2/sdk/src/sl_lidar_driver.cpp:33[m[K:
[0.867s] [01m[K/home/devtex/MAS514-UiABOT/ros2_ws/src/sllidar_ros2/./sdk/include/sl_lidar_protocol.h:66:16:[m[K [01;35m[Kwarning: [m[KISO C++ forbids zero-size array ‘[01m[Kdata[m[K’ [[01;35m[K-Wpedantic[m[K]
[0.867s]    66 |     sl_u8 data[[01;35m[K0[m[K];
[0.867s]       |                [01;35m[K^[m[K
[0.867s] In file included from [01m[K/home/devtex/MAS514-UiABOT/ros2_ws/src/sllidar_ros2/./sdk/include/rplidar_cmd.h:36[m[K,
[0.867s]                  from [01m[K/home/devtex/MAS514-UiABOT/ros2_ws/src/sllidar_ros2/./sdk/include/rplidar.h:40[m[K,
[0.868s]                  from [01m[K/home/devtex/MAS514-UiABOT/ros2_ws/src/sllidar_ros2/sdk/src/sdkcommon.h:49[m[K,
[0.868s]                  from [01m[K/home/devtex/MAS514-UiABOT/ros2_ws/src/sllidar_ros2/sdk/src/sl_lidar_driver.cpp:33[m[K:
[0.868s] [01m[K/home/devtex/MAS514-UiABOT/ros2_ws/src/sllidar_ros2/./sdk/include/sl_lidar_cmd.h:324:20:[m[K [01;35m[Kwarning: [m[KISO C++ forbids zero-size array ‘[01m[Kpayload[m[K’ [[01;35m[K-Wpedantic[m[K]
[0.868s]   324 |     sl_u8  payload[[01;35m[K0[m[K];
[0.868s]       |                    [01;35m[K^[m[K
[0.868s] In file included from [01m[K/home/devtex/MAS514-UiABOT/ros2_ws/src/sllidar_ros2/sdk/src/sl_lidar_driver.cpp:50[m[K:
[0.868s] [01m[K/home/devtex/MAS514-UiABOT/ros2_ws/src/sllidar_ros2/sdk/src/dataunpacker/dataunpacker.h:[m[K In member function ‘[01m[Kvirtual void sl::internal::LIDARSampleDataListener::onCustomSampleDataDecoded(_u8, _u32, const void*, size_t)[m[K’:
[0.868s] [01m[K/home/devtex/MAS514-UiABOT/ros2_ws/src/sllidar_ros2/sdk/src/dataunpacker/dataunpacker.h:54:52:[m[K [01;35m[Kwarning: [m[Kunused parameter ‘[01m[KansType[m[K’ [[01;35m[K-Wunused-parameter[m[K]
[0.868s]    54 |         virtual void onCustomSampleDataDecoded([01;35m[K_u8 ansType[m[K, _u32 customCode, const void* data, size_t size) {}
[0.868s]       |                                                [01;35m[K~~~~^~~~~~~[m[K
[0.868s] [01m[K/home/devtex/MAS514-UiABOT/ros2_ws/src/sllidar_ros2/sdk/src/dataunpacker/dataunpacker.h:54:66:[m[K [01;35m[Kwarning: [m[Kunused parameter ‘[01m[KcustomCode[m[K’ [[01;35m[K-Wunused-parameter[m[K]
[0.868s]    54 |         virtual void onCustomSampleDataDecoded(_u8 ansType, [01;35m[K_u32 customCode[m[K, const void* data, size_t size) {}
[0.868s]       |                                                             [01;35m[K~~~~~^~~~~~~~~~[m[K
[0.868s] [01m[K/home/devtex/MAS514-UiABOT/ros2_ws/src/sllidar_ros2/sdk/src/dataunpacker/dataunpacker.h:54:90:[m[K [01;35m[Kwarning: [m[Kunused parameter ‘[01m[Kdata[m[K’ [[01;35m[K-Wunused-parameter[m[K]
[0.868s]    54 |         virtual void onCustomSampleDataDecoded(_u8 ansType, _u32 customCode, [01;35m[Kconst void* data[m[K, size_t size) {}
[0.868s]       |                                                                              [01;35m[K~~~~~~~~~~~~^~~~[m[K
[0.868s] [01m[K/home/devtex/MAS514-UiABOT/ros2_ws/src/sllidar_ros2/sdk/src/dataunpacker/dataunpacker.h:54:103:[m[K [01;35m[Kwarning: [m[Kunused parameter ‘[01m[Ksize[m[K’ [[01;35m[K-Wunused-parameter[m[K]
[0.868s]    54 |         virtual void onCustomSampleDataDecoded(_u8 ansType, _u32 customCode, const void* data, [01;35m[Ksize_t size[m[K) {}
[0.868s]       |                                                                                                [01;35m[K~~~~~~~^~~~[m[K
[0.868s] [01m[K/home/devtex/MAS514-UiABOT/ros2_ws/src/sllidar_ros2/sdk/src/dataunpacker/dataunpacker.h:[m[K In member function ‘[01m[Kvirtual void sl::internal::LIDARSampleDataListener::onDecodingError(int, _u8, const void*, size_t)[m[K’:
[0.868s] [01m[K/home/devtex/MAS514-UiABOT/ros2_ws/src/sllidar_ros2/sdk/src/dataunpacker/dataunpacker.h:56:42:[m[K [01;35m[Kwarning: [m[Kunused parameter ‘[01m[KerrMsg[m[K’ [[01;35m[K-Wunused-parameter[m[K]
[0.868s]    56 |         virtual void onDecodingError([01;35m[Kint errMsg[m[K, _u8 ansType, const void* payload, size_t size) {}
[0.868s]       |                                      [01;35m[K~~~~^~~~~~[m[K
[0.868s] [01m[K/home/devtex/MAS514-UiABOT/ros2_ws/src/sllidar_ros2/sdk/src/dataunpacker/dataunpacker.h:56:54:[m[K [01;35m[Kwarning: [m[Kunused parameter ‘[01m[KansType[m[K’ [[01;35m[K-Wunused-parameter[m[K]
[0.868s]    56 |         virtual void onDecodingError(int errMsg, [01;35m[K_u8 ansType[m[K, const void* payload, size_t size) {}
[0.868s]       |                                                  [01;35m[K~~~~^~~~~~~[m[K
[0.868s] [01m[K/home/devtex/MAS514-UiABOT/ros2_ws/src/sllidar_ros2/sdk/src/dataunpacker/dataunpacker.h:56:75:[m[K [01;35m[Kwarning: [m[Kunused parameter ‘[01m[Kpayload[m[K’ [[01;35m[K-Wunused-parameter[m[K]
[0.868s]    56 |         virtual void onDecodingError(int errMsg, _u8 ansType, [01;35m[Kconst void* payload[m[K, size_t size) {}
[0.868s]       |                                                               [01;35m[K~~~~~~~~~~~~^~~~~~~[m[K
[0.868s] [01m[K/home/devtex/MAS514-UiABOT/ros2_ws/src/sllidar_ros2/sdk/src/dataunpacker/dataunpacker.h:56:91:[m[K [01;35m[Kwarning: [m[Kunused parameter ‘[01m[Ksize[m[K’ [[01;35m[K-Wunused-parameter[m[K]
[0.868s]    56 |         virtual void onDecodingError(int errMsg, _u8 ansType, const void* payload, [01;35m[Ksize_t size[m[K) {}
[0.868s]       |                                                                                    [01;35m[K~~~~~~~^~~~[m[K
[0.868s] In file included from [01m[K/home/devtex/MAS514-UiABOT/ros2_ws/src/sllidar_ros2/sdk/src/sl_lidar_driver.cpp:51[m[K:
[0.868s] [01m[K/home/devtex/MAS514-UiABOT/ros2_ws/src/sllidar_ros2/sdk/src/sl_async_transceiver.h:[m[K In member function ‘[01m[Kvirtual void sl::internal::IAsyncProtocolCodec::onChannelError(u_result)[m[K’:
[0.868s] [01m[K/home/devtex/MAS514-UiABOT/ros2_ws/src/sllidar_ros2/sdk/src/sl_async_transceiver.h:90:48:[m[K [01;35m[Kwarning: [m[Kunused parameter ‘[01m[KerrCode[m[K’ [[01;35m[K-Wunused-parameter[m[K]
[0.868s]    90 |         virtual void   onChannelError([01;35m[Ku_result errCode[m[K) {}
[0.868s]       |                                       [01;35m[K~~~~~~~~~^~~~~~~[m[K
[0.868s] [01m[K/home/devtex/MAS514-UiABOT/ros2_ws/src/sllidar_ros2/sdk/src/sl_lidar_driver.cpp:[m[K In member function ‘[01m[Kvirtual sl_result sl::SlamtecLidarDriver::reset(sl_u32)[m[K’:
[0.868s] [01m[K/home/devtex/MAS514-UiABOT/ros2_ws/src/sllidar_ros2/sdk/src/sl_lidar_driver.cpp:511:32:[m[K [01;35m[Kwarning: [m[Kunused parameter ‘[01m[KtimeoutInMs[m[K’ [[01;35m[K-Wunused-parameter[m[K]
[0.868s]   511 |         sl_result reset([01;35m[Ksl_u32 timeoutInMs = DEFAULT_TIMEOUT[m[K)
[0.868s]       |                         [01;35m[K~~~~~~~^~~~~~~~~~~~~~~~~~~~~~~~~~~~~[m[K
[0.868s] [01m[K/home/devtex/MAS514-UiABOT/ros2_ws/src/sllidar_ros2/sdk/src/sl_lidar_driver.cpp:[m[K In member function ‘[01m[Kvirtual sl_result sl::SlamtecLidarDriver::startScan(bool, bool, sl_u32, sl::LidarScanMode*)[m[K’:
[0.868s] [01m[K/home/devtex/MAS514-UiABOT/ros2_ws/src/sllidar_ros2/sdk/src/sl_lidar_driver.cpp:586:69:[m[K [01;35m[Kwarning: [m[Kunused parameter ‘[01m[Koptions[m[K’ [[01;35m[K-Wunused-parameter[m[K]
[0.868s]   586 |         sl_result startScan(bool force, bool useTypicalScan, [01;35m[Ksl_u32 options = 0[m[K, LidarScanMode* outUsedScanMode = nullptr)
[0.868s]       |                                                              [01;35m[K~~~~~~~^~~~~~~~~~~[m[K
[0.868s] [01m[K/home/devtex/MAS514-UiABOT/ros2_ws/src/sllidar_ros2/sdk/src/sl_lidar_driver.cpp:[m[K In member function ‘[01m[Kvirtual sl_result sl::SlamtecLidarDriver::stop(sl_u32)[m[K’:
[0.869s] [01m[K/home/devtex/MAS514-UiABOT/ros2_ws/src/sllidar_ros2/sdk/src/sl_lidar_driver.cpp:763:31:[m[K [01;35m[Kwarning: [m[Kunused parameter ‘[01m[Ktimeout[m[K’ [[01;35m[K-Wunused-parameter[m[K]
[0.869s]   763 |         sl_result stop([01;35m[Ksl_u32 timeout = DEFAULT_TIMEOUT[m[K)
[0.869s]       |                        [01;35m[K~~~~~~~^~~~~~~~~~~~~~~~~~~~~~~~~[m[K
[0.869s] [01m[K/home/devtex/MAS514-UiABOT/ros2_ws/src/sllidar_ros2/sdk/src/sl_lidar_driver.cpp:[m[K In member function ‘[01m[Kvirtual sl_result sl::SlamtecLidarDriver::getFrequency(const sl::LidarScanMode&, const sl_lidar_response_measurement_node_hq_t*, size_t, float&)[m[K’:
[0.869s] [01m[K/home/devtex/MAS514-UiABOT/ros2_ws/src/sllidar_ros2/sdk/src/sl_lidar_driver.cpp:880:110:[m[K [01;35m[Kwarning: [m[Kunused parameter ‘[01m[Knodes[m[K’ [[01;35m[K-Wunused-parameter[m[K]
[0.869s]   880 |         sl_result getFrequency(const LidarScanMode& scanMode, [01;35m[Kconst sl_lidar_response_measurement_node_hq_t* nodes[m[K, size_t count, float& frequency)
[0.869s]       |                                                               [01;35m[K~~~~~~~~~~~~~~~~~~~~~~~~~~~~~~~~~~~~~~~~~~~~~~~^~~~~[m[K
[0.869s] [01m[K/home/devtex/MAS514-UiABOT/ros2_ws/src/sllidar_ros2/sdk/src/sl_lidar_driver.cpp:[m[K In member function ‘[01m[Kvirtual sl_result sl::SlamtecLidarDriver::getMotorInfo(sl::LidarMotorInfo&, sl_u32)[m[K’:
[0.869s] [01m[K/home/devtex/MAS514-UiABOT/ros2_ws/src/sllidar_ros2/sdk/src/sl_lidar_driver.cpp:1023:66:[m[K [01;35m[Kwarning: [m[Kunused parameter ‘[01m[KtimeoutInMs[m[K’ [[01;35m[K-Wunused-parameter[m[K]
[0.869s]  1023 |         sl_result getMotorInfo(LidarMotorInfo &motorInfo, [01;35m[Ksl_u32 timeoutInMs[m[K)
[0.869s]       |                                                           [01;35m[K~~~~~~~^~~~~~~~~~~[m[K
[0.869s] [01m[K/home/devtex/MAS514-UiABOT/ros2_ws/src/sllidar_ros2/sdk/src/sl_lidar_driver.cpp:[m[K In member function ‘[01m[Ku_result sl::SlamtecLidarDriver::getScanModeCount(sl_u16&, sl_u32)[m[K’:
[0.869s] [01m[K/home/devtex/MAS514-UiABOT/ros2_ws/src/sllidar_ros2/sdk/src/sl_lidar_driver.cpp:1199:61:[m[K [01;35m[Kwarning: [m[Kunused parameter ‘[01m[KtimeoutInMs[m[K’ [[01;35m[K-Wunused-parameter[m[K]
[0.869s]  1199 |         u_result getScanModeCount(sl_u16& modeCount, [01;35m[Ksl_u32 timeoutInMs = DEFAULT_TIMEOUT[m[K)
[0.869s]       |                                                      [01;35m[K~~~~~~~^~~~~~~~~~~~~~~~~~~~~~~~~~~~~[m[K
[0.869s] /home/devtex/MAS514-UiABOT/ros2_ws/src/sllidar_ros2/sdk/src/sl_lidar_driver.cpp: In instantiation of ‘[01m[Kvoid sl::RawSampleNodeHolder<T>::pushNode(_u64, const T*) [with T = sl_lidar_response_measurement_node_hq_t; _u64 = long unsigned int][m[K’:
[0.869s] [01m[K/home/devtex/MAS514-UiABOT/ros2_ws/src/sllidar_ros2/sdk/src/sl_lidar_driver.cpp:1648:42:[m[K   required from here
[0.869s] [01m[K/home/devtex/MAS514-UiABOT/ros2_ws/src/sllidar_ros2/sdk/src/sl_lidar_driver.cpp:202:28:[m[K [01;35m[Kwarning: [m[Kunused parameter ‘[01m[Ktimestamp_uS[m[K’ [[01;35m[K-Wunused-parameter[m[K]
[0.869s]   202 |         void pushNode([01;35m[K_u64 timestamp_uS[m[K, const T* node)
[0.869s]       |                       [01;35m[K~~~~~^~~~~~~~~~~~[m[K
[0.869s] [01m[K/home/devtex/MAS514-UiABOT/ros2_ws/src/sllidar_ros2/sdk/src/sl_lidar_driver.cpp:[m[K At global scope:
[0.869s] [01m[K/home/devtex/MAS514-UiABOT/ros2_ws/src/sllidar_ros2/sdk/src/sl_lidar_driver.cpp:83:17:[m[K [01;35m[Kwarning: [m[K‘[01m[Kvoid sl::convert(const sl_lidar_response_measurement_node_hq_t&, sl_lidar_response_measurement_node_t&)[m[K’ defined but not used [[01;35m[K-Wunused-function[m[K]
[0.869s]    83 |     static void [01;35m[Kconvert[m[K(const sl_lidar_response_measurement_node_hq_t& from, sl_lidar_response_measurement_node_t& to)
[0.869s]       |                 [01;35m[K^~~~~~~[m[K
[0.869s] [01m[K/home/devtex/MAS514-UiABOT/ros2_ws/src/sllidar_ros2/sdk/src/sl_lidar_driver.cpp:75:17:[m[K [01;35m[Kwarning: [m[K‘[01m[Kvoid sl::convert(const sl_lidar_response_measurement_node_t&, sl_lidar_response_measurement_node_hq_t&)[m[K’ defined but not used [[01;35m[K-Wunused-function[m[K]
[0.869s]    75 |     static void [01;35m[Kconvert[m[K(const sl_lidar_response_measurement_node_t& from, sl_lidar_response_measurement_node_hq_t& to)
[0.869s]       |                 [01;35m[K^~~~~~~[m[K
[0.869s] [01m[K/home/devtex/MAS514-UiABOT/ros2_ws/src/sllidar_ros2/sdk/src/sl_lidar_driver.cpp:70:17:[m[K [01;35m[Kwarning: [m[K‘[01m[Kvoid sl::printDeprecationWarn(const char*, const char*)[m[K’ defined but not used [[01;35m[K-Wunused-function[m[K]
[0.869s]    70 |     static void [01;35m[KprintDeprecationWarn[m[K(const char* fn, const char* replacement)
[0.869s]       |                 [01;35m[K^~~~~~~~~~~~~~~~~~~~[m[K
[0.869s] In file included from [01m[K/home/devtex/MAS514-UiABOT/ros2_ws/src/sllidar_ros2/./sdk/include/rplidar_protocol.h:36[m[K,
[0.869s]                  from [01m[K/home/devtex/MAS514-UiABOT/ros2_ws/src/sllidar_ros2/./sdk/include/rplidar.h:39[m[K,
[0.869s]                  from [01m[K/home/devtex/MAS514-UiABOT/ros2_ws/src/sllidar_ros2/./sdk/src/sdkcommon.h:49[m[K,
[0.869s]                  from [01m[K/home/devtex/MAS514-UiABOT/ros2_ws/src/sllidar_ros2/sdk/src/dataunpacker/unpacker/../dataunnpacker_commondef.h:41[m[K,
[0.869s]                  from [01m[K/home/devtex/MAS514-UiABOT/ros2_ws/src/sllidar_ros2/sdk/src/dataunpacker/unpacker/handler_capsules.cpp:39[m[K:
[0.869s] [01m[K/home/devtex/MAS514-UiABOT/ros2_ws/src/sllidar_ros2/./sdk/include/sl_lidar_protocol.h:66:16:[m[K [01;35m[Kwarning: [m[KISO C++ forbids zero-size array ‘[01m[Kdata[m[K’ [[01;35m[K-Wpedantic[m[K]
[0.869s]    66 |     sl_u8 data[[01;35m[K0[m[K];
[0.869s]       |                [01;35m[K^[m[K
[0.869s] In file included from [01m[K/home/devtex/MAS514-UiABOT/ros2_ws/src/sllidar_ros2/./sdk/include/rplidar_cmd.h:36[m[K,
[0.869s]                  from [01m[K/home/devtex/MAS514-UiABOT/ros2_ws/src/sllidar_ros2/./sdk/include/rplidar.h:40[m[K,
[0.869s]                  from [01m[K/home/devtex/MAS514-UiABOT/ros2_ws/src/sllidar_ros2/./sdk/src/sdkcommon.h:49[m[K,
[0.869s]                  from [01m[K/home/devtex/MAS514-UiABOT/ros2_ws/src/sllidar_ros2/sdk/src/dataunpacker/unpacker/../dataunnpacker_commondef.h:41[m[K,
[0.869s]                  from [01m[K/home/devtex/MAS514-UiABOT/ros2_ws/src/sllidar_ros2/sdk/src/dataunpacker/unpacker/handler_capsules.cpp:39[m[K:
[0.869s] [01m[K/home/devtex/MAS514-UiABOT/ros2_ws/src/sllidar_ros2/./sdk/include/sl_lidar_cmd.h:324:20:[m[K [01;35m[Kwarning: [m[KISO C++ forbids zero-size array ‘[01m[Kpayload[m[K’ [[01;35m[K-Wpedantic[m[K]
[0.869s]   324 |     sl_u8  payload[[01;35m[K0[m[K];
[0.869s]       |                    [01;35m[K^[m[K
[0.869s] In file included from [01m[K/home/devtex/MAS514-UiABOT/ros2_ws/src/sllidar_ros2/sdk/src/dataunpacker/unpacker/handler_capsules.cpp:40[m[K:
[0.869s] [01m[K/home/devtex/MAS514-UiABOT/ros2_ws/src/sllidar_ros2/sdk/src/dataunpacker/unpacker/../dataunpacker.h:[m[K In member function ‘[01m[Kvirtual void sl::internal::LIDARSampleDataListener::onCustomSampleDataDecoded(_u8, _u32, const void*, size_t)[m[K’:
[0.869s] [01m[K/home/devtex/MAS514-UiABOT/ros2_ws/src/sllidar_ros2/sdk/src/dataunpacker/unpacker/../dataunpacker.h:54:52:[m[K [01;35m[Kwarning: [m[Kunused parameter ‘[01m[KansType[m[K’ [[01;35m[K-Wunused-parameter[m[K]
[0.869s]    54 |         virtual void onCustomSampleDataDecoded([01;35m[K_u8 ansType[m[K, _u32 customCode, const void* data, size_t size) {}
[0.869s]       |                                                [01;35m[K~~~~^~~~~~~[m[K
[0.869s] [01m[K/home/devtex/MAS514-UiABOT/ros2_ws/src/sllidar_ros2/sdk/src/dataunpacker/unpacker/../dataunpacker.h:54:66:[m[K [01;35m[Kwarning: [m[Kunused parameter ‘[01m[KcustomCode[m[K’ [[01;35m[K-Wunused-parameter[m[K]
[0.869s]    54 |         virtual void onCustomSampleDataDecoded(_u8 ansType, [01;35m[K_u32 customCode[m[K, const void* data, size_t size) {}
[0.870s]       |                                                             [01;35m[K~~~~~^~~~~~~~~~[m[K
[0.870s] [01m[K/home/devtex/MAS514-UiABOT/ros2_ws/src/sllidar_ros2/sdk/src/dataunpacker/unpacker/../dataunpacker.h:54:90:[m[K [01;35m[Kwarning: [m[Kunused parameter ‘[01m[Kdata[m[K’ [[01;35m[K-Wunused-parameter[m[K]
[0.870s]    54 |         virtual void onCustomSampleDataDecoded(_u8 ansType, _u32 customCode, [01;35m[Kconst void* data[m[K, size_t size) {}
[0.870s]       |                                                                              [01;35m[K~~~~~~~~~~~~^~~~[m[K
[0.870s] [01m[K/home/devtex/MAS514-UiABOT/ros2_ws/src/sllidar_ros2/sdk/src/dataunpacker/unpacker/../dataunpacker.h:54:103:[m[K [01;35m[Kwarning: [m[Kunused parameter ‘[01m[Ksize[m[K’ [[01;35m[K-Wunused-parameter[m[K]
[0.870s]    54 |         virtual void onCustomSampleDataDecoded(_u8 ansType, _u32 customCode, const void* data, [01;35m[Ksize_t size[m[K) {}
[0.870s]       |                                                                                                [01;35m[K~~~~~~~^~~~[m[K
[0.870s] [01m[K/home/devtex/MAS514-UiABOT/ros2_ws/src/sllidar_ros2/sdk/src/dataunpacker/unpacker/../dataunpacker.h:[m[K In member function ‘[01m[Kvirtual void sl::internal::LIDARSampleDataListener::onDecodingError(int, _u8, const void*, size_t)[m[K’:
[0.870s] [01m[K/home/devtex/MAS514-UiABOT/ros2_ws/src/sllidar_ros2/sdk/src/dataunpacker/unpacker/../dataunpacker.h:56:42:[m[K [01;35m[Kwarning: [m[Kunused parameter ‘[01m[KerrMsg[m[K’ [[01;35m[K-Wunused-parameter[m[K]
[0.870s]    56 |         virtual void onDecodingError([01;35m[Kint errMsg[m[K, _u8 ansType, const void* payload, size_t size) {}
[0.870s]       |                                      [01;35m[K~~~~^~~~~~[m[K
[0.870s] [01m[K/home/devtex/MAS514-UiABOT/ros2_ws/src/sllidar_ros2/sdk/src/dataunpacker/unpacker/../dataunpacker.h:56:54:[m[K [01;35m[Kwarning: [m[Kunused parameter ‘[01m[KansType[m[K’ [[01;35m[K-Wunused-parameter[m[K]
[0.870s]    56 |         virtual void onDecodingError(int errMsg, [01;35m[K_u8 ansType[m[K, const void* payload, size_t size) {}
[0.870s]       |                                                  [01;35m[K~~~~^~~~~~~[m[K
[0.870s] [01m[K/home/devtex/MAS514-UiABOT/ros2_ws/src/sllidar_ros2/sdk/src/dataunpacker/unpacker/../dataunpacker.h:56:75:[m[K [01;35m[Kwarning: [m[Kunused parameter ‘[01m[Kpayload[m[K’ [[01;35m[K-Wunused-parameter[m[K]
[0.870s]    56 |         virtual void onDecodingError(int errMsg, _u8 ansType, [01;35m[Kconst void* payload[m[K, size_t size) {}
[0.870s]       |                                                               [01;35m[K~~~~~~~~~~~~^~~~~~~[m[K
[0.870s] [01m[K/home/devtex/MAS514-UiABOT/ros2_ws/src/sllidar_ros2/sdk/src/dataunpacker/unpacker/../dataunpacker.h:56:91:[m[K [01;35m[Kwarning: [m[Kunused parameter ‘[01m[Ksize[m[K’ [[01;35m[K-Wunused-parameter[m[K]
[0.870s]    56 |         virtual void onDecodingError(int errMsg, _u8 ansType, const void* payload, [01;35m[Ksize_t size[m[K) {}
[0.870s]       |                                                                                    [01;35m[K~~~~~~~^~~~[m[K
[0.870s] [01m[K/home/devtex/MAS514-UiABOT/ros2_ws/src/sllidar_ros2/sdk/src/dataunpacker/unpacker/handler_capsules.cpp:[m[K In member function ‘[01m[Kvoid sl::internal::unpacker::UnpackerHandler_DenseCapsuleNode::_onScanNodeDenseCapsuleData(rplidar_response_dense_capsule_measurement_nodes_t&, sl::internal::LIDARSampleDataUnpackerInner*)[m[K’:
[0.870s] [01m[K/home/devtex/MAS514-UiABOT/ros2_ws/src/sllidar_ros2/sdk/src/dataunpacker/unpacker/handler_capsules.cpp:763:30:[m[K [01;35m[Kwarning: [m[Ktype qualifiers ignored on cast result type [[01;35m[K-Wignored-qualifiers[m[K]
[0.870s]   763 |             const int dist = [01;35m[Kstatic_cast<const int>(_cached_previous_dense_capsuledata.cabins[pos].distance)[m[K;
[0.870s]       |                              [01;35m[K^~~~~~~~~~~~~~~~~~~~~~~~~~~~~~~~~~~~~~~~~~~~~~~~~~~~~~~~~~~~~~~~~~~~~~~~~~~~~~~[m[K
[0.870s] In file included from [01m[K/home/devtex/MAS514-UiABOT/ros2_ws/src/sllidar_ros2/./sdk/include/rplidar_protocol.h:36[m[K,
[0.870s]                  from [01m[K/home/devtex/MAS514-UiABOT/ros2_ws/src/sllidar_ros2/./sdk/include/rplidar.h:39[m[K,
[0.870s]                  from [01m[K/home/devtex/MAS514-UiABOT/ros2_ws/src/sllidar_ros2/./sdk/src/sdkcommon.h:49[m[K,
[0.870s]                  from [01m[K/home/devtex/MAS514-UiABOT/ros2_ws/src/sllidar_ros2/sdk/src/dataunpacker/unpacker/../dataunnpacker_commondef.h:41[m[K,
[0.870s]                  from [01m[K/home/devtex/MAS514-UiABOT/ros2_ws/src/sllidar_ros2/sdk/src/dataunpacker/unpacker/handler_hqnode.cpp:39[m[K:
[0.870s] [01m[K/home/devtex/MAS514-UiABOT/ros2_ws/src/sllidar_ros2/./sdk/include/sl_lidar_protocol.h:66:16:[m[K [01;35m[Kwarning: [m[KISO C++ forbids zero-size array ‘[01m[Kdata[m[K’ [[01;35m[K-Wpedantic[m[K]
[0.870s]    66 |     sl_u8 data[[01;35m[K0[m[K];
[0.870s]       |                [01;35m[K^[m[K
[0.870s] In file included from [01m[K/home/devtex/MAS514-UiABOT/ros2_ws/src/sllidar_ros2/./sdk/include/rplidar_cmd.h:36[m[K,
[0.870s]                  from [01m[K/home/devtex/MAS514-UiABOT/ros2_ws/src/sllidar_ros2/./sdk/include/rplidar.h:40[m[K,
[0.870s]                  from [01m[K/home/devtex/MAS514-UiABOT/ros2_ws/src/sllidar_ros2/./sdk/src/sdkcommon.h:49[m[K,
[0.870s]                  from [01m[K/home/devtex/MAS514-UiABOT/ros2_ws/src/sllidar_ros2/sdk/src/dataunpacker/unpacker/../dataunnpacker_commondef.h:41[m[K,
[0.870s]                  from [01m[K/home/devtex/MAS514-UiABOT/ros2_ws/src/sllidar_ros2/sdk/src/dataunpacker/unpacker/handler_hqnode.cpp:39[m[K:
[0.870s] [01m[K/home/devtex/MAS514-UiABOT/ros2_ws/src/sllidar_ros2/./sdk/include/sl_lidar_cmd.h:324:20:[m[K [01;35m[Kwarning: [m[KISO C++ forbids zero-size array ‘[01m[Kpayload[m[K’ [[01;35m[K-Wpedantic[m[K]
[0.870s]   324 |     sl_u8  payload[[01;35m[K0[m[K];
[0.870s]       |                    [01;35m[K^[m[K
[0.870s] In file included from [01m[K/home/devtex/MAS514-UiABOT/ros2_ws/src/sllidar_ros2/sdk/src/dataunpacker/unpacker/handler_hqnode.cpp:40[m[K:
[0.870s] [01m[K/home/devtex/MAS514-UiABOT/ros2_ws/src/sllidar_ros2/sdk/src/dataunpacker/unpacker/../dataunpacker.h:[m[K In member function ‘[01m[Kvirtual void sl::internal::LIDARSampleDataListener::onCustomSampleDataDecoded(_u8, _u32, const void*, size_t)[m[K’:
[0.870s] [01m[K/home/devtex/MAS514-UiABOT/ros2_ws/src/sllidar_ros2/sdk/src/dataunpacker/unpacker/../dataunpacker.h:54:52:[m[K [01;35m[Kwarning: [m[Kunused parameter ‘[01m[KansType[m[K’ [[01;35m[K-Wunused-parameter[m[K]
[0.870s]    54 |         virtual void onCustomSampleDataDecoded([01;35m[K_u8 ansType[m[K, _u32 customCode, const void* data, size_t size) {}
[0.870s]       |                                                [01;35m[K~~~~^~~~~~~[m[K
[0.870s] [01m[K/home/devtex/MAS514-UiABOT/ros2_ws/src/sllidar_ros2/sdk/src/dataunpacker/unpacker/../dataunpacker.h:54:66:[m[K [01;35m[Kwarning: [m[Kunused parameter ‘[01m[KcustomCode[m[K’ [[01;35m[K-Wunused-parameter[m[K]
[0.870s]    54 |         virtual void onCustomSampleDataDecoded(_u8 ansType, [01;35m[K_u32 customCode[m[K, const void* data, size_t size) {}
[0.870s]       |                                                             [01;35m[K~~~~~^~~~~~~~~~[m[K
[0.870s] [01m[K/home/devtex/MAS514-UiABOT/ros2_ws/src/sllidar_ros2/sdk/src/dataunpacker/unpacker/../dataunpacker.h:54:90:[m[K [01;35m[Kwarning: [m[Kunused parameter ‘[01m[Kdata[m[K’ [[01;35m[K-Wunused-parameter[m[K]
[0.870s]    54 |         virtual void onCustomSampleDataDecoded(_u8 ansType, _u32 customCode, [01;35m[Kconst void* data[m[K, size_t size) {}
[0.870s]       |                                                                              [01;35m[K~~~~~~~~~~~~^~~~[m[K
[0.870s] [01m[K/home/devtex/MAS514-UiABOT/ros2_ws/src/sllidar_ros2/sdk/src/dataunpacker/unpacker/../dataunpacker.h:54:103:[m[K [01;35m[Kwarning: [m[Kunused parameter ‘[01m[Ksize[m[K’ [[01;35m[K-Wunused-parameter[m[K]
[0.870s]    54 |         virtual void onCustomSampleDataDecoded(_u8 ansType, _u32 customCode, const void* data, [01;35m[Ksize_t size[m[K) {}
[0.871s]       |                                                                                                [01;35m[K~~~~~~~^~~~[m[K
[0.871s] [01m[K/home/devtex/MAS514-UiABOT/ros2_ws/src/sllidar_ros2/sdk/src/dataunpacker/unpacker/../dataunpacker.h:[m[K In member function ‘[01m[Kvirtual void sl::internal::LIDARSampleDataListener::onDecodingError(int, _u8, const void*, size_t)[m[K’:
[0.871s] [01m[K/home/devtex/MAS514-UiABOT/ros2_ws/src/sllidar_ros2/sdk/src/dataunpacker/unpacker/../dataunpacker.h:56:42:[m[K [01;35m[Kwarning: [m[Kunused parameter ‘[01m[KerrMsg[m[K’ [[01;35m[K-Wunused-parameter[m[K]
[0.871s]    56 |         virtual void onDecodingError([01;35m[Kint errMsg[m[K, _u8 ansType, const void* payload, size_t size) {}
[0.871s]       |                                      [01;35m[K~~~~^~~~~~[m[K
[0.871s] [01m[K/home/devtex/MAS514-UiABOT/ros2_ws/src/sllidar_ros2/sdk/src/dataunpacker/unpacker/../dataunpacker.h:56:54:[m[K [01;35m[Kwarning: [m[Kunused parameter ‘[01m[KansType[m[K’ [[01;35m[K-Wunused-parameter[m[K]
[0.871s]    56 |         virtual void onDecodingError(int errMsg, [01;35m[K_u8 ansType[m[K, const void* payload, size_t size) {}
[0.871s]       |                                                  [01;35m[K~~~~^~~~~~~[m[K
[0.871s] [01m[K/home/devtex/MAS514-UiABOT/ros2_ws/src/sllidar_ros2/sdk/src/dataunpacker/unpacker/../dataunpacker.h:56:75:[m[K [01;35m[Kwarning: [m[Kunused parameter ‘[01m[Kpayload[m[K’ [[01;35m[K-Wunused-parameter[m[K]
[0.871s]    56 |         virtual void onDecodingError(int errMsg, _u8 ansType, [01;35m[Kconst void* payload[m[K, size_t size) {}
[0.871s]       |                                                               [01;35m[K~~~~~~~~~~~~^~~~~~~[m[K
[0.871s] [01m[K/home/devtex/MAS514-UiABOT/ros2_ws/src/sllidar_ros2/sdk/src/dataunpacker/unpacker/../dataunpacker.h:56:91:[m[K [01;35m[Kwarning: [m[Kunused parameter ‘[01m[Ksize[m[K’ [[01;35m[K-Wunused-parameter[m[K]
[0.871s]    56 |         virtual void onDecodingError(int errMsg, _u8 ansType, const void* payload, [01;35m[Ksize_t size[m[K) {}
[0.871s]       |                                                                                    [01;35m[K~~~~~~~^~~~[m[K
[0.871s] In file included from [01m[K/home/devtex/MAS514-UiABOT/ros2_ws/src/sllidar_ros2/./sdk/include/rplidar_protocol.h:36[m[K,
[0.871s]                  from [01m[K/home/devtex/MAS514-UiABOT/ros2_ws/src/sllidar_ros2/./sdk/include/rplidar.h:39[m[K,
[0.871s]                  from [01m[K/home/devtex/MAS514-UiABOT/ros2_ws/src/sllidar_ros2/sdk/src/sdkcommon.h:49[m[K,
[0.871s]                  from [01m[K/home/devtex/MAS514-UiABOT/ros2_ws/src/sllidar_ros2/sdk/src/sl_lidarprotocol_codec.cpp:35[m[K:
[0.871s] [01m[K/home/devtex/MAS514-UiABOT/ros2_ws/src/sllidar_ros2/./sdk/include/sl_lidar_protocol.h:66:16:[m[K [01;35m[Kwarning: [m[KISO C++ forbids zero-size array ‘[01m[Kdata[m[K’ [[01;35m[K-Wpedantic[m[K]
[0.871s]    66 |     sl_u8 data[[01;35m[K0[m[K];
[0.871s]       |                [01;35m[K^[m[K
[0.871s] In file included from [01m[K/home/devtex/MAS514-UiABOT/ros2_ws/src/sllidar_ros2/./sdk/include/rplidar_cmd.h:36[m[K,
[0.871s]                  from [01m[K/home/devtex/MAS514-UiABOT/ros2_ws/src/sllidar_ros2/./sdk/include/rplidar.h:40[m[K,
[0.871s]                  from [01m[K/home/devtex/MAS514-UiABOT/ros2_ws/src/sllidar_ros2/sdk/src/sdkcommon.h:49[m[K,
[0.871s]                  from [01m[K/home/devtex/MAS514-UiABOT/ros2_ws/src/sllidar_ros2/sdk/src/sl_lidarprotocol_codec.cpp:35[m[K:
[0.871s] [01m[K/home/devtex/MAS514-UiABOT/ros2_ws/src/sllidar_ros2/./sdk/include/sl_lidar_cmd.h:324:20:[m[K [01;35m[Kwarning: [m[KISO C++ forbids zero-size array ‘[01m[Kpayload[m[K’ [[01;35m[K-Wpedantic[m[K]
[0.871s]   324 |     sl_u8  payload[[01;35m[K0[m[K];
[0.871s]       |                    [01;35m[K^[m[K
[0.871s] In file included from [01m[K/home/devtex/MAS514-UiABOT/ros2_ws/src/sllidar_ros2/sdk/src/sl_lidarprotocol_codec.cpp:49[m[K:
[0.871s] [01m[K/home/devtex/MAS514-UiABOT/ros2_ws/src/sllidar_ros2/sdk/src/sl_async_transceiver.h:[m[K In member function ‘[01m[Kvirtual void sl::internal::IAsyncProtocolCodec::onChannelError(u_result)[m[K’:
[0.871s] [01m[K/home/devtex/MAS514-UiABOT/ros2_ws/src/sllidar_ros2/sdk/src/sl_async_transceiver.h:90:48:[m[K [01;35m[Kwarning: [m[Kunused parameter ‘[01m[KerrCode[m[K’ [[01;35m[K-Wunused-parameter[m[K]
[0.871s]    90 |         virtual void   onChannelError([01;35m[Ku_result errCode[m[K) {}
[0.871s]       |                                       [01;35m[K~~~~~~~~~^~~~~~~[m[K
[0.871s] [ 95%] [32m[1mLinking CXX executable sllidar_client[0m
[0.871s] [100%] [32m[1mLinking CXX executable sllidar_node[0m
[1.000s] [100%] Built target sllidar_node
[1.052s] [100%] Built target sllidar_client
[1.058s] Invoked command in '/home/devtex/MAS514-UiABOT/ros2_ws/build/sllidar_ros2' returned '0': CMAKE_PREFIX_PATH=${CMAKE_PREFIX_PATH}:/opt/ros/humble /usr/bin/cmake --build /home/devtex/MAS514-UiABOT/ros2_ws/build/sllidar_ros2 -- -j32 -l32
[1.091s] Invoking command in '/home/devtex/MAS514-UiABOT/ros2_ws/build/sllidar_ros2': CMAKE_PREFIX_PATH=${CMAKE_PREFIX_PATH}:/opt/ros/humble /usr/bin/cmake --install /home/devtex/MAS514-UiABOT/ros2_ws/build/sllidar_ros2
[1.094s] -- Install configuration: ""
[1.094s] -- Installing: /home/devtex/MAS514-UiABOT/ros2_ws/install/sllidar_ros2/share/sllidar_ros2/launch
[1.094s] -- Installing: /home/devtex/MAS514-UiABOT/ros2_ws/install/sllidar_ros2/share/sllidar_ros2/launch/sllidar_a2m7_launch.py
[1.094s] -- Installing: /home/devtex/MAS514-UiABOT/ros2_ws/install/sllidar_ros2/share/sllidar_ros2/launch/sllidar_a3_launch.py
[1.094s] -- Installing: /home/devtex/MAS514-UiABOT/ros2_ws/install/sllidar_ros2/share/sllidar_ros2/launch/sllidar_s2_launch.py
[1.094s] -- Installing: /home/devtex/MAS514-UiABOT/ros2_ws/install/sllidar_ros2/share/sllidar_ros2/launch/sllidar_s1_tcp_launch.py
[1.094s] -- Installing: /home/devtex/MAS514-UiABOT/ros2_ws/install/sllidar_ros2/share/sllidar_ros2/launch/view_sllidar_c1_launch.py
[1.095s] -- Installing: /home/devtex/MAS514-UiABOT/ros2_ws/install/sllidar_ros2/share/sllidar_ros2/launch/view_sllidar_a1_launch.py
[1.095s] -- Installing: /home/devtex/MAS514-UiABOT/ros2_ws/install/sllidar_ros2/share/sllidar_ros2/launch/view_sllidar_s1_launch.py
[1.095s] -- Installing: /home/devtex/MAS514-UiABOT/ros2_ws/install/sllidar_ros2/share/sllidar_ros2/launch/view_sllidar_a2m12_launch.py
[1.095s] -- Installing: /home/devtex/MAS514-UiABOT/ros2_ws/install/sllidar_ros2/share/sllidar_ros2/launch/view_sllidar_s3_launch.py
[1.095s] -- Installing: /home/devtex/MAS514-UiABOT/ros2_ws/install/sllidar_ros2/share/sllidar_ros2/launch/view_sllidar_s1_tcp_launch.py
[1.095s] -- Installing: /home/devtex/MAS514-UiABOT/ros2_ws/install/sllidar_ros2/share/sllidar_ros2/launch/sllidar_s3_launch.py
[1.095s] -- Installing: /home/devtex/MAS514-UiABOT/ros2_ws/install/sllidar_ros2/share/sllidar_ros2/launch/view_sllidar_a2m8_launch.py
[1.095s] -- Installing: /home/devtex/MAS514-UiABOT/ros2_ws/install/sllidar_ros2/share/sllidar_ros2/launch/sllidar_a1_launch.py
[1.095s] -- Installing: /home/devtex/MAS514-UiABOT/ros2_ws/install/sllidar_ros2/share/sllidar_ros2/launch/sllidar_s1_launch.py
[1.095s] -- Installing: /home/devtex/MAS514-UiABOT/ros2_ws/install/sllidar_ros2/share/sllidar_ros2/launch/view_sllidar_a2m7_launch.py
[1.095s] -- Installing: /home/devtex/MAS514-UiABOT/ros2_ws/install/sllidar_ros2/share/sllidar_ros2/launch/view_sllidar_s2_launch.py
[1.095s] -- Installing: /home/devtex/MAS514-UiABOT/ros2_ws/install/sllidar_ros2/share/sllidar_ros2/launch/sllidar_c1_launch.py
[1.095s] -- Installing: /home/devtex/MAS514-UiABOT/ros2_ws/install/sllidar_ros2/share/sllidar_ros2/launch/view_sllidar_s2e_launch.py
[1.095s] -- Installing: /home/devtex/MAS514-UiABOT/ros2_ws/install/sllidar_ros2/share/sllidar_ros2/launch/sllidar_t1_launch.py
[1.095s] -- Installing: /home/devtex/MAS514-UiABOT/ros2_ws/install/sllidar_ros2/share/sllidar_ros2/launch/view_sllidar_t1_launch.py
[1.095s] -- Installing: /home/devtex/MAS514-UiABOT/ros2_ws/install/sllidar_ros2/share/sllidar_ros2/launch/sllidar_s2e_launch.py
[1.095s] -- Installing: /home/devtex/MAS514-UiABOT/ros2_ws/install/sllidar_ros2/share/sllidar_ros2/launch/view_sllidar_a3_launch.py
[1.095s] -- Installing: /home/devtex/MAS514-UiABOT/ros2_ws/install/sllidar_ros2/share/sllidar_ros2/launch/sllidar_a2m8_launch.py
[1.095s] -- Installing: /home/devtex/MAS514-UiABOT/ros2_ws/install/sllidar_ros2/share/sllidar_ros2/launch/sllidar_a2m12_launch .py
[1.095s] -- Installing: /home/devtex/MAS514-UiABOT/ros2_ws/install/sllidar_ros2/share/sllidar_ros2/rviz
[1.095s] -- Installing: /home/devtex/MAS514-UiABOT/ros2_ws/install/sllidar_ros2/share/sllidar_ros2/rviz/sllidar_ros2.rviz
[1.095s] -- Installing: /home/devtex/MAS514-UiABOT/ros2_ws/install/sllidar_ros2/lib/sllidar_ros2/sllidar_node
[1.096s] -- Set runtime path of "/home/devtex/MAS514-UiABOT/ros2_ws/install/sllidar_ros2/lib/sllidar_ros2/sllidar_node" to ""
[1.096s] -- Installing: /home/devtex/MAS514-UiABOT/ros2_ws/install/sllidar_ros2/lib/sllidar_ros2/sllidar_client
[1.097s] -- Set runtime path of "/home/devtex/MAS514-UiABOT/ros2_ws/install/sllidar_ros2/lib/sllidar_ros2/sllidar_client" to ""
[1.097s] -- Installing: /home/devtex/MAS514-UiABOT/ros2_ws/install/sllidar_ros2/share/ament_index/resource_index/package_run_dependencies/sllidar_ros2
[1.097s] -- Installing: /home/devtex/MAS514-UiABOT/ros2_ws/install/sllidar_ros2/share/ament_index/resource_index/parent_prefix_path/sllidar_ros2
[1.097s] -- Installing: /home/devtex/MAS514-UiABOT/ros2_ws/install/sllidar_ros2/share/sllidar_ros2/environment/ament_prefix_path.sh
[1.097s] -- Installing: /home/devtex/MAS514-UiABOT/ros2_ws/install/sllidar_ros2/share/sllidar_ros2/environment/ament_prefix_path.dsv
[1.097s] -- Installing: /home/devtex/MAS514-UiABOT/ros2_ws/install/sllidar_ros2/share/sllidar_ros2/environment/path.sh
[1.097s] -- Installing: /home/devtex/MAS514-UiABOT/ros2_ws/install/sllidar_ros2/share/sllidar_ros2/environment/path.dsv
[1.097s] -- Installing: /home/devtex/MAS514-UiABOT/ros2_ws/install/sllidar_ros2/share/sllidar_ros2/local_setup.bash
[1.097s] -- Installing: /home/devtex/MAS514-UiABOT/ros2_ws/install/sllidar_ros2/share/sllidar_ros2/local_setup.sh
[1.097s] -- Installing: /home/devtex/MAS514-UiABOT/ros2_ws/install/sllidar_ros2/share/sllidar_ros2/local_setup.zsh
[1.097s] -- Installing: /home/devtex/MAS514-UiABOT/ros2_ws/install/sllidar_ros2/share/sllidar_ros2/local_setup.dsv
[1.097s] -- Installing: /home/devtex/MAS514-UiABOT/ros2_ws/install/sllidar_ros2/share/sllidar_ros2/package.dsv
[1.097s] -- Installing: /home/devtex/MAS514-UiABOT/ros2_ws/install/sllidar_ros2/share/ament_index/resource_index/packages/sllidar_ros2
[1.097s] -- Installing: /home/devtex/MAS514-UiABOT/ros2_ws/install/sllidar_ros2/share/sllidar_ros2/cmake/ament_cmake_export_dependencies-extras.cmake
[1.097s] -- Installing: /home/devtex/MAS514-UiABOT/ros2_ws/install/sllidar_ros2/share/sllidar_ros2/cmake/ament_cmake_export_include_directories-extras.cmake
[1.097s] -- Installing: /home/devtex/MAS514-UiABOT/ros2_ws/install/sllidar_ros2/share/sllidar_ros2/cmake/sllidar_ros2Config.cmake
[1.097s] -- Installing: /home/devtex/MAS514-UiABOT/ros2_ws/install/sllidar_ros2/share/sllidar_ros2/cmake/sllidar_ros2Config-version.cmake
[1.097s] -- Installing: /home/devtex/MAS514-UiABOT/ros2_ws/install/sllidar_ros2/share/sllidar_ros2/package.xml
[1.098s] Invoked command in '/home/devtex/MAS514-UiABOT/ros2_ws/build/sllidar_ros2' returned '0': CMAKE_PREFIX_PATH=${CMAKE_PREFIX_PATH}:/opt/ros/humble /usr/bin/cmake --install /home/devtex/MAS514-UiABOT/ros2_ws/build/sllidar_ros2
