[0.039s] Invoking command in '/home/uiabot/MAS514-UiABOT/ros2_ws/build/raspi_sub': CMAKE_PREFIX_PATH=${CMAKE_PREFIX_PATH}:/home/uiabot/ros2_ws/install/robot_keyboard_control:/home/uiabot/ros2_ws/install/my_publisher_package:/home/uiabot/ros2_ws/install/my_listener_package:/home/uiabot/ros2_ws/install/esp32_com:/opt/ros/jazzy DEBUGINFOD_URLS=https://debuginfod.ubuntu.com /usr/bin/cmake --build /home/uiabot/MAS514-UiABOT/ros2_ws/build/raspi_sub -- -j4 -l4
[0.111s] -- Found ament_cmake: 2.5.2 (/opt/ros/jazzy/share/ament_cmake/cmake)
[0.735s] -- Found ament_lint_auto: 0.17.1 (/opt/ros/jazzy/share/ament_lint_auto/cmake)
[0.934s] -- Added test 'flake8' to check Python code syntax and style conventions
[0.934s] -- Configured 'flake8' exclude dirs and/or files: 
[0.934s] -- Added test 'lint_cmake' to check CMake code style
[0.935s] -- Added test 'pep257' to check Python code against some of the docstring style conventions in PEP 257
[0.936s] -- Added test 'xmllint' to check XML markup files
[0.937s] -- Configuring done (0.8s)
[0.944s] -- Generating done (0.0s)
[0.957s] -- Build files have been written to: /home/uiabot/MAS514-UiABOT/ros2_ws/build/raspi_sub
[1.003s] Invoked command in '/home/uiabot/MAS514-UiABOT/ros2_ws/build/raspi_sub' returned '0': CMAKE_PREFIX_PATH=${CMAKE_PREFIX_PATH}:/home/uiabot/ros2_ws/install/robot_keyboard_control:/home/uiabot/ros2_ws/install/my_publisher_package:/home/uiabot/ros2_ws/install/my_listener_package:/home/uiabot/ros2_ws/install/esp32_com:/opt/ros/jazzy DEBUGINFOD_URLS=https://debuginfod.ubuntu.com /usr/bin/cmake --build /home/uiabot/MAS514-UiABOT/ros2_ws/build/raspi_sub -- -j4 -l4
[1.039s] Invoking command in '/home/uiabot/MAS514-UiABOT/ros2_ws/build/raspi_sub': CMAKE_PREFIX_PATH=${CMAKE_PREFIX_PATH}:/home/uiabot/ros2_ws/install/robot_keyboard_control:/home/uiabot/ros2_ws/install/my_publisher_package:/home/uiabot/ros2_ws/install/my_listener_package:/home/uiabot/ros2_ws/install/esp32_com:/opt/ros/jazzy DEBUGINFOD_URLS=https://debuginfod.ubuntu.com /usr/bin/cmake --install /home/uiabot/MAS514-UiABOT/ros2_ws/build/raspi_sub
[1.055s] -- Install configuration: ""
[1.055s] -- Up-to-date: /home/uiabot/MAS514-UiABOT/ros2_ws/install/raspi_sub/lib/raspi_sub/forward_kinematic.py
[1.055s] -- Up-to-date: /home/uiabot/MAS514-UiABOT/ros2_ws/install/raspi_sub/lib/raspi_sub/odom.py
[1.055s] -- Up-to-date: /home/uiabot/MAS514-UiABOT/ros2_ws/install/raspi_sub/lib/raspi_sub/base_to_tf.py
[1.055s] -- Up-to-date: /home/uiabot/MAS514-UiABOT/ros2_ws/install/raspi_sub/lib/raspi_sub/serial_interface.py
[1.055s] -- Installing: /home/uiabot/MAS514-UiABOT/ros2_ws/install/raspi_sub/share/ament_index/resource_index/package_run_dependencies/raspi_sub
[1.055s] -- Up-to-date: /home/uiabot/MAS514-UiABOT/ros2_ws/install/raspi_sub/share/ament_index/resource_index/parent_prefix_path/raspi_sub
[1.055s] -- Up-to-date: /home/uiabot/MAS514-UiABOT/ros2_ws/install/raspi_sub/share/raspi_sub/environment/ament_prefix_path.sh
[1.056s] -- Up-to-date: /home/uiabot/MAS514-UiABOT/ros2_ws/install/raspi_sub/share/raspi_sub/environment/ament_prefix_path.dsv
[1.056s] -- Up-to-date: /home/uiabot/MAS514-UiABOT/ros2_ws/install/raspi_sub/share/raspi_sub/environment/path.sh
[1.056s] -- Up-to-date: /home/uiabot/MAS514-UiABOT/ros2_ws/install/raspi_sub/share/raspi_sub/environment/path.dsv
[1.056s] -- Up-to-date: /home/uiabot/MAS514-UiABOT/ros2_ws/install/raspi_sub/share/raspi_sub/local_setup.bash
[1.056s] -- Up-to-date: /home/uiabot/MAS514-UiABOT/ros2_ws/install/raspi_sub/share/raspi_sub/local_setup.sh
[1.056s] -- Up-to-date: /home/uiabot/MAS514-UiABOT/ros2_ws/install/raspi_sub/share/raspi_sub/local_setup.zsh
[1.056s] -- Up-to-date: /home/uiabot/MAS514-UiABOT/ros2_ws/install/raspi_sub/share/raspi_sub/local_setup.dsv
[1.056s] -- Installing: /home/uiabot/MAS514-UiABOT/ros2_ws/install/raspi_sub/share/raspi_sub/package.dsv
[1.056s] -- Up-to-date: /home/uiabot/MAS514-UiABOT/ros2_ws/install/raspi_sub/share/ament_index/resource_index/packages/raspi_sub
[1.056s] -- Up-to-date: /home/uiabot/MAS514-UiABOT/ros2_ws/install/raspi_sub/share/raspi_sub/cmake/raspi_subConfig.cmake
[1.056s] -- Up-to-date: /home/uiabot/MAS514-UiABOT/ros2_ws/install/raspi_sub/share/raspi_sub/cmake/raspi_subConfig-version.cmake
[1.056s] -- Installing: /home/uiabot/MAS514-UiABOT/ros2_ws/install/raspi_sub/share/raspi_sub/package.xml
[1.059s] Invoked command in '/home/uiabot/MAS514-UiABOT/ros2_ws/build/raspi_sub' returned '0': CMAKE_PREFIX_PATH=${CMAKE_PREFIX_PATH}:/home/uiabot/ros2_ws/install/robot_keyboard_control:/home/uiabot/ros2_ws/install/my_publisher_package:/home/uiabot/ros2_ws/install/my_listener_package:/home/uiabot/ros2_ws/install/esp32_com:/opt/ros/jazzy DEBUGINFOD_URLS=https://debuginfod.ubuntu.com /usr/bin/cmake --install /home/uiabot/MAS514-UiABOT/ros2_ws/build/raspi_sub
