[0.010s] Invoking command in '/home/devtex/MAS514-UiABOT/ros2_ws/build/bno055': CMAKE_PREFIX_PATH=/opt/ros/humble /usr/bin/cmake --build /home/devtex/MAS514-UiABOT/ros2_ws/build/bno055 -- -j32 -l32
[0.031s] Invoked command in '/home/devtex/MAS514-UiABOT/ros2_ws/build/bno055' returned '0': CMAKE_PREFIX_PATH=/opt/ros/humble /usr/bin/cmake --build /home/devtex/MAS514-UiABOT/ros2_ws/build/bno055 -- -j32 -l32
[0.047s] Invoking command in '/home/devtex/MAS514-UiABOT/ros2_ws/build/bno055': CMAKE_PREFIX_PATH=/opt/ros/humble /usr/bin/cmake --install /home/devtex/MAS514-UiABOT/ros2_ws/build/bno055
[0.053s] -- Install configuration: ""
[0.053s] -- Up-to-date: /home/devtex/MAS514-UiABOT/ros2_ws/install/bno055/share/ament_index/resource_index/package_run_dependencies/bno055
[0.053s] -- Up-to-date: /home/devtex/MAS514-UiABOT/ros2_ws/install/bno055/share/ament_index/resource_index/parent_prefix_path/bno055
[0.053s] -- Up-to-date: /home/devtex/MAS514-UiABOT/ros2_ws/install/bno055/share/bno055/environment/ament_prefix_path.sh
[0.053s] -- Up-to-date: /home/devtex/MAS514-UiABOT/ros2_ws/install/bno055/share/bno055/environment/ament_prefix_path.dsv
[0.053s] -- Up-to-date: /home/devtex/MAS514-UiABOT/ros2_ws/install/bno055/share/bno055/environment/path.sh
[0.053s] -- Up-to-date: /home/devtex/MAS514-UiABOT/ros2_ws/install/bno055/share/bno055/environment/path.dsv
[0.053s] -- Up-to-date: /home/devtex/MAS514-UiABOT/ros2_ws/install/bno055/share/bno055/local_setup.bash
[0.053s] -- Up-to-date: /home/devtex/MAS514-UiABOT/ros2_ws/install/bno055/share/bno055/local_setup.sh
[0.053s] -- Up-to-date: /home/devtex/MAS514-UiABOT/ros2_ws/install/bno055/share/bno055/local_setup.zsh
[0.053s] -- Up-to-date: /home/devtex/MAS514-UiABOT/ros2_ws/install/bno055/share/bno055/local_setup.dsv
[0.053s] -- Installing: /home/devtex/MAS514-UiABOT/ros2_ws/install/bno055/share/bno055/package.dsv
[0.053s] -- Up-to-date: /home/devtex/MAS514-UiABOT/ros2_ws/install/bno055/share/ament_index/resource_index/packages/bno055
[0.054s] -- Up-to-date: /home/devtex/MAS514-UiABOT/ros2_ws/install/bno055/share/bno055/cmake/bno055Config.cmake
[0.054s] -- Up-to-date: /home/devtex/MAS514-UiABOT/ros2_ws/install/bno055/share/bno055/cmake/bno055Config-version.cmake
[0.054s] -- Up-to-date: /home/devtex/MAS514-UiABOT/ros2_ws/install/bno055/share/bno055/package.xml
[0.056s] Invoked command in '/home/devtex/MAS514-UiABOT/ros2_ws/build/bno055' returned '0': CMAKE_PREFIX_PATH=/opt/ros/humble /usr/bin/cmake --install /home/devtex/MAS514-UiABOT/ros2_ws/build/bno055
