[0.054s] Invoking command in '/home/uiabot/MAS514-UiABOT/ros2_ws/build/raspi_sub': CMAKE_PREFIX_PATH=${CMAKE_PREFIX_PATH}:/home/uiabot/ros2_ws/install/robot_keyboard_control:/home/uiabot/ros2_ws/install/my_publisher_package:/home/uiabot/ros2_ws/install/my_listener_package:/home/uiabot/ros2_ws/install/esp32_com:/opt/ros/jazzy DEBUGINFOD_URLS=https://debuginfod.ubuntu.com /usr/bin/cmake --build /home/uiabot/MAS514-UiABOT/ros2_ws/build/raspi_sub -- -j4 -l4
[0.248s] Invoked command in '/home/uiabot/MAS514-UiABOT/ros2_ws/build/raspi_sub' returned '0': CMAKE_PREFIX_PATH=${CMAKE_PREFIX_PATH}:/home/uiabot/ros2_ws/install/robot_keyboard_control:/home/uiabot/ros2_ws/install/my_publisher_package:/home/uiabot/ros2_ws/install/my_listener_package:/home/uiabot/ros2_ws/install/esp32_com:/opt/ros/jazzy DEBUGINFOD_URLS=https://debuginfod.ubuntu.com /usr/bin/cmake --build /home/uiabot/MAS514-UiABOT/ros2_ws/build/raspi_sub -- -j4 -l4
[0.413s] Invoking command in '/home/uiabot/MAS514-UiABOT/ros2_ws/build/raspi_sub': CMAKE_PREFIX_PATH=${CMAKE_PREFIX_PATH}:/home/uiabot/ros2_ws/install/robot_keyboard_control:/home/uiabot/ros2_ws/install/my_publisher_package:/home/uiabot/ros2_ws/install/my_listener_package:/home/uiabot/ros2_ws/install/esp32_com:/opt/ros/jazzy DEBUGINFOD_URLS=https://debuginfod.ubuntu.com /usr/bin/cmake --install /home/uiabot/MAS514-UiABOT/ros2_ws/build/raspi_sub
[0.444s] -- Install configuration: ""
[0.444s] -- Up-to-date: /home/uiabot/MAS514-UiABOT/ros2_ws/install/raspi_sub/lib/raspi_sub/forward_kinematic.py
[0.444s] -- Up-to-date: /home/uiabot/MAS514-UiABOT/ros2_ws/install/raspi_sub/lib/raspi_sub/odom.py
[0.445s] -- Up-to-date: /home/uiabot/MAS514-UiABOT/ros2_ws/install/raspi_sub/lib/raspi_sub/base_to_tf.py
[0.445s] -- Up-to-date: /home/uiabot/MAS514-UiABOT/ros2_ws/install/raspi_sub/lib/raspi_sub/serial_interface.py
[0.447s] -- Up-to-date: /home/uiabot/MAS514-UiABOT/ros2_ws/install/raspi_sub/share/ament_index/resource_index/package_run_dependencies/raspi_sub
[0.449s] -- Up-to-date: /home/uiabot/MAS514-UiABOT/ros2_ws/install/raspi_sub/share/ament_index/resource_index/parent_prefix_path/raspi_sub
[0.450s] -- Up-to-date: /home/uiabot/MAS514-UiABOT/ros2_ws/install/raspi_sub/share/raspi_sub/environment/ament_prefix_path.sh
[0.450s] -- Up-to-date: /home/uiabot/MAS514-UiABOT/ros2_ws/install/raspi_sub/share/raspi_sub/environment/ament_prefix_path.dsv
[0.451s] -- Up-to-date: /home/uiabot/MAS514-UiABOT/ros2_ws/install/raspi_sub/share/raspi_sub/environment/path.sh
[0.451s] -- Up-to-date: /home/uiabot/MAS514-UiABOT/ros2_ws/install/raspi_sub/share/raspi_sub/environment/path.dsv
[0.451s] -- Up-to-date: /home/uiabot/MAS514-UiABOT/ros2_ws/install/raspi_sub/share/raspi_sub/local_setup.bash
[0.452s] -- Up-to-date: /home/uiabot/MAS514-UiABOT/ros2_ws/install/raspi_sub/share/raspi_sub/local_setup.sh
[0.452s] -- Up-to-date: /home/uiabot/MAS514-UiABOT/ros2_ws/install/raspi_sub/share/raspi_sub/local_setup.zsh
[0.452s] -- Up-to-date: /home/uiabot/MAS514-UiABOT/ros2_ws/install/raspi_sub/share/raspi_sub/local_setup.dsv
[0.452s] -- Installing: /home/uiabot/MAS514-UiABOT/ros2_ws/install/raspi_sub/share/raspi_sub/package.dsv
[0.452s] -- Up-to-date: /home/uiabot/MAS514-UiABOT/ros2_ws/install/raspi_sub/share/ament_index/resource_index/packages/raspi_sub
[0.452s] -- Up-to-date: /home/uiabot/MAS514-UiABOT/ros2_ws/install/raspi_sub/share/raspi_sub/cmake/raspi_subConfig.cmake
[0.452s] -- Up-to-date: /home/uiabot/MAS514-UiABOT/ros2_ws/install/raspi_sub/share/raspi_sub/cmake/raspi_subConfig-version.cmake
[0.452s] -- Up-to-date: /home/uiabot/MAS514-UiABOT/ros2_ws/install/raspi_sub/share/raspi_sub/package.xml
[0.491s] Invoked command in '/home/uiabot/MAS514-UiABOT/ros2_ws/build/raspi_sub' returned '0': CMAKE_PREFIX_PATH=${CMAKE_PREFIX_PATH}:/home/uiabot/ros2_ws/install/robot_keyboard_control:/home/uiabot/ros2_ws/install/my_publisher_package:/home/uiabot/ros2_ws/install/my_listener_package:/home/uiabot/ros2_ws/install/esp32_com:/opt/ros/jazzy DEBUGINFOD_URLS=https://debuginfod.ubuntu.com /usr/bin/cmake --install /home/uiabot/MAS514-UiABOT/ros2_ws/build/raspi_sub
