[0.009s] Invoking command in '/home/devtex/MAS514-UiABOT/ros2_ws/build/raspi_sub': CMAKE_PREFIX_PATH=/opt/ros/humble /usr/bin/cmake --build /home/devtex/MAS514-UiABOT/ros2_ws/build/raspi_sub -- -j32 -l32
[0.021s] -- Found ament_cmake: 1.3.10 (/opt/ros/humble/share/ament_cmake/cmake)
[0.091s] -- Found ament_lint_auto: 0.12.11 (/opt/ros/humble/share/ament_lint_auto/cmake)
[0.135s] -- Added test 'flake8' to check Python code syntax and style conventions
[0.136s] -- Added test 'lint_cmake' to check CMake code style
[0.136s] -- Added test 'pep257' to check Python code against some of the docstring style conventions in PEP 257
[0.136s] -- Added test 'xmllint' to check XML markup files
[0.136s] -- Configuring done
[0.138s] -- Generating done
[0.138s] -- Build files have been written to: /home/devtex/MAS514-UiABOT/ros2_ws/build/raspi_sub
[0.152s] Invoked command in '/home/devtex/MAS514-UiABOT/ros2_ws/build/raspi_sub' returned '0': CMAKE_PREFIX_PATH=/opt/ros/humble /usr/bin/cmake --build /home/devtex/MAS514-UiABOT/ros2_ws/build/raspi_sub -- -j32 -l32
[0.164s] Invoking command in '/home/devtex/MAS514-UiABOT/ros2_ws/build/raspi_sub': CMAKE_PREFIX_PATH=/opt/ros/humble /usr/bin/cmake --install /home/devtex/MAS514-UiABOT/ros2_ws/build/raspi_sub
[0.167s] -- Install configuration: ""
[0.167s] -- Installing: /home/devtex/MAS514-UiABOT/ros2_ws/install/raspi_sub/lib/raspi_sub/forward_kinematic.py
[0.167s] -- Installing: /home/devtex/MAS514-UiABOT/ros2_ws/install/raspi_sub/lib/raspi_sub/odom.py
[0.167s] -- Installing: /home/devtex/MAS514-UiABOT/ros2_ws/install/raspi_sub/lib/raspi_sub/base_to_tf.py
[0.167s] -- Installing: /home/devtex/MAS514-UiABOT/ros2_ws/install/raspi_sub/lib/raspi_sub/serial_interface.py
[0.167s] -- Up-to-date: /home/devtex/MAS514-UiABOT/ros2_ws/install/raspi_sub/share/ament_index/resource_index/package_run_dependencies/raspi_sub
[0.167s] -- Installing: /home/devtex/MAS514-UiABOT/ros2_ws/install/raspi_sub/share/ament_index/resource_index/parent_prefix_path/raspi_sub
[0.167s] -- Up-to-date: /home/devtex/MAS514-UiABOT/ros2_ws/install/raspi_sub/share/raspi_sub/environment/ament_prefix_path.sh
[0.167s] -- Installing: /home/devtex/MAS514-UiABOT/ros2_ws/install/raspi_sub/share/raspi_sub/environment/ament_prefix_path.dsv
[0.167s] -- Up-to-date: /home/devtex/MAS514-UiABOT/ros2_ws/install/raspi_sub/share/raspi_sub/environment/path.sh
[0.167s] -- Installing: /home/devtex/MAS514-UiABOT/ros2_ws/install/raspi_sub/share/raspi_sub/environment/path.dsv
[0.167s] -- Up-to-date: /home/devtex/MAS514-UiABOT/ros2_ws/install/raspi_sub/share/raspi_sub/local_setup.bash
[0.167s] -- Up-to-date: /home/devtex/MAS514-UiABOT/ros2_ws/install/raspi_sub/share/raspi_sub/local_setup.sh
[0.168s] -- Up-to-date: /home/devtex/MAS514-UiABOT/ros2_ws/install/raspi_sub/share/raspi_sub/local_setup.zsh
[0.168s] -- Installing: /home/devtex/MAS514-UiABOT/ros2_ws/install/raspi_sub/share/raspi_sub/local_setup.dsv
[0.168s] -- Installing: /home/devtex/MAS514-UiABOT/ros2_ws/install/raspi_sub/share/raspi_sub/package.dsv
[0.168s] -- Up-to-date: /home/devtex/MAS514-UiABOT/ros2_ws/install/raspi_sub/share/ament_index/resource_index/packages/raspi_sub
[0.168s] -- Up-to-date: /home/devtex/MAS514-UiABOT/ros2_ws/install/raspi_sub/share/raspi_sub/cmake/raspi_subConfig.cmake
[0.168s] -- Up-to-date: /home/devtex/MAS514-UiABOT/ros2_ws/install/raspi_sub/share/raspi_sub/cmake/raspi_subConfig-version.cmake
[0.168s] -- Up-to-date: /home/devtex/MAS514-UiABOT/ros2_ws/install/raspi_sub/share/raspi_sub/package.xml
[0.169s] Invoked command in '/home/devtex/MAS514-UiABOT/ros2_ws/build/raspi_sub' returned '0': CMAKE_PREFIX_PATH=/opt/ros/humble /usr/bin/cmake --install /home/devtex/MAS514-UiABOT/ros2_ws/build/raspi_sub
