[0.011s] Invoking command in '/home/devtex/MAS514-UiABOT/ros2_ws/build/raspi_sub': CMAKE_PREFIX_PATH=${CMAKE_PREFIX_PATH}:/opt/ros/humble /usr/bin/cmake --build /home/devtex/MAS514-UiABOT/ros2_ws/build/raspi_sub -- -j32 -l32
[0.023s] -- Found ament_cmake: 1.3.10 (/opt/ros/humble/share/ament_cmake/cmake)
[0.094s] -- Found ament_lint_auto: 0.12.11 (/opt/ros/humble/share/ament_lint_auto/cmake)
[0.135s] -- Added test 'flake8' to check Python code syntax and style conventions
[0.135s] -- Added test 'lint_cmake' to check CMake code style
[0.135s] -- Added test 'pep257' to check Python code against some of the docstring style conventions in PEP 257
[0.135s] -- Added test 'xmllint' to check XML markup files
[0.136s] -- Configuring done
[0.137s] -- Generating done
[0.137s] -- Build files have been written to: /home/devtex/MAS514-UiABOT/ros2_ws/build/raspi_sub
[0.149s] Invoked command in '/home/devtex/MAS514-UiABOT/ros2_ws/build/raspi_sub' returned '0': CMAKE_PREFIX_PATH=${CMAKE_PREFIX_PATH}:/opt/ros/humble /usr/bin/cmake --build /home/devtex/MAS514-UiABOT/ros2_ws/build/raspi_sub -- -j32 -l32
[0.162s] Invoking command in '/home/devtex/MAS514-UiABOT/ros2_ws/build/raspi_sub': CMAKE_PREFIX_PATH=${CMAKE_PREFIX_PATH}:/opt/ros/humble /usr/bin/cmake --install /home/devtex/MAS514-UiABOT/ros2_ws/build/raspi_sub
[0.166s] -- Install configuration: ""
[0.166s] [31mCMake Error at cmake_install.cmake:46 (file):
[0.166s]   file INSTALL cannot find
[0.166s]   "/home/devtex/MAS514-UiABOT/ros2_ws/src/raspi_sub/scripts/forward_kinematics.py":
[0.166s]   No such file or directory.
[0.166s] 
[0.166s] [0m
[0.167s] Invoked command in '/home/devtex/MAS514-UiABOT/ros2_ws/build/raspi_sub' returned '1': CMAKE_PREFIX_PATH=${CMAKE_PREFIX_PATH}:/opt/ros/humble /usr/bin/cmake --install /home/devtex/MAS514-UiABOT/ros2_ws/build/raspi_sub
