[0.045s] Invoking command in '/home/uiabot/MAS514-UiABOT/ros2_ws/build/robot_description': CMAKE_PREFIX_PATH=${CMAKE_PREFIX_PATH}:/home/uiabot/ros2_ws/install/robot_keyboard_control:/home/uiabot/ros2_ws/install/my_publisher_package:/home/uiabot/ros2_ws/install/my_listener_package:/home/uiabot/ros2_ws/install/esp32_com:/opt/ros/jazzy DEBUGINFOD_URLS=https://debuginfod.ubuntu.com /usr/bin/cmake --build /home/uiabot/MAS514-UiABOT/ros2_ws/build/robot_description -- -j4 -l4
[0.168s] -- Found ament_cmake: 2.5.2 (/opt/ros/jazzy/share/ament_cmake/cmake)
[0.943s] -- Found rclpy: 7.1.1 (/opt/ros/jazzy/share/rclpy/cmake)
[0.948s] -- Found sensor_msgs: 5.3.5 (/opt/ros/jazzy/share/sensor_msgs/cmake)
[1.057s] -- Found rosidl_generator_c: 4.6.3 (/opt/ros/jazzy/share/rosidl_generator_c/cmake)
[1.091s] -- Found rosidl_generator_cpp: 4.6.3 (/opt/ros/jazzy/share/rosidl_generator_cpp/cmake)
[1.145s] -- Using all available rosidl_typesupport_c: rosidl_typesupport_fastrtps_c;rosidl_typesupport_introspection_c
[1.196s] -- Using all available rosidl_typesupport_cpp: rosidl_typesupport_fastrtps_cpp;rosidl_typesupport_introspection_cpp
[1.410s] -- Found nav_msgs: 5.3.5 (/opt/ros/jazzy/share/nav_msgs/cmake)
[1.460s] -- Found ament_lint_auto: 0.17.1 (/opt/ros/jazzy/share/ament_lint_auto/cmake)
[1.684s] -- Added test 'flake8' to check Python code syntax and style conventions
[1.684s] -- Configured 'flake8' exclude dirs and/or files: 
[1.685s] -- Added test 'lint_cmake' to check CMake code style
[1.686s] -- Added test 'pep257' to check Python code against some of the docstring style conventions in PEP 257
[1.689s] -- Added test 'xmllint' to check XML markup files
[1.693s] -- Configuring done (1.6s)
[1.726s] -- Generating done (0.0s)
[1.738s] -- Build files have been written to: /home/uiabot/MAS514-UiABOT/ros2_ws/build/robot_description
[1.790s] Invoked command in '/home/uiabot/MAS514-UiABOT/ros2_ws/build/robot_description' returned '0': CMAKE_PREFIX_PATH=${CMAKE_PREFIX_PATH}:/home/uiabot/ros2_ws/install/robot_keyboard_control:/home/uiabot/ros2_ws/install/my_publisher_package:/home/uiabot/ros2_ws/install/my_listener_package:/home/uiabot/ros2_ws/install/esp32_com:/opt/ros/jazzy DEBUGINFOD_URLS=https://debuginfod.ubuntu.com /usr/bin/cmake --build /home/uiabot/MAS514-UiABOT/ros2_ws/build/robot_description -- -j4 -l4
[1.839s] Invoking command in '/home/uiabot/MAS514-UiABOT/ros2_ws/build/robot_description': CMAKE_PREFIX_PATH=${CMAKE_PREFIX_PATH}:/home/uiabot/ros2_ws/install/robot_keyboard_control:/home/uiabot/ros2_ws/install/my_publisher_package:/home/uiabot/ros2_ws/install/my_listener_package:/home/uiabot/ros2_ws/install/esp32_com:/opt/ros/jazzy DEBUGINFOD_URLS=https://debuginfod.ubuntu.com /usr/bin/cmake --install /home/uiabot/MAS514-UiABOT/ros2_ws/build/robot_description
[1.861s] -- Install configuration: ""
[1.861s] -- Up-to-date: /home/uiabot/MAS514-UiABOT/ros2_ws/install/robot_description/share/robot_description/launch
[1.861s] -- Up-to-date: /home/uiabot/MAS514-UiABOT/ros2_ws/install/robot_description/share/robot_description/launch/robot_launch.launch.py
[1.861s] -- Up-to-date: /home/uiabot/MAS514-UiABOT/ros2_ws/install/robot_description/share/robot_description/launch/launch_sim.launch.py
[1.861s] -- Up-to-date: /home/uiabot/MAS514-UiABOT/ros2_ws/install/robot_description/share/robot_description/launch/rsp.launch.py
[1.861s] -- Up-to-date: /home/uiabot/MAS514-UiABOT/ros2_ws/install/robot_description/share/robot_description/description
[1.861s] -- Up-to-date: /home/uiabot/MAS514-UiABOT/ros2_ws/install/robot_description/share/robot_description/description/robot_core.xacro
[1.862s] -- Up-to-date: /home/uiabot/MAS514-UiABOT/ros2_ws/install/robot_description/share/robot_description/description/lidar.xacro
[1.862s] -- Up-to-date: /home/uiabot/MAS514-UiABOT/ros2_ws/install/robot_description/share/robot_description/description/inertial_macros.xacro
[1.862s] -- Up-to-date: /home/uiabot/MAS514-UiABOT/ros2_ws/install/robot_description/share/robot_description/description/AssemUiAminibot2 .STL
[1.862s] -- Up-to-date: /home/uiabot/MAS514-UiABOT/ros2_ws/install/robot_description/share/robot_description/description/Motor.STL
[1.862s] -- Up-to-date: /home/uiabot/MAS514-UiABOT/ros2_ws/install/robot_description/share/robot_description/description/RP-lidar-A1.STL
[1.862s] -- Up-to-date: /home/uiabot/MAS514-UiABOT/ros2_ws/install/robot_description/share/robot_description/description/MotorBracket.STL
[1.862s] -- Up-to-date: /home/uiabot/MAS514-UiABOT/ros2_ws/install/robot_description/share/robot_description/description/SupportWheelBracket_v03.STL
[1.863s] -- Up-to-date: /home/uiabot/MAS514-UiABOT/ros2_ws/install/robot_description/share/robot_description/description/robot.urdf.xacro
[1.863s] -- Up-to-date: /home/uiabot/MAS514-UiABOT/ros2_ws/install/robot_description/share/robot_description/description/UiAFullWafflePlate.STL
[1.863s] -- Up-to-date: /home/uiabot/MAS514-UiABOT/ros2_ws/install/robot_description/share/robot_description/description/ros2_control.xacro
[1.863s] -- Up-to-date: /home/uiabot/MAS514-UiABOT/ros2_ws/install/robot_description/share/robot_description/description/RPLidarCasingV3_Wcut.STL
[1.863s] -- Up-to-date: /home/uiabot/MAS514-UiABOT/ros2_ws/install/robot_description/share/robot_description/description/gazebo_control.xacro
[1.863s] [31mCMake Error at cmake_install.cmake:54 (file):
[1.863s]   file INSTALL cannot find
[1.864s]   "/home/uiabot/MAS514-UiABOT/ros2_ws/src/robot_description/src/serial_interface.py":
[1.864s]   No such file or directory.
[1.864s] 
[1.864s] [0m
[1.866s] Invoked command in '/home/uiabot/MAS514-UiABOT/ros2_ws/build/robot_description' returned '1': CMAKE_PREFIX_PATH=${CMAKE_PREFIX_PATH}:/home/uiabot/ros2_ws/install/robot_keyboard_control:/home/uiabot/ros2_ws/install/my_publisher_package:/home/uiabot/ros2_ws/install/my_listener_package:/home/uiabot/ros2_ws/install/esp32_com:/opt/ros/jazzy DEBUGINFOD_URLS=https://debuginfod.ubuntu.com /usr/bin/cmake --install /home/uiabot/MAS514-UiABOT/ros2_ws/build/robot_description
