[0.009s] Invoking command in '/home/devtex/MAS514-UiABOT/ros2_ws/build/raspi_sub': CMAKE_PREFIX_PATH=${CMAKE_PREFIX_PATH}:/opt/ros/humble /usr/bin/cmake /home/devtex/MAS514-UiABOT/ros2_ws/src/raspi_sub -DCMAKE_INSTALL_PREFIX=/home/devtex/MAS514-UiABOT/ros2_ws/install/raspi_sub
[0.044s] -- The C compiler identification is GNU 11.4.0
[0.081s] -- The CXX compiler identification is GNU 11.4.0
[0.087s] -- Detecting C compiler ABI info
[0.124s] -- Detecting C compiler ABI info - done
[0.130s] -- Check for working C compiler: /usr/lib/ccache/cc - skipped
[0.130s] -- Detecting C compile features
[0.131s] -- Detecting C compile features - done
[0.133s] -- Detecting CXX compiler ABI info
[0.178s] -- Detecting CXX compiler ABI info - done
[0.183s] -- Check for working CXX compiler: /usr/lib/ccache/c++ - skipped
[0.184s] -- Detecting CXX compile features
[0.184s] -- Detecting CXX compile features - done
[0.185s] -- Found ament_cmake: 1.3.10 (/opt/ros/humble/share/ament_cmake/cmake)
[0.526s] -- Found Python3: /usr/bin/python3 (found version "3.10.12") found components: Interpreter 
[0.570s] -- Found ament_lint_auto: 0.12.11 (/opt/ros/humble/share/ament_lint_auto/cmake)
[0.609s] -- Added test 'flake8' to check Python code syntax and style conventions
[0.609s] -- Added test 'lint_cmake' to check CMake code style
[0.609s] -- Added test 'pep257' to check Python code against some of the docstring style conventions in PEP 257
[0.610s] -- Added test 'xmllint' to check XML markup files
[0.610s] -- Configuring done
[0.611s] -- Generating done
[0.612s] -- Build files have been written to: /home/devtex/MAS514-UiABOT/ros2_ws/build/raspi_sub
[0.616s] Invoked command in '/home/devtex/MAS514-UiABOT/ros2_ws/build/raspi_sub' returned '0': CMAKE_PREFIX_PATH=${CMAKE_PREFIX_PATH}:/opt/ros/humble /usr/bin/cmake /home/devtex/MAS514-UiABOT/ros2_ws/src/raspi_sub -DCMAKE_INSTALL_PREFIX=/home/devtex/MAS514-UiABOT/ros2_ws/install/raspi_sub
[0.616s] Invoking command in '/home/devtex/MAS514-UiABOT/ros2_ws/build/raspi_sub': CMAKE_PREFIX_PATH=${CMAKE_PREFIX_PATH}:/opt/ros/humble /usr/bin/cmake --build /home/devtex/MAS514-UiABOT/ros2_ws/build/raspi_sub -- -j32 -l32
[0.641s] Invoked command in '/home/devtex/MAS514-UiABOT/ros2_ws/build/raspi_sub' returned '0': CMAKE_PREFIX_PATH=${CMAKE_PREFIX_PATH}:/opt/ros/humble /usr/bin/cmake --build /home/devtex/MAS514-UiABOT/ros2_ws/build/raspi_sub -- -j32 -l32
[0.660s] Invoking command in '/home/devtex/MAS514-UiABOT/ros2_ws/build/raspi_sub': CMAKE_PREFIX_PATH=${CMAKE_PREFIX_PATH}:/opt/ros/humble /usr/bin/cmake --install /home/devtex/MAS514-UiABOT/ros2_ws/build/raspi_sub
[0.664s] -- Install configuration: ""
[0.664s] -- Installing: /home/devtex/MAS514-UiABOT/ros2_ws/install/raspi_sub/share/ament_index/resource_index/package_run_dependencies/raspi_sub
[0.664s] -- Installing: /home/devtex/MAS514-UiABOT/ros2_ws/install/raspi_sub/share/ament_index/resource_index/parent_prefix_path/raspi_sub
[0.664s] -- Installing: /home/devtex/MAS514-UiABOT/ros2_ws/install/raspi_sub/share/raspi_sub/environment/ament_prefix_path.sh
[0.664s] -- Installing: /home/devtex/MAS514-UiABOT/ros2_ws/install/raspi_sub/share/raspi_sub/environment/ament_prefix_path.dsv
[0.664s] -- Installing: /home/devtex/MAS514-UiABOT/ros2_ws/install/raspi_sub/share/raspi_sub/environment/path.sh
[0.664s] -- Installing: /home/devtex/MAS514-UiABOT/ros2_ws/install/raspi_sub/share/raspi_sub/environment/path.dsv
[0.664s] -- Installing: /home/devtex/MAS514-UiABOT/ros2_ws/install/raspi_sub/share/raspi_sub/local_setup.bash
[0.665s] -- Installing: /home/devtex/MAS514-UiABOT/ros2_ws/install/raspi_sub/share/raspi_sub/local_setup.sh
[0.665s] -- Installing: /home/devtex/MAS514-UiABOT/ros2_ws/install/raspi_sub/share/raspi_sub/local_setup.zsh
[0.665s] -- Installing: /home/devtex/MAS514-UiABOT/ros2_ws/install/raspi_sub/share/raspi_sub/local_setup.dsv
[0.665s] -- Installing: /home/devtex/MAS514-UiABOT/ros2_ws/install/raspi_sub/share/raspi_sub/package.dsv
[0.665s] -- Installing: /home/devtex/MAS514-UiABOT/ros2_ws/install/raspi_sub/share/ament_index/resource_index/packages/raspi_sub
[0.665s] -- Installing: /home/devtex/MAS514-UiABOT/ros2_ws/install/raspi_sub/share/raspi_sub/cmake/raspi_subConfig.cmake
[0.665s] -- Installing: /home/devtex/MAS514-UiABOT/ros2_ws/install/raspi_sub/share/raspi_sub/cmake/raspi_subConfig-version.cmake
[0.665s] -- Installing: /home/devtex/MAS514-UiABOT/ros2_ws/install/raspi_sub/share/raspi_sub/package.xml
[0.666s] Invoked command in '/home/devtex/MAS514-UiABOT/ros2_ws/build/raspi_sub' returned '0': CMAKE_PREFIX_PATH=${CMAKE_PREFIX_PATH}:/opt/ros/humble /usr/bin/cmake --install /home/devtex/MAS514-UiABOT/ros2_ws/build/raspi_sub
