[0.047s] Invoking command in '/home/uiabot/MAS514-UiABOT/ros2_ws/build/robot_description': CMAKE_PREFIX_PATH=${CMAKE_PREFIX_PATH}:/home/uiabot/ros2_ws/install/robot_keyboard_control:/home/uiabot/ros2_ws/install/my_publisher_package:/home/uiabot/ros2_ws/install/my_listener_package:/home/uiabot/ros2_ws/install/esp32_com:/opt/ros/jazzy DEBUGINFOD_URLS=https://debuginfod.ubuntu.com /usr/bin/cmake --build /home/uiabot/MAS514-UiABOT/ros2_ws/build/robot_description -- -j4 -l4
[0.140s] -- Found ament_cmake: 2.5.2 (/opt/ros/jazzy/share/ament_cmake/cmake)
[0.879s] -- Found rclpy: 7.1.1 (/opt/ros/jazzy/share/rclpy/cmake)
[0.879s] -- Found sensor_msgs: 5.3.5 (/opt/ros/jazzy/share/sensor_msgs/cmake)
[0.922s] -- Found rosidl_generator_c: 4.6.3 (/opt/ros/jazzy/share/rosidl_generator_c/cmake)
[0.940s] -- Found rosidl_generator_cpp: 4.6.3 (/opt/ros/jazzy/share/rosidl_generator_cpp/cmake)
[0.963s] -- Using all available rosidl_typesupport_c: rosidl_typesupport_fastrtps_c;rosidl_typesupport_introspection_c
[0.989s] -- Using all available rosidl_typesupport_cpp: rosidl_typesupport_fastrtps_cpp;rosidl_typesupport_introspection_cpp
[1.105s] -- Found nav_msgs: 5.3.5 (/opt/ros/jazzy/share/nav_msgs/cmake)
[1.142s] -- Found ament_lint_auto: 0.17.1 (/opt/ros/jazzy/share/ament_lint_auto/cmake)
[1.340s] -- Added test 'flake8' to check Python code syntax and style conventions
[1.340s] -- Configured 'flake8' exclude dirs and/or files: 
[1.341s] -- Added test 'lint_cmake' to check CMake code style
[1.342s] -- Added test 'pep257' to check Python code against some of the docstring style conventions in PEP 257
[1.343s] -- Added test 'xmllint' to check XML markup files
[1.345s] -- Configuring done (1.2s)
[1.358s] -- Generating done (0.0s)
[1.367s] -- Build files have been written to: /home/uiabot/MAS514-UiABOT/ros2_ws/build/robot_description
[1.431s] Invoked command in '/home/uiabot/MAS514-UiABOT/ros2_ws/build/robot_description' returned '0': CMAKE_PREFIX_PATH=${CMAKE_PREFIX_PATH}:/home/uiabot/ros2_ws/install/robot_keyboard_control:/home/uiabot/ros2_ws/install/my_publisher_package:/home/uiabot/ros2_ws/install/my_listener_package:/home/uiabot/ros2_ws/install/esp32_com:/opt/ros/jazzy DEBUGINFOD_URLS=https://debuginfod.ubuntu.com /usr/bin/cmake --build /home/uiabot/MAS514-UiABOT/ros2_ws/build/robot_description -- -j4 -l4
[1.486s] Invoking command in '/home/uiabot/MAS514-UiABOT/ros2_ws/build/robot_description': CMAKE_PREFIX_PATH=${CMAKE_PREFIX_PATH}:/home/uiabot/ros2_ws/install/robot_keyboard_control:/home/uiabot/ros2_ws/install/my_publisher_package:/home/uiabot/ros2_ws/install/my_listener_package:/home/uiabot/ros2_ws/install/esp32_com:/opt/ros/jazzy DEBUGINFOD_URLS=https://debuginfod.ubuntu.com /usr/bin/cmake --install /home/uiabot/MAS514-UiABOT/ros2_ws/build/robot_description
[1.511s] -- Install configuration: ""
[1.511s] -- Up-to-date: /home/uiabot/MAS514-UiABOT/ros2_ws/install/robot_description/share/robot_description/launch
[1.511s] -- Up-to-date: /home/uiabot/MAS514-UiABOT/ros2_ws/install/robot_description/share/robot_description/launch/robot_launch.launch.py
[1.511s] -- Up-to-date: /home/uiabot/MAS514-UiABOT/ros2_ws/install/robot_description/share/robot_description/launch/launch_sim.launch.py
[1.511s] -- Up-to-date: /home/uiabot/MAS514-UiABOT/ros2_ws/install/robot_description/share/robot_description/launch/rsp.launch.py
[1.512s] -- Up-to-date: /home/uiabot/MAS514-UiABOT/ros2_ws/install/robot_description/share/robot_description/description
[1.512s] -- Up-to-date: /home/uiabot/MAS514-UiABOT/ros2_ws/install/robot_description/share/robot_description/description/robot_core.xacro
[1.512s] -- Up-to-date: /home/uiabot/MAS514-UiABOT/ros2_ws/install/robot_description/share/robot_description/description/lidar.xacro
[1.512s] -- Up-to-date: /home/uiabot/MAS514-UiABOT/ros2_ws/install/robot_description/share/robot_description/description/inertial_macros.xacro
[1.512s] -- Up-to-date: /home/uiabot/MAS514-UiABOT/ros2_ws/install/robot_description/share/robot_description/description/AssemUiAminibot2 .STL
[1.513s] -- Up-to-date: /home/uiabot/MAS514-UiABOT/ros2_ws/install/robot_description/share/robot_description/description/Motor.STL
[1.513s] -- Up-to-date: /home/uiabot/MAS514-UiABOT/ros2_ws/install/robot_description/share/robot_description/description/RP-lidar-A1.STL
[1.513s] -- Up-to-date: /home/uiabot/MAS514-UiABOT/ros2_ws/install/robot_description/share/robot_description/description/MotorBracket.STL
[1.513s] -- Up-to-date: /home/uiabot/MAS514-UiABOT/ros2_ws/install/robot_description/share/robot_description/description/SupportWheelBracket_v03.STL
[1.513s] -- Up-to-date: /home/uiabot/MAS514-UiABOT/ros2_ws/install/robot_description/share/robot_description/description/robot.urdf.xacro
[1.513s] -- Up-to-date: /home/uiabot/MAS514-UiABOT/ros2_ws/install/robot_description/share/robot_description/description/UiAFullWafflePlate.STL
[1.513s] -- Up-to-date: /home/uiabot/MAS514-UiABOT/ros2_ws/install/robot_description/share/robot_description/description/ros2_control.xacro
[1.513s] -- Up-to-date: /home/uiabot/MAS514-UiABOT/ros2_ws/install/robot_description/share/robot_description/description/RPLidarCasingV3_Wcut.STL
[1.514s] -- Up-to-date: /home/uiabot/MAS514-UiABOT/ros2_ws/install/robot_description/share/robot_description/description/gazebo_control.xacro
[1.514s] -- Up-to-date: /home/uiabot/MAS514-UiABOT/ros2_ws/install/robot_description/lib/robot_description/serial_interface.py
[1.514s] -- Installing: /home/uiabot/MAS514-UiABOT/ros2_ws/install/robot_description/lib/robot_description/odom.py
[1.514s] -- Installing: /home/uiabot/MAS514-UiABOT/ros2_ws/install/robot_description/lib/robot_description/base_to_tf.py
[1.514s] -- Installing: /home/uiabot/MAS514-UiABOT/ros2_ws/install/robot_description/lib/robot_description/joint_state_publisher.py
[1.515s] -- Installing: /home/uiabot/MAS514-UiABOT/ros2_ws/install/robot_description/share/ament_index/resource_index/package_run_dependencies/robot_description
[1.515s] -- Up-to-date: /home/uiabot/MAS514-UiABOT/ros2_ws/install/robot_description/share/ament_index/resource_index/parent_prefix_path/robot_description
[1.515s] -- Up-to-date: /home/uiabot/MAS514-UiABOT/ros2_ws/install/robot_description/share/robot_description/environment/ament_prefix_path.sh
[1.515s] -- Up-to-date: /home/uiabot/MAS514-UiABOT/ros2_ws/install/robot_description/share/robot_description/environment/ament_prefix_path.dsv
[1.515s] -- Up-to-date: /home/uiabot/MAS514-UiABOT/ros2_ws/install/robot_description/share/robot_description/environment/path.sh
[1.515s] -- Up-to-date: /home/uiabot/MAS514-UiABOT/ros2_ws/install/robot_description/share/robot_description/environment/path.dsv
[1.515s] -- Up-to-date: /home/uiabot/MAS514-UiABOT/ros2_ws/install/robot_description/share/robot_description/local_setup.bash
[1.515s] -- Up-to-date: /home/uiabot/MAS514-UiABOT/ros2_ws/install/robot_description/share/robot_description/local_setup.sh
[1.515s] -- Up-to-date: /home/uiabot/MAS514-UiABOT/ros2_ws/install/robot_description/share/robot_description/local_setup.zsh
[1.515s] -- Up-to-date: /home/uiabot/MAS514-UiABOT/ros2_ws/install/robot_description/share/robot_description/local_setup.dsv
[1.515s] -- Installing: /home/uiabot/MAS514-UiABOT/ros2_ws/install/robot_description/share/robot_description/package.dsv
[1.516s] -- Up-to-date: /home/uiabot/MAS514-UiABOT/ros2_ws/install/robot_description/share/ament_index/resource_index/packages/robot_description
[1.516s] -- Up-to-date: /home/uiabot/MAS514-UiABOT/ros2_ws/install/robot_description/share/robot_description/cmake/robot_descriptionConfig.cmake
[1.516s] -- Up-to-date: /home/uiabot/MAS514-UiABOT/ros2_ws/install/robot_description/share/robot_description/cmake/robot_descriptionConfig-version.cmake
[1.516s] -- Installing: /home/uiabot/MAS514-UiABOT/ros2_ws/install/robot_description/share/robot_description/package.xml
[1.520s] Invoked command in '/home/uiabot/MAS514-UiABOT/ros2_ws/build/robot_description' returned '0': CMAKE_PREFIX_PATH=${CMAKE_PREFIX_PATH}:/home/uiabot/ros2_ws/install/robot_keyboard_control:/home/uiabot/ros2_ws/install/my_publisher_package:/home/uiabot/ros2_ws/install/my_listener_package:/home/uiabot/ros2_ws/install/esp32_com:/opt/ros/jazzy DEBUGINFOD_URLS=https://debuginfod.ubuntu.com /usr/bin/cmake --install /home/uiabot/MAS514-UiABOT/ros2_ws/build/robot_description
