[0.047s] Invoking command in '/home/uiabot/MAS514-UiABOT/ros2_ws/build/bno055': CMAKE_PREFIX_PATH=${CMAKE_PREFIX_PATH}:/home/uiabot/ros2_ws/install/robot_keyboard_control:/home/uiabot/ros2_ws/install/my_publisher_package:/home/uiabot/ros2_ws/install/my_listener_package:/home/uiabot/ros2_ws/install/esp32_com:/opt/ros/jazzy DEBUGINFOD_URLS=https://debuginfod.ubuntu.com /usr/bin/cmake --build /home/uiabot/MAS514-UiABOT/ros2_ws/build/bno055 -- -j4 -l4
[0.216s] Invoked command in '/home/uiabot/MAS514-UiABOT/ros2_ws/build/bno055' returned '0': CMAKE_PREFIX_PATH=${CMAKE_PREFIX_PATH}:/home/uiabot/ros2_ws/install/robot_keyboard_control:/home/uiabot/ros2_ws/install/my_publisher_package:/home/uiabot/ros2_ws/install/my_listener_package:/home/uiabot/ros2_ws/install/esp32_com:/opt/ros/jazzy DEBUGINFOD_URLS=https://debuginfod.ubuntu.com /usr/bin/cmake --build /home/uiabot/MAS514-UiABOT/ros2_ws/build/bno055 -- -j4 -l4
[0.327s] Invoking command in '/home/uiabot/MAS514-UiABOT/ros2_ws/build/bno055': CMAKE_PREFIX_PATH=${CMAKE_PREFIX_PATH}:/home/uiabot/ros2_ws/install/robot_keyboard_control:/home/uiabot/ros2_ws/install/my_publisher_package:/home/uiabot/ros2_ws/install/my_listener_package:/home/uiabot/ros2_ws/install/esp32_com:/opt/ros/jazzy DEBUGINFOD_URLS=https://debuginfod.ubuntu.com /usr/bin/cmake --install /home/uiabot/MAS514-UiABOT/ros2_ws/build/bno055
[0.364s] -- Install configuration: ""
[0.365s] -- Up-to-date: /home/uiabot/MAS514-UiABOT/ros2_ws/install/bno055/share/ament_index/resource_index/package_run_dependencies/bno055
[0.366s] -- Up-to-date: /home/uiabot/MAS514-UiABOT/ros2_ws/install/bno055/share/ament_index/resource_index/parent_prefix_path/bno055
[0.366s] -- Up-to-date: /home/uiabot/MAS514-UiABOT/ros2_ws/install/bno055/share/bno055/environment/ament_prefix_path.sh
[0.367s] -- Up-to-date: /home/uiabot/MAS514-UiABOT/ros2_ws/install/bno055/share/bno055/environment/ament_prefix_path.dsv
[0.367s] -- Up-to-date: /home/uiabot/MAS514-UiABOT/ros2_ws/install/bno055/share/bno055/environment/path.sh
[0.367s] -- Up-to-date: /home/uiabot/MAS514-UiABOT/ros2_ws/install/bno055/share/bno055/environment/path.dsv
[0.368s] -- Up-to-date: /home/uiabot/MAS514-UiABOT/ros2_ws/install/bno055/share/bno055/local_setup.bash
[0.368s] -- Up-to-date: /home/uiabot/MAS514-UiABOT/ros2_ws/install/bno055/share/bno055/local_setup.sh
[0.368s] -- Up-to-date: /home/uiabot/MAS514-UiABOT/ros2_ws/install/bno055/share/bno055/local_setup.zsh
[0.368s] -- Up-to-date: /home/uiabot/MAS514-UiABOT/ros2_ws/install/bno055/share/bno055/local_setup.dsv
[0.368s] -- Installing: /home/uiabot/MAS514-UiABOT/ros2_ws/install/bno055/share/bno055/package.dsv
[0.368s] -- Up-to-date: /home/uiabot/MAS514-UiABOT/ros2_ws/install/bno055/share/ament_index/resource_index/packages/bno055
[0.368s] -- Up-to-date: /home/uiabot/MAS514-UiABOT/ros2_ws/install/bno055/share/bno055/cmake/bno055Config.cmake
[0.368s] -- Up-to-date: /home/uiabot/MAS514-UiABOT/ros2_ws/install/bno055/share/bno055/cmake/bno055Config-version.cmake
[0.369s] -- Up-to-date: /home/uiabot/MAS514-UiABOT/ros2_ws/install/bno055/share/bno055/package.xml
[0.415s] Invoked command in '/home/uiabot/MAS514-UiABOT/ros2_ws/build/bno055' returned '0': CMAKE_PREFIX_PATH=${CMAKE_PREFIX_PATH}:/home/uiabot/ros2_ws/install/robot_keyboard_control:/home/uiabot/ros2_ws/install/my_publisher_package:/home/uiabot/ros2_ws/install/my_listener_package:/home/uiabot/ros2_ws/install/esp32_com:/opt/ros/jazzy DEBUGINFOD_URLS=https://debuginfod.ubuntu.com /usr/bin/cmake --install /home/uiabot/MAS514-UiABOT/ros2_ws/build/bno055
