[0.151s] DEBUG:colcon:Command line arguments: ['/usr/bin/colcon', 'build']
[0.151s] DEBUG:colcon:Parsed command line arguments: Namespace(log_base=None, log_level=None, verb_name='build', build_base='build', install_base='install', merge_install=False, symlink_install=False, test_result_base=None, continue_on_error=False, executor='parallel', parallel_workers=4, event_handlers=None, ignore_user_meta=False, metas=['./colcon.meta'], base_paths=['.'], packages_ignore=None, packages_ignore_regex=None, paths=None, packages_up_to=None, packages_up_to_regex=None, packages_above=None, packages_above_and_dependencies=None, packages_above_depth=None, packages_select_by_dep=None, packages_skip_by_dep=None, packages_skip_up_to=None, packages_select_build_failed=False, packages_skip_build_finished=False, packages_select_test_failures=False, packages_skip_test_passed=False, packages_select=None, packages_skip=None, packages_select_regex=None, packages_skip_regex=None, packages_start=None, packages_end=None, allow_overriding=[], cmake_args=None, cmake_target=None, cmake_target_skip_unavailable=False, cmake_clean_cache=False, cmake_clean_first=False, cmake_force_configure=False, ament_cmake_args=None, catkin_cmake_args=None, catkin_skip_building_tests=False, mixin_files=None, mixin=None, verb_parser=<colcon_mixin.mixin.mixin_argument.MixinArgumentDecorator object at 0xffff8293a4e0>, verb_extension=<colcon_core.verb.build.BuildVerb object at 0xffff82aa1310>, main=<bound method BuildVerb.main of <colcon_core.verb.build.BuildVerb object at 0xffff82aa1310>>, mixin_verb=('build',))
[0.203s] Level 1:colcon.colcon_core.package_discovery:discover_packages(colcon_meta) check parameters
[0.203s] Level 1:colcon.colcon_core.package_discovery:discover_packages(recursive) check parameters
[0.203s] Level 1:colcon.colcon_core.package_discovery:discover_packages(ignore) check parameters
[0.203s] Level 1:colcon.colcon_core.package_discovery:discover_packages(path) check parameters
[0.203s] Level 1:colcon.colcon_core.package_discovery:discover_packages(colcon_meta) discover
[0.204s] Level 1:colcon.colcon_core.package_discovery:discover_packages(recursive) discover
[0.204s] INFO:colcon.colcon_core.package_discovery:Crawling recursively for packages in '/home/uiabot/MAS514-UiABOT/ros2_ws'
[0.204s] Level 1:colcon.colcon_core.package_identification:_identify(.) by extensions ['ignore', 'ignore_ament_install']
[0.204s] Level 1:colcon.colcon_core.package_identification:_identify(.) by extension 'ignore'
[0.204s] Level 1:colcon.colcon_core.package_identification:_identify(.) by extension 'ignore_ament_install'
[0.204s] Level 1:colcon.colcon_core.package_identification:_identify(.) by extensions ['colcon_pkg']
[0.204s] Level 1:colcon.colcon_core.package_identification:_identify(.) by extension 'colcon_pkg'
[0.204s] Level 1:colcon.colcon_core.package_identification:_identify(.) by extensions ['colcon_meta']
[0.204s] Level 1:colcon.colcon_core.package_identification:_identify(.) by extension 'colcon_meta'
[0.204s] Level 1:colcon.colcon_core.package_identification:_identify(.) by extensions ['ros']
[0.204s] Level 1:colcon.colcon_core.package_identification:_identify(.) by extension 'ros'
[0.243s] Level 1:colcon.colcon_core.package_identification:_identify(.) by extensions ['cmake', 'python']
[0.243s] Level 1:colcon.colcon_core.package_identification:_identify(.) by extension 'cmake'
[0.243s] Level 1:colcon.colcon_core.package_identification:_identify(.) by extension 'python'
[0.243s] Level 1:colcon.colcon_core.package_identification:_identify(.) by extensions ['python_setup_py']
[0.243s] Level 1:colcon.colcon_core.package_identification:_identify(.) by extension 'python_setup_py'
[0.243s] Level 1:colcon.colcon_core.package_identification:_identify(build) by extensions ['ignore', 'ignore_ament_install']
[0.243s] Level 1:colcon.colcon_core.package_identification:_identify(build) by extension 'ignore'
[0.243s] Level 1:colcon.colcon_core.package_identification:_identify(build) ignored
[0.244s] Level 1:colcon.colcon_core.package_identification:_identify(install) by extensions ['ignore', 'ignore_ament_install']
[0.244s] Level 1:colcon.colcon_core.package_identification:_identify(install) by extension 'ignore'
[0.244s] Level 1:colcon.colcon_core.package_identification:_identify(install) ignored
[0.244s] Level 1:colcon.colcon_core.package_identification:_identify(log) by extensions ['ignore', 'ignore_ament_install']
[0.244s] Level 1:colcon.colcon_core.package_identification:_identify(log) by extension 'ignore'
[0.244s] Level 1:colcon.colcon_core.package_identification:_identify(log) ignored
[0.244s] Level 1:colcon.colcon_core.package_identification:_identify(src) by extensions ['ignore', 'ignore_ament_install']
[0.244s] Level 1:colcon.colcon_core.package_identification:_identify(src) by extension 'ignore'
[0.244s] Level 1:colcon.colcon_core.package_identification:_identify(src) by extension 'ignore_ament_install'
[0.244s] Level 1:colcon.colcon_core.package_identification:_identify(src) by extensions ['colcon_pkg']
[0.244s] Level 1:colcon.colcon_core.package_identification:_identify(src) by extension 'colcon_pkg'
[0.244s] Level 1:colcon.colcon_core.package_identification:_identify(src) by extensions ['colcon_meta']
[0.244s] Level 1:colcon.colcon_core.package_identification:_identify(src) by extension 'colcon_meta'
[0.244s] Level 1:colcon.colcon_core.package_identification:_identify(src) by extensions ['ros']
[0.244s] Level 1:colcon.colcon_core.package_identification:_identify(src) by extension 'ros'
[0.244s] Level 1:colcon.colcon_core.package_identification:_identify(src) by extensions ['cmake', 'python']
[0.245s] Level 1:colcon.colcon_core.package_identification:_identify(src) by extension 'cmake'
[0.245s] Level 1:colcon.colcon_core.package_identification:_identify(src) by extension 'python'
[0.245s] Level 1:colcon.colcon_core.package_identification:_identify(src) by extensions ['python_setup_py']
[0.245s] Level 1:colcon.colcon_core.package_identification:_identify(src) by extension 'python_setup_py'
[0.245s] Level 1:colcon.colcon_core.package_identification:_identify(src/bno055) by extensions ['ignore', 'ignore_ament_install']
[0.245s] Level 1:colcon.colcon_core.package_identification:_identify(src/bno055) by extension 'ignore'
[0.245s] Level 1:colcon.colcon_core.package_identification:_identify(src/bno055) by extension 'ignore_ament_install'
[0.245s] Level 1:colcon.colcon_core.package_identification:_identify(src/bno055) by extensions ['colcon_pkg']
[0.245s] Level 1:colcon.colcon_core.package_identification:_identify(src/bno055) by extension 'colcon_pkg'
[0.245s] Level 1:colcon.colcon_core.package_identification:_identify(src/bno055) by extensions ['colcon_meta']
[0.245s] Level 1:colcon.colcon_core.package_identification:_identify(src/bno055) by extension 'colcon_meta'
[0.245s] Level 1:colcon.colcon_core.package_identification:_identify(src/bno055) by extensions ['ros']
[0.245s] Level 1:colcon.colcon_core.package_identification:_identify(src/bno055) by extension 'ros'
[0.248s] DEBUG:colcon.colcon_core.package_identification:Package 'src/bno055' with type 'ros.ament_cmake' and name 'bno055'
[0.248s] Level 1:colcon.colcon_core.package_identification:_identify(src/raspi_sub) by extensions ['ignore', 'ignore_ament_install']
[0.248s] Level 1:colcon.colcon_core.package_identification:_identify(src/raspi_sub) by extension 'ignore'
[0.249s] Level 1:colcon.colcon_core.package_identification:_identify(src/raspi_sub) by extension 'ignore_ament_install'
[0.249s] Level 1:colcon.colcon_core.package_identification:_identify(src/raspi_sub) by extensions ['colcon_pkg']
[0.249s] Level 1:colcon.colcon_core.package_identification:_identify(src/raspi_sub) by extension 'colcon_pkg'
[0.249s] Level 1:colcon.colcon_core.package_identification:_identify(src/raspi_sub) by extensions ['colcon_meta']
[0.249s] Level 1:colcon.colcon_core.package_identification:_identify(src/raspi_sub) by extension 'colcon_meta'
[0.249s] Level 1:colcon.colcon_core.package_identification:_identify(src/raspi_sub) by extensions ['ros']
[0.249s] Level 1:colcon.colcon_core.package_identification:_identify(src/raspi_sub) by extension 'ros'
[0.249s] DEBUG:colcon.colcon_core.package_identification:Package 'src/raspi_sub' with type 'ros.ament_cmake' and name 'raspi_sub'
[0.250s] Level 1:colcon.colcon_core.package_identification:_identify(src/robot_description) by extensions ['ignore', 'ignore_ament_install']
[0.250s] Level 1:colcon.colcon_core.package_identification:_identify(src/robot_description) by extension 'ignore'
[0.250s] Level 1:colcon.colcon_core.package_identification:_identify(src/robot_description) by extension 'ignore_ament_install'
[0.250s] Level 1:colcon.colcon_core.package_identification:_identify(src/robot_description) by extensions ['colcon_pkg']
[0.250s] Level 1:colcon.colcon_core.package_identification:_identify(src/robot_description) by extension 'colcon_pkg'
[0.250s] Level 1:colcon.colcon_core.package_identification:_identify(src/robot_description) by extensions ['colcon_meta']
[0.250s] Level 1:colcon.colcon_core.package_identification:_identify(src/robot_description) by extension 'colcon_meta'
[0.250s] Level 1:colcon.colcon_core.package_identification:_identify(src/robot_description) by extensions ['ros']
[0.250s] Level 1:colcon.colcon_core.package_identification:_identify(src/robot_description) by extension 'ros'
[0.251s] DEBUG:colcon.colcon_core.package_identification:Package 'src/robot_description' with type 'ros.ament_cmake' and name 'robot_description'
[0.251s] Level 1:colcon.colcon_core.package_identification:_identify(src/sllidar_ros2) by extensions ['ignore', 'ignore_ament_install']
[0.251s] Level 1:colcon.colcon_core.package_identification:_identify(src/sllidar_ros2) by extension 'ignore'
[0.251s] Level 1:colcon.colcon_core.package_identification:_identify(src/sllidar_ros2) by extension 'ignore_ament_install'
[0.251s] Level 1:colcon.colcon_core.package_identification:_identify(src/sllidar_ros2) by extensions ['colcon_pkg']
[0.251s] Level 1:colcon.colcon_core.package_identification:_identify(src/sllidar_ros2) by extension 'colcon_pkg'
[0.251s] Level 1:colcon.colcon_core.package_identification:_identify(src/sllidar_ros2) by extensions ['colcon_meta']
[0.251s] Level 1:colcon.colcon_core.package_identification:_identify(src/sllidar_ros2) by extension 'colcon_meta'
[0.251s] Level 1:colcon.colcon_core.package_identification:_identify(src/sllidar_ros2) by extensions ['ros']
[0.251s] Level 1:colcon.colcon_core.package_identification:_identify(src/sllidar_ros2) by extension 'ros'
[0.252s] DEBUG:colcon.colcon_core.package_identification:Package 'src/sllidar_ros2' with type 'ros.ament_cmake' and name 'sllidar_ros2'
[0.252s] Level 1:colcon.colcon_core.package_discovery:discover_packages(recursive) using defaults
[0.252s] Level 1:colcon.colcon_core.package_discovery:discover_packages(ignore) discover
[0.252s] Level 1:colcon.colcon_core.package_discovery:discover_packages(ignore) using defaults
[0.252s] Level 1:colcon.colcon_core.package_discovery:discover_packages(path) discover
[0.252s] Level 1:colcon.colcon_core.package_discovery:discover_packages(path) using defaults
[0.276s] Level 1:colcon.colcon_core.package_discovery:discover_packages(prefix_path) check parameters
[0.277s] Level 1:colcon.colcon_core.package_discovery:discover_packages(prefix_path) discover
[0.279s] DEBUG:colcon.colcon_installed_package_information.package_discovery:Found 4 installed packages in /home/uiabot/MAS514-UiABOT/ros2_ws/install
[0.280s] DEBUG:colcon.colcon_installed_package_information.package_discovery:Found 4 installed packages in /home/uiabot/ros2_ws/install
[0.282s] DEBUG:colcon.colcon_installed_package_information.package_discovery:Found 289 installed packages in /opt/ros/jazzy
[0.283s] Level 1:colcon.colcon_core.package_discovery:discover_packages(prefix_path) using defaults
[0.344s] Level 5:colcon.colcon_core.verb:set package 'bno055' build argument 'cmake_args' from command line to 'None'
[0.344s] Level 5:colcon.colcon_core.verb:set package 'bno055' build argument 'cmake_target' from command line to 'None'
[0.344s] Level 5:colcon.colcon_core.verb:set package 'bno055' build argument 'cmake_target_skip_unavailable' from command line to 'False'
[0.344s] Level 5:colcon.colcon_core.verb:set package 'bno055' build argument 'cmake_clean_cache' from command line to 'False'
[0.344s] Level 5:colcon.colcon_core.verb:set package 'bno055' build argument 'cmake_clean_first' from command line to 'False'
[0.344s] Level 5:colcon.colcon_core.verb:set package 'bno055' build argument 'cmake_force_configure' from command line to 'False'
[0.344s] Level 5:colcon.colcon_core.verb:set package 'bno055' build argument 'ament_cmake_args' from command line to 'None'
[0.344s] Level 5:colcon.colcon_core.verb:set package 'bno055' build argument 'catkin_cmake_args' from command line to 'None'
[0.344s] Level 5:colcon.colcon_core.verb:set package 'bno055' build argument 'catkin_skip_building_tests' from command line to 'False'
[0.345s] DEBUG:colcon.colcon_core.verb:Building package 'bno055' with the following arguments: {'ament_cmake_args': None, 'build_base': '/home/uiabot/MAS514-UiABOT/ros2_ws/build/bno055', 'catkin_cmake_args': None, 'catkin_skip_building_tests': False, 'cmake_args': None, 'cmake_clean_cache': False, 'cmake_clean_first': False, 'cmake_force_configure': False, 'cmake_target': None, 'cmake_target_skip_unavailable': False, 'install_base': '/home/uiabot/MAS514-UiABOT/ros2_ws/install/bno055', 'merge_install': False, 'path': '/home/uiabot/MAS514-UiABOT/ros2_ws/src/bno055', 'symlink_install': False, 'test_result_base': None}
[0.345s] Level 5:colcon.colcon_core.verb:set package 'raspi_sub' build argument 'cmake_args' from command line to 'None'
[0.345s] Level 5:colcon.colcon_core.verb:set package 'raspi_sub' build argument 'cmake_target' from command line to 'None'
[0.345s] Level 5:colcon.colcon_core.verb:set package 'raspi_sub' build argument 'cmake_target_skip_unavailable' from command line to 'False'
[0.345s] Level 5:colcon.colcon_core.verb:set package 'raspi_sub' build argument 'cmake_clean_cache' from command line to 'False'
[0.345s] Level 5:colcon.colcon_core.verb:set package 'raspi_sub' build argument 'cmake_clean_first' from command line to 'False'
[0.345s] Level 5:colcon.colcon_core.verb:set package 'raspi_sub' build argument 'cmake_force_configure' from command line to 'False'
[0.345s] Level 5:colcon.colcon_core.verb:set package 'raspi_sub' build argument 'ament_cmake_args' from command line to 'None'
[0.345s] Level 5:colcon.colcon_core.verb:set package 'raspi_sub' build argument 'catkin_cmake_args' from command line to 'None'
[0.345s] Level 5:colcon.colcon_core.verb:set package 'raspi_sub' build argument 'catkin_skip_building_tests' from command line to 'False'
[0.345s] DEBUG:colcon.colcon_core.verb:Building package 'raspi_sub' with the following arguments: {'ament_cmake_args': None, 'build_base': '/home/uiabot/MAS514-UiABOT/ros2_ws/build/raspi_sub', 'catkin_cmake_args': None, 'catkin_skip_building_tests': False, 'cmake_args': None, 'cmake_clean_cache': False, 'cmake_clean_first': False, 'cmake_force_configure': False, 'cmake_target': None, 'cmake_target_skip_unavailable': False, 'install_base': '/home/uiabot/MAS514-UiABOT/ros2_ws/install/raspi_sub', 'merge_install': False, 'path': '/home/uiabot/MAS514-UiABOT/ros2_ws/src/raspi_sub', 'symlink_install': False, 'test_result_base': None}
[0.345s] Level 5:colcon.colcon_core.verb:set package 'robot_description' build argument 'cmake_args' from command line to 'None'
[0.345s] Level 5:colcon.colcon_core.verb:set package 'robot_description' build argument 'cmake_target' from command line to 'None'
[0.345s] Level 5:colcon.colcon_core.verb:set package 'robot_description' build argument 'cmake_target_skip_unavailable' from command line to 'False'
[0.346s] Level 5:colcon.colcon_core.verb:set package 'robot_description' build argument 'cmake_clean_cache' from command line to 'False'
[0.346s] Level 5:colcon.colcon_core.verb:set package 'robot_description' build argument 'cmake_clean_first' from command line to 'False'
[0.346s] Level 5:colcon.colcon_core.verb:set package 'robot_description' build argument 'cmake_force_configure' from command line to 'False'
[0.346s] Level 5:colcon.colcon_core.verb:set package 'robot_description' build argument 'ament_cmake_args' from command line to 'None'
[0.346s] Level 5:colcon.colcon_core.verb:set package 'robot_description' build argument 'catkin_cmake_args' from command line to 'None'
[0.346s] Level 5:colcon.colcon_core.verb:set package 'robot_description' build argument 'catkin_skip_building_tests' from command line to 'False'
[0.346s] DEBUG:colcon.colcon_core.verb:Building package 'robot_description' with the following arguments: {'ament_cmake_args': None, 'build_base': '/home/uiabot/MAS514-UiABOT/ros2_ws/build/robot_description', 'catkin_cmake_args': None, 'catkin_skip_building_tests': False, 'cmake_args': None, 'cmake_clean_cache': False, 'cmake_clean_first': False, 'cmake_force_configure': False, 'cmake_target': None, 'cmake_target_skip_unavailable': False, 'install_base': '/home/uiabot/MAS514-UiABOT/ros2_ws/install/robot_description', 'merge_install': False, 'path': '/home/uiabot/MAS514-UiABOT/ros2_ws/src/robot_description', 'symlink_install': False, 'test_result_base': None}
[0.346s] Level 5:colcon.colcon_core.verb:set package 'sllidar_ros2' build argument 'cmake_args' from command line to 'None'
[0.346s] Level 5:colcon.colcon_core.verb:set package 'sllidar_ros2' build argument 'cmake_target' from command line to 'None'
[0.346s] Level 5:colcon.colcon_core.verb:set package 'sllidar_ros2' build argument 'cmake_target_skip_unavailable' from command line to 'False'
[0.346s] Level 5:colcon.colcon_core.verb:set package 'sllidar_ros2' build argument 'cmake_clean_cache' from command line to 'False'
[0.346s] Level 5:colcon.colcon_core.verb:set package 'sllidar_ros2' build argument 'cmake_clean_first' from command line to 'False'
[0.346s] Level 5:colcon.colcon_core.verb:set package 'sllidar_ros2' build argument 'cmake_force_configure' from command line to 'False'
[0.346s] Level 5:colcon.colcon_core.verb:set package 'sllidar_ros2' build argument 'ament_cmake_args' from command line to 'None'
[0.346s] Level 5:colcon.colcon_core.verb:set package 'sllidar_ros2' build argument 'catkin_cmake_args' from command line to 'None'
[0.346s] Level 5:colcon.colcon_core.verb:set package 'sllidar_ros2' build argument 'catkin_skip_building_tests' from command line to 'False'
[0.346s] DEBUG:colcon.colcon_core.verb:Building package 'sllidar_ros2' with the following arguments: {'ament_cmake_args': None, 'build_base': '/home/uiabot/MAS514-UiABOT/ros2_ws/build/sllidar_ros2', 'catkin_cmake_args': None, 'catkin_skip_building_tests': False, 'cmake_args': None, 'cmake_clean_cache': False, 'cmake_clean_first': False, 'cmake_force_configure': False, 'cmake_target': None, 'cmake_target_skip_unavailable': False, 'install_base': '/home/uiabot/MAS514-UiABOT/ros2_ws/install/sllidar_ros2', 'merge_install': False, 'path': '/home/uiabot/MAS514-UiABOT/ros2_ws/src/sllidar_ros2', 'symlink_install': False, 'test_result_base': None}
[0.346s] INFO:colcon.colcon_core.executor:Executing jobs using 'parallel' executor
[0.348s] DEBUG:colcon.colcon_parallel_executor.executor.parallel:run_until_complete
[0.348s] INFO:colcon.colcon_ros.task.ament_cmake.build:Building ROS package in '/home/uiabot/MAS514-UiABOT/ros2_ws/src/bno055' with build type 'ament_cmake'
[0.348s] INFO:colcon.colcon_cmake.task.cmake.build:Building CMake package in '/home/uiabot/MAS514-UiABOT/ros2_ws/src/bno055'
[0.351s] INFO:colcon.colcon_core.plugin_system:Skipping extension 'colcon_core.shell.bat': Not used on non-Windows systems
[0.351s] INFO:colcon.colcon_core.shell:Skip shell extension 'powershell' for command environment: Not usable outside of PowerShell
[0.351s] DEBUG:colcon.colcon_core.shell:Skip shell extension 'dsv' for command environment
[0.358s] INFO:colcon.colcon_ros.task.ament_cmake.build:Building ROS package in '/home/uiabot/MAS514-UiABOT/ros2_ws/src/raspi_sub' with build type 'ament_cmake'
[0.358s] INFO:colcon.colcon_cmake.task.cmake.build:Building CMake package in '/home/uiabot/MAS514-UiABOT/ros2_ws/src/raspi_sub'
[0.359s] INFO:colcon.colcon_core.shell:Skip shell extension 'powershell' for command environment: Not usable outside of PowerShell
[0.359s] DEBUG:colcon.colcon_core.shell:Skip shell extension 'dsv' for command environment
[0.370s] INFO:colcon.colcon_ros.task.ament_cmake.build:Building ROS package in '/home/uiabot/MAS514-UiABOT/ros2_ws/src/robot_description' with build type 'ament_cmake'
[0.371s] INFO:colcon.colcon_cmake.task.cmake.build:Building CMake package in '/home/uiabot/MAS514-UiABOT/ros2_ws/src/robot_description'
[0.372s] INFO:colcon.colcon_core.shell:Skip shell extension 'powershell' for command environment: Not usable outside of PowerShell
[0.372s] DEBUG:colcon.colcon_core.shell:Skip shell extension 'dsv' for command environment
[0.380s] INFO:colcon.colcon_ros.task.ament_cmake.build:Building ROS package in '/home/uiabot/MAS514-UiABOT/ros2_ws/src/sllidar_ros2' with build type 'ament_cmake'
[0.381s] INFO:colcon.colcon_cmake.task.cmake.build:Building CMake package in '/home/uiabot/MAS514-UiABOT/ros2_ws/src/sllidar_ros2'
[0.381s] INFO:colcon.colcon_core.shell:Skip shell extension 'powershell' for command environment: Not usable outside of PowerShell
[0.381s] DEBUG:colcon.colcon_core.shell:Skip shell extension 'dsv' for command environment
[0.399s] DEBUG:colcon.colcon_core.event_handler.log_command:Invoking command in '/home/uiabot/MAS514-UiABOT/ros2_ws/build/bno055': CMAKE_PREFIX_PATH=${CMAKE_PREFIX_PATH}:/home/uiabot/ros2_ws/install/robot_keyboard_control:/home/uiabot/ros2_ws/install/my_publisher_package:/home/uiabot/ros2_ws/install/my_listener_package:/home/uiabot/ros2_ws/install/esp32_com:/opt/ros/jazzy DEBUGINFOD_URLS=https://debuginfod.ubuntu.com /usr/bin/cmake --build /home/uiabot/MAS514-UiABOT/ros2_ws/build/bno055 -- -j4 -l4
[0.410s] DEBUG:colcon.colcon_core.event_handler.log_command:Invoking command in '/home/uiabot/MAS514-UiABOT/ros2_ws/build/raspi_sub': CMAKE_PREFIX_PATH=${CMAKE_PREFIX_PATH}:/home/uiabot/ros2_ws/install/robot_keyboard_control:/home/uiabot/ros2_ws/install/my_publisher_package:/home/uiabot/ros2_ws/install/my_listener_package:/home/uiabot/ros2_ws/install/esp32_com:/opt/ros/jazzy DEBUGINFOD_URLS=https://debuginfod.ubuntu.com /usr/bin/cmake --build /home/uiabot/MAS514-UiABOT/ros2_ws/build/raspi_sub -- -j4 -l4
[0.418s] DEBUG:colcon.colcon_core.event_handler.log_command:Invoking command in '/home/uiabot/MAS514-UiABOT/ros2_ws/build/robot_description': CMAKE_PREFIX_PATH=${CMAKE_PREFIX_PATH}:/home/uiabot/ros2_ws/install/robot_keyboard_control:/home/uiabot/ros2_ws/install/my_publisher_package:/home/uiabot/ros2_ws/install/my_listener_package:/home/uiabot/ros2_ws/install/esp32_com:/opt/ros/jazzy DEBUGINFOD_URLS=https://debuginfod.ubuntu.com /usr/bin/cmake --build /home/uiabot/MAS514-UiABOT/ros2_ws/build/robot_description -- -j4 -l4
[0.434s] DEBUG:colcon.colcon_core.event_handler.log_command:Invoking command in '/home/uiabot/MAS514-UiABOT/ros2_ws/build/sllidar_ros2': CMAKE_PREFIX_PATH=${CMAKE_PREFIX_PATH}:/home/uiabot/ros2_ws/install/robot_keyboard_control:/home/uiabot/ros2_ws/install/my_publisher_package:/home/uiabot/ros2_ws/install/my_listener_package:/home/uiabot/ros2_ws/install/esp32_com:/opt/ros/jazzy DEBUGINFOD_URLS=https://debuginfod.ubuntu.com /usr/bin/cmake --build /home/uiabot/MAS514-UiABOT/ros2_ws/build/sllidar_ros2 -- -j4 -l4
[0.527s] DEBUG:colcon.colcon_core.event_handler.log_command:Invoked command in '/home/uiabot/MAS514-UiABOT/ros2_ws/build/raspi_sub' returned '0': CMAKE_PREFIX_PATH=${CMAKE_PREFIX_PATH}:/home/uiabot/ros2_ws/install/robot_keyboard_control:/home/uiabot/ros2_ws/install/my_publisher_package:/home/uiabot/ros2_ws/install/my_listener_package:/home/uiabot/ros2_ws/install/esp32_com:/opt/ros/jazzy DEBUGINFOD_URLS=https://debuginfod.ubuntu.com /usr/bin/cmake --build /home/uiabot/MAS514-UiABOT/ros2_ws/build/raspi_sub -- -j4 -l4
[0.530s] DEBUG:colcon.colcon_core.event_handler.log_command:Invoked command in '/home/uiabot/MAS514-UiABOT/ros2_ws/build/bno055' returned '0': CMAKE_PREFIX_PATH=${CMAKE_PREFIX_PATH}:/home/uiabot/ros2_ws/install/robot_keyboard_control:/home/uiabot/ros2_ws/install/my_publisher_package:/home/uiabot/ros2_ws/install/my_listener_package:/home/uiabot/ros2_ws/install/esp32_com:/opt/ros/jazzy DEBUGINFOD_URLS=https://debuginfod.ubuntu.com /usr/bin/cmake --build /home/uiabot/MAS514-UiABOT/ros2_ws/build/bno055 -- -j4 -l4
[0.544s] DEBUG:colcon.colcon_core.event_handler.log_command:Invoked command in '/home/uiabot/MAS514-UiABOT/ros2_ws/build/robot_description' returned '0': CMAKE_PREFIX_PATH=${CMAKE_PREFIX_PATH}:/home/uiabot/ros2_ws/install/robot_keyboard_control:/home/uiabot/ros2_ws/install/my_publisher_package:/home/uiabot/ros2_ws/install/my_listener_package:/home/uiabot/ros2_ws/install/esp32_com:/opt/ros/jazzy DEBUGINFOD_URLS=https://debuginfod.ubuntu.com /usr/bin/cmake --build /home/uiabot/MAS514-UiABOT/ros2_ws/build/robot_description -- -j4 -l4
[0.636s] DEBUG:colcon.colcon_core.event_handler.log_command:Invoking command in '/home/uiabot/MAS514-UiABOT/ros2_ws/build/raspi_sub': CMAKE_PREFIX_PATH=${CMAKE_PREFIX_PATH}:/home/uiabot/ros2_ws/install/robot_keyboard_control:/home/uiabot/ros2_ws/install/my_publisher_package:/home/uiabot/ros2_ws/install/my_listener_package:/home/uiabot/ros2_ws/install/esp32_com:/opt/ros/jazzy DEBUGINFOD_URLS=https://debuginfod.ubuntu.com /usr/bin/cmake --install /home/uiabot/MAS514-UiABOT/ros2_ws/build/raspi_sub
[0.643s] DEBUG:colcon.colcon_core.event_handler.log_command:Invoking command in '/home/uiabot/MAS514-UiABOT/ros2_ws/build/robot_description': CMAKE_PREFIX_PATH=${CMAKE_PREFIX_PATH}:/home/uiabot/ros2_ws/install/robot_keyboard_control:/home/uiabot/ros2_ws/install/my_publisher_package:/home/uiabot/ros2_ws/install/my_listener_package:/home/uiabot/ros2_ws/install/esp32_com:/opt/ros/jazzy DEBUGINFOD_URLS=https://debuginfod.ubuntu.com /usr/bin/cmake --install /home/uiabot/MAS514-UiABOT/ros2_ws/build/robot_description
[0.647s] DEBUG:colcon.colcon_core.event_handler.log_command:Invoking command in '/home/uiabot/MAS514-UiABOT/ros2_ws/build/bno055': CMAKE_PREFIX_PATH=${CMAKE_PREFIX_PATH}:/home/uiabot/ros2_ws/install/robot_keyboard_control:/home/uiabot/ros2_ws/install/my_publisher_package:/home/uiabot/ros2_ws/install/my_listener_package:/home/uiabot/ros2_ws/install/esp32_com:/opt/ros/jazzy DEBUGINFOD_URLS=https://debuginfod.ubuntu.com /usr/bin/cmake --install /home/uiabot/MAS514-UiABOT/ros2_ws/build/bno055
[0.673s] Level 1:colcon.colcon_core.environment:create_environment_scripts_only(raspi_sub)
[0.683s] DEBUG:colcon.colcon_core.event_handler.log_command:Invoked command in '/home/uiabot/MAS514-UiABOT/ros2_ws/build/raspi_sub' returned '0': CMAKE_PREFIX_PATH=${CMAKE_PREFIX_PATH}:/home/uiabot/ros2_ws/install/robot_keyboard_control:/home/uiabot/ros2_ws/install/my_publisher_package:/home/uiabot/ros2_ws/install/my_listener_package:/home/uiabot/ros2_ws/install/esp32_com:/opt/ros/jazzy DEBUGINFOD_URLS=https://debuginfod.ubuntu.com /usr/bin/cmake --install /home/uiabot/MAS514-UiABOT/ros2_ws/build/raspi_sub
[0.689s] Level 1:colcon.colcon_core.environment:checking '/home/uiabot/MAS514-UiABOT/ros2_ws/install/raspi_sub' for CMake module files
[0.690s] Level 1:colcon.colcon_core.environment:checking '/home/uiabot/MAS514-UiABOT/ros2_ws/install/raspi_sub' for CMake config files
[0.690s] Level 1:colcon.colcon_core.shell:create_environment_hook('raspi_sub', 'cmake_prefix_path')
[0.691s] INFO:colcon.colcon_core.shell:Creating environment hook '/home/uiabot/MAS514-UiABOT/ros2_ws/install/raspi_sub/share/raspi_sub/hook/cmake_prefix_path.ps1'
[0.692s] INFO:colcon.colcon_core.shell:Creating environment descriptor '/home/uiabot/MAS514-UiABOT/ros2_ws/install/raspi_sub/share/raspi_sub/hook/cmake_prefix_path.dsv'
[0.692s] INFO:colcon.colcon_core.shell:Creating environment hook '/home/uiabot/MAS514-UiABOT/ros2_ws/install/raspi_sub/share/raspi_sub/hook/cmake_prefix_path.sh'
[0.694s] Level 1:colcon.colcon_core.environment:checking '/home/uiabot/MAS514-UiABOT/ros2_ws/install/raspi_sub/lib'
[0.694s] Level 1:colcon.colcon_core.environment:checking '/home/uiabot/MAS514-UiABOT/ros2_ws/install/raspi_sub/bin'
[0.694s] Level 1:colcon.colcon_core.environment:checking '/home/uiabot/MAS514-UiABOT/ros2_ws/install/raspi_sub/lib/pkgconfig/raspi_sub.pc'
[0.694s] Level 1:colcon.colcon_core.environment:checking '/home/uiabot/MAS514-UiABOT/ros2_ws/install/raspi_sub/lib/python3.12/site-packages'
[0.695s] Level 1:colcon.colcon_core.environment:checking '/home/uiabot/MAS514-UiABOT/ros2_ws/install/raspi_sub/bin'
[0.695s] INFO:colcon.colcon_core.shell:Creating package script '/home/uiabot/MAS514-UiABOT/ros2_ws/install/raspi_sub/share/raspi_sub/package.ps1'
[0.696s] INFO:colcon.colcon_core.shell:Creating package descriptor '/home/uiabot/MAS514-UiABOT/ros2_ws/install/raspi_sub/share/raspi_sub/package.dsv'
[0.697s] INFO:colcon.colcon_core.shell:Creating package script '/home/uiabot/MAS514-UiABOT/ros2_ws/install/raspi_sub/share/raspi_sub/package.sh'
[0.697s] INFO:colcon.colcon_core.shell:Creating package script '/home/uiabot/MAS514-UiABOT/ros2_ws/install/raspi_sub/share/raspi_sub/package.bash'
[0.698s] INFO:colcon.colcon_core.shell:Creating package script '/home/uiabot/MAS514-UiABOT/ros2_ws/install/raspi_sub/share/raspi_sub/package.zsh'
[0.699s] Level 1:colcon.colcon_core.environment:create_file_with_runtime_dependencies(/home/uiabot/MAS514-UiABOT/ros2_ws/install/raspi_sub/share/colcon-core/packages/raspi_sub)
[0.701s] Level 1:colcon.colcon_core.environment:create_environment_scripts_only(robot_description)
[0.701s] Level 1:colcon.colcon_core.environment:checking '/home/uiabot/MAS514-UiABOT/ros2_ws/install/robot_description' for CMake module files
[0.702s] DEBUG:colcon.colcon_core.event_handler.log_command:Invoked command in '/home/uiabot/MAS514-UiABOT/ros2_ws/build/robot_description' returned '0': CMAKE_PREFIX_PATH=${CMAKE_PREFIX_PATH}:/home/uiabot/ros2_ws/install/robot_keyboard_control:/home/uiabot/ros2_ws/install/my_publisher_package:/home/uiabot/ros2_ws/install/my_listener_package:/home/uiabot/ros2_ws/install/esp32_com:/opt/ros/jazzy DEBUGINFOD_URLS=https://debuginfod.ubuntu.com /usr/bin/cmake --install /home/uiabot/MAS514-UiABOT/ros2_ws/build/robot_description
[0.702s] Level 1:colcon.colcon_core.environment:checking '/home/uiabot/MAS514-UiABOT/ros2_ws/install/robot_description' for CMake config files
[0.703s] Level 1:colcon.colcon_core.shell:create_environment_hook('robot_description', 'cmake_prefix_path')
[0.703s] INFO:colcon.colcon_core.shell:Creating environment hook '/home/uiabot/MAS514-UiABOT/ros2_ws/install/robot_description/share/robot_description/hook/cmake_prefix_path.ps1'
[0.703s] INFO:colcon.colcon_core.shell:Creating environment descriptor '/home/uiabot/MAS514-UiABOT/ros2_ws/install/robot_description/share/robot_description/hook/cmake_prefix_path.dsv'
[0.705s] INFO:colcon.colcon_core.shell:Creating environment hook '/home/uiabot/MAS514-UiABOT/ros2_ws/install/robot_description/share/robot_description/hook/cmake_prefix_path.sh'
[0.707s] Level 1:colcon.colcon_core.environment:checking '/home/uiabot/MAS514-UiABOT/ros2_ws/install/robot_description/bin'
[0.707s] Level 1:colcon.colcon_core.environment:checking '/home/uiabot/MAS514-UiABOT/ros2_ws/install/robot_description/lib/pkgconfig/robot_description.pc'
[0.707s] Level 1:colcon.colcon_core.environment:checking '/home/uiabot/MAS514-UiABOT/ros2_ws/install/robot_description/lib/python3.12/site-packages'
[0.708s] Level 1:colcon.colcon_core.environment:checking '/home/uiabot/MAS514-UiABOT/ros2_ws/install/robot_description/bin'
[0.708s] INFO:colcon.colcon_core.shell:Creating package script '/home/uiabot/MAS514-UiABOT/ros2_ws/install/robot_description/share/robot_description/package.ps1'
[0.709s] INFO:colcon.colcon_core.shell:Creating package descriptor '/home/uiabot/MAS514-UiABOT/ros2_ws/install/robot_description/share/robot_description/package.dsv'
[0.710s] INFO:colcon.colcon_core.shell:Creating package script '/home/uiabot/MAS514-UiABOT/ros2_ws/install/robot_description/share/robot_description/package.sh'
[0.711s] INFO:colcon.colcon_core.shell:Creating package script '/home/uiabot/MAS514-UiABOT/ros2_ws/install/robot_description/share/robot_description/package.bash'
[0.713s] INFO:colcon.colcon_core.shell:Creating package script '/home/uiabot/MAS514-UiABOT/ros2_ws/install/robot_description/share/robot_description/package.zsh'
[0.714s] Level 1:colcon.colcon_core.environment:create_file_with_runtime_dependencies(/home/uiabot/MAS514-UiABOT/ros2_ws/install/robot_description/share/colcon-core/packages/robot_description)
[0.718s] Level 1:colcon.colcon_core.environment:create_environment_scripts_only(bno055)
[0.718s] Level 1:colcon.colcon_core.environment:checking '/home/uiabot/MAS514-UiABOT/ros2_ws/install/bno055' for CMake module files
[0.719s] DEBUG:colcon.colcon_core.event_handler.log_command:Invoked command in '/home/uiabot/MAS514-UiABOT/ros2_ws/build/bno055' returned '0': CMAKE_PREFIX_PATH=${CMAKE_PREFIX_PATH}:/home/uiabot/ros2_ws/install/robot_keyboard_control:/home/uiabot/ros2_ws/install/my_publisher_package:/home/uiabot/ros2_ws/install/my_listener_package:/home/uiabot/ros2_ws/install/esp32_com:/opt/ros/jazzy DEBUGINFOD_URLS=https://debuginfod.ubuntu.com /usr/bin/cmake --install /home/uiabot/MAS514-UiABOT/ros2_ws/build/bno055
[0.720s] Level 1:colcon.colcon_core.environment:checking '/home/uiabot/MAS514-UiABOT/ros2_ws/install/bno055' for CMake config files
[0.720s] Level 1:colcon.colcon_core.shell:create_environment_hook('bno055', 'cmake_prefix_path')
[0.720s] INFO:colcon.colcon_core.shell:Creating environment hook '/home/uiabot/MAS514-UiABOT/ros2_ws/install/bno055/share/bno055/hook/cmake_prefix_path.ps1'
[0.721s] INFO:colcon.colcon_core.shell:Creating environment descriptor '/home/uiabot/MAS514-UiABOT/ros2_ws/install/bno055/share/bno055/hook/cmake_prefix_path.dsv'
[0.722s] INFO:colcon.colcon_core.shell:Creating environment hook '/home/uiabot/MAS514-UiABOT/ros2_ws/install/bno055/share/bno055/hook/cmake_prefix_path.sh'
[0.723s] Level 1:colcon.colcon_core.environment:checking '/home/uiabot/MAS514-UiABOT/ros2_ws/install/bno055/bin'
[0.723s] Level 1:colcon.colcon_core.environment:checking '/home/uiabot/MAS514-UiABOT/ros2_ws/install/bno055/lib/pkgconfig/bno055.pc'
[0.724s] Level 1:colcon.colcon_core.environment:checking '/home/uiabot/MAS514-UiABOT/ros2_ws/install/bno055/lib/python3.12/site-packages'
[0.724s] Level 1:colcon.colcon_core.environment:checking '/home/uiabot/MAS514-UiABOT/ros2_ws/install/bno055/bin'
[0.725s] INFO:colcon.colcon_core.shell:Creating package script '/home/uiabot/MAS514-UiABOT/ros2_ws/install/bno055/share/bno055/package.ps1'
[0.726s] INFO:colcon.colcon_core.shell:Creating package descriptor '/home/uiabot/MAS514-UiABOT/ros2_ws/install/bno055/share/bno055/package.dsv'
[0.727s] INFO:colcon.colcon_core.shell:Creating package script '/home/uiabot/MAS514-UiABOT/ros2_ws/install/bno055/share/bno055/package.sh'
[0.728s] INFO:colcon.colcon_core.shell:Creating package script '/home/uiabot/MAS514-UiABOT/ros2_ws/install/bno055/share/bno055/package.bash'
[0.729s] INFO:colcon.colcon_core.shell:Creating package script '/home/uiabot/MAS514-UiABOT/ros2_ws/install/bno055/share/bno055/package.zsh'
[0.729s] Level 1:colcon.colcon_core.environment:create_file_with_runtime_dependencies(/home/uiabot/MAS514-UiABOT/ros2_ws/install/bno055/share/colcon-core/packages/bno055)
[0.732s] DEBUG:colcon.colcon_core.event_handler.log_command:Invoked command in '/home/uiabot/MAS514-UiABOT/ros2_ws/build/sllidar_ros2' returned '0': CMAKE_PREFIX_PATH=${CMAKE_PREFIX_PATH}:/home/uiabot/ros2_ws/install/robot_keyboard_control:/home/uiabot/ros2_ws/install/my_publisher_package:/home/uiabot/ros2_ws/install/my_listener_package:/home/uiabot/ros2_ws/install/esp32_com:/opt/ros/jazzy DEBUGINFOD_URLS=https://debuginfod.ubuntu.com /usr/bin/cmake --build /home/uiabot/MAS514-UiABOT/ros2_ws/build/sllidar_ros2 -- -j4 -l4
[0.741s] Level 1:colcon.colcon_core.environment:create_environment_scripts_only(raspi_sub)
[0.741s] Level 1:colcon.colcon_core.environment:checking '/home/uiabot/MAS514-UiABOT/ros2_ws/install/raspi_sub' for CMake module files
[0.742s] Level 1:colcon.colcon_core.environment:checking '/home/uiabot/MAS514-UiABOT/ros2_ws/install/raspi_sub' for CMake config files
[0.743s] Level 1:colcon.colcon_core.shell:create_environment_hook('raspi_sub', 'cmake_prefix_path')
[0.743s] INFO:colcon.colcon_core.shell:Creating environment hook '/home/uiabot/MAS514-UiABOT/ros2_ws/install/raspi_sub/share/raspi_sub/hook/cmake_prefix_path.ps1'
[0.744s] INFO:colcon.colcon_core.shell:Creating environment descriptor '/home/uiabot/MAS514-UiABOT/ros2_ws/install/raspi_sub/share/raspi_sub/hook/cmake_prefix_path.dsv'
[0.745s] INFO:colcon.colcon_core.shell:Creating environment hook '/home/uiabot/MAS514-UiABOT/ros2_ws/install/raspi_sub/share/raspi_sub/hook/cmake_prefix_path.sh'
[0.746s] Level 1:colcon.colcon_core.environment:checking '/home/uiabot/MAS514-UiABOT/ros2_ws/install/raspi_sub/lib'
[0.747s] Level 1:colcon.colcon_core.environment:checking '/home/uiabot/MAS514-UiABOT/ros2_ws/install/raspi_sub/bin'
[0.747s] Level 1:colcon.colcon_core.environment:checking '/home/uiabot/MAS514-UiABOT/ros2_ws/install/raspi_sub/lib/pkgconfig/raspi_sub.pc'
[0.747s] Level 1:colcon.colcon_core.environment:checking '/home/uiabot/MAS514-UiABOT/ros2_ws/install/raspi_sub/lib/python3.12/site-packages'
[0.748s] Level 1:colcon.colcon_core.environment:checking '/home/uiabot/MAS514-UiABOT/ros2_ws/install/raspi_sub/bin'
[0.748s] INFO:colcon.colcon_core.shell:Creating package script '/home/uiabot/MAS514-UiABOT/ros2_ws/install/raspi_sub/share/raspi_sub/package.ps1'
[0.749s] INFO:colcon.colcon_core.shell:Creating package descriptor '/home/uiabot/MAS514-UiABOT/ros2_ws/install/raspi_sub/share/raspi_sub/package.dsv'
[0.750s] INFO:colcon.colcon_core.shell:Creating package script '/home/uiabot/MAS514-UiABOT/ros2_ws/install/raspi_sub/share/raspi_sub/package.sh'
[0.752s] INFO:colcon.colcon_core.shell:Creating package script '/home/uiabot/MAS514-UiABOT/ros2_ws/install/raspi_sub/share/raspi_sub/package.bash'
[0.753s] INFO:colcon.colcon_core.shell:Creating package script '/home/uiabot/MAS514-UiABOT/ros2_ws/install/raspi_sub/share/raspi_sub/package.zsh'
[0.755s] Level 1:colcon.colcon_core.environment:create_file_with_runtime_dependencies(/home/uiabot/MAS514-UiABOT/ros2_ws/install/raspi_sub/share/colcon-core/packages/raspi_sub)
[0.762s] Level 1:colcon.colcon_core.environment:create_environment_scripts_only(robot_description)
[0.762s] Level 1:colcon.colcon_core.environment:checking '/home/uiabot/MAS514-UiABOT/ros2_ws/install/robot_description' for CMake module files
[0.763s] Level 1:colcon.colcon_core.environment:checking '/home/uiabot/MAS514-UiABOT/ros2_ws/install/robot_description' for CMake config files
[0.764s] Level 1:colcon.colcon_core.shell:create_environment_hook('robot_description', 'cmake_prefix_path')
[0.764s] INFO:colcon.colcon_core.shell:Creating environment hook '/home/uiabot/MAS514-UiABOT/ros2_ws/install/robot_description/share/robot_description/hook/cmake_prefix_path.ps1'
[0.766s] INFO:colcon.colcon_core.shell:Creating environment descriptor '/home/uiabot/MAS514-UiABOT/ros2_ws/install/robot_description/share/robot_description/hook/cmake_prefix_path.dsv'
[0.767s] INFO:colcon.colcon_core.shell:Creating environment hook '/home/uiabot/MAS514-UiABOT/ros2_ws/install/robot_description/share/robot_description/hook/cmake_prefix_path.sh'
[0.768s] Level 1:colcon.colcon_core.environment:checking '/home/uiabot/MAS514-UiABOT/ros2_ws/install/robot_description/bin'
[0.768s] Level 1:colcon.colcon_core.environment:checking '/home/uiabot/MAS514-UiABOT/ros2_ws/install/robot_description/lib/pkgconfig/robot_description.pc'
[0.769s] Level 1:colcon.colcon_core.environment:checking '/home/uiabot/MAS514-UiABOT/ros2_ws/install/robot_description/lib/python3.12/site-packages'
[0.769s] Level 1:colcon.colcon_core.environment:checking '/home/uiabot/MAS514-UiABOT/ros2_ws/install/robot_description/bin'
[0.770s] INFO:colcon.colcon_core.shell:Creating package script '/home/uiabot/MAS514-UiABOT/ros2_ws/install/robot_description/share/robot_description/package.ps1'
[0.771s] INFO:colcon.colcon_core.shell:Creating package descriptor '/home/uiabot/MAS514-UiABOT/ros2_ws/install/robot_description/share/robot_description/package.dsv'
[0.773s] INFO:colcon.colcon_core.shell:Creating package script '/home/uiabot/MAS514-UiABOT/ros2_ws/install/robot_description/share/robot_description/package.sh'
[0.774s] INFO:colcon.colcon_core.shell:Creating package script '/home/uiabot/MAS514-UiABOT/ros2_ws/install/robot_description/share/robot_description/package.bash'
[0.774s] INFO:colcon.colcon_core.shell:Creating package script '/home/uiabot/MAS514-UiABOT/ros2_ws/install/robot_description/share/robot_description/package.zsh'
[0.776s] Level 1:colcon.colcon_core.environment:create_file_with_runtime_dependencies(/home/uiabot/MAS514-UiABOT/ros2_ws/install/robot_description/share/colcon-core/packages/robot_description)
[0.787s] Level 1:colcon.colcon_core.environment:create_environment_scripts_only(bno055)
[0.787s] Level 1:colcon.colcon_core.environment:checking '/home/uiabot/MAS514-UiABOT/ros2_ws/install/bno055' for CMake module files
[0.789s] Level 1:colcon.colcon_core.environment:checking '/home/uiabot/MAS514-UiABOT/ros2_ws/install/bno055' for CMake config files
[0.789s] Level 1:colcon.colcon_core.shell:create_environment_hook('bno055', 'cmake_prefix_path')
[0.789s] INFO:colcon.colcon_core.shell:Creating environment hook '/home/uiabot/MAS514-UiABOT/ros2_ws/install/bno055/share/bno055/hook/cmake_prefix_path.ps1'
[0.790s] INFO:colcon.colcon_core.shell:Creating environment descriptor '/home/uiabot/MAS514-UiABOT/ros2_ws/install/bno055/share/bno055/hook/cmake_prefix_path.dsv'
[0.792s] INFO:colcon.colcon_core.shell:Creating environment hook '/home/uiabot/MAS514-UiABOT/ros2_ws/install/bno055/share/bno055/hook/cmake_prefix_path.sh'
[0.794s] Level 1:colcon.colcon_core.environment:checking '/home/uiabot/MAS514-UiABOT/ros2_ws/install/bno055/bin'
[0.794s] Level 1:colcon.colcon_core.environment:checking '/home/uiabot/MAS514-UiABOT/ros2_ws/install/bno055/lib/pkgconfig/bno055.pc'
[0.794s] Level 1:colcon.colcon_core.environment:checking '/home/uiabot/MAS514-UiABOT/ros2_ws/install/bno055/lib/python3.12/site-packages'
[0.795s] Level 1:colcon.colcon_core.environment:checking '/home/uiabot/MAS514-UiABOT/ros2_ws/install/bno055/bin'
[0.796s] INFO:colcon.colcon_core.shell:Creating package script '/home/uiabot/MAS514-UiABOT/ros2_ws/install/bno055/share/bno055/package.ps1'
[0.798s] INFO:colcon.colcon_core.shell:Creating package descriptor '/home/uiabot/MAS514-UiABOT/ros2_ws/install/bno055/share/bno055/package.dsv'
[0.800s] INFO:colcon.colcon_core.shell:Creating package script '/home/uiabot/MAS514-UiABOT/ros2_ws/install/bno055/share/bno055/package.sh'
[0.801s] INFO:colcon.colcon_core.shell:Creating package script '/home/uiabot/MAS514-UiABOT/ros2_ws/install/bno055/share/bno055/package.bash'
[0.803s] INFO:colcon.colcon_core.shell:Creating package script '/home/uiabot/MAS514-UiABOT/ros2_ws/install/bno055/share/bno055/package.zsh'
[0.804s] Level 1:colcon.colcon_core.environment:create_file_with_runtime_dependencies(/home/uiabot/MAS514-UiABOT/ros2_ws/install/bno055/share/colcon-core/packages/bno055)
[0.873s] DEBUG:colcon.colcon_core.event_handler.log_command:Invoking command in '/home/uiabot/MAS514-UiABOT/ros2_ws/build/sllidar_ros2': CMAKE_PREFIX_PATH=${CMAKE_PREFIX_PATH}:/home/uiabot/ros2_ws/install/robot_keyboard_control:/home/uiabot/ros2_ws/install/my_publisher_package:/home/uiabot/ros2_ws/install/my_listener_package:/home/uiabot/ros2_ws/install/esp32_com:/opt/ros/jazzy DEBUGINFOD_URLS=https://debuginfod.ubuntu.com /usr/bin/cmake --install /home/uiabot/MAS514-UiABOT/ros2_ws/build/sllidar_ros2
[0.902s] Level 1:colcon.colcon_core.environment:create_environment_scripts_only(sllidar_ros2)
[0.903s] Level 1:colcon.colcon_core.environment:checking '/home/uiabot/MAS514-UiABOT/ros2_ws/install/sllidar_ros2' for CMake module files
[0.904s] DEBUG:colcon.colcon_core.event_handler.log_command:Invoked command in '/home/uiabot/MAS514-UiABOT/ros2_ws/build/sllidar_ros2' returned '0': CMAKE_PREFIX_PATH=${CMAKE_PREFIX_PATH}:/home/uiabot/ros2_ws/install/robot_keyboard_control:/home/uiabot/ros2_ws/install/my_publisher_package:/home/uiabot/ros2_ws/install/my_listener_package:/home/uiabot/ros2_ws/install/esp32_com:/opt/ros/jazzy DEBUGINFOD_URLS=https://debuginfod.ubuntu.com /usr/bin/cmake --install /home/uiabot/MAS514-UiABOT/ros2_ws/build/sllidar_ros2
[0.905s] Level 1:colcon.colcon_core.environment:checking '/home/uiabot/MAS514-UiABOT/ros2_ws/install/sllidar_ros2' for CMake config files
[0.906s] Level 1:colcon.colcon_core.shell:create_environment_hook('sllidar_ros2', 'cmake_prefix_path')
[0.906s] INFO:colcon.colcon_core.shell:Creating environment hook '/home/uiabot/MAS514-UiABOT/ros2_ws/install/sllidar_ros2/share/sllidar_ros2/hook/cmake_prefix_path.ps1'
[0.908s] INFO:colcon.colcon_core.shell:Creating environment descriptor '/home/uiabot/MAS514-UiABOT/ros2_ws/install/sllidar_ros2/share/sllidar_ros2/hook/cmake_prefix_path.dsv'
[0.909s] INFO:colcon.colcon_core.shell:Creating environment hook '/home/uiabot/MAS514-UiABOT/ros2_ws/install/sllidar_ros2/share/sllidar_ros2/hook/cmake_prefix_path.sh'
[0.910s] Level 1:colcon.colcon_core.environment:checking '/home/uiabot/MAS514-UiABOT/ros2_ws/install/sllidar_ros2/lib'
[0.911s] Level 1:colcon.colcon_core.environment:checking '/home/uiabot/MAS514-UiABOT/ros2_ws/install/sllidar_ros2/bin'
[0.911s] Level 1:colcon.colcon_core.environment:checking '/home/uiabot/MAS514-UiABOT/ros2_ws/install/sllidar_ros2/lib/pkgconfig/sllidar_ros2.pc'
[0.911s] Level 1:colcon.colcon_core.environment:checking '/home/uiabot/MAS514-UiABOT/ros2_ws/install/sllidar_ros2/lib/python3.12/site-packages'
[0.911s] Level 1:colcon.colcon_core.environment:checking '/home/uiabot/MAS514-UiABOT/ros2_ws/install/sllidar_ros2/bin'
[0.912s] INFO:colcon.colcon_core.shell:Creating package script '/home/uiabot/MAS514-UiABOT/ros2_ws/install/sllidar_ros2/share/sllidar_ros2/package.ps1'
[0.913s] INFO:colcon.colcon_core.shell:Creating package descriptor '/home/uiabot/MAS514-UiABOT/ros2_ws/install/sllidar_ros2/share/sllidar_ros2/package.dsv'
[0.914s] INFO:colcon.colcon_core.shell:Creating package script '/home/uiabot/MAS514-UiABOT/ros2_ws/install/sllidar_ros2/share/sllidar_ros2/package.sh'
[0.915s] INFO:colcon.colcon_core.shell:Creating package script '/home/uiabot/MAS514-UiABOT/ros2_ws/install/sllidar_ros2/share/sllidar_ros2/package.bash'
[0.916s] INFO:colcon.colcon_core.shell:Creating package script '/home/uiabot/MAS514-UiABOT/ros2_ws/install/sllidar_ros2/share/sllidar_ros2/package.zsh'
[0.917s] Level 1:colcon.colcon_core.environment:create_file_with_runtime_dependencies(/home/uiabot/MAS514-UiABOT/ros2_ws/install/sllidar_ros2/share/colcon-core/packages/sllidar_ros2)
[1.021s] Level 1:colcon.colcon_core.environment:create_environment_scripts_only(sllidar_ros2)
[1.022s] Level 1:colcon.colcon_core.environment:checking '/home/uiabot/MAS514-UiABOT/ros2_ws/install/sllidar_ros2' for CMake module files
[1.023s] Level 1:colcon.colcon_core.environment:checking '/home/uiabot/MAS514-UiABOT/ros2_ws/install/sllidar_ros2' for CMake config files
[1.023s] Level 1:colcon.colcon_core.shell:create_environment_hook('sllidar_ros2', 'cmake_prefix_path')
[1.024s] INFO:colcon.colcon_core.shell:Creating environment hook '/home/uiabot/MAS514-UiABOT/ros2_ws/install/sllidar_ros2/share/sllidar_ros2/hook/cmake_prefix_path.ps1'
[1.025s] INFO:colcon.colcon_core.shell:Creating environment descriptor '/home/uiabot/MAS514-UiABOT/ros2_ws/install/sllidar_ros2/share/sllidar_ros2/hook/cmake_prefix_path.dsv'
[1.026s] INFO:colcon.colcon_core.shell:Creating environment hook '/home/uiabot/MAS514-UiABOT/ros2_ws/install/sllidar_ros2/share/sllidar_ros2/hook/cmake_prefix_path.sh'
[1.028s] Level 1:colcon.colcon_core.environment:checking '/home/uiabot/MAS514-UiABOT/ros2_ws/install/sllidar_ros2/lib'
[1.028s] Level 1:colcon.colcon_core.environment:checking '/home/uiabot/MAS514-UiABOT/ros2_ws/install/sllidar_ros2/bin'
[1.028s] Level 1:colcon.colcon_core.environment:checking '/home/uiabot/MAS514-UiABOT/ros2_ws/install/sllidar_ros2/lib/pkgconfig/sllidar_ros2.pc'
[1.028s] Level 1:colcon.colcon_core.environment:checking '/home/uiabot/MAS514-UiABOT/ros2_ws/install/sllidar_ros2/lib/python3.12/site-packages'
[1.029s] Level 1:colcon.colcon_core.environment:checking '/home/uiabot/MAS514-UiABOT/ros2_ws/install/sllidar_ros2/bin'
[1.029s] INFO:colcon.colcon_core.shell:Creating package script '/home/uiabot/MAS514-UiABOT/ros2_ws/install/sllidar_ros2/share/sllidar_ros2/package.ps1'
[1.030s] INFO:colcon.colcon_core.shell:Creating package descriptor '/home/uiabot/MAS514-UiABOT/ros2_ws/install/sllidar_ros2/share/sllidar_ros2/package.dsv'
[1.032s] INFO:colcon.colcon_core.shell:Creating package script '/home/uiabot/MAS514-UiABOT/ros2_ws/install/sllidar_ros2/share/sllidar_ros2/package.sh'
[1.033s] INFO:colcon.colcon_core.shell:Creating package script '/home/uiabot/MAS514-UiABOT/ros2_ws/install/sllidar_ros2/share/sllidar_ros2/package.bash'
[1.034s] INFO:colcon.colcon_core.shell:Creating package script '/home/uiabot/MAS514-UiABOT/ros2_ws/install/sllidar_ros2/share/sllidar_ros2/package.zsh'
[1.036s] Level 1:colcon.colcon_core.environment:create_file_with_runtime_dependencies(/home/uiabot/MAS514-UiABOT/ros2_ws/install/sllidar_ros2/share/colcon-core/packages/sllidar_ros2)
[1.037s] DEBUG:colcon.colcon_parallel_executor.executor.parallel:closing loop
[1.038s] DEBUG:colcon.colcon_parallel_executor.executor.parallel:loop closed
[1.038s] DEBUG:colcon.colcon_parallel_executor.executor.parallel:run_until_complete finished with '0'
[1.038s] DEBUG:colcon.colcon_core.event_reactor:joining thread
[1.053s] INFO:colcon.colcon_core.plugin_system:Skipping extension 'colcon_notification.desktop_notification.terminal_notifier': Not used on non-Darwin systems
[1.053s] INFO:colcon.colcon_core.plugin_system:Skipping extension 'colcon_notification.desktop_notification.win32': Not used on non-Windows systems
[1.054s] INFO:colcon.colcon_notification.desktop_notification:Sending desktop notification using 'notify2'
[1.126s] DEBUG:colcon.colcon_core.event_reactor:joined thread
[1.126s] INFO:colcon.colcon_core.shell:Creating prefix script '/home/uiabot/MAS514-UiABOT/ros2_ws/install/local_setup.ps1'
[1.127s] INFO:colcon.colcon_core.shell:Creating prefix util module '/home/uiabot/MAS514-UiABOT/ros2_ws/install/_local_setup_util_ps1.py'
[1.129s] INFO:colcon.colcon_core.shell:Creating prefix chain script '/home/uiabot/MAS514-UiABOT/ros2_ws/install/setup.ps1'
[1.131s] INFO:colcon.colcon_core.shell:Creating prefix script '/home/uiabot/MAS514-UiABOT/ros2_ws/install/local_setup.sh'
[1.133s] INFO:colcon.colcon_core.shell:Creating prefix util module '/home/uiabot/MAS514-UiABOT/ros2_ws/install/_local_setup_util_sh.py'
[1.135s] INFO:colcon.colcon_core.shell:Creating prefix chain script '/home/uiabot/MAS514-UiABOT/ros2_ws/install/setup.sh'
[1.137s] INFO:colcon.colcon_core.shell:Creating prefix script '/home/uiabot/MAS514-UiABOT/ros2_ws/install/local_setup.bash'
[1.139s] INFO:colcon.colcon_core.shell:Creating prefix chain script '/home/uiabot/MAS514-UiABOT/ros2_ws/install/setup.bash'
[1.141s] INFO:colcon.colcon_core.shell:Creating prefix script '/home/uiabot/MAS514-UiABOT/ros2_ws/install/local_setup.zsh'
[1.143s] INFO:colcon.colcon_core.shell:Creating prefix chain script '/home/uiabot/MAS514-UiABOT/ros2_ws/install/setup.zsh'
