[0.051s] DEBUG:colcon:Command line arguments: ['/usr/bin/colcon', 'build']
[0.051s] DEBUG:colcon:Parsed command line arguments: Namespace(log_base=None, log_level=None, verb_name='build', build_base='build', install_base='install', merge_install=False, symlink_install=False, test_result_base=None, continue_on_error=False, executor='parallel', parallel_workers=32, event_handlers=None, ignore_user_meta=False, metas=['./colcon.meta'], base_paths=['.'], packages_ignore=None, packages_ignore_regex=None, paths=None, packages_up_to=None, packages_up_to_regex=None, packages_above=None, packages_above_and_dependencies=None, packages_above_depth=None, packages_select_by_dep=None, packages_skip_by_dep=None, packages_skip_up_to=None, packages_select_build_failed=False, packages_skip_build_finished=False, packages_select_test_failures=False, packages_skip_test_passed=False, packages_select=None, packages_skip=None, packages_select_regex=None, packages_skip_regex=None, packages_start=None, packages_end=None, allow_overriding=[], cmake_args=None, cmake_target=None, cmake_target_skip_unavailable=False, cmake_clean_cache=False, cmake_clean_first=False, cmake_force_configure=False, ament_cmake_args=None, catkin_cmake_args=None, catkin_skip_building_tests=False, mixin_files=None, mixin=None, verb_parser=<colcon_mixin.mixin.mixin_argument.MixinArgumentDecorator object at 0x7a7c9e44fac0>, verb_extension=<colcon_core.verb.build.BuildVerb object at 0x7a7c9e44f340>, main=<bound method BuildVerb.main of <colcon_core.verb.build.BuildVerb object at 0x7a7c9e44f340>>, mixin_verb=('build',))
[0.160s] Level 1:colcon.colcon_core.package_discovery:discover_packages(colcon_meta) check parameters
[0.160s] Level 1:colcon.colcon_core.package_discovery:discover_packages(recursive) check parameters
[0.160s] Level 1:colcon.colcon_core.package_discovery:discover_packages(ignore) check parameters
[0.161s] Level 1:colcon.colcon_core.package_discovery:discover_packages(path) check parameters
[0.161s] Level 1:colcon.colcon_core.package_discovery:discover_packages(colcon_meta) discover
[0.161s] Level 1:colcon.colcon_core.package_discovery:discover_packages(recursive) discover
[0.161s] INFO:colcon.colcon_core.package_discovery:Crawling recursively for packages in '/home/devtex/MAS514-UiABOT/ros2_ws'
[0.161s] Level 1:colcon.colcon_core.package_identification:_identify(.) by extensions ['ignore', 'ignore_ament_install']
[0.161s] Level 1:colcon.colcon_core.package_identification:_identify(.) by extension 'ignore'
[0.161s] Level 1:colcon.colcon_core.package_identification:_identify(.) by extension 'ignore_ament_install'
[0.161s] Level 1:colcon.colcon_core.package_identification:_identify(.) by extensions ['colcon_pkg']
[0.161s] Level 1:colcon.colcon_core.package_identification:_identify(.) by extension 'colcon_pkg'
[0.161s] Level 1:colcon.colcon_core.package_identification:_identify(.) by extensions ['colcon_meta']
[0.161s] Level 1:colcon.colcon_core.package_identification:_identify(.) by extension 'colcon_meta'
[0.161s] Level 1:colcon.colcon_core.package_identification:_identify(.) by extensions ['ros']
[0.161s] Level 1:colcon.colcon_core.package_identification:_identify(.) by extension 'ros'
[0.167s] Level 1:colcon.colcon_core.package_identification:_identify(.) by extensions ['cmake', 'python']
[0.167s] Level 1:colcon.colcon_core.package_identification:_identify(.) by extension 'cmake'
[0.167s] Level 1:colcon.colcon_core.package_identification:_identify(.) by extension 'python'
[0.167s] Level 1:colcon.colcon_core.package_identification:_identify(.) by extensions ['python_setup_py']
[0.167s] Level 1:colcon.colcon_core.package_identification:_identify(.) by extension 'python_setup_py'
[0.167s] Level 1:colcon.colcon_core.package_identification:_identify(build) by extensions ['ignore', 'ignore_ament_install']
[0.167s] Level 1:colcon.colcon_core.package_identification:_identify(build) by extension 'ignore'
[0.167s] Level 1:colcon.colcon_core.package_identification:_identify(build) ignored
[0.167s] Level 1:colcon.colcon_core.package_identification:_identify(install) by extensions ['ignore', 'ignore_ament_install']
[0.167s] Level 1:colcon.colcon_core.package_identification:_identify(install) by extension 'ignore'
[0.167s] Level 1:colcon.colcon_core.package_identification:_identify(install) ignored
[0.167s] Level 1:colcon.colcon_core.package_identification:_identify(log) by extensions ['ignore', 'ignore_ament_install']
[0.167s] Level 1:colcon.colcon_core.package_identification:_identify(log) by extension 'ignore'
[0.167s] Level 1:colcon.colcon_core.package_identification:_identify(log) ignored
[0.167s] Level 1:colcon.colcon_core.package_identification:_identify(src) by extensions ['ignore', 'ignore_ament_install']
[0.167s] Level 1:colcon.colcon_core.package_identification:_identify(src) by extension 'ignore'
[0.167s] Level 1:colcon.colcon_core.package_identification:_identify(src) by extension 'ignore_ament_install'
[0.167s] Level 1:colcon.colcon_core.package_identification:_identify(src) by extensions ['colcon_pkg']
[0.167s] Level 1:colcon.colcon_core.package_identification:_identify(src) by extension 'colcon_pkg'
[0.167s] Level 1:colcon.colcon_core.package_identification:_identify(src) by extensions ['colcon_meta']
[0.167s] Level 1:colcon.colcon_core.package_identification:_identify(src) by extension 'colcon_meta'
[0.168s] Level 1:colcon.colcon_core.package_identification:_identify(src) by extensions ['ros']
[0.168s] Level 1:colcon.colcon_core.package_identification:_identify(src) by extension 'ros'
[0.168s] Level 1:colcon.colcon_core.package_identification:_identify(src) by extensions ['cmake', 'python']
[0.168s] Level 1:colcon.colcon_core.package_identification:_identify(src) by extension 'cmake'
[0.168s] Level 1:colcon.colcon_core.package_identification:_identify(src) by extension 'python'
[0.168s] Level 1:colcon.colcon_core.package_identification:_identify(src) by extensions ['python_setup_py']
[0.168s] Level 1:colcon.colcon_core.package_identification:_identify(src) by extension 'python_setup_py'
[0.168s] Level 1:colcon.colcon_core.package_identification:_identify(src/bno055) by extensions ['ignore', 'ignore_ament_install']
[0.168s] Level 1:colcon.colcon_core.package_identification:_identify(src/bno055) by extension 'ignore'
[0.168s] Level 1:colcon.colcon_core.package_identification:_identify(src/bno055) by extension 'ignore_ament_install'
[0.168s] Level 1:colcon.colcon_core.package_identification:_identify(src/bno055) by extensions ['colcon_pkg']
[0.168s] Level 1:colcon.colcon_core.package_identification:_identify(src/bno055) by extension 'colcon_pkg'
[0.168s] Level 1:colcon.colcon_core.package_identification:_identify(src/bno055) by extensions ['colcon_meta']
[0.168s] Level 1:colcon.colcon_core.package_identification:_identify(src/bno055) by extension 'colcon_meta'
[0.168s] Level 1:colcon.colcon_core.package_identification:_identify(src/bno055) by extensions ['ros']
[0.168s] Level 1:colcon.colcon_core.package_identification:_identify(src/bno055) by extension 'ros'
[0.169s] DEBUG:colcon.colcon_core.package_identification:Package 'src/bno055' with type 'ros.ament_cmake' and name 'bno055'
[0.169s] Level 1:colcon.colcon_core.package_identification:_identify(src/raspi_sub) by extensions ['ignore', 'ignore_ament_install']
[0.169s] Level 1:colcon.colcon_core.package_identification:_identify(src/raspi_sub) by extension 'ignore'
[0.169s] Level 1:colcon.colcon_core.package_identification:_identify(src/raspi_sub) by extension 'ignore_ament_install'
[0.169s] Level 1:colcon.colcon_core.package_identification:_identify(src/raspi_sub) by extensions ['colcon_pkg']
[0.169s] Level 1:colcon.colcon_core.package_identification:_identify(src/raspi_sub) by extension 'colcon_pkg'
[0.169s] Level 1:colcon.colcon_core.package_identification:_identify(src/raspi_sub) by extensions ['colcon_meta']
[0.169s] Level 1:colcon.colcon_core.package_identification:_identify(src/raspi_sub) by extension 'colcon_meta'
[0.169s] Level 1:colcon.colcon_core.package_identification:_identify(src/raspi_sub) by extensions ['ros']
[0.169s] Level 1:colcon.colcon_core.package_identification:_identify(src/raspi_sub) by extension 'ros'
[0.169s] DEBUG:colcon.colcon_core.package_identification:Package 'src/raspi_sub' with type 'ros.ament_cmake' and name 'raspi_sub'
[0.169s] Level 1:colcon.colcon_core.package_identification:_identify(src/robot_description) by extensions ['ignore', 'ignore_ament_install']
[0.169s] Level 1:colcon.colcon_core.package_identification:_identify(src/robot_description) by extension 'ignore'
[0.169s] Level 1:colcon.colcon_core.package_identification:_identify(src/robot_description) by extension 'ignore_ament_install'
[0.169s] Level 1:colcon.colcon_core.package_identification:_identify(src/robot_description) by extensions ['colcon_pkg']
[0.169s] Level 1:colcon.colcon_core.package_identification:_identify(src/robot_description) by extension 'colcon_pkg'
[0.169s] Level 1:colcon.colcon_core.package_identification:_identify(src/robot_description) by extensions ['colcon_meta']
[0.169s] Level 1:colcon.colcon_core.package_identification:_identify(src/robot_description) by extension 'colcon_meta'
[0.169s] Level 1:colcon.colcon_core.package_identification:_identify(src/robot_description) by extensions ['ros']
[0.169s] Level 1:colcon.colcon_core.package_identification:_identify(src/robot_description) by extension 'ros'
[0.170s] DEBUG:colcon.colcon_core.package_identification:Package 'src/robot_description' with type 'ros.ament_cmake' and name 'robot_description'
[0.170s] Level 1:colcon.colcon_core.package_identification:_identify(src/sllidar_ros2) by extensions ['ignore', 'ignore_ament_install']
[0.170s] Level 1:colcon.colcon_core.package_identification:_identify(src/sllidar_ros2) by extension 'ignore'
[0.170s] Level 1:colcon.colcon_core.package_identification:_identify(src/sllidar_ros2) by extension 'ignore_ament_install'
[0.170s] Level 1:colcon.colcon_core.package_identification:_identify(src/sllidar_ros2) by extensions ['colcon_pkg']
[0.170s] Level 1:colcon.colcon_core.package_identification:_identify(src/sllidar_ros2) by extension 'colcon_pkg'
[0.170s] Level 1:colcon.colcon_core.package_identification:_identify(src/sllidar_ros2) by extensions ['colcon_meta']
[0.170s] Level 1:colcon.colcon_core.package_identification:_identify(src/sllidar_ros2) by extension 'colcon_meta'
[0.170s] Level 1:colcon.colcon_core.package_identification:_identify(src/sllidar_ros2) by extensions ['ros']
[0.170s] Level 1:colcon.colcon_core.package_identification:_identify(src/sllidar_ros2) by extension 'ros'
[0.170s] DEBUG:colcon.colcon_core.package_identification:Package 'src/sllidar_ros2' with type 'ros.ament_cmake' and name 'sllidar_ros2'
[0.170s] Level 1:colcon.colcon_core.package_discovery:discover_packages(recursive) using defaults
[0.170s] Level 1:colcon.colcon_core.package_discovery:discover_packages(ignore) discover
[0.170s] Level 1:colcon.colcon_core.package_discovery:discover_packages(ignore) using defaults
[0.170s] Level 1:colcon.colcon_core.package_discovery:discover_packages(path) discover
[0.170s] Level 1:colcon.colcon_core.package_discovery:discover_packages(path) using defaults
[0.178s] Level 1:colcon.colcon_core.package_discovery:discover_packages(prefix_path) check parameters
[0.178s] Level 1:colcon.colcon_core.package_discovery:discover_packages(prefix_path) discover
[0.179s] WARNING:colcon.colcon_ros.prefix_path.ament:The path '/home/devtex/MAS514-UiABOT/ros2_ws/install/rplidar_ros2' in the environment variable AMENT_PREFIX_PATH doesn't exist
[0.179s] WARNING:colcon.colcon_ros.prefix_path.ament:The path '/home/devtex/MAS514-UiABOT/ros2_ws/install/rplidar_ros' in the environment variable AMENT_PREFIX_PATH doesn't exist
[0.179s] WARNING:colcon.colcon_ros.prefix_path.catkin:The path '/home/devtex/MAS514-UiABOT/ros2_ws/install/rplidar_ros2' in the environment variable CMAKE_PREFIX_PATH doesn't exist
[0.179s] WARNING:colcon.colcon_ros.prefix_path.catkin:The path '/home/devtex/MAS514-UiABOT/ros2_ws/install/rplidar_ros' in the environment variable CMAKE_PREFIX_PATH doesn't exist
[0.179s] DEBUG:colcon.colcon_installed_package_information.package_discovery:Found 4 installed packages in /home/devtex/MAS514-UiABOT/ros2_ws/install
[0.180s] DEBUG:colcon.colcon_installed_package_information.package_discovery:Found 447 installed packages in /opt/ros/humble
[0.181s] Level 1:colcon.colcon_core.package_discovery:discover_packages(prefix_path) using defaults
[0.201s] Level 5:colcon.colcon_core.verb:set package 'bno055' build argument 'cmake_args' from command line to 'None'
[0.201s] Level 5:colcon.colcon_core.verb:set package 'bno055' build argument 'cmake_target' from command line to 'None'
[0.201s] Level 5:colcon.colcon_core.verb:set package 'bno055' build argument 'cmake_target_skip_unavailable' from command line to 'False'
[0.201s] Level 5:colcon.colcon_core.verb:set package 'bno055' build argument 'cmake_clean_cache' from command line to 'False'
[0.201s] Level 5:colcon.colcon_core.verb:set package 'bno055' build argument 'cmake_clean_first' from command line to 'False'
[0.201s] Level 5:colcon.colcon_core.verb:set package 'bno055' build argument 'cmake_force_configure' from command line to 'False'
[0.201s] Level 5:colcon.colcon_core.verb:set package 'bno055' build argument 'ament_cmake_args' from command line to 'None'
[0.201s] Level 5:colcon.colcon_core.verb:set package 'bno055' build argument 'catkin_cmake_args' from command line to 'None'
[0.201s] Level 5:colcon.colcon_core.verb:set package 'bno055' build argument 'catkin_skip_building_tests' from command line to 'False'
[0.201s] DEBUG:colcon.colcon_core.verb:Building package 'bno055' with the following arguments: {'ament_cmake_args': None, 'build_base': '/home/devtex/MAS514-UiABOT/ros2_ws/build/bno055', 'catkin_cmake_args': None, 'catkin_skip_building_tests': False, 'cmake_args': None, 'cmake_clean_cache': False, 'cmake_clean_first': False, 'cmake_force_configure': False, 'cmake_target': None, 'cmake_target_skip_unavailable': False, 'install_base': '/home/devtex/MAS514-UiABOT/ros2_ws/install/bno055', 'merge_install': False, 'path': '/home/devtex/MAS514-UiABOT/ros2_ws/src/bno055', 'symlink_install': False, 'test_result_base': None}
[0.201s] Level 5:colcon.colcon_core.verb:set package 'raspi_sub' build argument 'cmake_args' from command line to 'None'
[0.201s] Level 5:colcon.colcon_core.verb:set package 'raspi_sub' build argument 'cmake_target' from command line to 'None'
[0.201s] Level 5:colcon.colcon_core.verb:set package 'raspi_sub' build argument 'cmake_target_skip_unavailable' from command line to 'False'
[0.201s] Level 5:colcon.colcon_core.verb:set package 'raspi_sub' build argument 'cmake_clean_cache' from command line to 'False'
[0.201s] Level 5:colcon.colcon_core.verb:set package 'raspi_sub' build argument 'cmake_clean_first' from command line to 'False'
[0.201s] Level 5:colcon.colcon_core.verb:set package 'raspi_sub' build argument 'cmake_force_configure' from command line to 'False'
[0.201s] Level 5:colcon.colcon_core.verb:set package 'raspi_sub' build argument 'ament_cmake_args' from command line to 'None'
[0.201s] Level 5:colcon.colcon_core.verb:set package 'raspi_sub' build argument 'catkin_cmake_args' from command line to 'None'
[0.201s] Level 5:colcon.colcon_core.verb:set package 'raspi_sub' build argument 'catkin_skip_building_tests' from command line to 'False'
[0.201s] DEBUG:colcon.colcon_core.verb:Building package 'raspi_sub' with the following arguments: {'ament_cmake_args': None, 'build_base': '/home/devtex/MAS514-UiABOT/ros2_ws/build/raspi_sub', 'catkin_cmake_args': None, 'catkin_skip_building_tests': False, 'cmake_args': None, 'cmake_clean_cache': False, 'cmake_clean_first': False, 'cmake_force_configure': False, 'cmake_target': None, 'cmake_target_skip_unavailable': False, 'install_base': '/home/devtex/MAS514-UiABOT/ros2_ws/install/raspi_sub', 'merge_install': False, 'path': '/home/devtex/MAS514-UiABOT/ros2_ws/src/raspi_sub', 'symlink_install': False, 'test_result_base': None}
[0.201s] Level 5:colcon.colcon_core.verb:set package 'robot_description' build argument 'cmake_args' from command line to 'None'
[0.201s] Level 5:colcon.colcon_core.verb:set package 'robot_description' build argument 'cmake_target' from command line to 'None'
[0.201s] Level 5:colcon.colcon_core.verb:set package 'robot_description' build argument 'cmake_target_skip_unavailable' from command line to 'False'
[0.201s] Level 5:colcon.colcon_core.verb:set package 'robot_description' build argument 'cmake_clean_cache' from command line to 'False'
[0.201s] Level 5:colcon.colcon_core.verb:set package 'robot_description' build argument 'cmake_clean_first' from command line to 'False'
[0.201s] Level 5:colcon.colcon_core.verb:set package 'robot_description' build argument 'cmake_force_configure' from command line to 'False'
[0.201s] Level 5:colcon.colcon_core.verb:set package 'robot_description' build argument 'ament_cmake_args' from command line to 'None'
[0.201s] Level 5:colcon.colcon_core.verb:set package 'robot_description' build argument 'catkin_cmake_args' from command line to 'None'
[0.201s] Level 5:colcon.colcon_core.verb:set package 'robot_description' build argument 'catkin_skip_building_tests' from command line to 'False'
[0.201s] DEBUG:colcon.colcon_core.verb:Building package 'robot_description' with the following arguments: {'ament_cmake_args': None, 'build_base': '/home/devtex/MAS514-UiABOT/ros2_ws/build/robot_description', 'catkin_cmake_args': None, 'catkin_skip_building_tests': False, 'cmake_args': None, 'cmake_clean_cache': False, 'cmake_clean_first': False, 'cmake_force_configure': False, 'cmake_target': None, 'cmake_target_skip_unavailable': False, 'install_base': '/home/devtex/MAS514-UiABOT/ros2_ws/install/robot_description', 'merge_install': False, 'path': '/home/devtex/MAS514-UiABOT/ros2_ws/src/robot_description', 'symlink_install': False, 'test_result_base': None}
[0.202s] Level 5:colcon.colcon_core.verb:set package 'sllidar_ros2' build argument 'cmake_args' from command line to 'None'
[0.202s] Level 5:colcon.colcon_core.verb:set package 'sllidar_ros2' build argument 'cmake_target' from command line to 'None'
[0.202s] Level 5:colcon.colcon_core.verb:set package 'sllidar_ros2' build argument 'cmake_target_skip_unavailable' from command line to 'False'
[0.202s] Level 5:colcon.colcon_core.verb:set package 'sllidar_ros2' build argument 'cmake_clean_cache' from command line to 'False'
[0.202s] Level 5:colcon.colcon_core.verb:set package 'sllidar_ros2' build argument 'cmake_clean_first' from command line to 'False'
[0.202s] Level 5:colcon.colcon_core.verb:set package 'sllidar_ros2' build argument 'cmake_force_configure' from command line to 'False'
[0.202s] Level 5:colcon.colcon_core.verb:set package 'sllidar_ros2' build argument 'ament_cmake_args' from command line to 'None'
[0.202s] Level 5:colcon.colcon_core.verb:set package 'sllidar_ros2' build argument 'catkin_cmake_args' from command line to 'None'
[0.202s] Level 5:colcon.colcon_core.verb:set package 'sllidar_ros2' build argument 'catkin_skip_building_tests' from command line to 'False'
[0.202s] DEBUG:colcon.colcon_core.verb:Building package 'sllidar_ros2' with the following arguments: {'ament_cmake_args': None, 'build_base': '/home/devtex/MAS514-UiABOT/ros2_ws/build/sllidar_ros2', 'catkin_cmake_args': None, 'catkin_skip_building_tests': False, 'cmake_args': None, 'cmake_clean_cache': False, 'cmake_clean_first': False, 'cmake_force_configure': False, 'cmake_target': None, 'cmake_target_skip_unavailable': False, 'install_base': '/home/devtex/MAS514-UiABOT/ros2_ws/install/sllidar_ros2', 'merge_install': False, 'path': '/home/devtex/MAS514-UiABOT/ros2_ws/src/sllidar_ros2', 'symlink_install': False, 'test_result_base': None}
[0.202s] INFO:colcon.colcon_core.executor:Executing jobs using 'parallel' executor
[0.202s] DEBUG:colcon.colcon_parallel_executor.executor.parallel:run_until_complete
[0.202s] INFO:colcon.colcon_ros.task.ament_cmake.build:Building ROS package in '/home/devtex/MAS514-UiABOT/ros2_ws/src/bno055' with build type 'ament_cmake'
[0.202s] INFO:colcon.colcon_cmake.task.cmake.build:Building CMake package in '/home/devtex/MAS514-UiABOT/ros2_ws/src/bno055'
[0.203s] INFO:colcon.colcon_core.plugin_system:Skipping extension 'colcon_core.shell.bat': Not used on non-Windows systems
[0.203s] INFO:colcon.colcon_core.shell:Skip shell extension 'powershell' for command environment: Not usable outside of PowerShell
[0.203s] DEBUG:colcon.colcon_core.shell:Skip shell extension 'dsv' for command environment
[0.205s] INFO:colcon.colcon_ros.task.ament_cmake.build:Building ROS package in '/home/devtex/MAS514-UiABOT/ros2_ws/src/raspi_sub' with build type 'ament_cmake'
[0.205s] INFO:colcon.colcon_cmake.task.cmake.build:Building CMake package in '/home/devtex/MAS514-UiABOT/ros2_ws/src/raspi_sub'
[0.205s] INFO:colcon.colcon_core.shell:Skip shell extension 'powershell' for command environment: Not usable outside of PowerShell
[0.205s] DEBUG:colcon.colcon_core.shell:Skip shell extension 'dsv' for command environment
[0.207s] INFO:colcon.colcon_ros.task.ament_cmake.build:Building ROS package in '/home/devtex/MAS514-UiABOT/ros2_ws/src/robot_description' with build type 'ament_cmake'
[0.207s] INFO:colcon.colcon_cmake.task.cmake.build:Building CMake package in '/home/devtex/MAS514-UiABOT/ros2_ws/src/robot_description'
[0.207s] INFO:colcon.colcon_core.shell:Skip shell extension 'powershell' for command environment: Not usable outside of PowerShell
[0.207s] DEBUG:colcon.colcon_core.shell:Skip shell extension 'dsv' for command environment
[0.209s] INFO:colcon.colcon_ros.task.ament_cmake.build:Building ROS package in '/home/devtex/MAS514-UiABOT/ros2_ws/src/sllidar_ros2' with build type 'ament_cmake'
[0.209s] INFO:colcon.colcon_cmake.task.cmake.build:Building CMake package in '/home/devtex/MAS514-UiABOT/ros2_ws/src/sllidar_ros2'
[0.209s] INFO:colcon.colcon_core.shell:Skip shell extension 'powershell' for command environment: Not usable outside of PowerShell
[0.209s] DEBUG:colcon.colcon_core.shell:Skip shell extension 'dsv' for command environment
[0.215s] DEBUG:colcon.colcon_core.event_handler.log_command:Invoking command in '/home/devtex/MAS514-UiABOT/ros2_ws/build/bno055': CMAKE_PREFIX_PATH=${CMAKE_PREFIX_PATH}:/opt/ros/humble /usr/bin/cmake --build /home/devtex/MAS514-UiABOT/ros2_ws/build/bno055 -- -j32 -l32
[0.217s] DEBUG:colcon.colcon_core.event_handler.log_command:Invoking command in '/home/devtex/MAS514-UiABOT/ros2_ws/build/raspi_sub': CMAKE_PREFIX_PATH=${CMAKE_PREFIX_PATH}:/opt/ros/humble /usr/bin/cmake --build /home/devtex/MAS514-UiABOT/ros2_ws/build/raspi_sub -- -j32 -l32
[0.218s] DEBUG:colcon.colcon_core.event_handler.log_command:Invoking command in '/home/devtex/MAS514-UiABOT/ros2_ws/build/robot_description': CMAKE_PREFIX_PATH=${CMAKE_PREFIX_PATH}:/opt/ros/humble /usr/bin/cmake --build /home/devtex/MAS514-UiABOT/ros2_ws/build/robot_description -- -j32 -l32
[0.219s] DEBUG:colcon.colcon_core.event_handler.log_command:Invoking command in '/home/devtex/MAS514-UiABOT/ros2_ws/build/sllidar_ros2': CMAKE_PREFIX_PATH=${CMAKE_PREFIX_PATH}:/opt/ros/humble /usr/bin/cmake --build /home/devtex/MAS514-UiABOT/ros2_ws/build/sllidar_ros2 -- -j32 -l32
[0.236s] DEBUG:colcon.colcon_core.event_handler.log_command:Invoked command in '/home/devtex/MAS514-UiABOT/ros2_ws/build/bno055' returned '0': CMAKE_PREFIX_PATH=${CMAKE_PREFIX_PATH}:/opt/ros/humble /usr/bin/cmake --build /home/devtex/MAS514-UiABOT/ros2_ws/build/bno055 -- -j32 -l32
[0.237s] DEBUG:colcon.colcon_core.event_handler.log_command:Invoked command in '/home/devtex/MAS514-UiABOT/ros2_ws/build/robot_description' returned '0': CMAKE_PREFIX_PATH=${CMAKE_PREFIX_PATH}:/opt/ros/humble /usr/bin/cmake --build /home/devtex/MAS514-UiABOT/ros2_ws/build/robot_description -- -j32 -l32
[0.257s] DEBUG:colcon.colcon_core.event_handler.log_command:Invoking command in '/home/devtex/MAS514-UiABOT/ros2_ws/build/robot_description': CMAKE_PREFIX_PATH=${CMAKE_PREFIX_PATH}:/opt/ros/humble /usr/bin/cmake --install /home/devtex/MAS514-UiABOT/ros2_ws/build/robot_description
[0.259s] DEBUG:colcon.colcon_core.event_handler.log_command:Invoking command in '/home/devtex/MAS514-UiABOT/ros2_ws/build/bno055': CMAKE_PREFIX_PATH=${CMAKE_PREFIX_PATH}:/opt/ros/humble /usr/bin/cmake --install /home/devtex/MAS514-UiABOT/ros2_ws/build/bno055
[0.260s] DEBUG:colcon.colcon_core.event_handler.log_command:Invoked command in '/home/devtex/MAS514-UiABOT/ros2_ws/build/sllidar_ros2' returned '0': CMAKE_PREFIX_PATH=${CMAKE_PREFIX_PATH}:/opt/ros/humble /usr/bin/cmake --build /home/devtex/MAS514-UiABOT/ros2_ws/build/sllidar_ros2 -- -j32 -l32
[0.264s] Level 1:colcon.colcon_core.environment:create_environment_scripts_only(robot_description)
[0.264s] DEBUG:colcon.colcon_core.event_handler.log_command:Invoked command in '/home/devtex/MAS514-UiABOT/ros2_ws/build/robot_description' returned '0': CMAKE_PREFIX_PATH=${CMAKE_PREFIX_PATH}:/opt/ros/humble /usr/bin/cmake --install /home/devtex/MAS514-UiABOT/ros2_ws/build/robot_description
[0.266s] Level 1:colcon.colcon_core.environment:checking '/home/devtex/MAS514-UiABOT/ros2_ws/install/robot_description' for CMake module files
[0.266s] Level 1:colcon.colcon_core.environment:checking '/home/devtex/MAS514-UiABOT/ros2_ws/install/robot_description' for CMake config files
[0.266s] Level 1:colcon.colcon_core.shell:create_environment_hook('robot_description', 'cmake_prefix_path')
[0.266s] INFO:colcon.colcon_core.shell:Creating environment hook '/home/devtex/MAS514-UiABOT/ros2_ws/install/robot_description/share/robot_description/hook/cmake_prefix_path.ps1'
[0.266s] INFO:colcon.colcon_core.shell:Creating environment descriptor '/home/devtex/MAS514-UiABOT/ros2_ws/install/robot_description/share/robot_description/hook/cmake_prefix_path.dsv'
[0.267s] INFO:colcon.colcon_core.shell:Creating environment hook '/home/devtex/MAS514-UiABOT/ros2_ws/install/robot_description/share/robot_description/hook/cmake_prefix_path.sh'
[0.267s] Level 1:colcon.colcon_core.environment:checking '/home/devtex/MAS514-UiABOT/ros2_ws/install/robot_description/bin'
[0.267s] Level 1:colcon.colcon_core.environment:checking '/home/devtex/MAS514-UiABOT/ros2_ws/install/robot_description/lib/pkgconfig/robot_description.pc'
[0.267s] Level 1:colcon.colcon_core.environment:checking '/home/devtex/MAS514-UiABOT/ros2_ws/install/robot_description/lib/python3.10/site-packages'
[0.267s] Level 1:colcon.colcon_core.environment:checking '/home/devtex/MAS514-UiABOT/ros2_ws/install/robot_description/bin'
[0.267s] INFO:colcon.colcon_core.shell:Creating package script '/home/devtex/MAS514-UiABOT/ros2_ws/install/robot_description/share/robot_description/package.ps1'
[0.268s] INFO:colcon.colcon_core.shell:Creating package descriptor '/home/devtex/MAS514-UiABOT/ros2_ws/install/robot_description/share/robot_description/package.dsv'
[0.268s] INFO:colcon.colcon_core.shell:Creating package script '/home/devtex/MAS514-UiABOT/ros2_ws/install/robot_description/share/robot_description/package.sh'
[0.268s] INFO:colcon.colcon_core.shell:Creating package script '/home/devtex/MAS514-UiABOT/ros2_ws/install/robot_description/share/robot_description/package.bash'
[0.269s] INFO:colcon.colcon_core.shell:Creating package script '/home/devtex/MAS514-UiABOT/ros2_ws/install/robot_description/share/robot_description/package.zsh'
[0.269s] Level 1:colcon.colcon_core.environment:create_file_with_runtime_dependencies(/home/devtex/MAS514-UiABOT/ros2_ws/install/robot_description/share/colcon-core/packages/robot_description)
[0.269s] Level 1:colcon.colcon_core.environment:create_environment_scripts_only(bno055)
[0.270s] Level 1:colcon.colcon_core.environment:checking '/home/devtex/MAS514-UiABOT/ros2_ws/install/bno055' for CMake module files
[0.270s] DEBUG:colcon.colcon_core.event_handler.log_command:Invoked command in '/home/devtex/MAS514-UiABOT/ros2_ws/build/bno055' returned '0': CMAKE_PREFIX_PATH=${CMAKE_PREFIX_PATH}:/opt/ros/humble /usr/bin/cmake --install /home/devtex/MAS514-UiABOT/ros2_ws/build/bno055
[0.270s] Level 1:colcon.colcon_core.environment:checking '/home/devtex/MAS514-UiABOT/ros2_ws/install/bno055' for CMake config files
[0.270s] Level 1:colcon.colcon_core.shell:create_environment_hook('bno055', 'cmake_prefix_path')
[0.270s] INFO:colcon.colcon_core.shell:Creating environment hook '/home/devtex/MAS514-UiABOT/ros2_ws/install/bno055/share/bno055/hook/cmake_prefix_path.ps1'
[0.270s] INFO:colcon.colcon_core.shell:Creating environment descriptor '/home/devtex/MAS514-UiABOT/ros2_ws/install/bno055/share/bno055/hook/cmake_prefix_path.dsv'
[0.271s] INFO:colcon.colcon_core.shell:Creating environment hook '/home/devtex/MAS514-UiABOT/ros2_ws/install/bno055/share/bno055/hook/cmake_prefix_path.sh'
[0.271s] Level 1:colcon.colcon_core.environment:checking '/home/devtex/MAS514-UiABOT/ros2_ws/install/bno055/bin'
[0.271s] Level 1:colcon.colcon_core.environment:checking '/home/devtex/MAS514-UiABOT/ros2_ws/install/bno055/lib/pkgconfig/bno055.pc'
[0.271s] Level 1:colcon.colcon_core.environment:checking '/home/devtex/MAS514-UiABOT/ros2_ws/install/bno055/lib/python3.10/site-packages'
[0.271s] Level 1:colcon.colcon_core.environment:checking '/home/devtex/MAS514-UiABOT/ros2_ws/install/bno055/bin'
[0.271s] INFO:colcon.colcon_core.shell:Creating package script '/home/devtex/MAS514-UiABOT/ros2_ws/install/bno055/share/bno055/package.ps1'
[0.271s] INFO:colcon.colcon_core.shell:Creating package descriptor '/home/devtex/MAS514-UiABOT/ros2_ws/install/bno055/share/bno055/package.dsv'
[0.272s] INFO:colcon.colcon_core.shell:Creating package script '/home/devtex/MAS514-UiABOT/ros2_ws/install/bno055/share/bno055/package.sh'
[0.272s] INFO:colcon.colcon_core.shell:Creating package script '/home/devtex/MAS514-UiABOT/ros2_ws/install/bno055/share/bno055/package.bash'
[0.272s] INFO:colcon.colcon_core.shell:Creating package script '/home/devtex/MAS514-UiABOT/ros2_ws/install/bno055/share/bno055/package.zsh'
[0.272s] Level 1:colcon.colcon_core.environment:create_file_with_runtime_dependencies(/home/devtex/MAS514-UiABOT/ros2_ws/install/bno055/share/colcon-core/packages/bno055)
[0.281s] Level 1:colcon.colcon_core.environment:create_environment_scripts_only(robot_description)
[0.281s] Level 1:colcon.colcon_core.environment:checking '/home/devtex/MAS514-UiABOT/ros2_ws/install/robot_description' for CMake module files
[0.281s] Level 1:colcon.colcon_core.environment:checking '/home/devtex/MAS514-UiABOT/ros2_ws/install/robot_description' for CMake config files
[0.281s] Level 1:colcon.colcon_core.shell:create_environment_hook('robot_description', 'cmake_prefix_path')
[0.281s] INFO:colcon.colcon_core.shell:Creating environment hook '/home/devtex/MAS514-UiABOT/ros2_ws/install/robot_description/share/robot_description/hook/cmake_prefix_path.ps1'
[0.282s] INFO:colcon.colcon_core.shell:Creating environment descriptor '/home/devtex/MAS514-UiABOT/ros2_ws/install/robot_description/share/robot_description/hook/cmake_prefix_path.dsv'
[0.282s] INFO:colcon.colcon_core.shell:Creating environment hook '/home/devtex/MAS514-UiABOT/ros2_ws/install/robot_description/share/robot_description/hook/cmake_prefix_path.sh'
[0.282s] Level 1:colcon.colcon_core.environment:checking '/home/devtex/MAS514-UiABOT/ros2_ws/install/robot_description/bin'
[0.282s] Level 1:colcon.colcon_core.environment:checking '/home/devtex/MAS514-UiABOT/ros2_ws/install/robot_description/lib/pkgconfig/robot_description.pc'
[0.282s] Level 1:colcon.colcon_core.environment:checking '/home/devtex/MAS514-UiABOT/ros2_ws/install/robot_description/lib/python3.10/site-packages'
[0.282s] Level 1:colcon.colcon_core.environment:checking '/home/devtex/MAS514-UiABOT/ros2_ws/install/robot_description/bin'
[0.282s] INFO:colcon.colcon_core.shell:Creating package script '/home/devtex/MAS514-UiABOT/ros2_ws/install/robot_description/share/robot_description/package.ps1'
[0.282s] INFO:colcon.colcon_core.shell:Creating package descriptor '/home/devtex/MAS514-UiABOT/ros2_ws/install/robot_description/share/robot_description/package.dsv'
[0.283s] INFO:colcon.colcon_core.shell:Creating package script '/home/devtex/MAS514-UiABOT/ros2_ws/install/robot_description/share/robot_description/package.sh'
[0.283s] INFO:colcon.colcon_core.shell:Creating package script '/home/devtex/MAS514-UiABOT/ros2_ws/install/robot_description/share/robot_description/package.bash'
[0.283s] INFO:colcon.colcon_core.shell:Creating package script '/home/devtex/MAS514-UiABOT/ros2_ws/install/robot_description/share/robot_description/package.zsh'
[0.283s] Level 1:colcon.colcon_core.environment:create_file_with_runtime_dependencies(/home/devtex/MAS514-UiABOT/ros2_ws/install/robot_description/share/colcon-core/packages/robot_description)
[0.286s] Level 1:colcon.colcon_core.environment:create_environment_scripts_only(bno055)
[0.286s] Level 1:colcon.colcon_core.environment:checking '/home/devtex/MAS514-UiABOT/ros2_ws/install/bno055' for CMake module files
[0.286s] Level 1:colcon.colcon_core.environment:checking '/home/devtex/MAS514-UiABOT/ros2_ws/install/bno055' for CMake config files
[0.286s] Level 1:colcon.colcon_core.shell:create_environment_hook('bno055', 'cmake_prefix_path')
[0.286s] INFO:colcon.colcon_core.shell:Creating environment hook '/home/devtex/MAS514-UiABOT/ros2_ws/install/bno055/share/bno055/hook/cmake_prefix_path.ps1'
[0.286s] INFO:colcon.colcon_core.shell:Creating environment descriptor '/home/devtex/MAS514-UiABOT/ros2_ws/install/bno055/share/bno055/hook/cmake_prefix_path.dsv'
[0.286s] INFO:colcon.colcon_core.shell:Creating environment hook '/home/devtex/MAS514-UiABOT/ros2_ws/install/bno055/share/bno055/hook/cmake_prefix_path.sh'
[0.287s] Level 1:colcon.colcon_core.environment:checking '/home/devtex/MAS514-UiABOT/ros2_ws/install/bno055/bin'
[0.287s] Level 1:colcon.colcon_core.environment:checking '/home/devtex/MAS514-UiABOT/ros2_ws/install/bno055/lib/pkgconfig/bno055.pc'
[0.287s] Level 1:colcon.colcon_core.environment:checking '/home/devtex/MAS514-UiABOT/ros2_ws/install/bno055/lib/python3.10/site-packages'
[0.287s] Level 1:colcon.colcon_core.environment:checking '/home/devtex/MAS514-UiABOT/ros2_ws/install/bno055/bin'
[0.287s] INFO:colcon.colcon_core.shell:Creating package script '/home/devtex/MAS514-UiABOT/ros2_ws/install/bno055/share/bno055/package.ps1'
[0.287s] INFO:colcon.colcon_core.shell:Creating package descriptor '/home/devtex/MAS514-UiABOT/ros2_ws/install/bno055/share/bno055/package.dsv'
[0.287s] INFO:colcon.colcon_core.shell:Creating package script '/home/devtex/MAS514-UiABOT/ros2_ws/install/bno055/share/bno055/package.sh'
[0.288s] INFO:colcon.colcon_core.shell:Creating package script '/home/devtex/MAS514-UiABOT/ros2_ws/install/bno055/share/bno055/package.bash'
[0.288s] INFO:colcon.colcon_core.shell:Creating package script '/home/devtex/MAS514-UiABOT/ros2_ws/install/bno055/share/bno055/package.zsh'
[0.288s] Level 1:colcon.colcon_core.environment:create_file_with_runtime_dependencies(/home/devtex/MAS514-UiABOT/ros2_ws/install/bno055/share/colcon-core/packages/bno055)
[0.300s] DEBUG:colcon.colcon_core.event_handler.log_command:Invoking command in '/home/devtex/MAS514-UiABOT/ros2_ws/build/sllidar_ros2': CMAKE_PREFIX_PATH=${CMAKE_PREFIX_PATH}:/opt/ros/humble /usr/bin/cmake --install /home/devtex/MAS514-UiABOT/ros2_ws/build/sllidar_ros2
[0.307s] Level 1:colcon.colcon_core.environment:create_environment_scripts_only(sllidar_ros2)
[0.307s] DEBUG:colcon.colcon_core.event_handler.log_command:Invoked command in '/home/devtex/MAS514-UiABOT/ros2_ws/build/sllidar_ros2' returned '0': CMAKE_PREFIX_PATH=${CMAKE_PREFIX_PATH}:/opt/ros/humble /usr/bin/cmake --install /home/devtex/MAS514-UiABOT/ros2_ws/build/sllidar_ros2
[0.307s] Level 1:colcon.colcon_core.environment:checking '/home/devtex/MAS514-UiABOT/ros2_ws/install/sllidar_ros2' for CMake module files
[0.308s] Level 1:colcon.colcon_core.environment:checking '/home/devtex/MAS514-UiABOT/ros2_ws/install/sllidar_ros2' for CMake config files
[0.308s] Level 1:colcon.colcon_core.shell:create_environment_hook('sllidar_ros2', 'cmake_prefix_path')
[0.308s] INFO:colcon.colcon_core.shell:Creating environment hook '/home/devtex/MAS514-UiABOT/ros2_ws/install/sllidar_ros2/share/sllidar_ros2/hook/cmake_prefix_path.ps1'
[0.309s] INFO:colcon.colcon_core.shell:Creating environment descriptor '/home/devtex/MAS514-UiABOT/ros2_ws/install/sllidar_ros2/share/sllidar_ros2/hook/cmake_prefix_path.dsv'
[0.309s] INFO:colcon.colcon_core.shell:Creating environment hook '/home/devtex/MAS514-UiABOT/ros2_ws/install/sllidar_ros2/share/sllidar_ros2/hook/cmake_prefix_path.sh'
[0.309s] Level 1:colcon.colcon_core.environment:checking '/home/devtex/MAS514-UiABOT/ros2_ws/install/sllidar_ros2/lib'
[0.309s] Level 1:colcon.colcon_core.environment:checking '/home/devtex/MAS514-UiABOT/ros2_ws/install/sllidar_ros2/bin'
[0.309s] Level 1:colcon.colcon_core.environment:checking '/home/devtex/MAS514-UiABOT/ros2_ws/install/sllidar_ros2/lib/pkgconfig/sllidar_ros2.pc'
[0.309s] Level 1:colcon.colcon_core.environment:checking '/home/devtex/MAS514-UiABOT/ros2_ws/install/sllidar_ros2/lib/python3.10/site-packages'
[0.309s] Level 1:colcon.colcon_core.environment:checking '/home/devtex/MAS514-UiABOT/ros2_ws/install/sllidar_ros2/bin'
[0.310s] INFO:colcon.colcon_core.shell:Creating package script '/home/devtex/MAS514-UiABOT/ros2_ws/install/sllidar_ros2/share/sllidar_ros2/package.ps1'
[0.310s] INFO:colcon.colcon_core.shell:Creating package descriptor '/home/devtex/MAS514-UiABOT/ros2_ws/install/sllidar_ros2/share/sllidar_ros2/package.dsv'
[0.310s] INFO:colcon.colcon_core.shell:Creating package script '/home/devtex/MAS514-UiABOT/ros2_ws/install/sllidar_ros2/share/sllidar_ros2/package.sh'
[0.310s] INFO:colcon.colcon_core.shell:Creating package script '/home/devtex/MAS514-UiABOT/ros2_ws/install/sllidar_ros2/share/sllidar_ros2/package.bash'
[0.310s] INFO:colcon.colcon_core.shell:Creating package script '/home/devtex/MAS514-UiABOT/ros2_ws/install/sllidar_ros2/share/sllidar_ros2/package.zsh'
[0.310s] Level 1:colcon.colcon_core.environment:create_file_with_runtime_dependencies(/home/devtex/MAS514-UiABOT/ros2_ws/install/sllidar_ros2/share/colcon-core/packages/sllidar_ros2)
[0.349s] Level 1:colcon.colcon_core.environment:create_environment_scripts_only(sllidar_ros2)
[0.349s] Level 1:colcon.colcon_core.environment:checking '/home/devtex/MAS514-UiABOT/ros2_ws/install/sllidar_ros2' for CMake module files
[0.349s] Level 1:colcon.colcon_core.environment:checking '/home/devtex/MAS514-UiABOT/ros2_ws/install/sllidar_ros2' for CMake config files
[0.349s] Level 1:colcon.colcon_core.shell:create_environment_hook('sllidar_ros2', 'cmake_prefix_path')
[0.349s] INFO:colcon.colcon_core.shell:Creating environment hook '/home/devtex/MAS514-UiABOT/ros2_ws/install/sllidar_ros2/share/sllidar_ros2/hook/cmake_prefix_path.ps1'
[0.350s] INFO:colcon.colcon_core.shell:Creating environment descriptor '/home/devtex/MAS514-UiABOT/ros2_ws/install/sllidar_ros2/share/sllidar_ros2/hook/cmake_prefix_path.dsv'
[0.350s] INFO:colcon.colcon_core.shell:Creating environment hook '/home/devtex/MAS514-UiABOT/ros2_ws/install/sllidar_ros2/share/sllidar_ros2/hook/cmake_prefix_path.sh'
[0.350s] Level 1:colcon.colcon_core.environment:checking '/home/devtex/MAS514-UiABOT/ros2_ws/install/sllidar_ros2/lib'
[0.350s] Level 1:colcon.colcon_core.environment:checking '/home/devtex/MAS514-UiABOT/ros2_ws/install/sllidar_ros2/bin'
[0.350s] Level 1:colcon.colcon_core.environment:checking '/home/devtex/MAS514-UiABOT/ros2_ws/install/sllidar_ros2/lib/pkgconfig/sllidar_ros2.pc'
[0.350s] Level 1:colcon.colcon_core.environment:checking '/home/devtex/MAS514-UiABOT/ros2_ws/install/sllidar_ros2/lib/python3.10/site-packages'
[0.350s] Level 1:colcon.colcon_core.environment:checking '/home/devtex/MAS514-UiABOT/ros2_ws/install/sllidar_ros2/bin'
[0.350s] INFO:colcon.colcon_core.shell:Creating package script '/home/devtex/MAS514-UiABOT/ros2_ws/install/sllidar_ros2/share/sllidar_ros2/package.ps1'
[0.351s] INFO:colcon.colcon_core.shell:Creating package descriptor '/home/devtex/MAS514-UiABOT/ros2_ws/install/sllidar_ros2/share/sllidar_ros2/package.dsv'
[0.351s] INFO:colcon.colcon_core.shell:Creating package script '/home/devtex/MAS514-UiABOT/ros2_ws/install/sllidar_ros2/share/sllidar_ros2/package.sh'
[0.351s] INFO:colcon.colcon_core.shell:Creating package script '/home/devtex/MAS514-UiABOT/ros2_ws/install/sllidar_ros2/share/sllidar_ros2/package.bash'
[0.351s] INFO:colcon.colcon_core.shell:Creating package script '/home/devtex/MAS514-UiABOT/ros2_ws/install/sllidar_ros2/share/sllidar_ros2/package.zsh'
[0.351s] Level 1:colcon.colcon_core.environment:create_file_with_runtime_dependencies(/home/devtex/MAS514-UiABOT/ros2_ws/install/sllidar_ros2/share/colcon-core/packages/sllidar_ros2)
[0.354s] DEBUG:colcon.colcon_core.event_handler.log_command:Invoked command in '/home/devtex/MAS514-UiABOT/ros2_ws/build/raspi_sub' returned '0': CMAKE_PREFIX_PATH=${CMAKE_PREFIX_PATH}:/opt/ros/humble /usr/bin/cmake --build /home/devtex/MAS514-UiABOT/ros2_ws/build/raspi_sub -- -j32 -l32
[0.367s] DEBUG:colcon.colcon_core.event_handler.log_command:Invoking command in '/home/devtex/MAS514-UiABOT/ros2_ws/build/raspi_sub': CMAKE_PREFIX_PATH=${CMAKE_PREFIX_PATH}:/opt/ros/humble /usr/bin/cmake --install /home/devtex/MAS514-UiABOT/ros2_ws/build/raspi_sub
[0.373s] DEBUG:colcon.colcon_core.event_handler.log_command:Invoked command in '/home/devtex/MAS514-UiABOT/ros2_ws/build/raspi_sub' returned '1': CMAKE_PREFIX_PATH=${CMAKE_PREFIX_PATH}:/opt/ros/humble /usr/bin/cmake --install /home/devtex/MAS514-UiABOT/ros2_ws/build/raspi_sub
[0.384s] Level 1:colcon.colcon_core.environment:create_environment_scripts_only(raspi_sub)
[0.384s] Level 1:colcon.colcon_core.environment:checking '/home/devtex/MAS514-UiABOT/ros2_ws/install/raspi_sub' for CMake module files
[0.384s] Level 1:colcon.colcon_core.environment:checking '/home/devtex/MAS514-UiABOT/ros2_ws/install/raspi_sub' for CMake config files
[0.384s] Level 1:colcon.colcon_core.shell:create_environment_hook('raspi_sub', 'cmake_prefix_path')
[0.384s] INFO:colcon.colcon_core.shell:Creating environment hook '/home/devtex/MAS514-UiABOT/ros2_ws/install/raspi_sub/share/raspi_sub/hook/cmake_prefix_path.ps1'
[0.384s] INFO:colcon.colcon_core.shell:Creating environment descriptor '/home/devtex/MAS514-UiABOT/ros2_ws/install/raspi_sub/share/raspi_sub/hook/cmake_prefix_path.dsv'
[0.385s] INFO:colcon.colcon_core.shell:Creating environment hook '/home/devtex/MAS514-UiABOT/ros2_ws/install/raspi_sub/share/raspi_sub/hook/cmake_prefix_path.sh'
[0.385s] Level 1:colcon.colcon_core.environment:checking '/home/devtex/MAS514-UiABOT/ros2_ws/install/raspi_sub/lib'
[0.385s] Level 1:colcon.colcon_core.environment:checking '/home/devtex/MAS514-UiABOT/ros2_ws/install/raspi_sub/bin'
[0.385s] Level 1:colcon.colcon_core.environment:checking '/home/devtex/MAS514-UiABOT/ros2_ws/install/raspi_sub/lib/pkgconfig/raspi_sub.pc'
[0.385s] Level 1:colcon.colcon_core.environment:checking '/home/devtex/MAS514-UiABOT/ros2_ws/install/raspi_sub/lib/python3.10/site-packages'
[0.385s] Level 1:colcon.colcon_core.environment:checking '/home/devtex/MAS514-UiABOT/ros2_ws/install/raspi_sub/bin'
[0.385s] INFO:colcon.colcon_core.shell:Creating package script '/home/devtex/MAS514-UiABOT/ros2_ws/install/raspi_sub/share/raspi_sub/package.ps1'
[0.385s] INFO:colcon.colcon_core.shell:Creating package descriptor '/home/devtex/MAS514-UiABOT/ros2_ws/install/raspi_sub/share/raspi_sub/package.dsv'
[0.386s] INFO:colcon.colcon_core.shell:Creating package script '/home/devtex/MAS514-UiABOT/ros2_ws/install/raspi_sub/share/raspi_sub/package.sh'
[0.386s] INFO:colcon.colcon_core.shell:Creating package script '/home/devtex/MAS514-UiABOT/ros2_ws/install/raspi_sub/share/raspi_sub/package.bash'
[0.386s] INFO:colcon.colcon_core.shell:Creating package script '/home/devtex/MAS514-UiABOT/ros2_ws/install/raspi_sub/share/raspi_sub/package.zsh'
[0.386s] Level 1:colcon.colcon_core.environment:create_file_with_runtime_dependencies(/home/devtex/MAS514-UiABOT/ros2_ws/install/raspi_sub/share/colcon-core/packages/raspi_sub)
[0.396s] DEBUG:colcon.colcon_parallel_executor.executor.parallel:closing loop
[0.396s] DEBUG:colcon.colcon_parallel_executor.executor.parallel:loop closed
[0.396s] DEBUG:colcon.colcon_parallel_executor.executor.parallel:run_until_complete finished with '1'
[0.396s] DEBUG:colcon.colcon_core.event_reactor:joining thread
[0.398s] INFO:colcon.colcon_core.plugin_system:Skipping extension 'colcon_notification.desktop_notification.terminal_notifier': Not used on non-Darwin systems
[0.399s] INFO:colcon.colcon_core.plugin_system:Skipping extension 'colcon_notification.desktop_notification.win32': Not used on non-Windows systems
[0.399s] INFO:colcon.colcon_notification.desktop_notification:Sending desktop notification using 'notify2'
[0.404s] DEBUG:colcon.colcon_core.event_reactor:joined thread
[0.404s] INFO:colcon.colcon_core.shell:Creating prefix script '/home/devtex/MAS514-UiABOT/ros2_ws/install/local_setup.ps1'
[0.405s] INFO:colcon.colcon_core.shell:Creating prefix util module '/home/devtex/MAS514-UiABOT/ros2_ws/install/_local_setup_util_ps1.py'
[0.405s] INFO:colcon.colcon_core.shell:Creating prefix chain script '/home/devtex/MAS514-UiABOT/ros2_ws/install/setup.ps1'
[0.406s] INFO:colcon.colcon_core.shell:Creating prefix script '/home/devtex/MAS514-UiABOT/ros2_ws/install/local_setup.sh'
[0.406s] INFO:colcon.colcon_core.shell:Creating prefix util module '/home/devtex/MAS514-UiABOT/ros2_ws/install/_local_setup_util_sh.py'
[0.407s] INFO:colcon.colcon_core.shell:Creating prefix chain script '/home/devtex/MAS514-UiABOT/ros2_ws/install/setup.sh'
[0.407s] INFO:colcon.colcon_core.shell:Creating prefix script '/home/devtex/MAS514-UiABOT/ros2_ws/install/local_setup.bash'
[0.407s] INFO:colcon.colcon_core.shell:Creating prefix chain script '/home/devtex/MAS514-UiABOT/ros2_ws/install/setup.bash'
[0.408s] INFO:colcon.colcon_core.shell:Creating prefix script '/home/devtex/MAS514-UiABOT/ros2_ws/install/local_setup.zsh'
[0.408s] INFO:colcon.colcon_core.shell:Creating prefix chain script '/home/devtex/MAS514-UiABOT/ros2_ws/install/setup.zsh'
