-- The C compiler identification is GNU 13.2.0
-- The CXX compiler identification is GNU 13.2.0
-- Detecting C compiler ABI info
-- Detecting C compiler ABI info - done
-- Check for working C compiler: /usr/bin/cc - skipped
-- Detecting C compile features
-- Detecting C compile features - done
-- Detecting CXX compiler ABI info
-- Detecting CXX compiler ABI info - done
-- Check for working CXX compiler: /usr/bin/c++ - skipped
-- Detecting CXX compile features
-- Detecting CXX compile features - done
-- Found ament_cmake: 2.5.2 (/opt/ros/jazzy/share/ament_cmake/cmake)
-- Found Python3: /usr/bin/python3 (found version "3.12.3") found components: Interpreter 
-- Found rclpy: 7.1.1 (/opt/ros/jazzy/share/rclpy/cmake)
-- Found geometry_msgs: 5.3.5 (/opt/ros/jazzy/share/geometry_msgs/cmake)
-- Found rosidl_generator_c: 4.6.3 (/opt/ros/jazzy/share/rosidl_generator_c/cmake)
-- Found rosidl_generator_cpp: 4.6.3 (/opt/ros/jazzy/share/rosidl_generator_cpp/cmake)
-- Using all available rosidl_typesupport_c: rosidl_typesupport_fastrtps_c;rosidl_typesupport_introspection_c
-- Using all available rosidl_typesupport_cpp: rosidl_typesupport_fastrtps_cpp;rosidl_typesupport_introspection_cpp
-- Found sensor_msgs: 5.3.5 (/opt/ros/jazzy/share/sensor_msgs/cmake)
-- Configuring done (1.9s)
-- Generating done (0.0s)
-- Build files have been written to: /home/uiabot/MAS514-UiABOT/ros2_ws/build/raspi_sub
-- Install configuration: ""
-- Installing: /home/uiabot/MAS514-UiABOT/ros2_ws/install/raspi_sub/lib/raspi_sub/forward_kinematic.py
-- Installing: /home/uiabot/MAS514-UiABOT/ros2_ws/install/raspi_sub/lib/raspi_sub/odom.py
-- Installing: /home/uiabot/MAS514-UiABOT/ros2_ws/install/raspi_sub/lib/raspi_sub/base_to_tf.py
-- Installing: /home/uiabot/MAS514-UiABOT/ros2_ws/install/raspi_sub/lib/raspi_sub/serial_interface.py
-- Installing: /home/uiabot/MAS514-UiABOT/ros2_ws/install/raspi_sub/lib/raspi_sub/joint_state_publisher.py
-- Installing: /home/uiabot/MAS514-UiABOT/ros2_ws/install/raspi_sub/share/ament_index/resource_index/package_run_dependencies/raspi_sub
-- Installing: /home/uiabot/MAS514-UiABOT/ros2_ws/install/raspi_sub/share/ament_index/resource_index/parent_prefix_path/raspi_sub
-- Installing: /home/uiabot/MAS514-UiABOT/ros2_ws/install/raspi_sub/share/raspi_sub/environment/ament_prefix_path.sh
-- Installing: /home/uiabot/MAS514-UiABOT/ros2_ws/install/raspi_sub/share/raspi_sub/environment/ament_prefix_path.dsv
-- Installing: /home/uiabot/MAS514-UiABOT/ros2_ws/install/raspi_sub/share/raspi_sub/environment/path.sh
-- Installing: /home/uiabot/MAS514-UiABOT/ros2_ws/install/raspi_sub/share/raspi_sub/environment/path.dsv
-- Installing: /home/uiabot/MAS514-UiABOT/ros2_ws/install/raspi_sub/share/raspi_sub/local_setup.bash
-- Installing: /home/uiabot/MAS514-UiABOT/ros2_ws/install/raspi_sub/share/raspi_sub/local_setup.sh
-- Installing: /home/uiabot/MAS514-UiABOT/ros2_ws/install/raspi_sub/share/raspi_sub/local_setup.zsh
-- Installing: /home/uiabot/MAS514-UiABOT/ros2_ws/install/raspi_sub/share/raspi_sub/local_setup.dsv
-- Installing: /home/uiabot/MAS514-UiABOT/ros2_ws/install/raspi_sub/share/raspi_sub/package.dsv
-- Installing: /home/uiabot/MAS514-UiABOT/ros2_ws/install/raspi_sub/share/ament_index/resource_index/packages/raspi_sub
-- Installing: /home/uiabot/MAS514-UiABOT/ros2_ws/install/raspi_sub/share/raspi_sub/cmake/raspi_subConfig.cmake
-- Installing: /home/uiabot/MAS514-UiABOT/ros2_ws/install/raspi_sub/share/raspi_sub/cmake/raspi_subConfig-version.cmake
-- Installing: /home/uiabot/MAS514-UiABOT/ros2_ws/install/raspi_sub/share/raspi_sub/package.xml
